
 PRINT U    NODAL SOLUTION PER NODE
 
  ***** POST1 NODAL DEGREE OF FREEDOM LISTING *****                            
 
  LOAD STEP=     1  SUBSTEP=     1                                             
   TIME=    1.0000      LOAD CASE=   0                                         
 
  THE FOLLOWING DEGREE OF FREEDOM RESULTS ARE IN THE GLOBAL COORDINATE SYSTEM  
 
    NODE      UX          UY          UZ          USUM  
       1   0.0000      0.0000      0.0000      0.0000    
       2   0.0000      0.0000      0.0000      0.0000    
       3   0.0000      0.0000      0.0000      0.0000    
       4   0.0000      0.0000      0.0000      0.0000    
       5   0.0000      0.0000      0.0000      0.0000    
       6   0.0000      0.0000      0.0000      0.0000    
       7   0.0000      0.0000      0.0000      0.0000    
       8   0.0000      0.0000      0.0000      0.0000    
       9   0.0000      0.0000      0.0000      0.0000    
      10   0.0000      0.0000      0.0000      0.0000    
      11   0.0000      0.0000      0.0000      0.0000    
      12   0.0000      0.0000      0.0000      0.0000    
      13   0.0000      0.0000      0.0000      0.0000    
      14   0.0000      0.0000      0.0000      0.0000    
      15   0.0000      0.0000      0.0000      0.0000    
      16   0.0000      0.0000      0.0000      0.0000    
      17   0.0000      0.0000      0.0000      0.0000    
      18   0.0000      0.0000      0.0000      0.0000    
      19   0.0000      0.0000      0.0000      0.0000    
      20   0.0000      0.0000      0.0000      0.0000    
      21   0.0000      0.0000      0.0000      0.0000    
      22   0.0000      0.0000      0.0000      0.0000    
      23   0.0000      0.0000      0.0000      0.0000    
      24   0.0000      0.0000      0.0000      0.0000    
      25   0.0000      0.0000      0.0000      0.0000    
      26   0.0000      0.0000      0.0000      0.0000    
      27   0.0000      0.0000      0.0000      0.0000    
      28   0.0000      0.0000      0.0000      0.0000    
      29   0.0000      0.0000      0.0000      0.0000    
      30   0.0000      0.0000      0.0000      0.0000    
      31   0.0000      0.0000      0.0000      0.0000    
      32   0.0000      0.0000      0.0000      0.0000    
      33   0.0000      0.0000      0.0000      0.0000    
      34   0.0000      0.0000      0.0000      0.0000    
      35  0.46107E-02-0.75531E-01  0.0000     0.75672E-01
      36 -0.79587E-05-0.20488E-02  0.0000     0.20488E-02
      37 -0.20200E-04-0.41029E-02  0.0000     0.41029E-02
 
  ***** POST1 NODAL DEGREE OF FREEDOM LISTING *****                            
 
  LOAD STEP=     1  SUBSTEP=     1                                             
   TIME=    1.0000      LOAD CASE=   0                                         
 
  THE FOLLOWING DEGREE OF FREEDOM RESULTS ARE IN THE GLOBAL COORDINATE SYSTEM  
 
    NODE      UX          UY          UZ          USUM  
      38 -0.33914E-04-0.61603E-02  0.0000     0.61604E-02
      39 -0.48634E-04-0.82202E-02  0.0000     0.82204E-02
      40 -0.64146E-04-0.10282E-01  0.0000     0.10283E-01
      41 -0.80366E-04-0.12347E-01  0.0000     0.12347E-01
      42 -0.97261E-04-0.14413E-01  0.0000     0.14414E-01
      43 -0.11482E-03-0.16482E-01  0.0000     0.16482E-01
      44 -0.13301E-03-0.18553E-01  0.0000     0.18554E-01
      45 -0.15179E-03-0.20627E-01  0.0000     0.20628E-01
      46 -0.17109E-03-0.22705E-01  0.0000     0.22706E-01
      47 -0.19078E-03-0.24786E-01  0.0000     0.24787E-01
      48 -0.21069E-03-0.26872E-01  0.0000     0.26872E-01
      49 -0.23054E-03-0.28962E-01  0.0000     0.28963E-01
      50 -0.25001E-03-0.31058E-01  0.0000     0.31059E-01
      51 -0.26866E-03-0.33161E-01  0.0000     0.33162E-01
      52 -0.28592E-03-0.35272E-01  0.0000     0.35273E-01
      53 -0.30108E-03-0.37391E-01  0.0000     0.37393E-01
      54 -0.31324E-03-0.39521E-01  0.0000     0.39522E-01
      55 -0.32132E-03-0.41663E-01  0.0000     0.41664E-01
      56 -0.32394E-03-0.43818E-01  0.0000     0.43820E-01
      57 -0.31939E-03-0.45990E-01  0.0000     0.45991E-01
      58 -0.30550E-03-0.48181E-01  0.0000     0.48182E-01
      59 -0.27950E-03-0.50395E-01  0.0000     0.50396E-01
      60 -0.23777E-03-0.52637E-01  0.0000     0.52638E-01
      61 -0.17537E-03-0.54915E-01  0.0000     0.54915E-01
      62 -0.85336E-04-0.57237E-01  0.0000     0.57237E-01
      63  0.42734E-04-0.59620E-01  0.0000     0.59620E-01
      64  0.22602E-03-0.62088E-01  0.0000     0.62088E-01
      65  0.49385E-03-0.64687E-01  0.0000     0.64689E-01
      66  0.91732E-03-0.67510E-01  0.0000     0.67517E-01
      67  0.16267E-02-0.70896E-01  0.0000     0.70915E-01
      68 -0.46107E-02-0.75531E-01  0.0000     0.75672E-01
      69  0.39706E-02-0.70811E-01  0.0000     0.70923E-01
      70  0.30274E-02-0.69664E-01  0.0000     0.69730E-01
      71  0.25054E-02-0.68901E-01  0.0000     0.68947E-01
      72  0.21203E-02-0.68412E-01  0.0000     0.68445E-01
      73  0.18188E-02-0.68047E-01  0.0000     0.68072E-01
      74  0.15692E-02-0.67769E-01  0.0000     0.67787E-01
 
  ***** POST1 NODAL DEGREE OF FREEDOM LISTING *****                            
 
  LOAD STEP=     1  SUBSTEP=     1                                             
   TIME=    1.0000      LOAD CASE=   0                                         
 
  THE FOLLOWING DEGREE OF FREEDOM RESULTS ARE IN THE GLOBAL COORDINATE SYSTEM  
 
    NODE      UX          UY          UZ          USUM  
      75  0.13554E-02-0.67550E-01  0.0000     0.67563E-01
      76  0.11670E-02-0.67374E-01  0.0000     0.67384E-01
      77  0.99735E-03-0.67231E-01  0.0000     0.67239E-01
      78  0.84190E-03-0.67116E-01  0.0000     0.67122E-01
      79  0.69720E-03-0.67024E-01  0.0000     0.67027E-01
      80  0.56067E-03-0.66950E-01  0.0000     0.66952E-01
      81  0.43027E-03-0.66894E-01  0.0000     0.66895E-01
      82  0.30433E-03-0.66853E-01  0.0000     0.66853E-01
      83  0.18143E-03-0.66826E-01  0.0000     0.66826E-01
      84  0.60284E-04-0.66812E-01  0.0000     0.66812E-01
      85 -0.60284E-04-0.66812E-01  0.0000     0.66812E-01
      86 -0.18143E-03-0.66826E-01  0.0000     0.66826E-01
      87 -0.30433E-03-0.66853E-01  0.0000     0.66853E-01
      88 -0.43027E-03-0.66894E-01  0.0000     0.66895E-01
      89 -0.56067E-03-0.66950E-01  0.0000     0.66952E-01
      90 -0.69720E-03-0.67024E-01  0.0000     0.67027E-01
      91 -0.84190E-03-0.67116E-01  0.0000     0.67122E-01
      92 -0.99735E-03-0.67231E-01  0.0000     0.67239E-01
      93 -0.11670E-02-0.67374E-01  0.0000     0.67384E-01
      94 -0.13554E-02-0.67550E-01  0.0000     0.67563E-01
      95 -0.15692E-02-0.67769E-01  0.0000     0.67787E-01
      96 -0.18188E-02-0.68047E-01  0.0000     0.68072E-01
      97 -0.21203E-02-0.68412E-01  0.0000     0.68445E-01
      98 -0.25054E-02-0.68901E-01  0.0000     0.68947E-01
      99 -0.30274E-02-0.69664E-01  0.0000     0.69730E-01
     100 -0.39706E-02-0.70811E-01  0.0000     0.70923E-01
     101 -0.16267E-02-0.70896E-01  0.0000     0.70915E-01
     102 -0.91732E-03-0.67510E-01  0.0000     0.67517E-01
     103 -0.49385E-03-0.64687E-01  0.0000     0.64689E-01
     104 -0.22602E-03-0.62088E-01  0.0000     0.62088E-01
     105 -0.42734E-04-0.59620E-01  0.0000     0.59620E-01
     106  0.85336E-04-0.57237E-01  0.0000     0.57237E-01
     107  0.17537E-03-0.54915E-01  0.0000     0.54915E-01
     108  0.23777E-03-0.52637E-01  0.0000     0.52638E-01
     109  0.27950E-03-0.50395E-01  0.0000     0.50396E-01
     110  0.30550E-03-0.48181E-01  0.0000     0.48182E-01
     111  0.31939E-03-0.45990E-01  0.0000     0.45991E-01
 
  ***** POST1 NODAL DEGREE OF FREEDOM LISTING *****                            
 
  LOAD STEP=     1  SUBSTEP=     1                                             
   TIME=    1.0000      LOAD CASE=   0                                         
 
  THE FOLLOWING DEGREE OF FREEDOM RESULTS ARE IN THE GLOBAL COORDINATE SYSTEM  
 
    NODE      UX          UY          UZ          USUM  
     112  0.32394E-03-0.43818E-01  0.0000     0.43820E-01
     113  0.32132E-03-0.41663E-01  0.0000     0.41664E-01
     114  0.31324E-03-0.39521E-01  0.0000     0.39522E-01
     115  0.30108E-03-0.37391E-01  0.0000     0.37393E-01
     116  0.28592E-03-0.35272E-01  0.0000     0.35273E-01
     117  0.26866E-03-0.33161E-01  0.0000     0.33162E-01
     118  0.25001E-03-0.31058E-01  0.0000     0.31059E-01
     119  0.23054E-03-0.28962E-01  0.0000     0.28963E-01
     120  0.21069E-03-0.26872E-01  0.0000     0.26872E-01
     121  0.19078E-03-0.24786E-01  0.0000     0.24787E-01
     122  0.17109E-03-0.22705E-01  0.0000     0.22706E-01
     123  0.15179E-03-0.20627E-01  0.0000     0.20628E-01
     124  0.13301E-03-0.18553E-01  0.0000     0.18554E-01
     125  0.11482E-03-0.16482E-01  0.0000     0.16482E-01
     126  0.97261E-04-0.14413E-01  0.0000     0.14414E-01
     127  0.80366E-04-0.12347E-01  0.0000     0.12347E-01
     128  0.64146E-04-0.10282E-01  0.0000     0.10283E-01
     129  0.48634E-04-0.82202E-02  0.0000     0.82204E-02
     130  0.33914E-04-0.61603E-02  0.0000     0.61604E-02
     131  0.20200E-04-0.41029E-02  0.0000     0.41029E-02
     132  0.79587E-05-0.20488E-02  0.0000     0.20488E-02
     133  0.83995E-05-0.20561E-02  0.0000     0.20561E-02
     134  0.20345E-04-0.41132E-02  0.0000     0.41133E-02
     135  0.33990E-04-0.61723E-02  0.0000     0.61724E-02
     136  0.48663E-04-0.82333E-02  0.0000     0.82334E-02
     137  0.64143E-04-0.10296E-01  0.0000     0.10296E-01
     138  0.80338E-04-0.12361E-01  0.0000     0.12361E-01
     139  0.97212E-04-0.14428E-01  0.0000     0.14428E-01
     140  0.11475E-03-0.16497E-01  0.0000     0.16498E-01
     141  0.13292E-03-0.18569E-01  0.0000     0.18569E-01
     142  0.15168E-03-0.20643E-01  0.0000     0.20644E-01
     143  0.17097E-03-0.22721E-01  0.0000     0.22721E-01
     144  0.19064E-03-0.24802E-01  0.0000     0.24802E-01
     145  0.21051E-03-0.26887E-01  0.0000     0.26888E-01
     146  0.23035E-03-0.28976E-01  0.0000     0.28977E-01
     147  0.24979E-03-0.31071E-01  0.0000     0.31072E-01
     148  0.26840E-03-0.33172E-01  0.0000     0.33173E-01
 
  ***** POST1 NODAL DEGREE OF FREEDOM LISTING *****                            
 
  LOAD STEP=     1  SUBSTEP=     1                                             
   TIME=    1.0000      LOAD CASE=   0                                         
 
  THE FOLLOWING DEGREE OF FREEDOM RESULTS ARE IN THE GLOBAL COORDINATE SYSTEM  
 
    NODE      UX          UY          UZ          USUM  
     149  0.28562E-03-0.35280E-01  0.0000     0.35281E-01
     150  0.30072E-03-0.37396E-01  0.0000     0.37397E-01
     151  0.31283E-03-0.39520E-01  0.0000     0.39522E-01
     152  0.32083E-03-0.41655E-01  0.0000     0.41657E-01
     153  0.32334E-03-0.43803E-01  0.0000     0.43804E-01
     154  0.31864E-03-0.45963E-01  0.0000     0.45965E-01
     155  0.30454E-03-0.48140E-01  0.0000     0.48141E-01
     156  0.27824E-03-0.50336E-01  0.0000     0.50337E-01
     157  0.23604E-03-0.52555E-01  0.0000     0.52555E-01
     158  0.17291E-03-0.54800E-01  0.0000     0.54800E-01
     159  0.81659E-04-0.57078E-01  0.0000     0.57078E-01
     160 -0.48687E-04-0.59397E-01  0.0000     0.59397E-01
     161 -0.23587E-03-0.61767E-01  0.0000     0.61767E-01
     162 -0.51513E-03-0.64199E-01  0.0000     0.64201E-01
     163 -0.95101E-03-0.66706E-01  0.0000     0.66713E-01
     164 -0.18610E-02-0.69127E-01  0.0000     0.69153E-01
     165  0.92484E-05-0.20593E-02  0.0000     0.20593E-02
     166  0.20867E-04-0.41193E-02  0.0000     0.41193E-02
     167  0.34255E-04-0.61802E-02  0.0000     0.61803E-02
     168  0.48757E-04-0.82424E-02  0.0000     0.82426E-02
     169  0.64105E-04-0.10306E-01  0.0000     0.10306E-01
     170  0.80191E-04-0.12372E-01  0.0000     0.12372E-01
     171  0.96967E-04-0.14439E-01  0.0000     0.14439E-01
     172  0.11441E-03-0.16508E-01  0.0000     0.16508E-01
     173  0.13249E-03-0.18579E-01  0.0000     0.18580E-01
     174  0.15117E-03-0.20653E-01  0.0000     0.20654E-01
     175  0.17036E-03-0.22730E-01  0.0000     0.22730E-01
     176  0.18993E-03-0.24809E-01  0.0000     0.24810E-01
     177  0.20970E-03-0.26893E-01  0.0000     0.26893E-01
     178  0.22940E-03-0.28980E-01  0.0000     0.28981E-01
     179  0.24871E-03-0.31072E-01  0.0000     0.31073E-01
     180  0.26716E-03-0.33169E-01  0.0000     0.33170E-01
     181  0.28419E-03-0.35272E-01  0.0000     0.35273E-01
     182  0.29906E-03-0.37382E-01  0.0000     0.37383E-01
     183  0.31088E-03-0.39499E-01  0.0000     0.39500E-01
     184  0.31851E-03-0.41624E-01  0.0000     0.41625E-01
     185  0.32053E-03-0.43759E-01  0.0000     0.43760E-01
 
  ***** POST1 NODAL DEGREE OF FREEDOM LISTING *****                            
 
  LOAD STEP=     1  SUBSTEP=     1                                             
   TIME=    1.0000      LOAD CASE=   0                                         
 
  THE FOLLOWING DEGREE OF FREEDOM RESULTS ARE IN THE GLOBAL COORDINATE SYSTEM  
 
    NODE      UX          UY          UZ          USUM  
     186  0.31518E-03-0.45905E-01  0.0000     0.45906E-01
     187  0.30017E-03-0.48062E-01  0.0000     0.48063E-01
     188  0.27256E-03-0.50233E-01  0.0000     0.50234E-01
     189  0.22843E-03-0.52418E-01  0.0000     0.52419E-01
     190  0.16233E-03-0.54620E-01  0.0000     0.54620E-01
     191  0.66323E-04-0.56838E-01  0.0000     0.56838E-01
     192 -0.71926E-04-0.59070E-01  0.0000     0.59070E-01
     193 -0.27364E-03-0.61311E-01  0.0000     0.61311E-01
     194 -0.57795E-03-0.63539E-01  0.0000     0.63542E-01
     195 -0.10789E-02-0.65684E-01  0.0000     0.65693E-01
     196 -0.20141E-02-0.67630E-01  0.0000     0.67660E-01
     197  0.99881E-05-0.20612E-02  0.0000     0.20612E-02
     198  0.21606E-04-0.41229E-02  0.0000     0.41229E-02
     199  0.34668E-04-0.61852E-02  0.0000     0.61853E-02
     200  0.48860E-04-0.82484E-02  0.0000     0.82485E-02
     201  0.63937E-04-0.10313E-01  0.0000     0.10313E-01
     202  0.79779E-04-0.12378E-01  0.0000     0.12378E-01
     203  0.96330E-04-0.14445E-01  0.0000     0.14446E-01
     204  0.11356E-03-0.16514E-01  0.0000     0.16514E-01
     205  0.13143E-03-0.18584E-01  0.0000     0.18585E-01
     206  0.14988E-03-0.20657E-01  0.0000     0.20658E-01
     207  0.16884E-03-0.22732E-01  0.0000     0.22733E-01
     208  0.18817E-03-0.24810E-01  0.0000     0.24810E-01
     209  0.20767E-03-0.26890E-01  0.0000     0.26891E-01
     210  0.22708E-03-0.28974E-01  0.0000     0.28975E-01
     211  0.24606E-03-0.31062E-01  0.0000     0.31063E-01
     212  0.26412E-03-0.33154E-01  0.0000     0.33155E-01
     213  0.28070E-03-0.35251E-01  0.0000     0.35252E-01
     214  0.29503E-03-0.37352E-01  0.0000     0.37354E-01
     215  0.30619E-03-0.39460E-01  0.0000     0.39461E-01
     216  0.31298E-03-0.41573E-01  0.0000     0.41575E-01
     217  0.31392E-03-0.43694E-01  0.0000     0.43695E-01
     218  0.30713E-03-0.45821E-01  0.0000     0.45822E-01
     219  0.29018E-03-0.47956E-01  0.0000     0.47957E-01
     220  0.25987E-03-0.50098E-01  0.0000     0.50098E-01
     221  0.21190E-03-0.52247E-01  0.0000     0.52247E-01
     222  0.14021E-03-0.54400E-01  0.0000     0.54401E-01
 
  ***** POST1 NODAL DEGREE OF FREEDOM LISTING *****                            
 
  LOAD STEP=     1  SUBSTEP=     1                                             
   TIME=    1.0000      LOAD CASE=   0                                         
 
  THE FOLLOWING DEGREE OF FREEDOM RESULTS ARE IN THE GLOBAL COORDINATE SYSTEM  
 
    NODE      UX          UY          UZ          USUM  
     223  0.35900E-04-0.56556E-01  0.0000     0.56556E-01
     224 -0.11488E-03-0.58705E-01  0.0000     0.58705E-01
     225 -0.33499E-03-0.60835E-01  0.0000     0.60836E-01
     226 -0.66406E-03-0.62918E-01  0.0000     0.62922E-01
     227 -0.11757E-02-0.64927E-01  0.0000     0.64938E-01
     228 -0.18398E-02-0.66922E-01  0.0000     0.66948E-01
     229  0.10558E-04-0.20623E-02  0.0000     0.20623E-02
     230  0.22222E-04-0.41250E-02  0.0000     0.41250E-02
     231  0.35011E-04-0.61881E-02  0.0000     0.61882E-02
     232  0.48809E-04-0.82518E-02  0.0000     0.82519E-02
     233  0.63482E-04-0.10316E-01  0.0000     0.10316E-01
     234  0.78933E-04-0.12382E-01  0.0000     0.12382E-01
     235  0.95104E-04-0.14448E-01  0.0000     0.14448E-01
     236  0.11196E-03-0.16516E-01  0.0000     0.16516E-01
     237  0.12945E-03-0.18585E-01  0.0000     0.18586E-01
     238  0.14752E-03-0.20656E-01  0.0000     0.20657E-01
     239  0.16607E-03-0.22729E-01  0.0000     0.22730E-01
     240  0.18496E-03-0.24804E-01  0.0000     0.24805E-01
     241  0.20399E-03-0.26881E-01  0.0000     0.26882E-01
     242  0.22289E-03-0.28961E-01  0.0000     0.28962E-01
     243  0.24128E-03-0.31044E-01  0.0000     0.31044E-01
     244  0.25869E-03-0.33129E-01  0.0000     0.33130E-01
     245  0.27450E-03-0.35218E-01  0.0000     0.35219E-01
     246  0.28793E-03-0.37311E-01  0.0000     0.37312E-01
     247  0.29799E-03-0.39408E-01  0.0000     0.39409E-01
     248  0.30344E-03-0.41508E-01  0.0000     0.41509E-01
     249  0.30268E-03-0.43612E-01  0.0000     0.43613E-01
     250  0.29371E-03-0.45720E-01  0.0000     0.45721E-01
     251  0.27391E-03-0.47831E-01  0.0000     0.47832E-01
     252  0.23982E-03-0.49945E-01  0.0000     0.49945E-01
     253  0.18679E-03-0.52058E-01  0.0000     0.52058E-01
     254  0.10832E-03-0.54168E-01  0.0000     0.54168E-01
     255 -0.48500E-05-0.56270E-01  0.0000     0.56270E-01
     256 -0.16639E-03-0.58355E-01  0.0000     0.58356E-01
     257 -0.39614E-03-0.60413E-01  0.0000     0.60415E-01
     258 -0.72213E-03-0.62435E-01  0.0000     0.62439E-01
     259 -0.11523E-02-0.64431E-01  0.0000     0.64441E-01
 
  ***** POST1 NODAL DEGREE OF FREEDOM LISTING *****                            
 
  LOAD STEP=     1  SUBSTEP=     1                                             
   TIME=    1.0000      LOAD CASE=   0                                         
 
  THE FOLLOWING DEGREE OF FREEDOM RESULTS ARE IN THE GLOBAL COORDINATE SYSTEM  
 
    NODE      UX          UY          UZ          USUM  
     260 -0.16515E-02-0.66415E-01  0.0000     0.66435E-01
     261  0.10929E-04-0.20629E-02  0.0000     0.20629E-02
     262  0.22573E-04-0.41260E-02  0.0000     0.41261E-02
     263  0.35063E-04-0.61894E-02  0.0000     0.61895E-02
     264  0.48408E-04-0.82532E-02  0.0000     0.82533E-02
     265  0.62564E-04-0.10317E-01  0.0000     0.10318E-01
     266  0.77478E-04-0.12382E-01  0.0000     0.12383E-01
     267  0.93107E-04-0.14448E-01  0.0000     0.14448E-01
     268  0.10941E-03-0.16514E-01  0.0000     0.16515E-01
     269  0.12634E-03-0.18582E-01  0.0000     0.18583E-01
     270  0.14383E-03-0.20651E-01  0.0000     0.20651E-01
     271  0.16177E-03-0.22721E-01  0.0000     0.22722E-01
     272  0.18001E-03-0.24793E-01  0.0000     0.24793E-01
     273  0.19835E-03-0.26866E-01  0.0000     0.26867E-01
     274  0.21648E-03-0.28941E-01  0.0000     0.28942E-01
     275  0.23403E-03-0.31018E-01  0.0000     0.31019E-01
     276  0.25049E-03-0.33097E-01  0.0000     0.33098E-01
     277  0.26522E-03-0.35178E-01  0.0000     0.35179E-01
     278  0.27740E-03-0.37261E-01  0.0000     0.37262E-01
     279  0.28599E-03-0.39346E-01  0.0000     0.39347E-01
     280  0.28967E-03-0.41433E-01  0.0000     0.41434E-01
     281  0.28676E-03-0.43521E-01  0.0000     0.43522E-01
     282  0.27514E-03-0.45610E-01  0.0000     0.45611E-01
     283  0.25204E-03-0.47699E-01  0.0000     0.47699E-01
     284  0.21387E-03-0.49785E-01  0.0000     0.49786E-01
     285  0.15585E-03-0.51867E-01  0.0000     0.51868E-01
     286  0.71596E-04-0.53942E-01  0.0000     0.53942E-01
     287 -0.47486E-04-0.56004E-01  0.0000     0.56004E-01
     288 -0.21261E-03-0.58048E-01  0.0000     0.58048E-01
     289 -0.43727E-03-0.60070E-01  0.0000     0.60071E-01
     290 -0.73023E-03-0.62071E-01  0.0000     0.62076E-01
     291 -0.10853E-02-0.64060E-01  0.0000     0.64070E-01
     292 -0.14678E-02-0.66051E-01  0.0000     0.66067E-01
     293  0.11079E-04-0.20631E-02  0.0000     0.20631E-02
     294  0.22575E-04-0.41263E-02  0.0000     0.41263E-02
     295  0.34684E-04-0.61896E-02  0.0000     0.61897E-02
     296  0.47491E-04-0.82530E-02  0.0000     0.82532E-02
 
  ***** POST1 NODAL DEGREE OF FREEDOM LISTING *****                            
 
  LOAD STEP=     1  SUBSTEP=     1                                             
   TIME=    1.0000      LOAD CASE=   0                                         
 
  THE FOLLOWING DEGREE OF FREEDOM RESULTS ARE IN THE GLOBAL COORDINATE SYSTEM  
 
    NODE      UX          UY          UZ          USUM  
     297  0.61019E-04-0.10317E-01  0.0000     0.10317E-01
     298  0.75257E-04-0.12381E-01  0.0000     0.12381E-01
     299  0.90183E-04-0.14445E-01  0.0000     0.14446E-01
     300  0.10576E-03-0.16510E-01  0.0000     0.16511E-01
     301  0.12194E-03-0.18576E-01  0.0000     0.18576E-01
     302  0.13864E-03-0.20642E-01  0.0000     0.20643E-01
     303  0.15576E-03-0.22710E-01  0.0000     0.22710E-01
     304  0.17313E-03-0.24778E-01  0.0000     0.24778E-01
     305  0.19053E-03-0.26847E-01  0.0000     0.26847E-01
     306  0.20766E-03-0.28917E-01  0.0000     0.28917E-01
     307  0.22411E-03-0.30987E-01  0.0000     0.30988E-01
     308  0.23936E-03-0.33059E-01  0.0000     0.33060E-01
     309  0.25274E-03-0.35132E-01  0.0000     0.35133E-01
     310  0.26340E-03-0.37205E-01  0.0000     0.37206E-01
     311  0.27025E-03-0.39279E-01  0.0000     0.39280E-01
     312  0.27192E-03-0.41353E-01  0.0000     0.41354E-01
     313  0.26668E-03-0.43426E-01  0.0000     0.43427E-01
     314  0.25235E-03-0.45497E-01  0.0000     0.45498E-01
     315  0.22612E-03-0.47566E-01  0.0000     0.47566E-01
     316  0.18445E-03-0.49630E-01  0.0000     0.49630E-01
     317  0.12280E-03-0.51687E-01  0.0000     0.51687E-01
     318  0.35444E-04-0.53734E-01  0.0000     0.53734E-01
     319 -0.84580E-04-0.55769E-01  0.0000     0.55769E-01
     320 -0.24505E-03-0.57790E-01  0.0000     0.57790E-01
     321 -0.45226E-03-0.59795E-01  0.0000     0.59796E-01
     322 -0.70679E-03-0.61789E-01  0.0000     0.61793E-01
     323 -0.99727E-03-0.63779E-01  0.0000     0.63786E-01
     324 -0.12974E-02-0.65771E-01  0.0000     0.65784E-01
     325  0.10993E-04-0.20630E-02  0.0000     0.20630E-02
     326  0.22177E-04-0.41260E-02  0.0000     0.41260E-02
     327  0.33782E-04-0.61889E-02  0.0000     0.61890E-02
     328  0.45942E-04-0.82518E-02  0.0000     0.82519E-02
     329  0.58722E-04-0.10315E-01  0.0000     0.10315E-01
     330  0.72147E-04-0.12378E-01  0.0000     0.12378E-01
     331  0.86212E-04-0.14441E-01  0.0000     0.14441E-01
     332  0.10089E-03-0.16504E-01  0.0000     0.16504E-01
     333  0.11613E-03-0.18568E-01  0.0000     0.18568E-01
 
  ***** POST1 NODAL DEGREE OF FREEDOM LISTING *****                            
 
  LOAD STEP=     1  SUBSTEP=     1                                             
   TIME=    1.0000      LOAD CASE=   0                                         
 
  THE FOLLOWING DEGREE OF FREEDOM RESULTS ARE IN THE GLOBAL COORDINATE SYSTEM  
 
    NODE      UX          UY          UZ          USUM  
     334  0.13185E-03-0.20631E-01  0.0000     0.20632E-01
     335  0.14794E-03-0.22695E-01  0.0000     0.22696E-01
     336  0.16423E-03-0.24760E-01  0.0000     0.24760E-01
     337  0.18048E-03-0.26824E-01  0.0000     0.26825E-01
     338  0.19637E-03-0.28889E-01  0.0000     0.28890E-01
     339  0.21150E-03-0.30954E-01  0.0000     0.30954E-01
     340  0.22533E-03-0.33018E-01  0.0000     0.33019E-01
     341  0.23717E-03-0.35083E-01  0.0000     0.35084E-01
     342  0.24614E-03-0.37147E-01  0.0000     0.37148E-01
     343  0.25115E-03-0.39210E-01  0.0000     0.39211E-01
     344  0.25079E-03-0.41271E-01  0.0000     0.41272E-01
     345  0.24335E-03-0.43331E-01  0.0000     0.43331E-01
     346  0.22666E-03-0.45387E-01  0.0000     0.45387E-01
     347  0.19803E-03-0.47438E-01  0.0000     0.47439E-01
     348  0.15415E-03-0.49484E-01  0.0000     0.49484E-01
     349  0.91021E-04-0.51522E-01  0.0000     0.51522E-01
     350  0.39782E-05-0.53551E-01  0.0000     0.53551E-01
     351 -0.11201E-03-0.55569E-01  0.0000     0.55569E-01
     352 -0.26139E-03-0.57576E-01  0.0000     0.57576E-01
     353 -0.44617E-03-0.59573E-01  0.0000     0.59575E-01
     354 -0.66305E-03-0.61565E-01  0.0000     0.61569E-01
     355 -0.90091E-03-0.63557E-01  0.0000     0.63563E-01
     356 -0.11401E-02-0.65551E-01  0.0000     0.65561E-01
     357  0.10666E-04-0.20627E-02  0.0000     0.20627E-02
     358  0.21353E-04-0.41252E-02  0.0000     0.41253E-02
     359  0.32309E-04-0.61875E-02  0.0000     0.61876E-02
     360  0.43692E-04-0.82497E-02  0.0000     0.82498E-02
     361  0.55598E-04-0.10312E-01  0.0000     0.10312E-01
     362  0.68071E-04-0.12373E-01  0.0000     0.12374E-01
     363  0.81123E-04-0.14435E-01  0.0000     0.14435E-01
     364  0.94734E-04-0.16496E-01  0.0000     0.16497E-01
     365  0.10886E-03-0.18558E-01  0.0000     0.18558E-01
     366  0.12341E-03-0.20619E-01  0.0000     0.20619E-01
     367  0.13828E-03-0.22679E-01  0.0000     0.22680E-01
     368  0.15328E-03-0.24740E-01  0.0000     0.24740E-01
     369  0.16819E-03-0.26800E-01  0.0000     0.26801E-01
     370  0.18267E-03-0.28860E-01  0.0000     0.28860E-01
 
  ***** POST1 NODAL DEGREE OF FREEDOM LISTING *****                            
 
  LOAD STEP=     1  SUBSTEP=     1                                             
   TIME=    1.0000      LOAD CASE=   0                                         
 
  THE FOLLOWING DEGREE OF FREEDOM RESULTS ARE IN THE GLOBAL COORDINATE SYSTEM  
 
    NODE      UX          UY          UZ          USUM  
     371  0.19631E-03-0.30919E-01  0.0000     0.30919E-01
     372  0.20857E-03-0.32977E-01  0.0000     0.32977E-01
     373  0.21876E-03-0.35033E-01  0.0000     0.35034E-01
     374  0.22601E-03-0.37089E-01  0.0000     0.37089E-01
     375  0.22923E-03-0.39142E-01  0.0000     0.39142E-01
     376  0.22705E-03-0.41192E-01  0.0000     0.41193E-01
     377  0.21780E-03-0.43240E-01  0.0000     0.43240E-01
     378  0.19944E-03-0.45283E-01  0.0000     0.45283E-01
     379  0.16951E-03-0.47321E-01  0.0000     0.47321E-01
     380  0.12510E-03-0.49352E-01  0.0000     0.49352E-01
     381  0.62910E-04-0.51377E-01  0.0000     0.51377E-01
     382 -0.20575E-04-0.53393E-01  0.0000     0.53393E-01
     383 -0.12861E-03-0.55400E-01  0.0000     0.55400E-01
     384 -0.26330E-03-0.57400E-01  0.0000     0.57401E-01
     385 -0.42423E-03-0.59394E-01  0.0000     0.59396E-01
     386 -0.60694E-03-0.61386E-01  0.0000     0.61389E-01
     387 -0.80178E-03-0.63379E-01  0.0000     0.63384E-01
     388 -0.99420E-03-0.65375E-01  0.0000     0.65382E-01
     389  0.10097E-04-0.20623E-02  0.0000     0.20623E-02
     390  0.20096E-04-0.41242E-02  0.0000     0.41243E-02
     391  0.30245E-04-0.61858E-02  0.0000     0.61859E-02
     392  0.40714E-04-0.82471E-02  0.0000     0.82472E-02
     393  0.51612E-04-0.10308E-01  0.0000     0.10308E-01
     394  0.62997E-04-0.12368E-01  0.0000     0.12369E-01
     395  0.74892E-04-0.14428E-01  0.0000     0.14429E-01
     396  0.87284E-04-0.16488E-01  0.0000     0.16488E-01
     397  0.10013E-03-0.18547E-01  0.0000     0.18547E-01
     398  0.11335E-03-0.20605E-01  0.0000     0.20605E-01
     399  0.12682E-03-0.22663E-01  0.0000     0.22663E-01
     400  0.14037E-03-0.24720E-01  0.0000     0.24720E-01
     401  0.15377E-03-0.26776E-01  0.0000     0.26776E-01
     402  0.16669E-03-0.28830E-01  0.0000     0.28831E-01
     403  0.17873E-03-0.30884E-01  0.0000     0.30884E-01
     404  0.18935E-03-0.32935E-01  0.0000     0.32936E-01
     405  0.19789E-03-0.34985E-01  0.0000     0.34986E-01
     406  0.20349E-03-0.37032E-01  0.0000     0.37033E-01
     407  0.20511E-03-0.39077E-01  0.0000     0.39077E-01
 
  ***** POST1 NODAL DEGREE OF FREEDOM LISTING *****                            
 
  LOAD STEP=     1  SUBSTEP=     1                                             
   TIME=    1.0000      LOAD CASE=   0                                         
 
  THE FOLLOWING DEGREE OF FREEDOM RESULTS ARE IN THE GLOBAL COORDINATE SYSTEM  
 
    NODE      UX          UY          UZ          USUM  
     408  0.20148E-03-0.41118E-01  0.0000     0.41119E-01
     409  0.19102E-03-0.43155E-01  0.0000     0.43156E-01
     410  0.17190E-03-0.45188E-01  0.0000     0.45188E-01
     411  0.14196E-03-0.47215E-01  0.0000     0.47215E-01
     412  0.98766E-04-0.49236E-01  0.0000     0.49236E-01
     413  0.39756E-04-0.51251E-01  0.0000     0.51251E-01
     414 -0.37543E-04-0.53258E-01  0.0000     0.53258E-01
     415 -0.13503E-03-0.55260E-01  0.0000     0.55260E-01
     416 -0.25334E-03-0.57256E-01  0.0000     0.57256E-01
     417 -0.39094E-03-0.59249E-01  0.0000     0.59250E-01
     418 -0.54331E-03-0.61241E-01  0.0000     0.61244E-01
     419 -0.70257E-03-0.63235E-01  0.0000     0.63239E-01
     420 -0.85796E-03-0.65232E-01  0.0000     0.65238E-01
     421  0.92943E-05-0.20618E-02  0.0000     0.20618E-02
     422  0.18415E-04-0.41231E-02  0.0000     0.41231E-02
     423  0.27598E-04-0.61839E-02  0.0000     0.61839E-02
     424  0.37013E-04-0.82442E-02  0.0000     0.82443E-02
     425  0.46772E-04-0.10304E-01  0.0000     0.10304E-01
     426  0.56939E-04-0.12363E-01  0.0000     0.12363E-01
     427  0.67543E-04-0.14421E-01  0.0000     0.14422E-01
     428  0.78576E-04-0.16479E-01  0.0000     0.16479E-01
     429  0.89998E-04-0.18536E-01  0.0000     0.18536E-01
     430  0.10173E-03-0.20592E-01  0.0000     0.20592E-01
     431  0.11367E-03-0.22646E-01  0.0000     0.22647E-01
     432  0.12563E-03-0.24700E-01  0.0000     0.24700E-01
     433  0.13739E-03-0.26752E-01  0.0000     0.26752E-01
     434  0.14866E-03-0.28802E-01  0.0000     0.28802E-01
     435  0.15903E-03-0.30850E-01  0.0000     0.30851E-01
     436  0.16800E-03-0.32896E-01  0.0000     0.32897E-01
     437  0.17495E-03-0.34940E-01  0.0000     0.34940E-01
     438  0.17907E-03-0.36980E-01  0.0000     0.36981E-01
     439  0.17941E-03-0.39017E-01  0.0000     0.39018E-01
     440  0.17480E-03-0.41051E-01  0.0000     0.41051E-01
     441  0.16385E-03-0.43080E-01  0.0000     0.43080E-01
     442  0.14494E-03-0.45104E-01  0.0000     0.45104E-01
     443  0.11627E-03-0.47123E-01  0.0000     0.47123E-01
     444  0.75916E-04-0.49136E-01  0.0000     0.49136E-01
 
  ***** POST1 NODAL DEGREE OF FREEDOM LISTING *****                            
 
  LOAD STEP=     1  SUBSTEP=     1                                             
   TIME=    1.0000      LOAD CASE=   0                                         
 
  THE FOLLOWING DEGREE OF FREEDOM RESULTS ARE IN THE GLOBAL COORDINATE SYSTEM  
 
    NODE      UX          UY          UZ          USUM  
     445  0.21953E-04-0.51144E-01  0.0000     0.51144E-01
     446 -0.47250E-04-0.53146E-01  0.0000     0.53146E-01
     447 -0.13267E-03-0.55144E-01  0.0000     0.55144E-01
     448 -0.23409E-03-0.57138E-01  0.0000     0.57139E-01
     449 -0.34961E-03-0.59131E-01  0.0000     0.59132E-01
     450 -0.47516E-03-0.61124E-01  0.0000     0.61126E-01
     451 -0.60449E-03-0.63119E-01  0.0000     0.63122E-01
     452 -0.72963E-03-0.65117E-01  0.0000     0.65121E-01
     453  0.82740E-05-0.20612E-02  0.0000     0.20612E-02
     454  0.16335E-04-0.41219E-02  0.0000     0.41219E-02
     455  0.24401E-04-0.61819E-02  0.0000     0.61820E-02
     456  0.32627E-04-0.82413E-02  0.0000     0.82413E-02
     457  0.41122E-04-0.10300E-01  0.0000     0.10300E-01
     458  0.49950E-04-0.12358E-01  0.0000     0.12358E-01
     459  0.59141E-04-0.14415E-01  0.0000     0.14415E-01
     460  0.68691E-04-0.16471E-01  0.0000     0.16471E-01
     461  0.78564E-04-0.18525E-01  0.0000     0.18525E-01
     462  0.88691E-04-0.20579E-01  0.0000     0.20579E-01
     463  0.98963E-04-0.22631E-01  0.0000     0.22631E-01
     464  0.10923E-03-0.24681E-01  0.0000     0.24681E-01
     465  0.11927E-03-0.26729E-01  0.0000     0.26730E-01
     466  0.12881E-03-0.28776E-01  0.0000     0.28776E-01
     467  0.13750E-03-0.30819E-01  0.0000     0.30820E-01
     468  0.14487E-03-0.32861E-01  0.0000     0.32861E-01
     469  0.15035E-03-0.34899E-01  0.0000     0.34899E-01
     470  0.15323E-03-0.36933E-01  0.0000     0.36934E-01
     471  0.15265E-03-0.38964E-01  0.0000     0.38965E-01
     472  0.14760E-03-0.40991E-01  0.0000     0.40992E-01
     473  0.13687E-03-0.43014E-01  0.0000     0.43014E-01
     474  0.11914E-03-0.45031E-01  0.0000     0.45032E-01
     475  0.92929E-04-0.47044E-01  0.0000     0.47044E-01
     476  0.56770E-04-0.49052E-01  0.0000     0.49052E-01
     477  0.92923E-05-0.51055E-01  0.0000     0.51055E-01
     478 -0.50526E-04-0.53054E-01  0.0000     0.53054E-01
     479 -0.12307E-03-0.55050E-01  0.0000     0.55050E-01
     480 -0.20774E-03-0.57043E-01  0.0000     0.57044E-01
     481 -0.30263E-03-0.59036E-01  0.0000     0.59037E-01
 
  ***** POST1 NODAL DEGREE OF FREEDOM LISTING *****                            
 
  LOAD STEP=     1  SUBSTEP=     1                                             
   TIME=    1.0000      LOAD CASE=   0                                         
 
  THE FOLLOWING DEGREE OF FREEDOM RESULTS ARE IN THE GLOBAL COORDINATE SYSTEM  
 
    NODE      UX          UY          UZ          USUM  
     482 -0.40433E-03-0.61030E-01  0.0000     0.61032E-01
     483 -0.50798E-03-0.63026E-01  0.0000     0.63028E-01
     484 -0.60768E-03-0.65024E-01  0.0000     0.65027E-01
     485  0.70578E-05-0.20607E-02  0.0000     0.20607E-02
     486  0.13896E-04-0.41207E-02  0.0000     0.41207E-02
     487  0.20704E-04-0.61800E-02  0.0000     0.61801E-02
     488  0.27619E-04-0.82385E-02  0.0000     0.82386E-02
     489  0.34737E-04-0.10296E-01  0.0000     0.10296E-01
     490  0.42117E-04-0.12353E-01  0.0000     0.12353E-01
     491  0.49788E-04-0.14408E-01  0.0000     0.14408E-01
     492  0.57748E-04-0.16463E-01  0.0000     0.16463E-01
     493  0.65966E-04-0.18516E-01  0.0000     0.18516E-01
     494  0.74382E-04-0.20567E-01  0.0000     0.20567E-01
     495  0.82900E-04-0.22617E-01  0.0000     0.22617E-01
     496  0.91383E-04-0.24664E-01  0.0000     0.24664E-01
     497  0.99646E-04-0.26710E-01  0.0000     0.26710E-01
     498  0.10744E-03-0.28752E-01  0.0000     0.28753E-01
     499  0.11447E-03-0.30792E-01  0.0000     0.30793E-01
     500  0.12031E-03-0.32830E-01  0.0000     0.32830E-01
     501  0.12448E-03-0.34863E-01  0.0000     0.34863E-01
     502  0.12637E-03-0.36893E-01  0.0000     0.36893E-01
     503  0.12526E-03-0.38919E-01  0.0000     0.38919E-01
     504  0.12029E-03-0.40941E-01  0.0000     0.40941E-01
     505  0.11048E-03-0.42958E-01  0.0000     0.42958E-01
     506  0.94771E-04-0.44971E-01  0.0000     0.44971E-01
     507  0.72026E-04-0.46979E-01  0.0000     0.46979E-01
     508  0.41150E-04-0.48983E-01  0.0000     0.48983E-01
     509  0.12076E-05-0.50983E-01  0.0000     0.50983E-01
     510 -0.48405E-04-0.52980E-01  0.0000     0.52980E-01
     511 -0.10774E-03-0.54975E-01  0.0000     0.54975E-01
     512 -0.17607E-03-0.56968E-01  0.0000     0.56968E-01
     513 -0.25172E-03-0.58961E-01  0.0000     0.58962E-01
     514 -0.33195E-03-0.60956E-01  0.0000     0.60957E-01
     515 -0.41309E-03-0.62952E-01  0.0000     0.62953E-01
     516 -0.49082E-03-0.64950E-01  0.0000     0.64952E-01
     517  0.56732E-05-0.20602E-02  0.0000     0.20602E-02
     518  0.11147E-04-0.41197E-02  0.0000     0.41197E-02
 
  ***** POST1 NODAL DEGREE OF FREEDOM LISTING *****                            
 
  LOAD STEP=     1  SUBSTEP=     1                                             
   TIME=    1.0000      LOAD CASE=   0                                         
 
  THE FOLLOWING DEGREE OF FREEDOM RESULTS ARE IN THE GLOBAL COORDINATE SYSTEM  
 
    NODE      UX          UY          UZ          USUM  
     519  0.16576E-04-0.61784E-02  0.0000     0.61784E-02
     520  0.22072E-04-0.82361E-02  0.0000     0.82362E-02
     521  0.27715E-04-0.10293E-01  0.0000     0.10293E-01
     522  0.33556E-04-0.12349E-01  0.0000     0.12349E-01
     523  0.39617E-04-0.14403E-01  0.0000     0.14403E-01
     524  0.45900E-04-0.16456E-01  0.0000     0.16456E-01
     525  0.52378E-04-0.18507E-01  0.0000     0.18507E-01
     526  0.59002E-04-0.20557E-01  0.0000     0.20557E-01
     527  0.65693E-04-0.22605E-01  0.0000     0.22605E-01
     528  0.72339E-04-0.24650E-01  0.0000     0.24650E-01
     529  0.78786E-04-0.26693E-01  0.0000     0.26693E-01
     530  0.84834E-04-0.28733E-01  0.0000     0.28733E-01
     531  0.90226E-04-0.30770E-01  0.0000     0.30770E-01
     532  0.94636E-04-0.32804E-01  0.0000     0.32804E-01
     533  0.97664E-04-0.34834E-01  0.0000     0.34834E-01
     534  0.98823E-04-0.36860E-01  0.0000     0.36860E-01
     535  0.97534E-04-0.38882E-01  0.0000     0.38882E-01
     536  0.93126E-04-0.40900E-01  0.0000     0.40900E-01
     537  0.84845E-04-0.42914E-01  0.0000     0.42914E-01
     538  0.71878E-04-0.44923E-01  0.0000     0.44923E-01
     539  0.53396E-04-0.46928E-01  0.0000     0.46928E-01
     540  0.28625E-04-0.48929E-01  0.0000     0.48929E-01
     541 -0.30507E-05-0.50927E-01  0.0000     0.50927E-01
     542 -0.41963E-04-0.52923E-01  0.0000     0.52923E-01
     543 -0.88007E-04-0.54917E-01  0.0000     0.54917E-01
     544 -0.14050E-03-0.56910E-01  0.0000     0.56910E-01
     545 -0.19809E-03-0.58904E-01  0.0000     0.58904E-01
     546 -0.25870E-03-0.60899E-01  0.0000     0.60899E-01
     547 -0.31967E-03-0.62895E-01  0.0000     0.62896E-01
     548 -0.37790E-03-0.64894E-01  0.0000     0.64895E-01
     549  0.41526E-05-0.20599E-02  0.0000     0.20599E-02
     550  0.81478E-05-0.41189E-02  0.0000     0.41189E-02
     551  0.12098E-04-0.61770E-02  0.0000     0.61770E-02
     552  0.16089E-04-0.82342E-02  0.0000     0.82342E-02
     553  0.20178E-04-0.10290E-01  0.0000     0.10290E-01
     554  0.24404E-04-0.12345E-01  0.0000     0.12345E-01
     555  0.28786E-04-0.14399E-01  0.0000     0.14399E-01
 
  ***** POST1 NODAL DEGREE OF FREEDOM LISTING *****                            
 
  LOAD STEP=     1  SUBSTEP=     1                                             
   TIME=    1.0000      LOAD CASE=   0                                         
 
  THE FOLLOWING DEGREE OF FREEDOM RESULTS ARE IN THE GLOBAL COORDINATE SYSTEM  
 
    NODE      UX          UY          UZ          USUM  
     556  0.33322E-04-0.16451E-01  0.0000     0.16451E-01
     557  0.37995E-04-0.18501E-01  0.0000     0.18501E-01
     558  0.42767E-04-0.20549E-01  0.0000     0.20549E-01
     559  0.47581E-04-0.22595E-01  0.0000     0.22595E-01
     560  0.52350E-04-0.24639E-01  0.0000     0.24639E-01
     561  0.56963E-04-0.26680E-01  0.0000     0.26680E-01
     562  0.61268E-04-0.28718E-01  0.0000     0.28718E-01
     563  0.65076E-04-0.30753E-01  0.0000     0.30753E-01
     564  0.68147E-04-0.32784E-01  0.0000     0.32784E-01
     565  0.70185E-04-0.34811E-01  0.0000     0.34812E-01
     566  0.70836E-04-0.36835E-01  0.0000     0.36835E-01
     567  0.69678E-04-0.38854E-01  0.0000     0.38854E-01
     568  0.66231E-04-0.40870E-01  0.0000     0.40870E-01
     569  0.59961E-04-0.42880E-01  0.0000     0.42880E-01
     570  0.50300E-04-0.44887E-01  0.0000     0.44887E-01
     571  0.36685E-04-0.46890E-01  0.0000     0.46890E-01
     572  0.18607E-04-0.48889E-01  0.0000     0.48889E-01
     573 -0.43143E-05-0.50886E-01  0.0000     0.50886E-01
     574 -0.32246E-04-0.52881E-01  0.0000     0.52881E-01
     575 -0.65044E-04-0.54874E-01  0.0000     0.54874E-01
     576 -0.10217E-03-0.56868E-01  0.0000     0.56868E-01
     577 -0.14263E-03-0.58862E-01  0.0000     0.58862E-01
     578 -0.18500E-03-0.60857E-01  0.0000     0.60857E-01
     579 -0.22744E-03-0.62854E-01  0.0000     0.62855E-01
     580 -0.26792E-03-0.64853E-01  0.0000     0.64853E-01
     581  0.25322E-05-0.20596E-02  0.0000     0.20596E-02
     582  0.49638E-05-0.41183E-02  0.0000     0.41183E-02
     583  0.73640E-05-0.61761E-02  0.0000     0.61761E-02
     584  0.97844E-05-0.82329E-02  0.0000     0.82329E-02
     585  0.12262E-04-0.10288E-01  0.0000     0.10288E-01
     586  0.14820E-04-0.12343E-01  0.0000     0.12343E-01
     587  0.17469E-04-0.14396E-01  0.0000     0.14396E-01
     588  0.20210E-04-0.16447E-01  0.0000     0.16447E-01
     589  0.23032E-04-0.18496E-01  0.0000     0.18496E-01
     590  0.25912E-04-0.20544E-01  0.0000     0.20544E-01
     591  0.28813E-04-0.22589E-01  0.0000     0.22589E-01
     592  0.31683E-04-0.24631E-01  0.0000     0.24631E-01
 
  ***** POST1 NODAL DEGREE OF FREEDOM LISTING *****                            
 
  LOAD STEP=     1  SUBSTEP=     1                                             
   TIME=    1.0000      LOAD CASE=   0                                         
 
  THE FOLLOWING DEGREE OF FREEDOM RESULTS ARE IN THE GLOBAL COORDINATE SYSTEM  
 
    NODE      UX          UY          UZ          USUM  
     593  0.34452E-04-0.26671E-01  0.0000     0.26671E-01
     594  0.37028E-04-0.28708E-01  0.0000     0.28708E-01
     595  0.39294E-04-0.30741E-01  0.0000     0.30741E-01
     596  0.41102E-04-0.32771E-01  0.0000     0.32771E-01
     597  0.42273E-04-0.34796E-01  0.0000     0.34796E-01
     598  0.42589E-04-0.36818E-01  0.0000     0.36818E-01
     599  0.41797E-04-0.38836E-01  0.0000     0.38836E-01
     600  0.39608E-04-0.40849E-01  0.0000     0.40849E-01
     601  0.35702E-04-0.42858E-01  0.0000     0.42858E-01
     602  0.29747E-04-0.44863E-01  0.0000     0.44863E-01
     603  0.21416E-04-0.46865E-01  0.0000     0.46865E-01
     604  0.10422E-04-0.48863E-01  0.0000     0.48863E-01
     605 -0.34407E-05-0.50859E-01  0.0000     0.50859E-01
     606 -0.20245E-04-0.52853E-01  0.0000     0.52853E-01
     607 -0.39878E-04-0.54847E-01  0.0000     0.54847E-01
     608 -0.61999E-04-0.56840E-01  0.0000     0.56840E-01
     609 -0.86011E-04-0.58834E-01  0.0000     0.58834E-01
     610 -0.11106E-03-0.60830E-01  0.0000     0.60830E-01
     611 -0.13611E-03-0.62827E-01  0.0000     0.62827E-01
     612 -0.15996E-03-0.64826E-01  0.0000     0.64826E-01
     613  0.85091E-06-0.20595E-02  0.0000     0.20595E-02
     614  0.16672E-05-0.41180E-02  0.0000     0.41180E-02
     615  0.24723E-05-0.61756E-02  0.0000     0.61756E-02
     616  0.32835E-05-0.82322E-02  0.0000     0.82322E-02
     617  0.41133E-05-0.10288E-01  0.0000     0.10288E-01
     618  0.49696E-05-0.12342E-01  0.0000     0.12342E-01
     619  0.58562E-05-0.14394E-01  0.0000     0.14394E-01
     620  0.67732E-05-0.16445E-01  0.0000     0.16445E-01
     621  0.77168E-05-0.18494E-01  0.0000     0.18494E-01
     622  0.86793E-05-0.20541E-01  0.0000     0.20541E-01
     623  0.96484E-05-0.22586E-01  0.0000     0.22586E-01
     624  0.10606E-04-0.24628E-01  0.0000     0.24628E-01
     625  0.11530E-04-0.26667E-01  0.0000     0.26667E-01
     626  0.12387E-04-0.28702E-01  0.0000     0.28702E-01
     627  0.13139E-04-0.30735E-01  0.0000     0.30735E-01
     628  0.13736E-04-0.32764E-01  0.0000     0.32764E-01
     629  0.14117E-04-0.34789E-01  0.0000     0.34789E-01
 
  ***** POST1 NODAL DEGREE OF FREEDOM LISTING *****                            
 
  LOAD STEP=     1  SUBSTEP=     1                                             
   TIME=    1.0000      LOAD CASE=   0                                         
 
  THE FOLLOWING DEGREE OF FREEDOM RESULTS ARE IN THE GLOBAL COORDINATE SYSTEM  
 
    NODE      UX          UY          UZ          USUM  
     630  0.14210E-04-0.36810E-01  0.0000     0.36810E-01
     631  0.13929E-04-0.38826E-01  0.0000     0.38826E-01
     632  0.13179E-04-0.40839E-01  0.0000     0.40839E-01
     633  0.11853E-04-0.42847E-01  0.0000     0.42847E-01
     634  0.98421E-05-0.44851E-01  0.0000     0.44851E-01
     635  0.70384E-05-0.46852E-01  0.0000     0.46852E-01
     636  0.33497E-05-0.48850E-01  0.0000     0.48850E-01
     637 -0.12886E-05-0.50846E-01  0.0000     0.50846E-01
     638 -0.68965E-05-0.52840E-01  0.0000     0.52840E-01
     639 -0.13432E-04-0.54833E-01  0.0000     0.54833E-01
     640 -0.20780E-04-0.56826E-01  0.0000     0.56826E-01
     641 -0.28739E-04-0.58821E-01  0.0000     0.58821E-01
     642 -0.37031E-04-0.60816E-01  0.0000     0.60816E-01
     643 -0.45309E-04-0.62814E-01  0.0000     0.62814E-01
     644 -0.53188E-04-0.64813E-01  0.0000     0.64813E-01
     645 -0.85091E-06-0.20595E-02  0.0000     0.20595E-02
     646 -0.16672E-05-0.41180E-02  0.0000     0.41180E-02
     647 -0.24723E-05-0.61756E-02  0.0000     0.61756E-02
     648 -0.32835E-05-0.82322E-02  0.0000     0.82322E-02
     649 -0.41133E-05-0.10288E-01  0.0000     0.10288E-01
     650 -0.49696E-05-0.12342E-01  0.0000     0.12342E-01
     651 -0.58562E-05-0.14394E-01  0.0000     0.14394E-01
     652 -0.67732E-05-0.16445E-01  0.0000     0.16445E-01
     653 -0.77168E-05-0.18494E-01  0.0000     0.18494E-01
     654 -0.86793E-05-0.20541E-01  0.0000     0.20541E-01
     655 -0.96484E-05-0.22586E-01  0.0000     0.22586E-01
     656 -0.10606E-04-0.24628E-01  0.0000     0.24628E-01
     657 -0.11530E-04-0.26667E-01  0.0000     0.26667E-01
     658 -0.12387E-04-0.28702E-01  0.0000     0.28702E-01
     659 -0.13139E-04-0.30735E-01  0.0000     0.30735E-01
     660 -0.13736E-04-0.32764E-01  0.0000     0.32764E-01
     661 -0.14117E-04-0.34789E-01  0.0000     0.34789E-01
     662 -0.14210E-04-0.36810E-01  0.0000     0.36810E-01
     663 -0.13929E-04-0.38826E-01  0.0000     0.38826E-01
     664 -0.13179E-04-0.40839E-01  0.0000     0.40839E-01
     665 -0.11853E-04-0.42847E-01  0.0000     0.42847E-01
     666 -0.98421E-05-0.44851E-01  0.0000     0.44851E-01
 
  ***** POST1 NODAL DEGREE OF FREEDOM LISTING *****                            
 
  LOAD STEP=     1  SUBSTEP=     1                                             
   TIME=    1.0000      LOAD CASE=   0                                         
 
  THE FOLLOWING DEGREE OF FREEDOM RESULTS ARE IN THE GLOBAL COORDINATE SYSTEM  
 
    NODE      UX          UY          UZ          USUM  
     667 -0.70384E-05-0.46852E-01  0.0000     0.46852E-01
     668 -0.33497E-05-0.48850E-01  0.0000     0.48850E-01
     669  0.12886E-05-0.50846E-01  0.0000     0.50846E-01
     670  0.68965E-05-0.52840E-01  0.0000     0.52840E-01
     671  0.13432E-04-0.54833E-01  0.0000     0.54833E-01
     672  0.20780E-04-0.56826E-01  0.0000     0.56826E-01
     673  0.28739E-04-0.58821E-01  0.0000     0.58821E-01
     674  0.37031E-04-0.60816E-01  0.0000     0.60816E-01
     675  0.45309E-04-0.62814E-01  0.0000     0.62814E-01
     676  0.53188E-04-0.64813E-01  0.0000     0.64813E-01
     677 -0.25322E-05-0.20596E-02  0.0000     0.20596E-02
     678 -0.49638E-05-0.41183E-02  0.0000     0.41183E-02
     679 -0.73640E-05-0.61761E-02  0.0000     0.61761E-02
     680 -0.97844E-05-0.82329E-02  0.0000     0.82329E-02
     681 -0.12262E-04-0.10288E-01  0.0000     0.10288E-01
     682 -0.14820E-04-0.12343E-01  0.0000     0.12343E-01
     683 -0.17469E-04-0.14396E-01  0.0000     0.14396E-01
     684 -0.20210E-04-0.16447E-01  0.0000     0.16447E-01
     685 -0.23032E-04-0.18496E-01  0.0000     0.18496E-01
     686 -0.25912E-04-0.20544E-01  0.0000     0.20544E-01
     687 -0.28813E-04-0.22589E-01  0.0000     0.22589E-01
     688 -0.31683E-04-0.24631E-01  0.0000     0.24631E-01
     689 -0.34452E-04-0.26671E-01  0.0000     0.26671E-01
     690 -0.37028E-04-0.28708E-01  0.0000     0.28708E-01
     691 -0.39294E-04-0.30741E-01  0.0000     0.30741E-01
     692 -0.41102E-04-0.32771E-01  0.0000     0.32771E-01
     693 -0.42273E-04-0.34796E-01  0.0000     0.34796E-01
     694 -0.42589E-04-0.36818E-01  0.0000     0.36818E-01
     695 -0.41797E-04-0.38836E-01  0.0000     0.38836E-01
     696 -0.39608E-04-0.40849E-01  0.0000     0.40849E-01
     697 -0.35702E-04-0.42858E-01  0.0000     0.42858E-01
     698 -0.29747E-04-0.44863E-01  0.0000     0.44863E-01
     699 -0.21416E-04-0.46865E-01  0.0000     0.46865E-01
     700 -0.10422E-04-0.48863E-01  0.0000     0.48863E-01
     701  0.34407E-05-0.50859E-01  0.0000     0.50859E-01
     702  0.20245E-04-0.52853E-01  0.0000     0.52853E-01
     703  0.39878E-04-0.54847E-01  0.0000     0.54847E-01
 
  ***** POST1 NODAL DEGREE OF FREEDOM LISTING *****                            
 
  LOAD STEP=     1  SUBSTEP=     1                                             
   TIME=    1.0000      LOAD CASE=   0                                         
 
  THE FOLLOWING DEGREE OF FREEDOM RESULTS ARE IN THE GLOBAL COORDINATE SYSTEM  
 
    NODE      UX          UY          UZ          USUM  
     704  0.61999E-04-0.56840E-01  0.0000     0.56840E-01
     705  0.86011E-04-0.58834E-01  0.0000     0.58834E-01
     706  0.11106E-03-0.60830E-01  0.0000     0.60830E-01
     707  0.13611E-03-0.62827E-01  0.0000     0.62827E-01
     708  0.15996E-03-0.64826E-01  0.0000     0.64826E-01
     709 -0.41526E-05-0.20599E-02  0.0000     0.20599E-02
     710 -0.81478E-05-0.41189E-02  0.0000     0.41189E-02
     711 -0.12098E-04-0.61770E-02  0.0000     0.61770E-02
     712 -0.16089E-04-0.82342E-02  0.0000     0.82342E-02
     713 -0.20178E-04-0.10290E-01  0.0000     0.10290E-01
     714 -0.24404E-04-0.12345E-01  0.0000     0.12345E-01
     715 -0.28786E-04-0.14399E-01  0.0000     0.14399E-01
     716 -0.33322E-04-0.16451E-01  0.0000     0.16451E-01
     717 -0.37995E-04-0.18501E-01  0.0000     0.18501E-01
     718 -0.42767E-04-0.20549E-01  0.0000     0.20549E-01
     719 -0.47581E-04-0.22595E-01  0.0000     0.22595E-01
     720 -0.52350E-04-0.24639E-01  0.0000     0.24639E-01
     721 -0.56963E-04-0.26680E-01  0.0000     0.26680E-01
     722 -0.61268E-04-0.28718E-01  0.0000     0.28718E-01
     723 -0.65076E-04-0.30753E-01  0.0000     0.30753E-01
     724 -0.68147E-04-0.32784E-01  0.0000     0.32784E-01
     725 -0.70185E-04-0.34811E-01  0.0000     0.34812E-01
     726 -0.70836E-04-0.36835E-01  0.0000     0.36835E-01
     727 -0.69678E-04-0.38854E-01  0.0000     0.38854E-01
     728 -0.66231E-04-0.40870E-01  0.0000     0.40870E-01
     729 -0.59961E-04-0.42880E-01  0.0000     0.42880E-01
     730 -0.50300E-04-0.44887E-01  0.0000     0.44887E-01
     731 -0.36685E-04-0.46890E-01  0.0000     0.46890E-01
     732 -0.18607E-04-0.48889E-01  0.0000     0.48889E-01
     733  0.43143E-05-0.50886E-01  0.0000     0.50886E-01
     734  0.32246E-04-0.52881E-01  0.0000     0.52881E-01
     735  0.65044E-04-0.54874E-01  0.0000     0.54874E-01
     736  0.10217E-03-0.56868E-01  0.0000     0.56868E-01
     737  0.14263E-03-0.58862E-01  0.0000     0.58862E-01
     738  0.18500E-03-0.60857E-01  0.0000     0.60857E-01
     739  0.22744E-03-0.62854E-01  0.0000     0.62855E-01
     740  0.26792E-03-0.64853E-01  0.0000     0.64853E-01
 
  ***** POST1 NODAL DEGREE OF FREEDOM LISTING *****                            
 
  LOAD STEP=     1  SUBSTEP=     1                                             
   TIME=    1.0000      LOAD CASE=   0                                         
 
  THE FOLLOWING DEGREE OF FREEDOM RESULTS ARE IN THE GLOBAL COORDINATE SYSTEM  
 
    NODE      UX          UY          UZ          USUM  
     741 -0.56732E-05-0.20602E-02  0.0000     0.20602E-02
     742 -0.11147E-04-0.41197E-02  0.0000     0.41197E-02
     743 -0.16576E-04-0.61784E-02  0.0000     0.61784E-02
     744 -0.22072E-04-0.82361E-02  0.0000     0.82362E-02
     745 -0.27715E-04-0.10293E-01  0.0000     0.10293E-01
     746 -0.33556E-04-0.12349E-01  0.0000     0.12349E-01
     747 -0.39617E-04-0.14403E-01  0.0000     0.14403E-01
     748 -0.45900E-04-0.16456E-01  0.0000     0.16456E-01
     749 -0.52378E-04-0.18507E-01  0.0000     0.18507E-01
     750 -0.59002E-04-0.20557E-01  0.0000     0.20557E-01
     751 -0.65693E-04-0.22605E-01  0.0000     0.22605E-01
     752 -0.72339E-04-0.24650E-01  0.0000     0.24650E-01
     753 -0.78786E-04-0.26693E-01  0.0000     0.26693E-01
     754 -0.84834E-04-0.28733E-01  0.0000     0.28733E-01
     755 -0.90226E-04-0.30770E-01  0.0000     0.30770E-01
     756 -0.94636E-04-0.32804E-01  0.0000     0.32804E-01
     757 -0.97664E-04-0.34834E-01  0.0000     0.34834E-01
     758 -0.98823E-04-0.36860E-01  0.0000     0.36860E-01
     759 -0.97534E-04-0.38882E-01  0.0000     0.38882E-01
     760 -0.93126E-04-0.40900E-01  0.0000     0.40900E-01
     761 -0.84845E-04-0.42914E-01  0.0000     0.42914E-01
     762 -0.71878E-04-0.44923E-01  0.0000     0.44923E-01
     763 -0.53396E-04-0.46928E-01  0.0000     0.46928E-01
     764 -0.28625E-04-0.48929E-01  0.0000     0.48929E-01
     765  0.30507E-05-0.50927E-01  0.0000     0.50927E-01
     766  0.41963E-04-0.52923E-01  0.0000     0.52923E-01
     767  0.88007E-04-0.54917E-01  0.0000     0.54917E-01
     768  0.14050E-03-0.56910E-01  0.0000     0.56910E-01
     769  0.19809E-03-0.58904E-01  0.0000     0.58904E-01
     770  0.25870E-03-0.60899E-01  0.0000     0.60899E-01
     771  0.31967E-03-0.62895E-01  0.0000     0.62896E-01
     772  0.37790E-03-0.64894E-01  0.0000     0.64895E-01
     773 -0.70578E-05-0.20607E-02  0.0000     0.20607E-02
     774 -0.13896E-04-0.41207E-02  0.0000     0.41207E-02
     775 -0.20704E-04-0.61800E-02  0.0000     0.61801E-02
     776 -0.27619E-04-0.82385E-02  0.0000     0.82386E-02
     777 -0.34737E-04-0.10296E-01  0.0000     0.10296E-01
 
  ***** POST1 NODAL DEGREE OF FREEDOM LISTING *****                            
 
  LOAD STEP=     1  SUBSTEP=     1                                             
   TIME=    1.0000      LOAD CASE=   0                                         
 
  THE FOLLOWING DEGREE OF FREEDOM RESULTS ARE IN THE GLOBAL COORDINATE SYSTEM  
 
    NODE      UX          UY          UZ          USUM  
     778 -0.42117E-04-0.12353E-01  0.0000     0.12353E-01
     779 -0.49788E-04-0.14408E-01  0.0000     0.14408E-01
     780 -0.57748E-04-0.16463E-01  0.0000     0.16463E-01
     781 -0.65966E-04-0.18516E-01  0.0000     0.18516E-01
     782 -0.74382E-04-0.20567E-01  0.0000     0.20567E-01
     783 -0.82900E-04-0.22617E-01  0.0000     0.22617E-01
     784 -0.91383E-04-0.24664E-01  0.0000     0.24664E-01
     785 -0.99646E-04-0.26710E-01  0.0000     0.26710E-01
     786 -0.10744E-03-0.28752E-01  0.0000     0.28753E-01
     787 -0.11447E-03-0.30792E-01  0.0000     0.30793E-01
     788 -0.12031E-03-0.32830E-01  0.0000     0.32830E-01
     789 -0.12448E-03-0.34863E-01  0.0000     0.34863E-01
     790 -0.12637E-03-0.36893E-01  0.0000     0.36893E-01
     791 -0.12526E-03-0.38919E-01  0.0000     0.38919E-01
     792 -0.12029E-03-0.40941E-01  0.0000     0.40941E-01
     793 -0.11048E-03-0.42958E-01  0.0000     0.42958E-01
     794 -0.94771E-04-0.44971E-01  0.0000     0.44971E-01
     795 -0.72026E-04-0.46979E-01  0.0000     0.46979E-01
     796 -0.41150E-04-0.48983E-01  0.0000     0.48983E-01
     797 -0.12076E-05-0.50983E-01  0.0000     0.50983E-01
     798  0.48405E-04-0.52980E-01  0.0000     0.52980E-01
     799  0.10774E-03-0.54975E-01  0.0000     0.54975E-01
     800  0.17607E-03-0.56968E-01  0.0000     0.56968E-01
     801  0.25172E-03-0.58961E-01  0.0000     0.58962E-01
     802  0.33195E-03-0.60956E-01  0.0000     0.60957E-01
     803  0.41309E-03-0.62952E-01  0.0000     0.62953E-01
     804  0.49082E-03-0.64950E-01  0.0000     0.64952E-01
     805 -0.82740E-05-0.20612E-02  0.0000     0.20612E-02
     806 -0.16335E-04-0.41219E-02  0.0000     0.41219E-02
     807 -0.24401E-04-0.61819E-02  0.0000     0.61820E-02
     808 -0.32627E-04-0.82413E-02  0.0000     0.82413E-02
     809 -0.41122E-04-0.10300E-01  0.0000     0.10300E-01
     810 -0.49950E-04-0.12358E-01  0.0000     0.12358E-01
     811 -0.59141E-04-0.14415E-01  0.0000     0.14415E-01
     812 -0.68691E-04-0.16471E-01  0.0000     0.16471E-01
     813 -0.78564E-04-0.18525E-01  0.0000     0.18525E-01
     814 -0.88691E-04-0.20579E-01  0.0000     0.20579E-01
 
  ***** POST1 NODAL DEGREE OF FREEDOM LISTING *****                            
 
  LOAD STEP=     1  SUBSTEP=     1                                             
   TIME=    1.0000      LOAD CASE=   0                                         
 
  THE FOLLOWING DEGREE OF FREEDOM RESULTS ARE IN THE GLOBAL COORDINATE SYSTEM  
 
    NODE      UX          UY          UZ          USUM  
     815 -0.98963E-04-0.22631E-01  0.0000     0.22631E-01
     816 -0.10923E-03-0.24681E-01  0.0000     0.24681E-01
     817 -0.11927E-03-0.26729E-01  0.0000     0.26730E-01
     818 -0.12881E-03-0.28776E-01  0.0000     0.28776E-01
     819 -0.13750E-03-0.30819E-01  0.0000     0.30820E-01
     820 -0.14487E-03-0.32861E-01  0.0000     0.32861E-01
     821 -0.15035E-03-0.34899E-01  0.0000     0.34899E-01
     822 -0.15323E-03-0.36933E-01  0.0000     0.36934E-01
     823 -0.15265E-03-0.38964E-01  0.0000     0.38965E-01
     824 -0.14760E-03-0.40991E-01  0.0000     0.40992E-01
     825 -0.13687E-03-0.43014E-01  0.0000     0.43014E-01
     826 -0.11914E-03-0.45031E-01  0.0000     0.45032E-01
     827 -0.92929E-04-0.47044E-01  0.0000     0.47044E-01
     828 -0.56770E-04-0.49052E-01  0.0000     0.49052E-01
     829 -0.92923E-05-0.51055E-01  0.0000     0.51055E-01
     830  0.50526E-04-0.53054E-01  0.0000     0.53054E-01
     831  0.12307E-03-0.55050E-01  0.0000     0.55050E-01
     832  0.20774E-03-0.57043E-01  0.0000     0.57044E-01
     833  0.30263E-03-0.59036E-01  0.0000     0.59037E-01
     834  0.40433E-03-0.61030E-01  0.0000     0.61032E-01
     835  0.50798E-03-0.63026E-01  0.0000     0.63028E-01
     836  0.60768E-03-0.65024E-01  0.0000     0.65027E-01
     837 -0.92943E-05-0.20618E-02  0.0000     0.20618E-02
     838 -0.18415E-04-0.41231E-02  0.0000     0.41231E-02
     839 -0.27598E-04-0.61839E-02  0.0000     0.61839E-02
     840 -0.37013E-04-0.82442E-02  0.0000     0.82443E-02
     841 -0.46772E-04-0.10304E-01  0.0000     0.10304E-01
     842 -0.56939E-04-0.12363E-01  0.0000     0.12363E-01
     843 -0.67543E-04-0.14421E-01  0.0000     0.14422E-01
     844 -0.78576E-04-0.16479E-01  0.0000     0.16479E-01
     845 -0.89998E-04-0.18536E-01  0.0000     0.18536E-01
     846 -0.10173E-03-0.20592E-01  0.0000     0.20592E-01
     847 -0.11367E-03-0.22646E-01  0.0000     0.22647E-01
     848 -0.12563E-03-0.24700E-01  0.0000     0.24700E-01
     849 -0.13739E-03-0.26752E-01  0.0000     0.26752E-01
     850 -0.14866E-03-0.28802E-01  0.0000     0.28802E-01
     851 -0.15903E-03-0.30850E-01  0.0000     0.30851E-01
 
  ***** POST1 NODAL DEGREE OF FREEDOM LISTING *****                            
 
  LOAD STEP=     1  SUBSTEP=     1                                             
   TIME=    1.0000      LOAD CASE=   0                                         
 
  THE FOLLOWING DEGREE OF FREEDOM RESULTS ARE IN THE GLOBAL COORDINATE SYSTEM  
 
    NODE      UX          UY          UZ          USUM  
     852 -0.16800E-03-0.32896E-01  0.0000     0.32897E-01
     853 -0.17495E-03-0.34940E-01  0.0000     0.34940E-01
     854 -0.17907E-03-0.36980E-01  0.0000     0.36981E-01
     855 -0.17941E-03-0.39017E-01  0.0000     0.39018E-01
     856 -0.17480E-03-0.41051E-01  0.0000     0.41051E-01
     857 -0.16385E-03-0.43080E-01  0.0000     0.43080E-01
     858 -0.14494E-03-0.45104E-01  0.0000     0.45104E-01
     859 -0.11627E-03-0.47123E-01  0.0000     0.47123E-01
     860 -0.75916E-04-0.49136E-01  0.0000     0.49136E-01
     861 -0.21953E-04-0.51144E-01  0.0000     0.51144E-01
     862  0.47250E-04-0.53146E-01  0.0000     0.53146E-01
     863  0.13267E-03-0.55144E-01  0.0000     0.55144E-01
     864  0.23409E-03-0.57138E-01  0.0000     0.57139E-01
     865  0.34961E-03-0.59131E-01  0.0000     0.59132E-01
     866  0.47516E-03-0.61124E-01  0.0000     0.61126E-01
     867  0.60449E-03-0.63119E-01  0.0000     0.63122E-01
     868  0.72963E-03-0.65117E-01  0.0000     0.65121E-01
     869 -0.10097E-04-0.20623E-02  0.0000     0.20623E-02
     870 -0.20096E-04-0.41242E-02  0.0000     0.41243E-02
     871 -0.30245E-04-0.61858E-02  0.0000     0.61859E-02
     872 -0.40714E-04-0.82471E-02  0.0000     0.82472E-02
     873 -0.51612E-04-0.10308E-01  0.0000     0.10308E-01
     874 -0.62997E-04-0.12368E-01  0.0000     0.12369E-01
     875 -0.74892E-04-0.14428E-01  0.0000     0.14429E-01
     876 -0.87284E-04-0.16488E-01  0.0000     0.16488E-01
     877 -0.10013E-03-0.18547E-01  0.0000     0.18547E-01
     878 -0.11335E-03-0.20605E-01  0.0000     0.20605E-01
     879 -0.12682E-03-0.22663E-01  0.0000     0.22663E-01
     880 -0.14037E-03-0.24720E-01  0.0000     0.24720E-01
     881 -0.15377E-03-0.26776E-01  0.0000     0.26776E-01
     882 -0.16669E-03-0.28830E-01  0.0000     0.28831E-01
     883 -0.17873E-03-0.30884E-01  0.0000     0.30884E-01
     884 -0.18935E-03-0.32935E-01  0.0000     0.32936E-01
     885 -0.19789E-03-0.34985E-01  0.0000     0.34986E-01
     886 -0.20349E-03-0.37032E-01  0.0000     0.37033E-01
     887 -0.20511E-03-0.39077E-01  0.0000     0.39077E-01
     888 -0.20148E-03-0.41118E-01  0.0000     0.41119E-01
 
  ***** POST1 NODAL DEGREE OF FREEDOM LISTING *****                            
 
  LOAD STEP=     1  SUBSTEP=     1                                             
   TIME=    1.0000      LOAD CASE=   0                                         
 
  THE FOLLOWING DEGREE OF FREEDOM RESULTS ARE IN THE GLOBAL COORDINATE SYSTEM  
 
    NODE      UX          UY          UZ          USUM  
     889 -0.19102E-03-0.43155E-01  0.0000     0.43156E-01
     890 -0.17190E-03-0.45188E-01  0.0000     0.45188E-01
     891 -0.14196E-03-0.47215E-01  0.0000     0.47215E-01
     892 -0.98766E-04-0.49236E-01  0.0000     0.49236E-01
     893 -0.39756E-04-0.51251E-01  0.0000     0.51251E-01
     894  0.37543E-04-0.53258E-01  0.0000     0.53258E-01
     895  0.13503E-03-0.55260E-01  0.0000     0.55260E-01
     896  0.25334E-03-0.57256E-01  0.0000     0.57256E-01
     897  0.39094E-03-0.59249E-01  0.0000     0.59250E-01
     898  0.54331E-03-0.61241E-01  0.0000     0.61244E-01
     899  0.70257E-03-0.63235E-01  0.0000     0.63239E-01
     900  0.85796E-03-0.65232E-01  0.0000     0.65238E-01
     901 -0.10666E-04-0.20627E-02  0.0000     0.20627E-02
     902 -0.21353E-04-0.41252E-02  0.0000     0.41253E-02
     903 -0.32309E-04-0.61875E-02  0.0000     0.61876E-02
     904 -0.43692E-04-0.82497E-02  0.0000     0.82498E-02
     905 -0.55598E-04-0.10312E-01  0.0000     0.10312E-01
     906 -0.68071E-04-0.12373E-01  0.0000     0.12374E-01
     907 -0.81123E-04-0.14435E-01  0.0000     0.14435E-01
     908 -0.94734E-04-0.16496E-01  0.0000     0.16497E-01
     909 -0.10886E-03-0.18558E-01  0.0000     0.18558E-01
     910 -0.12341E-03-0.20619E-01  0.0000     0.20619E-01
     911 -0.13828E-03-0.22679E-01  0.0000     0.22680E-01
     912 -0.15328E-03-0.24740E-01  0.0000     0.24740E-01
     913 -0.16819E-03-0.26800E-01  0.0000     0.26801E-01
     914 -0.18267E-03-0.28860E-01  0.0000     0.28860E-01
     915 -0.19631E-03-0.30919E-01  0.0000     0.30919E-01
     916 -0.20857E-03-0.32977E-01  0.0000     0.32977E-01
     917 -0.21876E-03-0.35033E-01  0.0000     0.35034E-01
     918 -0.22601E-03-0.37089E-01  0.0000     0.37089E-01
     919 -0.22923E-03-0.39142E-01  0.0000     0.39142E-01
     920 -0.22705E-03-0.41192E-01  0.0000     0.41193E-01
     921 -0.21780E-03-0.43240E-01  0.0000     0.43240E-01
     922 -0.19944E-03-0.45283E-01  0.0000     0.45283E-01
     923 -0.16951E-03-0.47321E-01  0.0000     0.47321E-01
     924 -0.12510E-03-0.49352E-01  0.0000     0.49352E-01
     925 -0.62910E-04-0.51377E-01  0.0000     0.51377E-01
 
  ***** POST1 NODAL DEGREE OF FREEDOM LISTING *****                            
 
  LOAD STEP=     1  SUBSTEP=     1                                             
   TIME=    1.0000      LOAD CASE=   0                                         
 
  THE FOLLOWING DEGREE OF FREEDOM RESULTS ARE IN THE GLOBAL COORDINATE SYSTEM  
 
    NODE      UX          UY          UZ          USUM  
     926  0.20575E-04-0.53393E-01  0.0000     0.53393E-01
     927  0.12861E-03-0.55400E-01  0.0000     0.55400E-01
     928  0.26330E-03-0.57400E-01  0.0000     0.57401E-01
     929  0.42423E-03-0.59394E-01  0.0000     0.59396E-01
     930  0.60694E-03-0.61386E-01  0.0000     0.61389E-01
     931  0.80178E-03-0.63379E-01  0.0000     0.63384E-01
     932  0.99420E-03-0.65375E-01  0.0000     0.65382E-01
     933 -0.10993E-04-0.20630E-02  0.0000     0.20630E-02
     934 -0.22177E-04-0.41260E-02  0.0000     0.41260E-02
     935 -0.33782E-04-0.61889E-02  0.0000     0.61890E-02
     936 -0.45942E-04-0.82518E-02  0.0000     0.82519E-02
     937 -0.58722E-04-0.10315E-01  0.0000     0.10315E-01
     938 -0.72147E-04-0.12378E-01  0.0000     0.12378E-01
     939 -0.86212E-04-0.14441E-01  0.0000     0.14441E-01
     940 -0.10089E-03-0.16504E-01  0.0000     0.16504E-01
     941 -0.11613E-03-0.18568E-01  0.0000     0.18568E-01
     942 -0.13185E-03-0.20631E-01  0.0000     0.20632E-01
     943 -0.14794E-03-0.22695E-01  0.0000     0.22696E-01
     944 -0.16423E-03-0.24760E-01  0.0000     0.24760E-01
     945 -0.18048E-03-0.26824E-01  0.0000     0.26825E-01
     946 -0.19637E-03-0.28889E-01  0.0000     0.28890E-01
     947 -0.21150E-03-0.30954E-01  0.0000     0.30954E-01
     948 -0.22533E-03-0.33018E-01  0.0000     0.33019E-01
     949 -0.23717E-03-0.35083E-01  0.0000     0.35084E-01
     950 -0.24614E-03-0.37147E-01  0.0000     0.37148E-01
     951 -0.25115E-03-0.39210E-01  0.0000     0.39211E-01
     952 -0.25079E-03-0.41271E-01  0.0000     0.41272E-01
     953 -0.24335E-03-0.43331E-01  0.0000     0.43331E-01
     954 -0.22666E-03-0.45387E-01  0.0000     0.45387E-01
     955 -0.19803E-03-0.47438E-01  0.0000     0.47439E-01
     956 -0.15415E-03-0.49484E-01  0.0000     0.49484E-01
     957 -0.91021E-04-0.51522E-01  0.0000     0.51522E-01
     958 -0.39782E-05-0.53551E-01  0.0000     0.53551E-01
     959  0.11201E-03-0.55569E-01  0.0000     0.55569E-01
     960  0.26139E-03-0.57576E-01  0.0000     0.57576E-01
     961  0.44617E-03-0.59573E-01  0.0000     0.59575E-01
     962  0.66305E-03-0.61565E-01  0.0000     0.61569E-01
 
  ***** POST1 NODAL DEGREE OF FREEDOM LISTING *****                            
 
  LOAD STEP=     1  SUBSTEP=     1                                             
   TIME=    1.0000      LOAD CASE=   0                                         
 
  THE FOLLOWING DEGREE OF FREEDOM RESULTS ARE IN THE GLOBAL COORDINATE SYSTEM  
 
    NODE      UX          UY          UZ          USUM  
     963  0.90091E-03-0.63557E-01  0.0000     0.63563E-01
     964  0.11401E-02-0.65551E-01  0.0000     0.65561E-01
     965 -0.11079E-04-0.20631E-02  0.0000     0.20631E-02
     966 -0.22575E-04-0.41263E-02  0.0000     0.41263E-02
     967 -0.34684E-04-0.61896E-02  0.0000     0.61897E-02
     968 -0.47491E-04-0.82530E-02  0.0000     0.82532E-02
     969 -0.61019E-04-0.10317E-01  0.0000     0.10317E-01
     970 -0.75257E-04-0.12381E-01  0.0000     0.12381E-01
     971 -0.90183E-04-0.14445E-01  0.0000     0.14446E-01
     972 -0.10576E-03-0.16510E-01  0.0000     0.16511E-01
     973 -0.12194E-03-0.18576E-01  0.0000     0.18576E-01
     974 -0.13864E-03-0.20642E-01  0.0000     0.20643E-01
     975 -0.15576E-03-0.22710E-01  0.0000     0.22710E-01
     976 -0.17313E-03-0.24778E-01  0.0000     0.24778E-01
     977 -0.19053E-03-0.26847E-01  0.0000     0.26847E-01
     978 -0.20766E-03-0.28917E-01  0.0000     0.28917E-01
     979 -0.22411E-03-0.30987E-01  0.0000     0.30988E-01
     980 -0.23936E-03-0.33059E-01  0.0000     0.33060E-01
     981 -0.25274E-03-0.35132E-01  0.0000     0.35133E-01
     982 -0.26340E-03-0.37205E-01  0.0000     0.37206E-01
     983 -0.27025E-03-0.39279E-01  0.0000     0.39280E-01
     984 -0.27192E-03-0.41353E-01  0.0000     0.41354E-01
     985 -0.26668E-03-0.43426E-01  0.0000     0.43427E-01
     986 -0.25235E-03-0.45497E-01  0.0000     0.45498E-01
     987 -0.22612E-03-0.47566E-01  0.0000     0.47566E-01
     988 -0.18445E-03-0.49630E-01  0.0000     0.49630E-01
     989 -0.12280E-03-0.51687E-01  0.0000     0.51687E-01
     990 -0.35444E-04-0.53734E-01  0.0000     0.53734E-01
     991  0.84580E-04-0.55769E-01  0.0000     0.55769E-01
     992  0.24505E-03-0.57790E-01  0.0000     0.57790E-01
     993  0.45226E-03-0.59795E-01  0.0000     0.59796E-01
     994  0.70679E-03-0.61789E-01  0.0000     0.61793E-01
     995  0.99727E-03-0.63779E-01  0.0000     0.63786E-01
     996  0.12974E-02-0.65771E-01  0.0000     0.65784E-01
     997 -0.10929E-04-0.20629E-02  0.0000     0.20629E-02
     998 -0.22573E-04-0.41260E-02  0.0000     0.41261E-02
     999 -0.35063E-04-0.61894E-02  0.0000     0.61895E-02
 
  ***** POST1 NODAL DEGREE OF FREEDOM LISTING *****                            
 
  LOAD STEP=     1  SUBSTEP=     1                                             
   TIME=    1.0000      LOAD CASE=   0                                         
 
  THE FOLLOWING DEGREE OF FREEDOM RESULTS ARE IN THE GLOBAL COORDINATE SYSTEM  
 
    NODE      UX          UY          UZ          USUM  
    1000 -0.48408E-04-0.82532E-02  0.0000     0.82533E-02
    1001 -0.62564E-04-0.10317E-01  0.0000     0.10318E-01
    1002 -0.77478E-04-0.12382E-01  0.0000     0.12383E-01
    1003 -0.93107E-04-0.14448E-01  0.0000     0.14448E-01
    1004 -0.10941E-03-0.16514E-01  0.0000     0.16515E-01
    1005 -0.12634E-03-0.18582E-01  0.0000     0.18583E-01
    1006 -0.14383E-03-0.20651E-01  0.0000     0.20651E-01
    1007 -0.16177E-03-0.22721E-01  0.0000     0.22722E-01
    1008 -0.18001E-03-0.24793E-01  0.0000     0.24793E-01
    1009 -0.19835E-03-0.26866E-01  0.0000     0.26867E-01
    1010 -0.21648E-03-0.28941E-01  0.0000     0.28942E-01
    1011 -0.23403E-03-0.31018E-01  0.0000     0.31019E-01
    1012 -0.25049E-03-0.33097E-01  0.0000     0.33098E-01
    1013 -0.26522E-03-0.35178E-01  0.0000     0.35179E-01
    1014 -0.27740E-03-0.37261E-01  0.0000     0.37262E-01
    1015 -0.28599E-03-0.39346E-01  0.0000     0.39347E-01
    1016 -0.28967E-03-0.41433E-01  0.0000     0.41434E-01
    1017 -0.28676E-03-0.43521E-01  0.0000     0.43522E-01
    1018 -0.27514E-03-0.45610E-01  0.0000     0.45611E-01
    1019 -0.25204E-03-0.47699E-01  0.0000     0.47699E-01
    1020 -0.21387E-03-0.49785E-01  0.0000     0.49786E-01
    1021 -0.15585E-03-0.51867E-01  0.0000     0.51868E-01
    1022 -0.71596E-04-0.53942E-01  0.0000     0.53942E-01
    1023  0.47486E-04-0.56004E-01  0.0000     0.56004E-01
    1024  0.21261E-03-0.58048E-01  0.0000     0.58048E-01
    1025  0.43727E-03-0.60070E-01  0.0000     0.60071E-01
    1026  0.73023E-03-0.62071E-01  0.0000     0.62076E-01
    1027  0.10853E-02-0.64060E-01  0.0000     0.64070E-01
    1028  0.14678E-02-0.66051E-01  0.0000     0.66067E-01
    1029 -0.10558E-04-0.20623E-02  0.0000     0.20623E-02
    1030 -0.22222E-04-0.41250E-02  0.0000     0.41250E-02
    1031 -0.35011E-04-0.61881E-02  0.0000     0.61882E-02
    1032 -0.48809E-04-0.82518E-02  0.0000     0.82519E-02
    1033 -0.63482E-04-0.10316E-01  0.0000     0.10316E-01
    1034 -0.78933E-04-0.12382E-01  0.0000     0.12382E-01
    1035 -0.95104E-04-0.14448E-01  0.0000     0.14448E-01
    1036 -0.11196E-03-0.16516E-01  0.0000     0.16516E-01
 
  ***** POST1 NODAL DEGREE OF FREEDOM LISTING *****                            
 
  LOAD STEP=     1  SUBSTEP=     1                                             
   TIME=    1.0000      LOAD CASE=   0                                         
 
  THE FOLLOWING DEGREE OF FREEDOM RESULTS ARE IN THE GLOBAL COORDINATE SYSTEM  
 
    NODE      UX          UY          UZ          USUM  
    1037 -0.12945E-03-0.18585E-01  0.0000     0.18586E-01
    1038 -0.14752E-03-0.20656E-01  0.0000     0.20657E-01
    1039 -0.16607E-03-0.22729E-01  0.0000     0.22730E-01
    1040 -0.18496E-03-0.24804E-01  0.0000     0.24805E-01
    1041 -0.20399E-03-0.26881E-01  0.0000     0.26882E-01
    1042 -0.22289E-03-0.28961E-01  0.0000     0.28962E-01
    1043 -0.24128E-03-0.31044E-01  0.0000     0.31044E-01
    1044 -0.25869E-03-0.33129E-01  0.0000     0.33130E-01
    1045 -0.27450E-03-0.35218E-01  0.0000     0.35219E-01
    1046 -0.28793E-03-0.37311E-01  0.0000     0.37312E-01
    1047 -0.29799E-03-0.39408E-01  0.0000     0.39409E-01
    1048 -0.30344E-03-0.41508E-01  0.0000     0.41509E-01
    1049 -0.30268E-03-0.43612E-01  0.0000     0.43613E-01
    1050 -0.29371E-03-0.45720E-01  0.0000     0.45721E-01
    1051 -0.27391E-03-0.47831E-01  0.0000     0.47832E-01
    1052 -0.23982E-03-0.49945E-01  0.0000     0.49945E-01
    1053 -0.18679E-03-0.52058E-01  0.0000     0.52058E-01
    1054 -0.10832E-03-0.54168E-01  0.0000     0.54168E-01
    1055  0.48500E-05-0.56270E-01  0.0000     0.56270E-01
    1056  0.16639E-03-0.58355E-01  0.0000     0.58356E-01
    1057  0.39614E-03-0.60413E-01  0.0000     0.60415E-01
    1058  0.72213E-03-0.62435E-01  0.0000     0.62439E-01
    1059  0.11523E-02-0.64431E-01  0.0000     0.64441E-01
    1060  0.16515E-02-0.66415E-01  0.0000     0.66435E-01
    1061 -0.99881E-05-0.20612E-02  0.0000     0.20612E-02
    1062 -0.21606E-04-0.41229E-02  0.0000     0.41229E-02
    1063 -0.34668E-04-0.61852E-02  0.0000     0.61853E-02
    1064 -0.48860E-04-0.82484E-02  0.0000     0.82485E-02
    1065 -0.63937E-04-0.10313E-01  0.0000     0.10313E-01
    1066 -0.79779E-04-0.12378E-01  0.0000     0.12378E-01
    1067 -0.96330E-04-0.14445E-01  0.0000     0.14446E-01
    1068 -0.11356E-03-0.16514E-01  0.0000     0.16514E-01
    1069 -0.13143E-03-0.18584E-01  0.0000     0.18585E-01
    1070 -0.14988E-03-0.20657E-01  0.0000     0.20658E-01
    1071 -0.16884E-03-0.22732E-01  0.0000     0.22733E-01
    1072 -0.18817E-03-0.24810E-01  0.0000     0.24810E-01
    1073 -0.20767E-03-0.26890E-01  0.0000     0.26891E-01
 
  ***** POST1 NODAL DEGREE OF FREEDOM LISTING *****                            
 
  LOAD STEP=     1  SUBSTEP=     1                                             
   TIME=    1.0000      LOAD CASE=   0                                         
 
  THE FOLLOWING DEGREE OF FREEDOM RESULTS ARE IN THE GLOBAL COORDINATE SYSTEM  
 
    NODE      UX          UY          UZ          USUM  
    1074 -0.22708E-03-0.28974E-01  0.0000     0.28975E-01
    1075 -0.24606E-03-0.31062E-01  0.0000     0.31063E-01
    1076 -0.26412E-03-0.33154E-01  0.0000     0.33155E-01
    1077 -0.28070E-03-0.35251E-01  0.0000     0.35252E-01
    1078 -0.29503E-03-0.37352E-01  0.0000     0.37354E-01
    1079 -0.30619E-03-0.39460E-01  0.0000     0.39461E-01
    1080 -0.31298E-03-0.41573E-01  0.0000     0.41575E-01
    1081 -0.31392E-03-0.43694E-01  0.0000     0.43695E-01
    1082 -0.30713E-03-0.45821E-01  0.0000     0.45822E-01
    1083 -0.29018E-03-0.47956E-01  0.0000     0.47957E-01
    1084 -0.25987E-03-0.50098E-01  0.0000     0.50098E-01
    1085 -0.21190E-03-0.52247E-01  0.0000     0.52247E-01
    1086 -0.14021E-03-0.54400E-01  0.0000     0.54401E-01
    1087 -0.35900E-04-0.56556E-01  0.0000     0.56556E-01
    1088  0.11488E-03-0.58705E-01  0.0000     0.58705E-01
    1089  0.33499E-03-0.60835E-01  0.0000     0.60836E-01
    1090  0.66406E-03-0.62918E-01  0.0000     0.62922E-01
    1091  0.11757E-02-0.64927E-01  0.0000     0.64938E-01
    1092  0.18398E-02-0.66922E-01  0.0000     0.66948E-01
    1093 -0.92484E-05-0.20593E-02  0.0000     0.20593E-02
    1094 -0.20867E-04-0.41193E-02  0.0000     0.41193E-02
    1095 -0.34255E-04-0.61802E-02  0.0000     0.61803E-02
    1096 -0.48757E-04-0.82424E-02  0.0000     0.82426E-02
    1097 -0.64105E-04-0.10306E-01  0.0000     0.10306E-01
    1098 -0.80191E-04-0.12372E-01  0.0000     0.12372E-01
    1099 -0.96967E-04-0.14439E-01  0.0000     0.14439E-01
    1100 -0.11441E-03-0.16508E-01  0.0000     0.16508E-01
    1101 -0.13249E-03-0.18579E-01  0.0000     0.18580E-01
    1102 -0.15117E-03-0.20653E-01  0.0000     0.20654E-01
    1103 -0.17036E-03-0.22730E-01  0.0000     0.22730E-01
    1104 -0.18993E-03-0.24809E-01  0.0000     0.24810E-01
    1105 -0.20970E-03-0.26893E-01  0.0000     0.26893E-01
    1106 -0.22940E-03-0.28980E-01  0.0000     0.28981E-01
    1107 -0.24871E-03-0.31072E-01  0.0000     0.31073E-01
    1108 -0.26716E-03-0.33169E-01  0.0000     0.33170E-01
    1109 -0.28419E-03-0.35272E-01  0.0000     0.35273E-01
    1110 -0.29906E-03-0.37382E-01  0.0000     0.37383E-01
 
  ***** POST1 NODAL DEGREE OF FREEDOM LISTING *****                            
 
  LOAD STEP=     1  SUBSTEP=     1                                             
   TIME=    1.0000      LOAD CASE=   0                                         
 
  THE FOLLOWING DEGREE OF FREEDOM RESULTS ARE IN THE GLOBAL COORDINATE SYSTEM  
 
    NODE      UX          UY          UZ          USUM  
    1111 -0.31088E-03-0.39499E-01  0.0000     0.39500E-01
    1112 -0.31851E-03-0.41624E-01  0.0000     0.41625E-01
    1113 -0.32053E-03-0.43759E-01  0.0000     0.43760E-01
    1114 -0.31518E-03-0.45905E-01  0.0000     0.45906E-01
    1115 -0.30017E-03-0.48062E-01  0.0000     0.48063E-01
    1116 -0.27256E-03-0.50233E-01  0.0000     0.50234E-01
    1117 -0.22843E-03-0.52418E-01  0.0000     0.52419E-01
    1118 -0.16233E-03-0.54620E-01  0.0000     0.54620E-01
    1119 -0.66323E-04-0.56838E-01  0.0000     0.56838E-01
    1120  0.71926E-04-0.59070E-01  0.0000     0.59070E-01
    1121  0.27364E-03-0.61311E-01  0.0000     0.61311E-01
    1122  0.57795E-03-0.63539E-01  0.0000     0.63542E-01
    1123  0.10789E-02-0.65684E-01  0.0000     0.65693E-01
    1124  0.20141E-02-0.67630E-01  0.0000     0.67660E-01
    1125 -0.83995E-05-0.20561E-02  0.0000     0.20561E-02
    1126 -0.20345E-04-0.41132E-02  0.0000     0.41133E-02
    1127 -0.33990E-04-0.61723E-02  0.0000     0.61724E-02
    1128 -0.48663E-04-0.82333E-02  0.0000     0.82334E-02
    1129 -0.64143E-04-0.10296E-01  0.0000     0.10296E-01
    1130 -0.80338E-04-0.12361E-01  0.0000     0.12361E-01
    1131 -0.97212E-04-0.14428E-01  0.0000     0.14428E-01
    1132 -0.11475E-03-0.16497E-01  0.0000     0.16498E-01
    1133 -0.13292E-03-0.18569E-01  0.0000     0.18569E-01
    1134 -0.15168E-03-0.20643E-01  0.0000     0.20644E-01
    1135 -0.17097E-03-0.22721E-01  0.0000     0.22721E-01
    1136 -0.19064E-03-0.24802E-01  0.0000     0.24802E-01
    1137 -0.21051E-03-0.26887E-01  0.0000     0.26888E-01
    1138 -0.23035E-03-0.28976E-01  0.0000     0.28977E-01
    1139 -0.24979E-03-0.31071E-01  0.0000     0.31072E-01
    1140 -0.26840E-03-0.33172E-01  0.0000     0.33173E-01
    1141 -0.28562E-03-0.35280E-01  0.0000     0.35281E-01
    1142 -0.30072E-03-0.37396E-01  0.0000     0.37397E-01
    1143 -0.31283E-03-0.39520E-01  0.0000     0.39522E-01
    1144 -0.32083E-03-0.41655E-01  0.0000     0.41657E-01
    1145 -0.32334E-03-0.43803E-01  0.0000     0.43804E-01
    1146 -0.31864E-03-0.45963E-01  0.0000     0.45965E-01
    1147 -0.30454E-03-0.48140E-01  0.0000     0.48141E-01
 
  ***** POST1 NODAL DEGREE OF FREEDOM LISTING *****                            
 
  LOAD STEP=     1  SUBSTEP=     1                                             
   TIME=    1.0000      LOAD CASE=   0                                         
 
  THE FOLLOWING DEGREE OF FREEDOM RESULTS ARE IN THE GLOBAL COORDINATE SYSTEM  
 
    NODE      UX          UY          UZ          USUM  
    1148 -0.27824E-03-0.50336E-01  0.0000     0.50337E-01
    1149 -0.23604E-03-0.52555E-01  0.0000     0.52555E-01
    1150 -0.17291E-03-0.54800E-01  0.0000     0.54800E-01
    1151 -0.81659E-04-0.57078E-01  0.0000     0.57078E-01
    1152  0.48687E-04-0.59397E-01  0.0000     0.59397E-01
    1153  0.23587E-03-0.61767E-01  0.0000     0.61767E-01
    1154  0.51513E-03-0.64199E-01  0.0000     0.64201E-01
    1155  0.95101E-03-0.66706E-01  0.0000     0.66713E-01
    1156  0.18610E-02-0.69127E-01  0.0000     0.69153E-01

 MAXIMUM ABSOLUTE VALUES
 NODE         35          35           0          35
 VALUE   0.46107E-02-0.75531E-01  0.0000     0.75672E-01

