
 LIST ALL SELECTED ELEMENTS.  (LIST NODES)
 
    ELEM MAT TYP REL ESY SEC        NODES
 
       1   1   1   1   0   1      1     3   133   132
       2   1   1   1   0   1      3     4   165   133
       3   1   1   1   0   1      4     5   197   165
       4   1   1   1   0   1      5     6   229   197
       5   1   1   1   0   1      6     7   261   229
       6   1   1   1   0   1      7     8   293   261
       7   1   1   1   0   1      8     9   325   293
       8   1   1   1   0   1      9    10   357   325
       9   1   1   1   0   1     10    11   389   357
      10   1   1   1   0   1     11    12   421   389
      11   1   1   1   0   1     12    13   453   421
      12   1   1   1   0   1     13    14   485   453
      13   1   1   1   0   1     14    15   517   485
      14   1   1   1   0   1     15    16   549   517
      15   1   1   1   0   1     16    17   581   549
      16   1   1   1   0   1     17    18   613   581
      17   1   1   1   0   1     18    19   645   613
      18   1   1   1   0   1     19    20   677   645
      19   1   1   1   0   1     20    21   709   677
      20   1   1   1   0   1     21    22   741   709
 
    ELEM MAT TYP REL ESY SEC        NODES
 
      21   1   1   1   0   1     22    23   773   741
      22   1   1   1   0   1     23    24   805   773
      23   1   1   1   0   1     24    25   837   805
      24   1   1   1   0   1     25    26   869   837
      25   1   1   1   0   1     26    27   901   869
      26   1   1   1   0   1     27    28   933   901
      27   1   1   1   0   1     28    29   965   933
      28   1   1   1   0   1     29    30   997   965
      29   1   1   1   0   1     30    31  1029   997
      30   1   1   1   0   1     31    32  1061  1029
      31   1   1   1   0   1     32    33  1093  1061
      32   1   1   1   0   1     33    34  1125  1093
      33   1   1   1   0   1     34     2    36  1125
      34   1   1   1   0   1    132   133   134   131
      35   1   1   1   0   1    133   165   166   134
      36   1   1   1   0   1    165   197   198   166
      37   1   1   1   0   1    197   229   230   198
      38   1   1   1   0   1    229   261   262   230
      39   1   1   1   0   1    261   293   294   262
      40   1   1   1   0   1    293   325   326   294
 
    ELEM MAT TYP REL ESY SEC        NODES
 
      41   1   1   1   0   1    325   357   358   326
      42   1   1   1   0   1    357   389   390   358
      43   1   1   1   0   1    389   421   422   390
      44   1   1   1   0   1    421   453   454   422
      45   1   1   1   0   1    453   485   486   454
      46   1   1   1   0   1    485   517   518   486
      47   1   1   1   0   1    517   549   550   518
      48   1   1   1   0   1    549   581   582   550
      49   1   1   1   0   1    581   613   614   582
      50   1   1   1   0   1    613   645   646   614
      51   1   1   1   0   1    645   677   678   646
      52   1   1   1   0   1    677   709   710   678
      53   1   1   1   0   1    709   741   742   710
      54   1   1   1   0   1    741   773   774   742
      55   1   1   1   0   1    773   805   806   774
      56   1   1   1   0   1    805   837   838   806
      57   1   1   1   0   1    837   869   870   838
      58   1   1   1   0   1    869   901   902   870
      59   1   1   1   0   1    901   933   934   902
      60   1   1   1   0   1    933   965   966   934
 
    ELEM MAT TYP REL ESY SEC        NODES
 
      61   1   1   1   0   1    965   997   998   966
      62   1   1   1   0   1    997  1029  1030   998
      63   1   1   1   0   1   1029  1061  1062  1030
      64   1   1   1   0   1   1061  1093  1094  1062
      65   1   1   1   0   1   1093  1125  1126  1094
      66   1   1   1   0   1   1125    36    37  1126
      67   1   1   1   0   1    131   134   135   130
      68   1   1   1   0   1    134   166   167   135
      69   1   1   1   0   1    166   198   199   167
      70   1   1   1   0   1    198   230   231   199
      71   1   1   1   0   1    230   262   263   231
      72   1   1   1   0   1    262   294   295   263
      73   1   1   1   0   1    294   326   327   295
      74   1   1   1   0   1    326   358   359   327
      75   1   1   1   0   1    358   390   391   359
      76   1   1   1   0   1    390   422   423   391
      77   1   1   1   0   1    422   454   455   423
      78   1   1   1   0   1    454   486   487   455
      79   1   1   1   0   1    486   518   519   487
      80   1   1   1   0   1    518   550   551   519
 
    ELEM MAT TYP REL ESY SEC        NODES
 
      81   1   1   1   0   1    550   582   583   551
      82   1   1   1   0   1    582   614   615   583
      83   1   1   1   0   1    614   646   647   615
      84   1   1   1   0   1    646   678   679   647
      85   1   1   1   0   1    678   710   711   679
      86   1   1   1   0   1    710   742   743   711
      87   1   1   1   0   1    742   774   775   743
      88   1   1   1   0   1    774   806   807   775
      89   1   1   1   0   1    806   838   839   807
      90   1   1   1   0   1    838   870   871   839
      91   1   1   1   0   1    870   902   903   871
      92   1   1   1   0   1    902   934   935   903
      93   1   1   1   0   1    934   966   967   935
      94   1   1   1   0   1    966   998   999   967
      95   1   1   1   0   1    998  1030  1031   999
      96   1   1   1   0   1   1030  1062  1063  1031
      97   1   1   1   0   1   1062  1094  1095  1063
      98   1   1   1   0   1   1094  1126  1127  1095
      99   1   1   1   0   1   1126    37    38  1127
     100   1   1   1   0   1    130   135   136   129
 
    ELEM MAT TYP REL ESY SEC        NODES
 
     101   1   1   1   0   1    135   167   168   136
     102   1   1   1   0   1    167   199   200   168
     103   1   1   1   0   1    199   231   232   200
     104   1   1   1   0   1    231   263   264   232
     105   1   1   1   0   1    263   295   296   264
     106   1   1   1   0   1    295   327   328   296
     107   1   1   1   0   1    327   359   360   328
     108   1   1   1   0   1    359   391   392   360
     109   1   1   1   0   1    391   423   424   392
     110   1   1   1   0   1    423   455   456   424
     111   1   1   1   0   1    455   487   488   456
     112   1   1   1   0   1    487   519   520   488
     113   1   1   1   0   1    519   551   552   520
     114   1   1   1   0   1    551   583   584   552
     115   1   1   1   0   1    583   615   616   584
     116   1   1   1   0   1    615   647   648   616
     117   1   1   1   0   1    647   679   680   648
     118   1   1   1   0   1    679   711   712   680
     119   1   1   1   0   1    711   743   744   712
     120   1   1   1   0   1    743   775   776   744
 
    ELEM MAT TYP REL ESY SEC        NODES
 
     121   1   1   1   0   1    775   807   808   776
     122   1   1   1   0   1    807   839   840   808
     123   1   1   1   0   1    839   871   872   840
     124   1   1   1   0   1    871   903   904   872
     125   1   1   1   0   1    903   935   936   904
     126   1   1   1   0   1    935   967   968   936
     127   1   1   1   0   1    967   999  1000   968
     128   1   1   1   0   1    999  1031  1032  1000
     129   1   1   1   0   1   1031  1063  1064  1032
     130   1   1   1   0   1   1063  1095  1096  1064
     131   1   1   1   0   1   1095  1127  1128  1096
     132   1   1   1   0   1   1127    38    39  1128
     133   1   1   1   0   1    129   136   137   128
     134   1   1   1   0   1    136   168   169   137
     135   1   1   1   0   1    168   200   201   169
     136   1   1   1   0   1    200   232   233   201
     137   1   1   1   0   1    232   264   265   233
     138   1   1   1   0   1    264   296   297   265
     139   1   1   1   0   1    296   328   329   297
     140   1   1   1   0   1    328   360   361   329
 
    ELEM MAT TYP REL ESY SEC        NODES
 
     141   1   1   1   0   1    360   392   393   361
     142   1   1   1   0   1    392   424   425   393
     143   1   1   1   0   1    424   456   457   425
     144   1   1   1   0   1    456   488   489   457
     145   1   1   1   0   1    488   520   521   489
     146   1   1   1   0   1    520   552   553   521
     147   1   1   1   0   1    552   584   585   553
     148   1   1   1   0   1    584   616   617   585
     149   1   1   1   0   1    616   648   649   617
     150   1   1   1   0   1    648   680   681   649
     151   1   1   1   0   1    680   712   713   681
     152   1   1   1   0   1    712   744   745   713
     153   1   1   1   0   1    744   776   777   745
     154   1   1   1   0   1    776   808   809   777
     155   1   1   1   0   1    808   840   841   809
     156   1   1   1   0   1    840   872   873   841
     157   1   1   1   0   1    872   904   905   873
     158   1   1   1   0   1    904   936   937   905
     159   1   1   1   0   1    936   968   969   937
     160   1   1   1   0   1    968  1000  1001   969
 
    ELEM MAT TYP REL ESY SEC        NODES
 
     161   1   1   1   0   1   1000  1032  1033  1001
     162   1   1   1   0   1   1032  1064  1065  1033
     163   1   1   1   0   1   1064  1096  1097  1065
     164   1   1   1   0   1   1096  1128  1129  1097
     165   1   1   1   0   1   1128    39    40  1129
     166   1   1   1   0   1    128   137   138   127
     167   1   1   1   0   1    137   169   170   138
     168   1   1   1   0   1    169   201   202   170
     169   1   1   1   0   1    201   233   234   202
     170   1   1   1   0   1    233   265   266   234
     171   1   1   1   0   1    265   297   298   266
     172   1   1   1   0   1    297   329   330   298
     173   1   1   1   0   1    329   361   362   330
     174   1   1   1   0   1    361   393   394   362
     175   1   1   1   0   1    393   425   426   394
     176   1   1   1   0   1    425   457   458   426
     177   1   1   1   0   1    457   489   490   458
     178   1   1   1   0   1    489   521   522   490
     179   1   1   1   0   1    521   553   554   522
     180   1   1   1   0   1    553   585   586   554
 
    ELEM MAT TYP REL ESY SEC        NODES
 
     181   1   1   1   0   1    585   617   618   586
     182   1   1   1   0   1    617   649   650   618
     183   1   1   1   0   1    649   681   682   650
     184   1   1   1   0   1    681   713   714   682
     185   1   1   1   0   1    713   745   746   714
     186   1   1   1   0   1    745   777   778   746
     187   1   1   1   0   1    777   809   810   778
     188   1   1   1   0   1    809   841   842   810
     189   1   1   1   0   1    841   873   874   842
     190   1   1   1   0   1    873   905   906   874
     191   1   1   1   0   1    905   937   938   906
     192   1   1   1   0   1    937   969   970   938
     193   1   1   1   0   1    969  1001  1002   970
     194   1   1   1   0   1   1001  1033  1034  1002
     195   1   1   1   0   1   1033  1065  1066  1034
     196   1   1   1   0   1   1065  1097  1098  1066
     197   1   1   1   0   1   1097  1129  1130  1098
     198   1   1   1   0   1   1129    40    41  1130
     199   1   1   1   0   1    127   138   139   126
     200   1   1   1   0   1    138   170   171   139
 
    ELEM MAT TYP REL ESY SEC        NODES
 
     201   1   1   1   0   1    170   202   203   171
     202   1   1   1   0   1    202   234   235   203
     203   1   1   1   0   1    234   266   267   235
     204   1   1   1   0   1    266   298   299   267
     205   1   1   1   0   1    298   330   331   299
     206   1   1   1   0   1    330   362   363   331
     207   1   1   1   0   1    362   394   395   363
     208   1   1   1   0   1    394   426   427   395
     209   1   1   1   0   1    426   458   459   427
     210   1   1   1   0   1    458   490   491   459
     211   1   1   1   0   1    490   522   523   491
     212   1   1   1   0   1    522   554   555   523
     213   1   1   1   0   1    554   586   587   555
     214   1   1   1   0   1    586   618   619   587
     215   1   1   1   0   1    618   650   651   619
     216   1   1   1   0   1    650   682   683   651
     217   1   1   1   0   1    682   714   715   683
     218   1   1   1   0   1    714   746   747   715
     219   1   1   1   0   1    746   778   779   747
     220   1   1   1   0   1    778   810   811   779
 
    ELEM MAT TYP REL ESY SEC        NODES
 
     221   1   1   1   0   1    810   842   843   811
     222   1   1   1   0   1    842   874   875   843
     223   1   1   1   0   1    874   906   907   875
     224   1   1   1   0   1    906   938   939   907
     225   1   1   1   0   1    938   970   971   939
     226   1   1   1   0   1    970  1002  1003   971
     227   1   1   1   0   1   1002  1034  1035  1003
     228   1   1   1   0   1   1034  1066  1067  1035
     229   1   1   1   0   1   1066  1098  1099  1067
     230   1   1   1   0   1   1098  1130  1131  1099
     231   1   1   1   0   1   1130    41    42  1131
     232   1   1   1   0   1    126   139   140   125
     233   1   1   1   0   1    139   171   172   140
     234   1   1   1   0   1    171   203   204   172
     235   1   1   1   0   1    203   235   236   204
     236   1   1   1   0   1    235   267   268   236
     237   1   1   1   0   1    267   299   300   268
     238   1   1   1   0   1    299   331   332   300
     239   1   1   1   0   1    331   363   364   332
     240   1   1   1   0   1    363   395   396   364
 
    ELEM MAT TYP REL ESY SEC        NODES
 
     241   1   1   1   0   1    395   427   428   396
     242   1   1   1   0   1    427   459   460   428
     243   1   1   1   0   1    459   491   492   460
     244   1   1   1   0   1    491   523   524   492
     245   1   1   1   0   1    523   555   556   524
     246   1   1   1   0   1    555   587   588   556
     247   1   1   1   0   1    587   619   620   588
     248   1   1   1   0   1    619   651   652   620
     249   1   1   1   0   1    651   683   684   652
     250   1   1   1   0   1    683   715   716   684
     251   1   1   1   0   1    715   747   748   716
     252   1   1   1   0   1    747   779   780   748
     253   1   1   1   0   1    779   811   812   780
     254   1   1   1   0   1    811   843   844   812
     255   1   1   1   0   1    843   875   876   844
     256   1   1   1   0   1    875   907   908   876
     257   1   1   1   0   1    907   939   940   908
     258   1   1   1   0   1    939   971   972   940
     259   1   1   1   0   1    971  1003  1004   972
     260   1   1   1   0   1   1003  1035  1036  1004
 
    ELEM MAT TYP REL ESY SEC        NODES
 
     261   1   1   1   0   1   1035  1067  1068  1036
     262   1   1   1   0   1   1067  1099  1100  1068
     263   1   1   1   0   1   1099  1131  1132  1100
     264   1   1   1   0   1   1131    42    43  1132
     265   1   1   1   0   1    125   140   141   124
     266   1   1   1   0   1    140   172   173   141
     267   1   1   1   0   1    172   204   205   173
     268   1   1   1   0   1    204   236   237   205
     269   1   1   1   0   1    236   268   269   237
     270   1   1   1   0   1    268   300   301   269
     271   1   1   1   0   1    300   332   333   301
     272   1   1   1   0   1    332   364   365   333
     273   1   1   1   0   1    364   396   397   365
     274   1   1   1   0   1    396   428   429   397
     275   1   1   1   0   1    428   460   461   429
     276   1   1   1   0   1    460   492   493   461
     277   1   1   1   0   1    492   524   525   493
     278   1   1   1   0   1    524   556   557   525
     279   1   1   1   0   1    556   588   589   557
     280   1   1   1   0   1    588   620   621   589
 
    ELEM MAT TYP REL ESY SEC        NODES
 
     281   1   1   1   0   1    620   652   653   621
     282   1   1   1   0   1    652   684   685   653
     283   1   1   1   0   1    684   716   717   685
     284   1   1   1   0   1    716   748   749   717
     285   1   1   1   0   1    748   780   781   749
     286   1   1   1   0   1    780   812   813   781
     287   1   1   1   0   1    812   844   845   813
     288   1   1   1   0   1    844   876   877   845
     289   1   1   1   0   1    876   908   909   877
     290   1   1   1   0   1    908   940   941   909
     291   1   1   1   0   1    940   972   973   941
     292   1   1   1   0   1    972  1004  1005   973
     293   1   1   1   0   1   1004  1036  1037  1005
     294   1   1   1   0   1   1036  1068  1069  1037
     295   1   1   1   0   1   1068  1100  1101  1069
     296   1   1   1   0   1   1100  1132  1133  1101
     297   1   1   1   0   1   1132    43    44  1133
     298   1   1   1   0   1    124   141   142   123
     299   1   1   1   0   1    141   173   174   142
     300   1   1   1   0   1    173   205   206   174
 
    ELEM MAT TYP REL ESY SEC        NODES
 
     301   1   1   1   0   1    205   237   238   206
     302   1   1   1   0   1    237   269   270   238
     303   1   1   1   0   1    269   301   302   270
     304   1   1   1   0   1    301   333   334   302
     305   1   1   1   0   1    333   365   366   334
     306   1   1   1   0   1    365   397   398   366
     307   1   1   1   0   1    397   429   430   398
     308   1   1   1   0   1    429   461   462   430
     309   1   1   1   0   1    461   493   494   462
     310   1   1   1   0   1    493   525   526   494
     311   1   1   1   0   1    525   557   558   526
     312   1   1   1   0   1    557   589   590   558
     313   1   1   1   0   1    589   621   622   590
     314   1   1   1   0   1    621   653   654   622
     315   1   1   1   0   1    653   685   686   654
     316   1   1   1   0   1    685   717   718   686
     317   1   1   1   0   1    717   749   750   718
     318   1   1   1   0   1    749   781   782   750
     319   1   1   1   0   1    781   813   814   782
     320   1   1   1   0   1    813   845   846   814
 
    ELEM MAT TYP REL ESY SEC        NODES
 
     321   1   1   1   0   1    845   877   878   846
     322   1   1   1   0   1    877   909   910   878
     323   1   1   1   0   1    909   941   942   910
     324   1   1   1   0   1    941   973   974   942
     325   1   1   1   0   1    973  1005  1006   974
     326   1   1   1   0   1   1005  1037  1038  1006
     327   1   1   1   0   1   1037  1069  1070  1038
     328   1   1   1   0   1   1069  1101  1102  1070
     329   1   1   1   0   1   1101  1133  1134  1102
     330   1   1   1   0   1   1133    44    45  1134
     331   1   1   1   0   1    123   142   143   122
     332   1   1   1   0   1    142   174   175   143
     333   1   1   1   0   1    174   206   207   175
     334   1   1   1   0   1    206   238   239   207
     335   1   1   1   0   1    238   270   271   239
     336   1   1   1   0   1    270   302   303   271
     337   1   1   1   0   1    302   334   335   303
     338   1   1   1   0   1    334   366   367   335
     339   1   1   1   0   1    366   398   399   367
     340   1   1   1   0   1    398   430   431   399
 
    ELEM MAT TYP REL ESY SEC        NODES
 
     341   1   1   1   0   1    430   462   463   431
     342   1   1   1   0   1    462   494   495   463
     343   1   1   1   0   1    494   526   527   495
     344   1   1   1   0   1    526   558   559   527
     345   1   1   1   0   1    558   590   591   559
     346   1   1   1   0   1    590   622   623   591
     347   1   1   1   0   1    622   654   655   623
     348   1   1   1   0   1    654   686   687   655
     349   1   1   1   0   1    686   718   719   687
     350   1   1   1   0   1    718   750   751   719
     351   1   1   1   0   1    750   782   783   751
     352   1   1   1   0   1    782   814   815   783
     353   1   1   1   0   1    814   846   847   815
     354   1   1   1   0   1    846   878   879   847
     355   1   1   1   0   1    878   910   911   879
     356   1   1   1   0   1    910   942   943   911
     357   1   1   1   0   1    942   974   975   943
     358   1   1   1   0   1    974  1006  1007   975
     359   1   1   1   0   1   1006  1038  1039  1007
     360   1   1   1   0   1   1038  1070  1071  1039
 
    ELEM MAT TYP REL ESY SEC        NODES
 
     361   1   1   1   0   1   1070  1102  1103  1071
     362   1   1   1   0   1   1102  1134  1135  1103
     363   1   1   1   0   1   1134    45    46  1135
     364   1   1   1   0   1    122   143   144   121
     365   1   1   1   0   1    143   175   176   144
     366   1   1   1   0   1    175   207   208   176
     367   1   1   1   0   1    207   239   240   208
     368   1   1   1   0   1    239   271   272   240
     369   1   1   1   0   1    271   303   304   272
     370   1   1   1   0   1    303   335   336   304
     371   1   1   1   0   1    335   367   368   336
     372   1   1   1   0   1    367   399   400   368
     373   1   1   1   0   1    399   431   432   400
     374   1   1   1   0   1    431   463   464   432
     375   1   1   1   0   1    463   495   496   464
     376   1   1   1   0   1    495   527   528   496
     377   1   1   1   0   1    527   559   560   528
     378   1   1   1   0   1    559   591   592   560
     379   1   1   1   0   1    591   623   624   592
     380   1   1   1   0   1    623   655   656   624
 
    ELEM MAT TYP REL ESY SEC        NODES
 
     381   1   1   1   0   1    655   687   688   656
     382   1   1   1   0   1    687   719   720   688
     383   1   1   1   0   1    719   751   752   720
     384   1   1   1   0   1    751   783   784   752
     385   1   1   1   0   1    783   815   816   784
     386   1   1   1   0   1    815   847   848   816
     387   1   1   1   0   1    847   879   880   848
     388   1   1   1   0   1    879   911   912   880
     389   1   1   1   0   1    911   943   944   912
     390   1   1   1   0   1    943   975   976   944
     391   1   1   1   0   1    975  1007  1008   976
     392   1   1   1   0   1   1007  1039  1040  1008
     393   1   1   1   0   1   1039  1071  1072  1040
     394   1   1   1   0   1   1071  1103  1104  1072
     395   1   1   1   0   1   1103  1135  1136  1104
     396   1   1   1   0   1   1135    46    47  1136
     397   1   1   1   0   1    121   144   145   120
     398   1   1   1   0   1    144   176   177   145
     399   1   1   1   0   1    176   208   209   177
     400   1   1   1   0   1    208   240   241   209
 
    ELEM MAT TYP REL ESY SEC        NODES
 
     401   1   1   1   0   1    240   272   273   241
     402   1   1   1   0   1    272   304   305   273
     403   1   1   1   0   1    304   336   337   305
     404   1   1   1   0   1    336   368   369   337
     405   1   1   1   0   1    368   400   401   369
     406   1   1   1   0   1    400   432   433   401
     407   1   1   1   0   1    432   464   465   433
     408   1   1   1   0   1    464   496   497   465
     409   1   1   1   0   1    496   528   529   497
     410   1   1   1   0   1    528   560   561   529
     411   1   1   1   0   1    560   592   593   561
     412   1   1   1   0   1    592   624   625   593
     413   1   1   1   0   1    624   656   657   625
     414   1   1   1   0   1    656   688   689   657
     415   1   1   1   0   1    688   720   721   689
     416   1   1   1   0   1    720   752   753   721
     417   1   1   1   0   1    752   784   785   753
     418   1   1   1   0   1    784   816   817   785
     419   1   1   1   0   1    816   848   849   817
     420   1   1   1   0   1    848   880   881   849
 
    ELEM MAT TYP REL ESY SEC        NODES
 
     421   1   1   1   0   1    880   912   913   881
     422   1   1   1   0   1    912   944   945   913
     423   1   1   1   0   1    944   976   977   945
     424   1   1   1   0   1    976  1008  1009   977
     425   1   1   1   0   1   1008  1040  1041  1009
     426   1   1   1   0   1   1040  1072  1073  1041
     427   1   1   1   0   1   1072  1104  1105  1073
     428   1   1   1   0   1   1104  1136  1137  1105
     429   1   1   1   0   1   1136    47    48  1137
     430   1   1   1   0   1    120   145   146   119
     431   1   1   1   0   1    145   177   178   146
     432   1   1   1   0   1    177   209   210   178
     433   1   1   1   0   1    209   241   242   210
     434   1   1   1   0   1    241   273   274   242
     435   1   1   1   0   1    273   305   306   274
     436   1   1   1   0   1    305   337   338   306
     437   1   1   1   0   1    337   369   370   338
     438   1   1   1   0   1    369   401   402   370
     439   1   1   1   0   1    401   433   434   402
     440   1   1   1   0   1    433   465   466   434
 
    ELEM MAT TYP REL ESY SEC        NODES
 
     441   1   1   1   0   1    465   497   498   466
     442   1   1   1   0   1    497   529   530   498
     443   1   1   1   0   1    529   561   562   530
     444   1   1   1   0   1    561   593   594   562
     445   1   1   1   0   1    593   625   626   594
     446   1   1   1   0   1    625   657   658   626
     447   1   1   1   0   1    657   689   690   658
     448   1   1   1   0   1    689   721   722   690
     449   1   1   1   0   1    721   753   754   722
     450   1   1   1   0   1    753   785   786   754
     451   1   1   1   0   1    785   817   818   786
     452   1   1   1   0   1    817   849   850   818
     453   1   1   1   0   1    849   881   882   850
     454   1   1   1   0   1    881   913   914   882
     455   1   1   1   0   1    913   945   946   914
     456   1   1   1   0   1    945   977   978   946
     457   1   1   1   0   1    977  1009  1010   978
     458   1   1   1   0   1   1009  1041  1042  1010
     459   1   1   1   0   1   1041  1073  1074  1042
     460   1   1   1   0   1   1073  1105  1106  1074
 
    ELEM MAT TYP REL ESY SEC        NODES
 
     461   1   1   1   0   1   1105  1137  1138  1106
     462   1   1   1   0   1   1137    48    49  1138
     463   1   1   1   0   1    119   146   147   118
     464   1   1   1   0   1    146   178   179   147
     465   1   1   1   0   1    178   210   211   179
     466   1   1   1   0   1    210   242   243   211
     467   1   1   1   0   1    242   274   275   243
     468   1   1   1   0   1    274   306   307   275
     469   1   1   1   0   1    306   338   339   307
     470   1   1   1   0   1    338   370   371   339
     471   1   1   1   0   1    370   402   403   371
     472   1   1   1   0   1    402   434   435   403
     473   1   1   1   0   1    434   466   467   435
     474   1   1   1   0   1    466   498   499   467
     475   1   1   1   0   1    498   530   531   499
     476   1   1   1   0   1    530   562   563   531
     477   1   1   1   0   1    562   594   595   563
     478   1   1   1   0   1    594   626   627   595
     479   1   1   1   0   1    626   658   659   627
     480   1   1   1   0   1    658   690   691   659
 
    ELEM MAT TYP REL ESY SEC        NODES
 
     481   1   1   1   0   1    690   722   723   691
     482   1   1   1   0   1    722   754   755   723
     483   1   1   1   0   1    754   786   787   755
     484   1   1   1   0   1    786   818   819   787
     485   1   1   1   0   1    818   850   851   819
     486   1   1   1   0   1    850   882   883   851
     487   1   1   1   0   1    882   914   915   883
     488   1   1   1   0   1    914   946   947   915
     489   1   1   1   0   1    946   978   979   947
     490   1   1   1   0   1    978  1010  1011   979
     491   1   1   1   0   1   1010  1042  1043  1011
     492   1   1   1   0   1   1042  1074  1075  1043
     493   1   1   1   0   1   1074  1106  1107  1075
     494   1   1   1   0   1   1106  1138  1139  1107
     495   1   1   1   0   1   1138    49    50  1139
     496   1   1   1   0   1    118   147   148   117
     497   1   1   1   0   1    147   179   180   148
     498   1   1   1   0   1    179   211   212   180
     499   1   1   1   0   1    211   243   244   212
     500   1   1   1   0   1    243   275   276   244
 
    ELEM MAT TYP REL ESY SEC        NODES
 
     501   1   1   1   0   1    275   307   308   276
     502   1   1   1   0   1    307   339   340   308
     503   1   1   1   0   1    339   371   372   340
     504   1   1   1   0   1    371   403   404   372
     505   1   1   1   0   1    403   435   436   404
     506   1   1   1   0   1    435   467   468   436
     507   1   1   1   0   1    467   499   500   468
     508   1   1   1   0   1    499   531   532   500
     509   1   1   1   0   1    531   563   564   532
     510   1   1   1   0   1    563   595   596   564
     511   1   1   1   0   1    595   627   628   596
     512   1   1   1   0   1    627   659   660   628
     513   1   1   1   0   1    659   691   692   660
     514   1   1   1   0   1    691   723   724   692
     515   1   1   1   0   1    723   755   756   724
     516   1   1   1   0   1    755   787   788   756
     517   1   1   1   0   1    787   819   820   788
     518   1   1   1   0   1    819   851   852   820
     519   1   1   1   0   1    851   883   884   852
     520   1   1   1   0   1    883   915   916   884
 
    ELEM MAT TYP REL ESY SEC        NODES
 
     521   1   1   1   0   1    915   947   948   916
     522   1   1   1   0   1    947   979   980   948
     523   1   1   1   0   1    979  1011  1012   980
     524   1   1   1   0   1   1011  1043  1044  1012
     525   1   1   1   0   1   1043  1075  1076  1044
     526   1   1   1   0   1   1075  1107  1108  1076
     527   1   1   1   0   1   1107  1139  1140  1108
     528   1   1   1   0   1   1139    50    51  1140
     529   1   1   1   0   1    117   148   149   116
     530   1   1   1   0   1    148   180   181   149
     531   1   1   1   0   1    180   212   213   181
     532   1   1   1   0   1    212   244   245   213
     533   1   1   1   0   1    244   276   277   245
     534   1   1   1   0   1    276   308   309   277
     535   1   1   1   0   1    308   340   341   309
     536   1   1   1   0   1    340   372   373   341
     537   1   1   1   0   1    372   404   405   373
     538   1   1   1   0   1    404   436   437   405
     539   1   1   1   0   1    436   468   469   437
     540   1   1   1   0   1    468   500   501   469
 
    ELEM MAT TYP REL ESY SEC        NODES
 
     541   1   1   1   0   1    500   532   533   501
     542   1   1   1   0   1    532   564   565   533
     543   1   1   1   0   1    564   596   597   565
     544   1   1   1   0   1    596   628   629   597
     545   1   1   1   0   1    628   660   661   629
     546   1   1   1   0   1    660   692   693   661
     547   1   1   1   0   1    692   724   725   693
     548   1   1   1   0   1    724   756   757   725
     549   1   1   1   0   1    756   788   789   757
     550   1   1   1   0   1    788   820   821   789
     551   1   1   1   0   1    820   852   853   821
     552   1   1   1   0   1    852   884   885   853
     553   1   1   1   0   1    884   916   917   885
     554   1   1   1   0   1    916   948   949   917
     555   1   1   1   0   1    948   980   981   949
     556   1   1   1   0   1    980  1012  1013   981
     557   1   1   1   0   1   1012  1044  1045  1013
     558   1   1   1   0   1   1044  1076  1077  1045
     559   1   1   1   0   1   1076  1108  1109  1077
     560   1   1   1   0   1   1108  1140  1141  1109
 
    ELEM MAT TYP REL ESY SEC        NODES
 
     561   1   1   1   0   1   1140    51    52  1141
     562   1   1   1   0   1    116   149   150   115
     563   1   1   1   0   1    149   181   182   150
     564   1   1   1   0   1    181   213   214   182
     565   1   1   1   0   1    213   245   246   214
     566   1   1   1   0   1    245   277   278   246
     567   1   1   1   0   1    277   309   310   278
     568   1   1   1   0   1    309   341   342   310
     569   1   1   1   0   1    341   373   374   342
     570   1   1   1   0   1    373   405   406   374
     571   1   1   1   0   1    405   437   438   406
     572   1   1   1   0   1    437   469   470   438
     573   1   1   1   0   1    469   501   502   470
     574   1   1   1   0   1    501   533   534   502
     575   1   1   1   0   1    533   565   566   534
     576   1   1   1   0   1    565   597   598   566
     577   1   1   1   0   1    597   629   630   598
     578   1   1   1   0   1    629   661   662   630
     579   1   1   1   0   1    661   693   694   662
     580   1   1   1   0   1    693   725   726   694
 
    ELEM MAT TYP REL ESY SEC        NODES
 
     581   1   1   1   0   1    725   757   758   726
     582   1   1   1   0   1    757   789   790   758
     583   1   1   1   0   1    789   821   822   790
     584   1   1   1   0   1    821   853   854   822
     585   1   1   1   0   1    853   885   886   854
     586   1   1   1   0   1    885   917   918   886
     587   1   1   1   0   1    917   949   950   918
     588   1   1   1   0   1    949   981   982   950
     589   1   1   1   0   1    981  1013  1014   982
     590   1   1   1   0   1   1013  1045  1046  1014
     591   1   1   1   0   1   1045  1077  1078  1046
     592   1   1   1   0   1   1077  1109  1110  1078
     593   1   1   1   0   1   1109  1141  1142  1110
     594   1   1   1   0   1   1141    52    53  1142
     595   1   1   1   0   1    115   150   151   114
     596   1   1   1   0   1    150   182   183   151
     597   1   1   1   0   1    182   214   215   183
     598   1   1   1   0   1    214   246   247   215
     599   1   1   1   0   1    246   278   279   247
     600   1   1   1   0   1    278   310   311   279
 
    ELEM MAT TYP REL ESY SEC        NODES
 
     601   1   1   1   0   1    310   342   343   311
     602   1   1   1   0   1    342   374   375   343
     603   1   1   1   0   1    374   406   407   375
     604   1   1   1   0   1    406   438   439   407
     605   1   1   1   0   1    438   470   471   439
     606   1   1   1   0   1    470   502   503   471
     607   1   1   1   0   1    502   534   535   503
     608   1   1   1   0   1    534   566   567   535
     609   1   1   1   0   1    566   598   599   567
     610   1   1   1   0   1    598   630   631   599
     611   1   1   1   0   1    630   662   663   631
     612   1   1   1   0   1    662   694   695   663
     613   1   1   1   0   1    694   726   727   695
     614   1   1   1   0   1    726   758   759   727
     615   1   1   1   0   1    758   790   791   759
     616   1   1   1   0   1    790   822   823   791
     617   1   1   1   0   1    822   854   855   823
     618   1   1   1   0   1    854   886   887   855
     619   1   1   1   0   1    886   918   919   887
     620   1   1   1   0   1    918   950   951   919
 
    ELEM MAT TYP REL ESY SEC        NODES
 
     621   1   1   1   0   1    950   982   983   951
     622   1   1   1   0   1    982  1014  1015   983
     623   1   1   1   0   1   1014  1046  1047  1015
     624   1   1   1   0   1   1046  1078  1079  1047
     625   1   1   1   0   1   1078  1110  1111  1079
     626   1   1   1   0   1   1110  1142  1143  1111
     627   1   1   1   0   1   1142    53    54  1143
     628   1   1   1   0   1    114   151   152   113
     629   1   1   1   0   1    151   183   184   152
     630   1   1   1   0   1    183   215   216   184
     631   1   1   1   0   1    215   247   248   216
     632   1   1   1   0   1    247   279   280   248
     633   1   1   1   0   1    279   311   312   280
     634   1   1   1   0   1    311   343   344   312
     635   1   1   1   0   1    343   375   376   344
     636   1   1   1   0   1    375   407   408   376
     637   1   1   1   0   1    407   439   440   408
     638   1   1   1   0   1    439   471   472   440
     639   1   1   1   0   1    471   503   504   472
     640   1   1   1   0   1    503   535   536   504
 
    ELEM MAT TYP REL ESY SEC        NODES
 
     641   1   1   1   0   1    535   567   568   536
     642   1   1   1   0   1    567   599   600   568
     643   1   1   1   0   1    599   631   632   600
     644   1   1   1   0   1    631   663   664   632
     645   1   1   1   0   1    663   695   696   664
     646   1   1   1   0   1    695   727   728   696
     647   1   1   1   0   1    727   759   760   728
     648   1   1   1   0   1    759   791   792   760
     649   1   1   1   0   1    791   823   824   792
     650   1   1   1   0   1    823   855   856   824
     651   1   1   1   0   1    855   887   888   856
     652   1   1   1   0   1    887   919   920   888
     653   1   1   1   0   1    919   951   952   920
     654   1   1   1   0   1    951   983   984   952
     655   1   1   1   0   1    983  1015  1016   984
     656   1   1   1   0   1   1015  1047  1048  1016
     657   1   1   1   0   1   1047  1079  1080  1048
     658   1   1   1   0   1   1079  1111  1112  1080
     659   1   1   1   0   1   1111  1143  1144  1112
     660   1   1   1   0   1   1143    54    55  1144
 
    ELEM MAT TYP REL ESY SEC        NODES
 
     661   1   1   1   0   1    113   152   153   112
     662   1   1   1   0   1    152   184   185   153
     663   1   1   1   0   1    184   216   217   185
     664   1   1   1   0   1    216   248   249   217
     665   1   1   1   0   1    248   280   281   249
     666   1   1   1   0   1    280   312   313   281
     667   1   1   1   0   1    312   344   345   313
     668   1   1   1   0   1    344   376   377   345
     669   1   1   1   0   1    376   408   409   377
     670   1   1   1   0   1    408   440   441   409
     671   1   1   1   0   1    440   472   473   441
     672   1   1   1   0   1    472   504   505   473
     673   1   1   1   0   1    504   536   537   505
     674   1   1   1   0   1    536   568   569   537
     675   1   1   1   0   1    568   600   601   569
     676   1   1   1   0   1    600   632   633   601
     677   1   1   1   0   1    632   664   665   633
     678   1   1   1   0   1    664   696   697   665
     679   1   1   1   0   1    696   728   729   697
     680   1   1   1   0   1    728   760   761   729
 
    ELEM MAT TYP REL ESY SEC        NODES
 
     681   1   1   1   0   1    760   792   793   761
     682   1   1   1   0   1    792   824   825   793
     683   1   1   1   0   1    824   856   857   825
     684   1   1   1   0   1    856   888   889   857
     685   1   1   1   0   1    888   920   921   889
     686   1   1   1   0   1    920   952   953   921
     687   1   1   1   0   1    952   984   985   953
     688   1   1   1   0   1    984  1016  1017   985
     689   1   1   1   0   1   1016  1048  1049  1017
     690   1   1   1   0   1   1048  1080  1081  1049
     691   1   1   1   0   1   1080  1112  1113  1081
     692   1   1   1   0   1   1112  1144  1145  1113
     693   1   1   1   0   1   1144    55    56  1145
     694   1   1   1   0   1    112   153   154   111
     695   1   1   1   0   1    153   185   186   154
     696   1   1   1   0   1    185   217   218   186
     697   1   1   1   0   1    217   249   250   218
     698   1   1   1   0   1    249   281   282   250
     699   1   1   1   0   1    281   313   314   282
     700   1   1   1   0   1    313   345   346   314
 
    ELEM MAT TYP REL ESY SEC        NODES
 
     701   1   1   1   0   1    345   377   378   346
     702   1   1   1   0   1    377   409   410   378
     703   1   1   1   0   1    409   441   442   410
     704   1   1   1   0   1    441   473   474   442
     705   1   1   1   0   1    473   505   506   474
     706   1   1   1   0   1    505   537   538   506
     707   1   1   1   0   1    537   569   570   538
     708   1   1   1   0   1    569   601   602   570
     709   1   1   1   0   1    601   633   634   602
     710   1   1   1   0   1    633   665   666   634
     711   1   1   1   0   1    665   697   698   666
     712   1   1   1   0   1    697   729   730   698
     713   1   1   1   0   1    729   761   762   730
     714   1   1   1   0   1    761   793   794   762
     715   1   1   1   0   1    793   825   826   794
     716   1   1   1   0   1    825   857   858   826
     717   1   1   1   0   1    857   889   890   858
     718   1   1   1   0   1    889   921   922   890
     719   1   1   1   0   1    921   953   954   922
     720   1   1   1   0   1    953   985   986   954
 
    ELEM MAT TYP REL ESY SEC        NODES
 
     721   1   1   1   0   1    985  1017  1018   986
     722   1   1   1   0   1   1017  1049  1050  1018
     723   1   1   1   0   1   1049  1081  1082  1050
     724   1   1   1   0   1   1081  1113  1114  1082
     725   1   1   1   0   1   1113  1145  1146  1114
     726   1   1   1   0   1   1145    56    57  1146
     727   1   1   1   0   1    111   154   155   110
     728   1   1   1   0   1    154   186   187   155
     729   1   1   1   0   1    186   218   219   187
     730   1   1   1   0   1    218   250   251   219
     731   1   1   1   0   1    250   282   283   251
     732   1   1   1   0   1    282   314   315   283
     733   1   1   1   0   1    314   346   347   315
     734   1   1   1   0   1    346   378   379   347
     735   1   1   1   0   1    378   410   411   379
     736   1   1   1   0   1    410   442   443   411
     737   1   1   1   0   1    442   474   475   443
     738   1   1   1   0   1    474   506   507   475
     739   1   1   1   0   1    506   538   539   507
     740   1   1   1   0   1    538   570   571   539
 
    ELEM MAT TYP REL ESY SEC        NODES
 
     741   1   1   1   0   1    570   602   603   571
     742   1   1   1   0   1    602   634   635   603
     743   1   1   1   0   1    634   666   667   635
     744   1   1   1   0   1    666   698   699   667
     745   1   1   1   0   1    698   730   731   699
     746   1   1   1   0   1    730   762   763   731
     747   1   1   1   0   1    762   794   795   763
     748   1   1   1   0   1    794   826   827   795
     749   1   1   1   0   1    826   858   859   827
     750   1   1   1   0   1    858   890   891   859
     751   1   1   1   0   1    890   922   923   891
     752   1   1   1   0   1    922   954   955   923
     753   1   1   1   0   1    954   986   987   955
     754   1   1   1   0   1    986  1018  1019   987
     755   1   1   1   0   1   1018  1050  1051  1019
     756   1   1   1   0   1   1050  1082  1083  1051
     757   1   1   1   0   1   1082  1114  1115  1083
     758   1   1   1   0   1   1114  1146  1147  1115
     759   1   1   1   0   1   1146    57    58  1147
     760   1   1   1   0   1    110   155   156   109
 
    ELEM MAT TYP REL ESY SEC        NODES
 
     761   1   1   1   0   1    155   187   188   156
     762   1   1   1   0   1    187   219   220   188
     763   1   1   1   0   1    219   251   252   220
     764   1   1   1   0   1    251   283   284   252
     765   1   1   1   0   1    283   315   316   284
     766   1   1   1   0   1    315   347   348   316
     767   1   1   1   0   1    347   379   380   348
     768   1   1   1   0   1    379   411   412   380
     769   1   1   1   0   1    411   443   444   412
     770   1   1   1   0   1    443   475   476   444
     771   1   1   1   0   1    475   507   508   476
     772   1   1   1   0   1    507   539   540   508
     773   1   1   1   0   1    539   571   572   540
     774   1   1   1   0   1    571   603   604   572
     775   1   1   1   0   1    603   635   636   604
     776   1   1   1   0   1    635   667   668   636
     777   1   1   1   0   1    667   699   700   668
     778   1   1   1   0   1    699   731   732   700
     779   1   1   1   0   1    731   763   764   732
     780   1   1   1   0   1    763   795   796   764
 
    ELEM MAT TYP REL ESY SEC        NODES
 
     781   1   1   1   0   1    795   827   828   796
     782   1   1   1   0   1    827   859   860   828
     783   1   1   1   0   1    859   891   892   860
     784   1   1   1   0   1    891   923   924   892
     785   1   1   1   0   1    923   955   956   924
     786   1   1   1   0   1    955   987   988   956
     787   1   1   1   0   1    987  1019  1020   988
     788   1   1   1   0   1   1019  1051  1052  1020
     789   1   1   1   0   1   1051  1083  1084  1052
     790   1   1   1   0   1   1083  1115  1116  1084
     791   1   1   1   0   1   1115  1147  1148  1116
     792   1   1   1   0   1   1147    58    59  1148
     793   1   1   1   0   1    109   156   157   108
     794   1   1   1   0   1    156   188   189   157
     795   1   1   1   0   1    188   220   221   189
     796   1   1   1   0   1    220   252   253   221
     797   1   1   1   0   1    252   284   285   253
     798   1   1   1   0   1    284   316   317   285
     799   1   1   1   0   1    316   348   349   317
     800   1   1   1   0   1    348   380   381   349
 
    ELEM MAT TYP REL ESY SEC        NODES
 
     801   1   1   1   0   1    380   412   413   381
     802   1   1   1   0   1    412   444   445   413
     803   1   1   1   0   1    444   476   477   445
     804   1   1   1   0   1    476   508   509   477
     805   1   1   1   0   1    508   540   541   509
     806   1   1   1   0   1    540   572   573   541
     807   1   1   1   0   1    572   604   605   573
     808   1   1   1   0   1    604   636   637   605
     809   1   1   1   0   1    636   668   669   637
     810   1   1   1   0   1    668   700   701   669
     811   1   1   1   0   1    700   732   733   701
     812   1   1   1   0   1    732   764   765   733
     813   1   1   1   0   1    764   796   797   765
     814   1   1   1   0   1    796   828   829   797
     815   1   1   1   0   1    828   860   861   829
     816   1   1   1   0   1    860   892   893   861
     817   1   1   1   0   1    892   924   925   893
     818   1   1   1   0   1    924   956   957   925
     819   1   1   1   0   1    956   988   989   957
     820   1   1   1   0   1    988  1020  1021   989
 
    ELEM MAT TYP REL ESY SEC        NODES
 
     821   1   1   1   0   1   1020  1052  1053  1021
     822   1   1   1   0   1   1052  1084  1085  1053
     823   1   1   1   0   1   1084  1116  1117  1085
     824   1   1   1   0   1   1116  1148  1149  1117
     825   1   1   1   0   1   1148    59    60  1149
     826   1   1   1   0   1    108   157   158   107
     827   1   1   1   0   1    157   189   190   158
     828   1   1   1   0   1    189   221   222   190
     829   1   1   1   0   1    221   253   254   222
     830   1   1   1   0   1    253   285   286   254
     831   1   1   1   0   1    285   317   318   286
     832   1   1   1   0   1    317   349   350   318
     833   1   1   1   0   1    349   381   382   350
     834   1   1   1   0   1    381   413   414   382
     835   1   1   1   0   1    413   445   446   414
     836   1   1   1   0   1    445   477   478   446
     837   1   1   1   0   1    477   509   510   478
     838   1   1   1   0   1    509   541   542   510
     839   1   1   1   0   1    541   573   574   542
     840   1   1   1   0   1    573   605   606   574
 
    ELEM MAT TYP REL ESY SEC        NODES
 
     841   1   1   1   0   1    605   637   638   606
     842   1   1   1   0   1    637   669   670   638
     843   1   1   1   0   1    669   701   702   670
     844   1   1   1   0   1    701   733   734   702
     845   1   1   1   0   1    733   765   766   734
     846   1   1   1   0   1    765   797   798   766
     847   1   1   1   0   1    797   829   830   798
     848   1   1   1   0   1    829   861   862   830
     849   1   1   1   0   1    861   893   894   862
     850   1   1   1   0   1    893   925   926   894
     851   1   1   1   0   1    925   957   958   926
     852   1   1   1   0   1    957   989   990   958
     853   1   1   1   0   1    989  1021  1022   990
     854   1   1   1   0   1   1021  1053  1054  1022
     855   1   1   1   0   1   1053  1085  1086  1054
     856   1   1   1   0   1   1085  1117  1118  1086
     857   1   1   1   0   1   1117  1149  1150  1118
     858   1   1   1   0   1   1149    60    61  1150
     859   1   1   1   0   1    107   158   159   106
     860   1   1   1   0   1    158   190   191   159
 
    ELEM MAT TYP REL ESY SEC        NODES
 
     861   1   1   1   0   1    190   222   223   191
     862   1   1   1   0   1    222   254   255   223
     863   1   1   1   0   1    254   286   287   255
     864   1   1   1   0   1    286   318   319   287
     865   1   1   1   0   1    318   350   351   319
     866   1   1   1   0   1    350   382   383   351
     867   1   1   1   0   1    382   414   415   383
     868   1   1   1   0   1    414   446   447   415
     869   1   1   1   0   1    446   478   479   447
     870   1   1   1   0   1    478   510   511   479
     871   1   1   1   0   1    510   542   543   511
     872   1   1   1   0   1    542   574   575   543
     873   1   1   1   0   1    574   606   607   575
     874   1   1   1   0   1    606   638   639   607
     875   1   1   1   0   1    638   670   671   639
     876   1   1   1   0   1    670   702   703   671
     877   1   1   1   0   1    702   734   735   703
     878   1   1   1   0   1    734   766   767   735
     879   1   1   1   0   1    766   798   799   767
     880   1   1   1   0   1    798   830   831   799
 
    ELEM MAT TYP REL ESY SEC        NODES
 
     881   1   1   1   0   1    830   862   863   831
     882   1   1   1   0   1    862   894   895   863
     883   1   1   1   0   1    894   926   927   895
     884   1   1   1   0   1    926   958   959   927
     885   1   1   1   0   1    958   990   991   959
     886   1   1   1   0   1    990  1022  1023   991
     887   1   1   1   0   1   1022  1054  1055  1023
     888   1   1   1   0   1   1054  1086  1087  1055
     889   1   1   1   0   1   1086  1118  1119  1087
     890   1   1   1   0   1   1118  1150  1151  1119
     891   1   1   1   0   1   1150    61    62  1151
     892   1   1   1   0   1    106   159   160   105
     893   1   1   1   0   1    159   191   192   160
     894   1   1   1   0   1    191   223   224   192
     895   1   1   1   0   1    223   255   256   224
     896   1   1   1   0   1    255   287   288   256
     897   1   1   1   0   1    287   319   320   288
     898   1   1   1   0   1    319   351   352   320
     899   1   1   1   0   1    351   383   384   352
     900   1   1   1   0   1    383   415   416   384
 
    ELEM MAT TYP REL ESY SEC        NODES
 
     901   1   1   1   0   1    415   447   448   416
     902   1   1   1   0   1    447   479   480   448
     903   1   1   1   0   1    479   511   512   480
     904   1   1   1   0   1    511   543   544   512
     905   1   1   1   0   1    543   575   576   544
     906   1   1   1   0   1    575   607   608   576
     907   1   1   1   0   1    607   639   640   608
     908   1   1   1   0   1    639   671   672   640
     909   1   1   1   0   1    671   703   704   672
     910   1   1   1   0   1    703   735   736   704
     911   1   1   1   0   1    735   767   768   736
     912   1   1   1   0   1    767   799   800   768
     913   1   1   1   0   1    799   831   832   800
     914   1   1   1   0   1    831   863   864   832
     915   1   1   1   0   1    863   895   896   864
     916   1   1   1   0   1    895   927   928   896
     917   1   1   1   0   1    927   959   960   928
     918   1   1   1   0   1    959   991   992   960
     919   1   1   1   0   1    991  1023  1024   992
     920   1   1   1   0   1   1023  1055  1056  1024
 
    ELEM MAT TYP REL ESY SEC        NODES
 
     921   1   1   1   0   1   1055  1087  1088  1056
     922   1   1   1   0   1   1087  1119  1120  1088
     923   1   1   1   0   1   1119  1151  1152  1120
     924   1   1   1   0   1   1151    62    63  1152
     925   1   1   1   0   1    105   160   161   104
     926   1   1   1   0   1    160   192   193   161
     927   1   1   1   0   1    192   224   225   193
     928   1   1   1   0   1    224   256   257   225
     929   1   1   1   0   1    256   288   289   257
     930   1   1   1   0   1    288   320   321   289
     931   1   1   1   0   1    320   352   353   321
     932   1   1   1   0   1    352   384   385   353
     933   1   1   1   0   1    384   416   417   385
     934   1   1   1   0   1    416   448   449   417
     935   1   1   1   0   1    448   480   481   449
     936   1   1   1   0   1    480   512   513   481
     937   1   1   1   0   1    512   544   545   513
     938   1   1   1   0   1    544   576   577   545
     939   1   1   1   0   1    576   608   609   577
     940   1   1   1   0   1    608   640   641   609
 
    ELEM MAT TYP REL ESY SEC        NODES
 
     941   1   1   1   0   1    640   672   673   641
     942   1   1   1   0   1    672   704   705   673
     943   1   1   1   0   1    704   736   737   705
     944   1   1   1   0   1    736   768   769   737
     945   1   1   1   0   1    768   800   801   769
     946   1   1   1   0   1    800   832   833   801
     947   1   1   1   0   1    832   864   865   833
     948   1   1   1   0   1    864   896   897   865
     949   1   1   1   0   1    896   928   929   897
     950   1   1   1   0   1    928   960   961   929
     951   1   1   1   0   1    960   992   993   961
     952   1   1   1   0   1    992  1024  1025   993
     953   1   1   1   0   1   1024  1056  1057  1025
     954   1   1   1   0   1   1056  1088  1089  1057
     955   1   1   1   0   1   1088  1120  1121  1089
     956   1   1   1   0   1   1120  1152  1153  1121
     957   1   1   1   0   1   1152    63    64  1153
     958   1   1   1   0   1    104   161   162   103
     959   1   1   1   0   1    161   193   194   162
     960   1   1   1   0   1    193   225   226   194
 
    ELEM MAT TYP REL ESY SEC        NODES
 
     961   1   1   1   0   1    225   257   258   226
     962   1   1   1   0   1    257   289   290   258
     963   1   1   1   0   1    289   321   322   290
     964   1   1   1   0   1    321   353   354   322
     965   1   1   1   0   1    353   385   386   354
     966   1   1   1   0   1    385   417   418   386
     967   1   1   1   0   1    417   449   450   418
     968   1   1   1   0   1    449   481   482   450
     969   1   1   1   0   1    481   513   514   482
     970   1   1   1   0   1    513   545   546   514
     971   1   1   1   0   1    545   577   578   546
     972   1   1   1   0   1    577   609   610   578
     973   1   1   1   0   1    609   641   642   610
     974   1   1   1   0   1    641   673   674   642
     975   1   1   1   0   1    673   705   706   674
     976   1   1   1   0   1    705   737   738   706
     977   1   1   1   0   1    737   769   770   738
     978   1   1   1   0   1    769   801   802   770
     979   1   1   1   0   1    801   833   834   802
     980   1   1   1   0   1    833   865   866   834
 
    ELEM MAT TYP REL ESY SEC        NODES
 
     981   1   1   1   0   1    865   897   898   866
     982   1   1   1   0   1    897   929   930   898
     983   1   1   1   0   1    929   961   962   930
     984   1   1   1   0   1    961   993   994   962
     985   1   1   1   0   1    993  1025  1026   994
     986   1   1   1   0   1   1025  1057  1058  1026
     987   1   1   1   0   1   1057  1089  1090  1058
     988   1   1   1   0   1   1089  1121  1122  1090
     989   1   1   1   0   1   1121  1153  1154  1122
     990   1   1   1   0   1   1153    64    65  1154
     991   1   1   1   0   1    103   162   163   102
     992   1   1   1   0   1    162   194   195   163
     993   1   1   1   0   1    194   226   227   195
     994   1   1   1   0   1    226   258   259   227
     995   1   1   1   0   1    258   290   291   259
     996   1   1   1   0   1    290   322   323   291
     997   1   1   1   0   1    322   354   355   323
     998   1   1   1   0   1    354   386   387   355
     999   1   1   1   0   1    386   418   419   387
    1000   1   1   1   0   1    418   450   451   419
 
    ELEM MAT TYP REL ESY SEC        NODES
 
    1001   1   1   1   0   1    450   482   483   451
    1002   1   1   1   0   1    482   514   515   483
    1003   1   1   1   0   1    514   546   547   515
    1004   1   1   1   0   1    546   578   579   547
    1005   1   1   1   0   1    578   610   611   579
    1006   1   1   1   0   1    610   642   643   611
    1007   1   1   1   0   1    642   674   675   643
    1008   1   1   1   0   1    674   706   707   675
    1009   1   1   1   0   1    706   738   739   707
    1010   1   1   1   0   1    738   770   771   739
    1011   1   1   1   0   1    770   802   803   771
    1012   1   1   1   0   1    802   834   835   803
    1013   1   1   1   0   1    834   866   867   835
    1014   1   1   1   0   1    866   898   899   867
    1015   1   1   1   0   1    898   930   931   899
    1016   1   1   1   0   1    930   962   963   931
    1017   1   1   1   0   1    962   994   995   963
    1018   1   1   1   0   1    994  1026  1027   995
    1019   1   1   1   0   1   1026  1058  1059  1027
    1020   1   1   1   0   1   1058  1090  1091  1059
 
    ELEM MAT TYP REL ESY SEC        NODES
 
    1021   1   1   1   0   1   1090  1122  1123  1091
    1022   1   1   1   0   1   1122  1154  1155  1123
    1023   1   1   1   0   1   1154    65    66  1155
    1024   1   1   1   0   1    102   163   164   101
    1025   1   1   1   0   1    163   195   196   164
    1026   1   1   1   0   1    195   227   228   196
    1027   1   1   1   0   1    227   259   260   228
    1028   1   1   1   0   1    259   291   292   260
    1029   1   1   1   0   1    291   323   324   292
    1030   1   1   1   0   1    323   355   356   324
    1031   1   1   1   0   1    355   387   388   356
    1032   1   1   1   0   1    387   419   420   388
    1033   1   1   1   0   1    419   451   452   420
    1034   1   1   1   0   1    451   483   484   452
    1035   1   1   1   0   1    483   515   516   484
    1036   1   1   1   0   1    515   547   548   516
    1037   1   1   1   0   1    547   579   580   548
    1038   1   1   1   0   1    579   611   612   580
    1039   1   1   1   0   1    611   643   644   612
    1040   1   1   1   0   1    643   675   676   644
 
    ELEM MAT TYP REL ESY SEC        NODES
 
    1041   1   1   1   0   1    675   707   708   676
    1042   1   1   1   0   1    707   739   740   708
    1043   1   1   1   0   1    739   771   772   740
    1044   1   1   1   0   1    771   803   804   772
    1045   1   1   1   0   1    803   835   836   804
    1046   1   1   1   0   1    835   867   868   836
    1047   1   1   1   0   1    867   899   900   868
    1048   1   1   1   0   1    899   931   932   900
    1049   1   1   1   0   1    931   963   964   932
    1050   1   1   1   0   1    963   995   996   964
    1051   1   1   1   0   1    995  1027  1028   996
    1052   1   1   1   0   1   1027  1059  1060  1028
    1053   1   1   1   0   1   1059  1091  1092  1060
    1054   1   1   1   0   1   1091  1123  1124  1092
    1055   1   1   1   0   1   1123  1155  1156  1124
    1056   1   1   1   0   1   1155    66    67  1156
    1057   1   1   1   0   1    101   164   100    68
    1058   1   1   1   0   1    164   196    99   100
    1059   1   1   1   0   1    196   228    98    99
    1060   1   1   1   0   1    228   260    97    98
 
    ELEM MAT TYP REL ESY SEC        NODES
 
    1061   1   1   1   0   1    260   292    96    97
    1062   1   1   1   0   1    292   324    95    96
    1063   1   1   1   0   1    324   356    94    95
    1064   1   1   1   0   1    356   388    93    94
    1065   1   1   1   0   1    388   420    92    93
    1066   1   1   1   0   1    420   452    91    92
    1067   1   1   1   0   1    452   484    90    91
    1068   1   1   1   0   1    484   516    89    90
    1069   1   1   1   0   1    516   548    88    89
    1070   1   1   1   0   1    548   580    87    88
    1071   1   1   1   0   1    580   612    86    87
    1072   1   1   1   0   1    612   644    85    86
    1073   1   1   1   0   1    644   676    84    85
    1074   1   1   1   0   1    676   708    83    84
    1075   1   1   1   0   1    708   740    82    83
    1076   1   1   1   0   1    740   772    81    82
    1077   1   1   1   0   1    772   804    80    81
    1078   1   1   1   0   1    804   836    79    80
    1079   1   1   1   0   1    836   868    78    79
    1080   1   1   1   0   1    868   900    77    78
 
    ELEM MAT TYP REL ESY SEC        NODES
 
    1081   1   1   1   0   1    900   932    76    77
    1082   1   1   1   0   1    932   964    75    76
    1083   1   1   1   0   1    964   996    74    75
    1084   1   1   1   0   1    996  1028    73    74
    1085   1   1   1   0   1   1028  1060    72    73
    1086   1   1   1   0   1   1060  1092    71    72
    1087   1   1   1   0   1   1092  1124    70    71
    1088   1   1   1   0   1   1124  1156    69    70
    1089   1   1   1   0   1   1156    67    35    69

