
 LIST ALL SELECTED ELEMENTS.  (LIST NODES)
 
    ELEM MAT TYP REL ESY SEC        NODES
 
       1   1   1   1   0   1      1     4   298   263     3   297   265   264
       2   1   1   1   0   1      4     6   395   298     5   394   362   297
       3   1   1   1   0   1      6     8   492   395     7   491   459   394
       4   1   1   1   0   1      8    10   589   492     9   588   556   491
       5   1   1   1   0   1     10    12   686   589    11   685   653   588
       6   1   1   1   0   1     12    14   783   686    13   782   750   685
       7   1   1   1   0   1     14    16   880   783    15   879   847   782
       8   1   1   1   0   1     16    18   977   880    17   976   944   879
       9   1   1   1   0   1     18    20  1074   977    19  1073  1041   976
      10   1   1   1   0   1     20    22  1171  1074    21  1170  1138  1073
      11   1   1   1   0   1     22    24  1268  1171    23  1267  1235  1170
      12   1   1   1   0   1     24    26  1365  1268    25  1364  1332  1267
      13   1   1   1   0   1     26    28  1462  1365    27  1461  1429  1364
      14   1   1   1   0   1     28    30  1559  1462    29  1558  1526  1461
      15   1   1   1   0   1     30    32  1656  1559    31  1655  1623  1558
      16   1   1   1   0   1     32    34  1753  1656    33  1752  1720  1655
      17   1   1   1   0   1     34    36  1850  1753    35  1849  1817  1752
      18   1   1   1   0   1     36    38  1947  1850    37  1946  1914  1849
      19   1   1   1   0   1     38    40  2044  1947    39  2043  2011  1946
      20   1   1   1   0   1     40    42  2141  2044    41  2140  2108  2043
 
    ELEM MAT TYP REL ESY SEC        NODES
 
      21   1   1   1   0   1     42    44  2238  2141    43  2237  2205  2140
      22   1   1   1   0   1     44    46  2335  2238    45  2334  2302  2237
      23   1   1   1   0   1     46    48  2432  2335    47  2431  2399  2334
      24   1   1   1   0   1     48    50  2529  2432    49  2528  2496  2431
      25   1   1   1   0   1     50    52  2626  2529    51  2625  2593  2528
      26   1   1   1   0   1     52    54  2723  2626    53  2722  2690  2625
      27   1   1   1   0   1     54    56  2820  2723    55  2819  2787  2722
      28   1   1   1   0   1     56    58  2917  2820    57  2916  2884  2819
      29   1   1   1   0   1     58    60  3014  2917    59  3013  2981  2916
      30   1   1   1   0   1     60    62  3111  3014    61  3110  3078  3013
      31   1   1   1   0   1     62    64  3208  3111    63  3207  3175  3110
      32   1   1   1   0   1     64    66  3305  3208    65  3304  3272  3207
      33   1   1   1   0   1     66     2    70  3305    67    69  3369  3304
      34   1   1   1   0   1    263   298   300   261   265   299   266   262
      35   1   1   1   0   1    298   395   397   300   362   396   363   299
      36   1   1   1   0   1    395   492   494   397   459   493   460   396
      37   1   1   1   0   1    492   589   591   494   556   590   557   493
      38   1   1   1   0   1    589   686   688   591   653   687   654   590
      39   1   1   1   0   1    686   783   785   688   750   784   751   687
      40   1   1   1   0   1    783   880   882   785   847   881   848   784
 
    ELEM MAT TYP REL ESY SEC        NODES
 
      41   1   1   1   0   1    880   977   979   882   944   978   945   881
      42   1   1   1   0   1    977  1074  1076   979  1041  1075  1042   978
      43   1   1   1   0   1   1074  1171  1173  1076  1138  1172  1139  1075
      44   1   1   1   0   1   1171  1268  1270  1173  1235  1269  1236  1172
      45   1   1   1   0   1   1268  1365  1367  1270  1332  1366  1333  1269
      46   1   1   1   0   1   1365  1462  1464  1367  1429  1463  1430  1366
      47   1   1   1   0   1   1462  1559  1561  1464  1526  1560  1527  1463
      48   1   1   1   0   1   1559  1656  1658  1561  1623  1657  1624  1560
      49   1   1   1   0   1   1656  1753  1755  1658  1720  1754  1721  1657
      50   1   1   1   0   1   1753  1850  1852  1755  1817  1851  1818  1754
      51   1   1   1   0   1   1850  1947  1949  1852  1914  1948  1915  1851
      52   1   1   1   0   1   1947  2044  2046  1949  2011  2045  2012  1948
      53   1   1   1   0   1   2044  2141  2143  2046  2108  2142  2109  2045
      54   1   1   1   0   1   2141  2238  2240  2143  2205  2239  2206  2142
      55   1   1   1   0   1   2238  2335  2337  2240  2302  2336  2303  2239
      56   1   1   1   0   1   2335  2432  2434  2337  2399  2433  2400  2336
      57   1   1   1   0   1   2432  2529  2531  2434  2496  2530  2497  2433
      58   1   1   1   0   1   2529  2626  2628  2531  2593  2627  2594  2530
      59   1   1   1   0   1   2626  2723  2725  2628  2690  2724  2691  2627
      60   1   1   1   0   1   2723  2820  2822  2725  2787  2821  2788  2724
 
    ELEM MAT TYP REL ESY SEC        NODES
 
      61   1   1   1   0   1   2820  2917  2919  2822  2884  2918  2885  2821
      62   1   1   1   0   1   2917  3014  3016  2919  2981  3015  2982  2918
      63   1   1   1   0   1   3014  3111  3113  3016  3078  3112  3079  3015
      64   1   1   1   0   1   3111  3208  3210  3113  3175  3209  3176  3112
      65   1   1   1   0   1   3208  3305  3307  3210  3272  3306  3273  3209
      66   1   1   1   0   1   3305    70    72  3307  3369    71  3370  3306
      67   1   1   1   0   1    261   300   302   259   266   301   267   260
      68   1   1   1   0   1    300   397   399   302   363   398   364   301
      69   1   1   1   0   1    397   494   496   399   460   495   461   398
      70   1   1   1   0   1    494   591   593   496   557   592   558   495
      71   1   1   1   0   1    591   688   690   593   654   689   655   592
      72   1   1   1   0   1    688   785   787   690   751   786   752   689
      73   1   1   1   0   1    785   882   884   787   848   883   849   786
      74   1   1   1   0   1    882   979   981   884   945   980   946   883
      75   1   1   1   0   1    979  1076  1078   981  1042  1077  1043   980
      76   1   1   1   0   1   1076  1173  1175  1078  1139  1174  1140  1077
      77   1   1   1   0   1   1173  1270  1272  1175  1236  1271  1237  1174
      78   1   1   1   0   1   1270  1367  1369  1272  1333  1368  1334  1271
      79   1   1   1   0   1   1367  1464  1466  1369  1430  1465  1431  1368
      80   1   1   1   0   1   1464  1561  1563  1466  1527  1562  1528  1465
 
    ELEM MAT TYP REL ESY SEC        NODES
 
      81   1   1   1   0   1   1561  1658  1660  1563  1624  1659  1625  1562
      82   1   1   1   0   1   1658  1755  1757  1660  1721  1756  1722  1659
      83   1   1   1   0   1   1755  1852  1854  1757  1818  1853  1819  1756
      84   1   1   1   0   1   1852  1949  1951  1854  1915  1950  1916  1853
      85   1   1   1   0   1   1949  2046  2048  1951  2012  2047  2013  1950
      86   1   1   1   0   1   2046  2143  2145  2048  2109  2144  2110  2047
      87   1   1   1   0   1   2143  2240  2242  2145  2206  2241  2207  2144
      88   1   1   1   0   1   2240  2337  2339  2242  2303  2338  2304  2241
      89   1   1   1   0   1   2337  2434  2436  2339  2400  2435  2401  2338
      90   1   1   1   0   1   2434  2531  2533  2436  2497  2532  2498  2435
      91   1   1   1   0   1   2531  2628  2630  2533  2594  2629  2595  2532
      92   1   1   1   0   1   2628  2725  2727  2630  2691  2726  2692  2629
      93   1   1   1   0   1   2725  2822  2824  2727  2788  2823  2789  2726
      94   1   1   1   0   1   2822  2919  2921  2824  2885  2920  2886  2823
      95   1   1   1   0   1   2919  3016  3018  2921  2982  3017  2983  2920
      96   1   1   1   0   1   3016  3113  3115  3018  3079  3114  3080  3017
      97   1   1   1   0   1   3113  3210  3212  3115  3176  3211  3177  3114
      98   1   1   1   0   1   3210  3307  3309  3212  3273  3308  3274  3211
      99   1   1   1   0   1   3307    72    74  3309  3370    73  3371  3308
     100   1   1   1   0   1    259   302   304   257   267   303   268   258
 
    ELEM MAT TYP REL ESY SEC        NODES
 
     101   1   1   1   0   1    302   399   401   304   364   400   365   303
     102   1   1   1   0   1    399   496   498   401   461   497   462   400
     103   1   1   1   0   1    496   593   595   498   558   594   559   497
     104   1   1   1   0   1    593   690   692   595   655   691   656   594
     105   1   1   1   0   1    690   787   789   692   752   788   753   691
     106   1   1   1   0   1    787   884   886   789   849   885   850   788
     107   1   1   1   0   1    884   981   983   886   946   982   947   885
     108   1   1   1   0   1    981  1078  1080   983  1043  1079  1044   982
     109   1   1   1   0   1   1078  1175  1177  1080  1140  1176  1141  1079
     110   1   1   1   0   1   1175  1272  1274  1177  1237  1273  1238  1176
     111   1   1   1   0   1   1272  1369  1371  1274  1334  1370  1335  1273
     112   1   1   1   0   1   1369  1466  1468  1371  1431  1467  1432  1370
     113   1   1   1   0   1   1466  1563  1565  1468  1528  1564  1529  1467
     114   1   1   1   0   1   1563  1660  1662  1565  1625  1661  1626  1564
     115   1   1   1   0   1   1660  1757  1759  1662  1722  1758  1723  1661
     116   1   1   1   0   1   1757  1854  1856  1759  1819  1855  1820  1758
     117   1   1   1   0   1   1854  1951  1953  1856  1916  1952  1917  1855
     118   1   1   1   0   1   1951  2048  2050  1953  2013  2049  2014  1952
     119   1   1   1   0   1   2048  2145  2147  2050  2110  2146  2111  2049
     120   1   1   1   0   1   2145  2242  2244  2147  2207  2243  2208  2146
 
    ELEM MAT TYP REL ESY SEC        NODES
 
     121   1   1   1   0   1   2242  2339  2341  2244  2304  2340  2305  2243
     122   1   1   1   0   1   2339  2436  2438  2341  2401  2437  2402  2340
     123   1   1   1   0   1   2436  2533  2535  2438  2498  2534  2499  2437
     124   1   1   1   0   1   2533  2630  2632  2535  2595  2631  2596  2534
     125   1   1   1   0   1   2630  2727  2729  2632  2692  2728  2693  2631
     126   1   1   1   0   1   2727  2824  2826  2729  2789  2825  2790  2728
     127   1   1   1   0   1   2824  2921  2923  2826  2886  2922  2887  2825
     128   1   1   1   0   1   2921  3018  3020  2923  2983  3019  2984  2922
     129   1   1   1   0   1   3018  3115  3117  3020  3080  3116  3081  3019
     130   1   1   1   0   1   3115  3212  3214  3117  3177  3213  3178  3116
     131   1   1   1   0   1   3212  3309  3311  3214  3274  3310  3275  3213
     132   1   1   1   0   1   3309    74    76  3311  3371    75  3372  3310
     133   1   1   1   0   1    257   304   306   255   268   305   269   256
     134   1   1   1   0   1    304   401   403   306   365   402   366   305
     135   1   1   1   0   1    401   498   500   403   462   499   463   402
     136   1   1   1   0   1    498   595   597   500   559   596   560   499
     137   1   1   1   0   1    595   692   694   597   656   693   657   596
     138   1   1   1   0   1    692   789   791   694   753   790   754   693
     139   1   1   1   0   1    789   886   888   791   850   887   851   790
     140   1   1   1   0   1    886   983   985   888   947   984   948   887
 
    ELEM MAT TYP REL ESY SEC        NODES
 
     141   1   1   1   0   1    983  1080  1082   985  1044  1081  1045   984
     142   1   1   1   0   1   1080  1177  1179  1082  1141  1178  1142  1081
     143   1   1   1   0   1   1177  1274  1276  1179  1238  1275  1239  1178
     144   1   1   1   0   1   1274  1371  1373  1276  1335  1372  1336  1275
     145   1   1   1   0   1   1371  1468  1470  1373  1432  1469  1433  1372
     146   1   1   1   0   1   1468  1565  1567  1470  1529  1566  1530  1469
     147   1   1   1   0   1   1565  1662  1664  1567  1626  1663  1627  1566
     148   1   1   1   0   1   1662  1759  1761  1664  1723  1760  1724  1663
     149   1   1   1   0   1   1759  1856  1858  1761  1820  1857  1821  1760
     150   1   1   1   0   1   1856  1953  1955  1858  1917  1954  1918  1857
     151   1   1   1   0   1   1953  2050  2052  1955  2014  2051  2015  1954
     152   1   1   1   0   1   2050  2147  2149  2052  2111  2148  2112  2051
     153   1   1   1   0   1   2147  2244  2246  2149  2208  2245  2209  2148
     154   1   1   1   0   1   2244  2341  2343  2246  2305  2342  2306  2245
     155   1   1   1   0   1   2341  2438  2440  2343  2402  2439  2403  2342
     156   1   1   1   0   1   2438  2535  2537  2440  2499  2536  2500  2439
     157   1   1   1   0   1   2535  2632  2634  2537  2596  2633  2597  2536
     158   1   1   1   0   1   2632  2729  2731  2634  2693  2730  2694  2633
     159   1   1   1   0   1   2729  2826  2828  2731  2790  2827  2791  2730
     160   1   1   1   0   1   2826  2923  2925  2828  2887  2924  2888  2827
 
    ELEM MAT TYP REL ESY SEC        NODES
 
     161   1   1   1   0   1   2923  3020  3022  2925  2984  3021  2985  2924
     162   1   1   1   0   1   3020  3117  3119  3022  3081  3118  3082  3021
     163   1   1   1   0   1   3117  3214  3216  3119  3178  3215  3179  3118
     164   1   1   1   0   1   3214  3311  3313  3216  3275  3312  3276  3215
     165   1   1   1   0   1   3311    76    78  3313  3372    77  3373  3312
     166   1   1   1   0   1    255   306   308   253   269   307   270   254
     167   1   1   1   0   1    306   403   405   308   366   404   367   307
     168   1   1   1   0   1    403   500   502   405   463   501   464   404
     169   1   1   1   0   1    500   597   599   502   560   598   561   501
     170   1   1   1   0   1    597   694   696   599   657   695   658   598
     171   1   1   1   0   1    694   791   793   696   754   792   755   695
     172   1   1   1   0   1    791   888   890   793   851   889   852   792
     173   1   1   1   0   1    888   985   987   890   948   986   949   889
     174   1   1   1   0   1    985  1082  1084   987  1045  1083  1046   986
     175   1   1   1   0   1   1082  1179  1181  1084  1142  1180  1143  1083
     176   1   1   1   0   1   1179  1276  1278  1181  1239  1277  1240  1180
     177   1   1   1   0   1   1276  1373  1375  1278  1336  1374  1337  1277
     178   1   1   1   0   1   1373  1470  1472  1375  1433  1471  1434  1374
     179   1   1   1   0   1   1470  1567  1569  1472  1530  1568  1531  1471
     180   1   1   1   0   1   1567  1664  1666  1569  1627  1665  1628  1568
 
    ELEM MAT TYP REL ESY SEC        NODES
 
     181   1   1   1   0   1   1664  1761  1763  1666  1724  1762  1725  1665
     182   1   1   1   0   1   1761  1858  1860  1763  1821  1859  1822  1762
     183   1   1   1   0   1   1858  1955  1957  1860  1918  1956  1919  1859
     184   1   1   1   0   1   1955  2052  2054  1957  2015  2053  2016  1956
     185   1   1   1   0   1   2052  2149  2151  2054  2112  2150  2113  2053
     186   1   1   1   0   1   2149  2246  2248  2151  2209  2247  2210  2150
     187   1   1   1   0   1   2246  2343  2345  2248  2306  2344  2307  2247
     188   1   1   1   0   1   2343  2440  2442  2345  2403  2441  2404  2344
     189   1   1   1   0   1   2440  2537  2539  2442  2500  2538  2501  2441
     190   1   1   1   0   1   2537  2634  2636  2539  2597  2635  2598  2538
     191   1   1   1   0   1   2634  2731  2733  2636  2694  2732  2695  2635
     192   1   1   1   0   1   2731  2828  2830  2733  2791  2829  2792  2732
     193   1   1   1   0   1   2828  2925  2927  2830  2888  2926  2889  2829
     194   1   1   1   0   1   2925  3022  3024  2927  2985  3023  2986  2926
     195   1   1   1   0   1   3022  3119  3121  3024  3082  3120  3083  3023
     196   1   1   1   0   1   3119  3216  3218  3121  3179  3217  3180  3120
     197   1   1   1   0   1   3216  3313  3315  3218  3276  3314  3277  3217
     198   1   1   1   0   1   3313    78    80  3315  3373    79  3374  3314
     199   1   1   1   0   1    253   308   310   251   270   309   271   252
     200   1   1   1   0   1    308   405   407   310   367   406   368   309
 
    ELEM MAT TYP REL ESY SEC        NODES
 
     201   1   1   1   0   1    405   502   504   407   464   503   465   406
     202   1   1   1   0   1    502   599   601   504   561   600   562   503
     203   1   1   1   0   1    599   696   698   601   658   697   659   600
     204   1   1   1   0   1    696   793   795   698   755   794   756   697
     205   1   1   1   0   1    793   890   892   795   852   891   853   794
     206   1   1   1   0   1    890   987   989   892   949   988   950   891
     207   1   1   1   0   1    987  1084  1086   989  1046  1085  1047   988
     208   1   1   1   0   1   1084  1181  1183  1086  1143  1182  1144  1085
     209   1   1   1   0   1   1181  1278  1280  1183  1240  1279  1241  1182
     210   1   1   1   0   1   1278  1375  1377  1280  1337  1376  1338  1279
     211   1   1   1   0   1   1375  1472  1474  1377  1434  1473  1435  1376
     212   1   1   1   0   1   1472  1569  1571  1474  1531  1570  1532  1473
     213   1   1   1   0   1   1569  1666  1668  1571  1628  1667  1629  1570
     214   1   1   1   0   1   1666  1763  1765  1668  1725  1764  1726  1667
     215   1   1   1   0   1   1763  1860  1862  1765  1822  1861  1823  1764
     216   1   1   1   0   1   1860  1957  1959  1862  1919  1958  1920  1861
     217   1   1   1   0   1   1957  2054  2056  1959  2016  2055  2017  1958
     218   1   1   1   0   1   2054  2151  2153  2056  2113  2152  2114  2055
     219   1   1   1   0   1   2151  2248  2250  2153  2210  2249  2211  2152
     220   1   1   1   0   1   2248  2345  2347  2250  2307  2346  2308  2249
 
    ELEM MAT TYP REL ESY SEC        NODES
 
     221   1   1   1   0   1   2345  2442  2444  2347  2404  2443  2405  2346
     222   1   1   1   0   1   2442  2539  2541  2444  2501  2540  2502  2443
     223   1   1   1   0   1   2539  2636  2638  2541  2598  2637  2599  2540
     224   1   1   1   0   1   2636  2733  2735  2638  2695  2734  2696  2637
     225   1   1   1   0   1   2733  2830  2832  2735  2792  2831  2793  2734
     226   1   1   1   0   1   2830  2927  2929  2832  2889  2928  2890  2831
     227   1   1   1   0   1   2927  3024  3026  2929  2986  3025  2987  2928
     228   1   1   1   0   1   3024  3121  3123  3026  3083  3122  3084  3025
     229   1   1   1   0   1   3121  3218  3220  3123  3180  3219  3181  3122
     230   1   1   1   0   1   3218  3315  3317  3220  3277  3316  3278  3219
     231   1   1   1   0   1   3315    80    82  3317  3374    81  3375  3316
     232   1   1   1   0   1    251   310   312   249   271   311   272   250
     233   1   1   1   0   1    310   407   409   312   368   408   369   311
     234   1   1   1   0   1    407   504   506   409   465   505   466   408
     235   1   1   1   0   1    504   601   603   506   562   602   563   505
     236   1   1   1   0   1    601   698   700   603   659   699   660   602
     237   1   1   1   0   1    698   795   797   700   756   796   757   699
     238   1   1   1   0   1    795   892   894   797   853   893   854   796
     239   1   1   1   0   1    892   989   991   894   950   990   951   893
     240   1   1   1   0   1    989  1086  1088   991  1047  1087  1048   990
 
    ELEM MAT TYP REL ESY SEC        NODES
 
     241   1   1   1   0   1   1086  1183  1185  1088  1144  1184  1145  1087
     242   1   1   1   0   1   1183  1280  1282  1185  1241  1281  1242  1184
     243   1   1   1   0   1   1280  1377  1379  1282  1338  1378  1339  1281
     244   1   1   1   0   1   1377  1474  1476  1379  1435  1475  1436  1378
     245   1   1   1   0   1   1474  1571  1573  1476  1532  1572  1533  1475
     246   1   1   1   0   1   1571  1668  1670  1573  1629  1669  1630  1572
     247   1   1   1   0   1   1668  1765  1767  1670  1726  1766  1727  1669
     248   1   1   1   0   1   1765  1862  1864  1767  1823  1863  1824  1766
     249   1   1   1   0   1   1862  1959  1961  1864  1920  1960  1921  1863
     250   1   1   1   0   1   1959  2056  2058  1961  2017  2057  2018  1960
     251   1   1   1   0   1   2056  2153  2155  2058  2114  2154  2115  2057
     252   1   1   1   0   1   2153  2250  2252  2155  2211  2251  2212  2154
     253   1   1   1   0   1   2250  2347  2349  2252  2308  2348  2309  2251
     254   1   1   1   0   1   2347  2444  2446  2349  2405  2445  2406  2348
     255   1   1   1   0   1   2444  2541  2543  2446  2502  2542  2503  2445
     256   1   1   1   0   1   2541  2638  2640  2543  2599  2639  2600  2542
     257   1   1   1   0   1   2638  2735  2737  2640  2696  2736  2697  2639
     258   1   1   1   0   1   2735  2832  2834  2737  2793  2833  2794  2736
     259   1   1   1   0   1   2832  2929  2931  2834  2890  2930  2891  2833
     260   1   1   1   0   1   2929  3026  3028  2931  2987  3027  2988  2930
 
    ELEM MAT TYP REL ESY SEC        NODES
 
     261   1   1   1   0   1   3026  3123  3125  3028  3084  3124  3085  3027
     262   1   1   1   0   1   3123  3220  3222  3125  3181  3221  3182  3124
     263   1   1   1   0   1   3220  3317  3319  3222  3278  3318  3279  3221
     264   1   1   1   0   1   3317    82    84  3319  3375    83  3376  3318
     265   1   1   1   0   1    249   312   314   247   272   313   273   248
     266   1   1   1   0   1    312   409   411   314   369   410   370   313
     267   1   1   1   0   1    409   506   508   411   466   507   467   410
     268   1   1   1   0   1    506   603   605   508   563   604   564   507
     269   1   1   1   0   1    603   700   702   605   660   701   661   604
     270   1   1   1   0   1    700   797   799   702   757   798   758   701
     271   1   1   1   0   1    797   894   896   799   854   895   855   798
     272   1   1   1   0   1    894   991   993   896   951   992   952   895
     273   1   1   1   0   1    991  1088  1090   993  1048  1089  1049   992
     274   1   1   1   0   1   1088  1185  1187  1090  1145  1186  1146  1089
     275   1   1   1   0   1   1185  1282  1284  1187  1242  1283  1243  1186
     276   1   1   1   0   1   1282  1379  1381  1284  1339  1380  1340  1283
     277   1   1   1   0   1   1379  1476  1478  1381  1436  1477  1437  1380
     278   1   1   1   0   1   1476  1573  1575  1478  1533  1574  1534  1477
     279   1   1   1   0   1   1573  1670  1672  1575  1630  1671  1631  1574
     280   1   1   1   0   1   1670  1767  1769  1672  1727  1768  1728  1671
 
    ELEM MAT TYP REL ESY SEC        NODES
 
     281   1   1   1   0   1   1767  1864  1866  1769  1824  1865  1825  1768
     282   1   1   1   0   1   1864  1961  1963  1866  1921  1962  1922  1865
     283   1   1   1   0   1   1961  2058  2060  1963  2018  2059  2019  1962
     284   1   1   1   0   1   2058  2155  2157  2060  2115  2156  2116  2059
     285   1   1   1   0   1   2155  2252  2254  2157  2212  2253  2213  2156
     286   1   1   1   0   1   2252  2349  2351  2254  2309  2350  2310  2253
     287   1   1   1   0   1   2349  2446  2448  2351  2406  2447  2407  2350
     288   1   1   1   0   1   2446  2543  2545  2448  2503  2544  2504  2447
     289   1   1   1   0   1   2543  2640  2642  2545  2600  2641  2601  2544
     290   1   1   1   0   1   2640  2737  2739  2642  2697  2738  2698  2641
     291   1   1   1   0   1   2737  2834  2836  2739  2794  2835  2795  2738
     292   1   1   1   0   1   2834  2931  2933  2836  2891  2932  2892  2835
     293   1   1   1   0   1   2931  3028  3030  2933  2988  3029  2989  2932
     294   1   1   1   0   1   3028  3125  3127  3030  3085  3126  3086  3029
     295   1   1   1   0   1   3125  3222  3224  3127  3182  3223  3183  3126
     296   1   1   1   0   1   3222  3319  3321  3224  3279  3320  3280  3223
     297   1   1   1   0   1   3319    84    86  3321  3376    85  3377  3320
     298   1   1   1   0   1    247   314   316   245   273   315   274   246
     299   1   1   1   0   1    314   411   413   316   370   412   371   315
     300   1   1   1   0   1    411   508   510   413   467   509   468   412
 
    ELEM MAT TYP REL ESY SEC        NODES
 
     301   1   1   1   0   1    508   605   607   510   564   606   565   509
     302   1   1   1   0   1    605   702   704   607   661   703   662   606
     303   1   1   1   0   1    702   799   801   704   758   800   759   703
     304   1   1   1   0   1    799   896   898   801   855   897   856   800
     305   1   1   1   0   1    896   993   995   898   952   994   953   897
     306   1   1   1   0   1    993  1090  1092   995  1049  1091  1050   994
     307   1   1   1   0   1   1090  1187  1189  1092  1146  1188  1147  1091
     308   1   1   1   0   1   1187  1284  1286  1189  1243  1285  1244  1188
     309   1   1   1   0   1   1284  1381  1383  1286  1340  1382  1341  1285
     310   1   1   1   0   1   1381  1478  1480  1383  1437  1479  1438  1382
     311   1   1   1   0   1   1478  1575  1577  1480  1534  1576  1535  1479
     312   1   1   1   0   1   1575  1672  1674  1577  1631  1673  1632  1576
     313   1   1   1   0   1   1672  1769  1771  1674  1728  1770  1729  1673
     314   1   1   1   0   1   1769  1866  1868  1771  1825  1867  1826  1770
     315   1   1   1   0   1   1866  1963  1965  1868  1922  1964  1923  1867
     316   1   1   1   0   1   1963  2060  2062  1965  2019  2061  2020  1964
     317   1   1   1   0   1   2060  2157  2159  2062  2116  2158  2117  2061
     318   1   1   1   0   1   2157  2254  2256  2159  2213  2255  2214  2158
     319   1   1   1   0   1   2254  2351  2353  2256  2310  2352  2311  2255
     320   1   1   1   0   1   2351  2448  2450  2353  2407  2449  2408  2352
 
    ELEM MAT TYP REL ESY SEC        NODES
 
     321   1   1   1   0   1   2448  2545  2547  2450  2504  2546  2505  2449
     322   1   1   1   0   1   2545  2642  2644  2547  2601  2643  2602  2546
     323   1   1   1   0   1   2642  2739  2741  2644  2698  2740  2699  2643
     324   1   1   1   0   1   2739  2836  2838  2741  2795  2837  2796  2740
     325   1   1   1   0   1   2836  2933  2935  2838  2892  2934  2893  2837
     326   1   1   1   0   1   2933  3030  3032  2935  2989  3031  2990  2934
     327   1   1   1   0   1   3030  3127  3129  3032  3086  3128  3087  3031
     328   1   1   1   0   1   3127  3224  3226  3129  3183  3225  3184  3128
     329   1   1   1   0   1   3224  3321  3323  3226  3280  3322  3281  3225
     330   1   1   1   0   1   3321    86    88  3323  3377    87  3378  3322
     331   1   1   1   0   1    245   316   318   243   274   317   275   244
     332   1   1   1   0   1    316   413   415   318   371   414   372   317
     333   1   1   1   0   1    413   510   512   415   468   511   469   414
     334   1   1   1   0   1    510   607   609   512   565   608   566   511
     335   1   1   1   0   1    607   704   706   609   662   705   663   608
     336   1   1   1   0   1    704   801   803   706   759   802   760   705
     337   1   1   1   0   1    801   898   900   803   856   899   857   802
     338   1   1   1   0   1    898   995   997   900   953   996   954   899
     339   1   1   1   0   1    995  1092  1094   997  1050  1093  1051   996
     340   1   1   1   0   1   1092  1189  1191  1094  1147  1190  1148  1093
 
    ELEM MAT TYP REL ESY SEC        NODES
 
     341   1   1   1   0   1   1189  1286  1288  1191  1244  1287  1245  1190
     342   1   1   1   0   1   1286  1383  1385  1288  1341  1384  1342  1287
     343   1   1   1   0   1   1383  1480  1482  1385  1438  1481  1439  1384
     344   1   1   1   0   1   1480  1577  1579  1482  1535  1578  1536  1481
     345   1   1   1   0   1   1577  1674  1676  1579  1632  1675  1633  1578
     346   1   1   1   0   1   1674  1771  1773  1676  1729  1772  1730  1675
     347   1   1   1   0   1   1771  1868  1870  1773  1826  1869  1827  1772
     348   1   1   1   0   1   1868  1965  1967  1870  1923  1966  1924  1869
     349   1   1   1   0   1   1965  2062  2064  1967  2020  2063  2021  1966
     350   1   1   1   0   1   2062  2159  2161  2064  2117  2160  2118  2063
     351   1   1   1   0   1   2159  2256  2258  2161  2214  2257  2215  2160
     352   1   1   1   0   1   2256  2353  2355  2258  2311  2354  2312  2257
     353   1   1   1   0   1   2353  2450  2452  2355  2408  2451  2409  2354
     354   1   1   1   0   1   2450  2547  2549  2452  2505  2548  2506  2451
     355   1   1   1   0   1   2547  2644  2646  2549  2602  2645  2603  2548
     356   1   1   1   0   1   2644  2741  2743  2646  2699  2742  2700  2645
     357   1   1   1   0   1   2741  2838  2840  2743  2796  2839  2797  2742
     358   1   1   1   0   1   2838  2935  2937  2840  2893  2936  2894  2839
     359   1   1   1   0   1   2935  3032  3034  2937  2990  3033  2991  2936
     360   1   1   1   0   1   3032  3129  3131  3034  3087  3130  3088  3033
 
    ELEM MAT TYP REL ESY SEC        NODES
 
     361   1   1   1   0   1   3129  3226  3228  3131  3184  3227  3185  3130
     362   1   1   1   0   1   3226  3323  3325  3228  3281  3324  3282  3227
     363   1   1   1   0   1   3323    88    90  3325  3378    89  3379  3324
     364   1   1   1   0   1    243   318   320   241   275   319   276   242
     365   1   1   1   0   1    318   415   417   320   372   416   373   319
     366   1   1   1   0   1    415   512   514   417   469   513   470   416
     367   1   1   1   0   1    512   609   611   514   566   610   567   513
     368   1   1   1   0   1    609   706   708   611   663   707   664   610
     369   1   1   1   0   1    706   803   805   708   760   804   761   707
     370   1   1   1   0   1    803   900   902   805   857   901   858   804
     371   1   1   1   0   1    900   997   999   902   954   998   955   901
     372   1   1   1   0   1    997  1094  1096   999  1051  1095  1052   998
     373   1   1   1   0   1   1094  1191  1193  1096  1148  1192  1149  1095
     374   1   1   1   0   1   1191  1288  1290  1193  1245  1289  1246  1192
     375   1   1   1   0   1   1288  1385  1387  1290  1342  1386  1343  1289
     376   1   1   1   0   1   1385  1482  1484  1387  1439  1483  1440  1386
     377   1   1   1   0   1   1482  1579  1581  1484  1536  1580  1537  1483
     378   1   1   1   0   1   1579  1676  1678  1581  1633  1677  1634  1580
     379   1   1   1   0   1   1676  1773  1775  1678  1730  1774  1731  1677
     380   1   1   1   0   1   1773  1870  1872  1775  1827  1871  1828  1774
 
    ELEM MAT TYP REL ESY SEC        NODES
 
     381   1   1   1   0   1   1870  1967  1969  1872  1924  1968  1925  1871
     382   1   1   1   0   1   1967  2064  2066  1969  2021  2065  2022  1968
     383   1   1   1   0   1   2064  2161  2163  2066  2118  2162  2119  2065
     384   1   1   1   0   1   2161  2258  2260  2163  2215  2259  2216  2162
     385   1   1   1   0   1   2258  2355  2357  2260  2312  2356  2313  2259
     386   1   1   1   0   1   2355  2452  2454  2357  2409  2453  2410  2356
     387   1   1   1   0   1   2452  2549  2551  2454  2506  2550  2507  2453
     388   1   1   1   0   1   2549  2646  2648  2551  2603  2647  2604  2550
     389   1   1   1   0   1   2646  2743  2745  2648  2700  2744  2701  2647
     390   1   1   1   0   1   2743  2840  2842  2745  2797  2841  2798  2744
     391   1   1   1   0   1   2840  2937  2939  2842  2894  2938  2895  2841
     392   1   1   1   0   1   2937  3034  3036  2939  2991  3035  2992  2938
     393   1   1   1   0   1   3034  3131  3133  3036  3088  3132  3089  3035
     394   1   1   1   0   1   3131  3228  3230  3133  3185  3229  3186  3132
     395   1   1   1   0   1   3228  3325  3327  3230  3282  3326  3283  3229
     396   1   1   1   0   1   3325    90    92  3327  3379    91  3380  3326
     397   1   1   1   0   1    241   320   322   239   276   321   277   240
     398   1   1   1   0   1    320   417   419   322   373   418   374   321
     399   1   1   1   0   1    417   514   516   419   470   515   471   418
     400   1   1   1   0   1    514   611   613   516   567   612   568   515
 
    ELEM MAT TYP REL ESY SEC        NODES
 
     401   1   1   1   0   1    611   708   710   613   664   709   665   612
     402   1   1   1   0   1    708   805   807   710   761   806   762   709
     403   1   1   1   0   1    805   902   904   807   858   903   859   806
     404   1   1   1   0   1    902   999  1001   904   955  1000   956   903
     405   1   1   1   0   1    999  1096  1098  1001  1052  1097  1053  1000
     406   1   1   1   0   1   1096  1193  1195  1098  1149  1194  1150  1097
     407   1   1   1   0   1   1193  1290  1292  1195  1246  1291  1247  1194
     408   1   1   1   0   1   1290  1387  1389  1292  1343  1388  1344  1291
     409   1   1   1   0   1   1387  1484  1486  1389  1440  1485  1441  1388
     410   1   1   1   0   1   1484  1581  1583  1486  1537  1582  1538  1485
     411   1   1   1   0   1   1581  1678  1680  1583  1634  1679  1635  1582
     412   1   1   1   0   1   1678  1775  1777  1680  1731  1776  1732  1679
     413   1   1   1   0   1   1775  1872  1874  1777  1828  1873  1829  1776
     414   1   1   1   0   1   1872  1969  1971  1874  1925  1970  1926  1873
     415   1   1   1   0   1   1969  2066  2068  1971  2022  2067  2023  1970
     416   1   1   1   0   1   2066  2163  2165  2068  2119  2164  2120  2067
     417   1   1   1   0   1   2163  2260  2262  2165  2216  2261  2217  2164
     418   1   1   1   0   1   2260  2357  2359  2262  2313  2358  2314  2261
     419   1   1   1   0   1   2357  2454  2456  2359  2410  2455  2411  2358
     420   1   1   1   0   1   2454  2551  2553  2456  2507  2552  2508  2455
 
    ELEM MAT TYP REL ESY SEC        NODES
 
     421   1   1   1   0   1   2551  2648  2650  2553  2604  2649  2605  2552
     422   1   1   1   0   1   2648  2745  2747  2650  2701  2746  2702  2649
     423   1   1   1   0   1   2745  2842  2844  2747  2798  2843  2799  2746
     424   1   1   1   0   1   2842  2939  2941  2844  2895  2940  2896  2843
     425   1   1   1   0   1   2939  3036  3038  2941  2992  3037  2993  2940
     426   1   1   1   0   1   3036  3133  3135  3038  3089  3134  3090  3037
     427   1   1   1   0   1   3133  3230  3232  3135  3186  3231  3187  3134
     428   1   1   1   0   1   3230  3327  3329  3232  3283  3328  3284  3231
     429   1   1   1   0   1   3327    92    94  3329  3380    93  3381  3328
     430   1   1   1   0   1    239   322   324   237   277   323   278   238
     431   1   1   1   0   1    322   419   421   324   374   420   375   323
     432   1   1   1   0   1    419   516   518   421   471   517   472   420
     433   1   1   1   0   1    516   613   615   518   568   614   569   517
     434   1   1   1   0   1    613   710   712   615   665   711   666   614
     435   1   1   1   0   1    710   807   809   712   762   808   763   711
     436   1   1   1   0   1    807   904   906   809   859   905   860   808
     437   1   1   1   0   1    904  1001  1003   906   956  1002   957   905
     438   1   1   1   0   1   1001  1098  1100  1003  1053  1099  1054  1002
     439   1   1   1   0   1   1098  1195  1197  1100  1150  1196  1151  1099
     440   1   1   1   0   1   1195  1292  1294  1197  1247  1293  1248  1196
 
    ELEM MAT TYP REL ESY SEC        NODES
 
     441   1   1   1   0   1   1292  1389  1391  1294  1344  1390  1345  1293
     442   1   1   1   0   1   1389  1486  1488  1391  1441  1487  1442  1390
     443   1   1   1   0   1   1486  1583  1585  1488  1538  1584  1539  1487
     444   1   1   1   0   1   1583  1680  1682  1585  1635  1681  1636  1584
     445   1   1   1   0   1   1680  1777  1779  1682  1732  1778  1733  1681
     446   1   1   1   0   1   1777  1874  1876  1779  1829  1875  1830  1778
     447   1   1   1   0   1   1874  1971  1973  1876  1926  1972  1927  1875
     448   1   1   1   0   1   1971  2068  2070  1973  2023  2069  2024  1972
     449   1   1   1   0   1   2068  2165  2167  2070  2120  2166  2121  2069
     450   1   1   1   0   1   2165  2262  2264  2167  2217  2263  2218  2166
     451   1   1   1   0   1   2262  2359  2361  2264  2314  2360  2315  2263
     452   1   1   1   0   1   2359  2456  2458  2361  2411  2457  2412  2360
     453   1   1   1   0   1   2456  2553  2555  2458  2508  2554  2509  2457
     454   1   1   1   0   1   2553  2650  2652  2555  2605  2651  2606  2554
     455   1   1   1   0   1   2650  2747  2749  2652  2702  2748  2703  2651
     456   1   1   1   0   1   2747  2844  2846  2749  2799  2845  2800  2748
     457   1   1   1   0   1   2844  2941  2943  2846  2896  2942  2897  2845
     458   1   1   1   0   1   2941  3038  3040  2943  2993  3039  2994  2942
     459   1   1   1   0   1   3038  3135  3137  3040  3090  3136  3091  3039
     460   1   1   1   0   1   3135  3232  3234  3137  3187  3233  3188  3136
 
    ELEM MAT TYP REL ESY SEC        NODES
 
     461   1   1   1   0   1   3232  3329  3331  3234  3284  3330  3285  3233
     462   1   1   1   0   1   3329    94    96  3331  3381    95  3382  3330
     463   1   1   1   0   1    237   324   326   235   278   325   279   236
     464   1   1   1   0   1    324   421   423   326   375   422   376   325
     465   1   1   1   0   1    421   518   520   423   472   519   473   422
     466   1   1   1   0   1    518   615   617   520   569   616   570   519
     467   1   1   1   0   1    615   712   714   617   666   713   667   616
     468   1   1   1   0   1    712   809   811   714   763   810   764   713
     469   1   1   1   0   1    809   906   908   811   860   907   861   810
     470   1   1   1   0   1    906  1003  1005   908   957  1004   958   907
     471   1   1   1   0   1   1003  1100  1102  1005  1054  1101  1055  1004
     472   1   1   1   0   1   1100  1197  1199  1102  1151  1198  1152  1101
     473   1   1   1   0   1   1197  1294  1296  1199  1248  1295  1249  1198
     474   1   1   1   0   1   1294  1391  1393  1296  1345  1392  1346  1295
     475   1   1   1   0   1   1391  1488  1490  1393  1442  1489  1443  1392
     476   1   1   1   0   1   1488  1585  1587  1490  1539  1586  1540  1489
     477   1   1   1   0   1   1585  1682  1684  1587  1636  1683  1637  1586
     478   1   1   1   0   1   1682  1779  1781  1684  1733  1780  1734  1683
     479   1   1   1   0   1   1779  1876  1878  1781  1830  1877  1831  1780
     480   1   1   1   0   1   1876  1973  1975  1878  1927  1974  1928  1877
 
    ELEM MAT TYP REL ESY SEC        NODES
 
     481   1   1   1   0   1   1973  2070  2072  1975  2024  2071  2025  1974
     482   1   1   1   0   1   2070  2167  2169  2072  2121  2168  2122  2071
     483   1   1   1   0   1   2167  2264  2266  2169  2218  2265  2219  2168
     484   1   1   1   0   1   2264  2361  2363  2266  2315  2362  2316  2265
     485   1   1   1   0   1   2361  2458  2460  2363  2412  2459  2413  2362
     486   1   1   1   0   1   2458  2555  2557  2460  2509  2556  2510  2459
     487   1   1   1   0   1   2555  2652  2654  2557  2606  2653  2607  2556
     488   1   1   1   0   1   2652  2749  2751  2654  2703  2750  2704  2653
     489   1   1   1   0   1   2749  2846  2848  2751  2800  2847  2801  2750
     490   1   1   1   0   1   2846  2943  2945  2848  2897  2944  2898  2847
     491   1   1   1   0   1   2943  3040  3042  2945  2994  3041  2995  2944
     492   1   1   1   0   1   3040  3137  3139  3042  3091  3138  3092  3041
     493   1   1   1   0   1   3137  3234  3236  3139  3188  3235  3189  3138
     494   1   1   1   0   1   3234  3331  3333  3236  3285  3332  3286  3235
     495   1   1   1   0   1   3331    96    98  3333  3382    97  3383  3332
     496   1   1   1   0   1    235   326   328   233   279   327   280   234
     497   1   1   1   0   1    326   423   425   328   376   424   377   327
     498   1   1   1   0   1    423   520   522   425   473   521   474   424
     499   1   1   1   0   1    520   617   619   522   570   618   571   521
     500   1   1   1   0   1    617   714   716   619   667   715   668   618
 
    ELEM MAT TYP REL ESY SEC        NODES
 
     501   1   1   1   0   1    714   811   813   716   764   812   765   715
     502   1   1   1   0   1    811   908   910   813   861   909   862   812
     503   1   1   1   0   1    908  1005  1007   910   958  1006   959   909
     504   1   1   1   0   1   1005  1102  1104  1007  1055  1103  1056  1006
     505   1   1   1   0   1   1102  1199  1201  1104  1152  1200  1153  1103
     506   1   1   1   0   1   1199  1296  1298  1201  1249  1297  1250  1200
     507   1   1   1   0   1   1296  1393  1395  1298  1346  1394  1347  1297
     508   1   1   1   0   1   1393  1490  1492  1395  1443  1491  1444  1394
     509   1   1   1   0   1   1490  1587  1589  1492  1540  1588  1541  1491
     510   1   1   1   0   1   1587  1684  1686  1589  1637  1685  1638  1588
     511   1   1   1   0   1   1684  1781  1783  1686  1734  1782  1735  1685
     512   1   1   1   0   1   1781  1878  1880  1783  1831  1879  1832  1782
     513   1   1   1   0   1   1878  1975  1977  1880  1928  1976  1929  1879
     514   1   1   1   0   1   1975  2072  2074  1977  2025  2073  2026  1976
     515   1   1   1   0   1   2072  2169  2171  2074  2122  2170  2123  2073
     516   1   1   1   0   1   2169  2266  2268  2171  2219  2267  2220  2170
     517   1   1   1   0   1   2266  2363  2365  2268  2316  2364  2317  2267
     518   1   1   1   0   1   2363  2460  2462  2365  2413  2461  2414  2364
     519   1   1   1   0   1   2460  2557  2559  2462  2510  2558  2511  2461
     520   1   1   1   0   1   2557  2654  2656  2559  2607  2655  2608  2558
 
    ELEM MAT TYP REL ESY SEC        NODES
 
     521   1   1   1   0   1   2654  2751  2753  2656  2704  2752  2705  2655
     522   1   1   1   0   1   2751  2848  2850  2753  2801  2849  2802  2752
     523   1   1   1   0   1   2848  2945  2947  2850  2898  2946  2899  2849
     524   1   1   1   0   1   2945  3042  3044  2947  2995  3043  2996  2946
     525   1   1   1   0   1   3042  3139  3141  3044  3092  3140  3093  3043
     526   1   1   1   0   1   3139  3236  3238  3141  3189  3237  3190  3140
     527   1   1   1   0   1   3236  3333  3335  3238  3286  3334  3287  3237
     528   1   1   1   0   1   3333    98   100  3335  3383    99  3384  3334
     529   1   1   1   0   1    233   328   330   231   280   329   281   232
     530   1   1   1   0   1    328   425   427   330   377   426   378   329
     531   1   1   1   0   1    425   522   524   427   474   523   475   426
     532   1   1   1   0   1    522   619   621   524   571   620   572   523
     533   1   1   1   0   1    619   716   718   621   668   717   669   620
     534   1   1   1   0   1    716   813   815   718   765   814   766   717
     535   1   1   1   0   1    813   910   912   815   862   911   863   814
     536   1   1   1   0   1    910  1007  1009   912   959  1008   960   911
     537   1   1   1   0   1   1007  1104  1106  1009  1056  1105  1057  1008
     538   1   1   1   0   1   1104  1201  1203  1106  1153  1202  1154  1105
     539   1   1   1   0   1   1201  1298  1300  1203  1250  1299  1251  1202
     540   1   1   1   0   1   1298  1395  1397  1300  1347  1396  1348  1299
 
    ELEM MAT TYP REL ESY SEC        NODES
 
     541   1   1   1   0   1   1395  1492  1494  1397  1444  1493  1445  1396
     542   1   1   1   0   1   1492  1589  1591  1494  1541  1590  1542  1493
     543   1   1   1   0   1   1589  1686  1688  1591  1638  1687  1639  1590
     544   1   1   1   0   1   1686  1783  1785  1688  1735  1784  1736  1687
     545   1   1   1   0   1   1783  1880  1882  1785  1832  1881  1833  1784
     546   1   1   1   0   1   1880  1977  1979  1882  1929  1978  1930  1881
     547   1   1   1   0   1   1977  2074  2076  1979  2026  2075  2027  1978
     548   1   1   1   0   1   2074  2171  2173  2076  2123  2172  2124  2075
     549   1   1   1   0   1   2171  2268  2270  2173  2220  2269  2221  2172
     550   1   1   1   0   1   2268  2365  2367  2270  2317  2366  2318  2269
     551   1   1   1   0   1   2365  2462  2464  2367  2414  2463  2415  2366
     552   1   1   1   0   1   2462  2559  2561  2464  2511  2560  2512  2463
     553   1   1   1   0   1   2559  2656  2658  2561  2608  2657  2609  2560
     554   1   1   1   0   1   2656  2753  2755  2658  2705  2754  2706  2657
     555   1   1   1   0   1   2753  2850  2852  2755  2802  2851  2803  2754
     556   1   1   1   0   1   2850  2947  2949  2852  2899  2948  2900  2851
     557   1   1   1   0   1   2947  3044  3046  2949  2996  3045  2997  2948
     558   1   1   1   0   1   3044  3141  3143  3046  3093  3142  3094  3045
     559   1   1   1   0   1   3141  3238  3240  3143  3190  3239  3191  3142
     560   1   1   1   0   1   3238  3335  3337  3240  3287  3336  3288  3239
 
    ELEM MAT TYP REL ESY SEC        NODES
 
     561   1   1   1   0   1   3335   100   102  3337  3384   101  3385  3336
     562   1   1   1   0   1    231   330   332   229   281   331   282   230
     563   1   1   1   0   1    330   427   429   332   378   428   379   331
     564   1   1   1   0   1    427   524   526   429   475   525   476   428
     565   1   1   1   0   1    524   621   623   526   572   622   573   525
     566   1   1   1   0   1    621   718   720   623   669   719   670   622
     567   1   1   1   0   1    718   815   817   720   766   816   767   719
     568   1   1   1   0   1    815   912   914   817   863   913   864   816
     569   1   1   1   0   1    912  1009  1011   914   960  1010   961   913
     570   1   1   1   0   1   1009  1106  1108  1011  1057  1107  1058  1010
     571   1   1   1   0   1   1106  1203  1205  1108  1154  1204  1155  1107
     572   1   1   1   0   1   1203  1300  1302  1205  1251  1301  1252  1204
     573   1   1   1   0   1   1300  1397  1399  1302  1348  1398  1349  1301
     574   1   1   1   0   1   1397  1494  1496  1399  1445  1495  1446  1398
     575   1   1   1   0   1   1494  1591  1593  1496  1542  1592  1543  1495
     576   1   1   1   0   1   1591  1688  1690  1593  1639  1689  1640  1592
     577   1   1   1   0   1   1688  1785  1787  1690  1736  1786  1737  1689
     578   1   1   1   0   1   1785  1882  1884  1787  1833  1883  1834  1786
     579   1   1   1   0   1   1882  1979  1981  1884  1930  1980  1931  1883
     580   1   1   1   0   1   1979  2076  2078  1981  2027  2077  2028  1980
 
    ELEM MAT TYP REL ESY SEC        NODES
 
     581   1   1   1   0   1   2076  2173  2175  2078  2124  2174  2125  2077
     582   1   1   1   0   1   2173  2270  2272  2175  2221  2271  2222  2174
     583   1   1   1   0   1   2270  2367  2369  2272  2318  2368  2319  2271
     584   1   1   1   0   1   2367  2464  2466  2369  2415  2465  2416  2368
     585   1   1   1   0   1   2464  2561  2563  2466  2512  2562  2513  2465
     586   1   1   1   0   1   2561  2658  2660  2563  2609  2659  2610  2562
     587   1   1   1   0   1   2658  2755  2757  2660  2706  2756  2707  2659
     588   1   1   1   0   1   2755  2852  2854  2757  2803  2853  2804  2756
     589   1   1   1   0   1   2852  2949  2951  2854  2900  2950  2901  2853
     590   1   1   1   0   1   2949  3046  3048  2951  2997  3047  2998  2950
     591   1   1   1   0   1   3046  3143  3145  3048  3094  3144  3095  3047
     592   1   1   1   0   1   3143  3240  3242  3145  3191  3241  3192  3144
     593   1   1   1   0   1   3240  3337  3339  3242  3288  3338  3289  3241
     594   1   1   1   0   1   3337   102   104  3339  3385   103  3386  3338
     595   1   1   1   0   1    229   332   334   227   282   333   283   228
     596   1   1   1   0   1    332   429   431   334   379   430   380   333
     597   1   1   1   0   1    429   526   528   431   476   527   477   430
     598   1   1   1   0   1    526   623   625   528   573   624   574   527
     599   1   1   1   0   1    623   720   722   625   670   721   671   624
     600   1   1   1   0   1    720   817   819   722   767   818   768   721
 
    ELEM MAT TYP REL ESY SEC        NODES
 
     601   1   1   1   0   1    817   914   916   819   864   915   865   818
     602   1   1   1   0   1    914  1011  1013   916   961  1012   962   915
     603   1   1   1   0   1   1011  1108  1110  1013  1058  1109  1059  1012
     604   1   1   1   0   1   1108  1205  1207  1110  1155  1206  1156  1109
     605   1   1   1   0   1   1205  1302  1304  1207  1252  1303  1253  1206
     606   1   1   1   0   1   1302  1399  1401  1304  1349  1400  1350  1303
     607   1   1   1   0   1   1399  1496  1498  1401  1446  1497  1447  1400
     608   1   1   1   0   1   1496  1593  1595  1498  1543  1594  1544  1497
     609   1   1   1   0   1   1593  1690  1692  1595  1640  1691  1641  1594
     610   1   1   1   0   1   1690  1787  1789  1692  1737  1788  1738  1691
     611   1   1   1   0   1   1787  1884  1886  1789  1834  1885  1835  1788
     612   1   1   1   0   1   1884  1981  1983  1886  1931  1982  1932  1885
     613   1   1   1   0   1   1981  2078  2080  1983  2028  2079  2029  1982
     614   1   1   1   0   1   2078  2175  2177  2080  2125  2176  2126  2079
     615   1   1   1   0   1   2175  2272  2274  2177  2222  2273  2223  2176
     616   1   1   1   0   1   2272  2369  2371  2274  2319  2370  2320  2273
     617   1   1   1   0   1   2369  2466  2468  2371  2416  2467  2417  2370
     618   1   1   1   0   1   2466  2563  2565  2468  2513  2564  2514  2467
     619   1   1   1   0   1   2563  2660  2662  2565  2610  2661  2611  2564
     620   1   1   1   0   1   2660  2757  2759  2662  2707  2758  2708  2661
 
    ELEM MAT TYP REL ESY SEC        NODES
 
     621   1   1   1   0   1   2757  2854  2856  2759  2804  2855  2805  2758
     622   1   1   1   0   1   2854  2951  2953  2856  2901  2952  2902  2855
     623   1   1   1   0   1   2951  3048  3050  2953  2998  3049  2999  2952
     624   1   1   1   0   1   3048  3145  3147  3050  3095  3146  3096  3049
     625   1   1   1   0   1   3145  3242  3244  3147  3192  3243  3193  3146
     626   1   1   1   0   1   3242  3339  3341  3244  3289  3340  3290  3243
     627   1   1   1   0   1   3339   104   106  3341  3386   105  3387  3340
     628   1   1   1   0   1    227   334   336   225   283   335   284   226
     629   1   1   1   0   1    334   431   433   336   380   432   381   335
     630   1   1   1   0   1    431   528   530   433   477   529   478   432
     631   1   1   1   0   1    528   625   627   530   574   626   575   529
     632   1   1   1   0   1    625   722   724   627   671   723   672   626
     633   1   1   1   0   1    722   819   821   724   768   820   769   723
     634   1   1   1   0   1    819   916   918   821   865   917   866   820
     635   1   1   1   0   1    916  1013  1015   918   962  1014   963   917
     636   1   1   1   0   1   1013  1110  1112  1015  1059  1111  1060  1014
     637   1   1   1   0   1   1110  1207  1209  1112  1156  1208  1157  1111
     638   1   1   1   0   1   1207  1304  1306  1209  1253  1305  1254  1208
     639   1   1   1   0   1   1304  1401  1403  1306  1350  1402  1351  1305
     640   1   1   1   0   1   1401  1498  1500  1403  1447  1499  1448  1402
 
    ELEM MAT TYP REL ESY SEC        NODES
 
     641   1   1   1   0   1   1498  1595  1597  1500  1544  1596  1545  1499
     642   1   1   1   0   1   1595  1692  1694  1597  1641  1693  1642  1596
     643   1   1   1   0   1   1692  1789  1791  1694  1738  1790  1739  1693
     644   1   1   1   0   1   1789  1886  1888  1791  1835  1887  1836  1790
     645   1   1   1   0   1   1886  1983  1985  1888  1932  1984  1933  1887
     646   1   1   1   0   1   1983  2080  2082  1985  2029  2081  2030  1984
     647   1   1   1   0   1   2080  2177  2179  2082  2126  2178  2127  2081
     648   1   1   1   0   1   2177  2274  2276  2179  2223  2275  2224  2178
     649   1   1   1   0   1   2274  2371  2373  2276  2320  2372  2321  2275
     650   1   1   1   0   1   2371  2468  2470  2373  2417  2469  2418  2372
     651   1   1   1   0   1   2468  2565  2567  2470  2514  2566  2515  2469
     652   1   1   1   0   1   2565  2662  2664  2567  2611  2663  2612  2566
     653   1   1   1   0   1   2662  2759  2761  2664  2708  2760  2709  2663
     654   1   1   1   0   1   2759  2856  2858  2761  2805  2857  2806  2760
     655   1   1   1   0   1   2856  2953  2955  2858  2902  2954  2903  2857
     656   1   1   1   0   1   2953  3050  3052  2955  2999  3051  3000  2954
     657   1   1   1   0   1   3050  3147  3149  3052  3096  3148  3097  3051
     658   1   1   1   0   1   3147  3244  3246  3149  3193  3245  3194  3148
     659   1   1   1   0   1   3244  3341  3343  3246  3290  3342  3291  3245
     660   1   1   1   0   1   3341   106   108  3343  3387   107  3388  3342
 
    ELEM MAT TYP REL ESY SEC        NODES
 
     661   1   1   1   0   1    225   336   338   223   284   337   285   224
     662   1   1   1   0   1    336   433   435   338   381   434   382   337
     663   1   1   1   0   1    433   530   532   435   478   531   479   434
     664   1   1   1   0   1    530   627   629   532   575   628   576   531
     665   1   1   1   0   1    627   724   726   629   672   725   673   628
     666   1   1   1   0   1    724   821   823   726   769   822   770   725
     667   1   1   1   0   1    821   918   920   823   866   919   867   822
     668   1   1   1   0   1    918  1015  1017   920   963  1016   964   919
     669   1   1   1   0   1   1015  1112  1114  1017  1060  1113  1061  1016
     670   1   1   1   0   1   1112  1209  1211  1114  1157  1210  1158  1113
     671   1   1   1   0   1   1209  1306  1308  1211  1254  1307  1255  1210
     672   1   1   1   0   1   1306  1403  1405  1308  1351  1404  1352  1307
     673   1   1   1   0   1   1403  1500  1502  1405  1448  1501  1449  1404
     674   1   1   1   0   1   1500  1597  1599  1502  1545  1598  1546  1501
     675   1   1   1   0   1   1597  1694  1696  1599  1642  1695  1643  1598
     676   1   1   1   0   1   1694  1791  1793  1696  1739  1792  1740  1695
     677   1   1   1   0   1   1791  1888  1890  1793  1836  1889  1837  1792
     678   1   1   1   0   1   1888  1985  1987  1890  1933  1986  1934  1889
     679   1   1   1   0   1   1985  2082  2084  1987  2030  2083  2031  1986
     680   1   1   1   0   1   2082  2179  2181  2084  2127  2180  2128  2083
 
    ELEM MAT TYP REL ESY SEC        NODES
 
     681   1   1   1   0   1   2179  2276  2278  2181  2224  2277  2225  2180
     682   1   1   1   0   1   2276  2373  2375  2278  2321  2374  2322  2277
     683   1   1   1   0   1   2373  2470  2472  2375  2418  2471  2419  2374
     684   1   1   1   0   1   2470  2567  2569  2472  2515  2568  2516  2471
     685   1   1   1   0   1   2567  2664  2666  2569  2612  2665  2613  2568
     686   1   1   1   0   1   2664  2761  2763  2666  2709  2762  2710  2665
     687   1   1   1   0   1   2761  2858  2860  2763  2806  2859  2807  2762
     688   1   1   1   0   1   2858  2955  2957  2860  2903  2956  2904  2859
     689   1   1   1   0   1   2955  3052  3054  2957  3000  3053  3001  2956
     690   1   1   1   0   1   3052  3149  3151  3054  3097  3150  3098  3053
     691   1   1   1   0   1   3149  3246  3248  3151  3194  3247  3195  3150
     692   1   1   1   0   1   3246  3343  3345  3248  3291  3344  3292  3247
     693   1   1   1   0   1   3343   108   110  3345  3388   109  3389  3344
     694   1   1   1   0   1    223   338   340   221   285   339   286   222
     695   1   1   1   0   1    338   435   437   340   382   436   383   339
     696   1   1   1   0   1    435   532   534   437   479   533   480   436
     697   1   1   1   0   1    532   629   631   534   576   630   577   533
     698   1   1   1   0   1    629   726   728   631   673   727   674   630
     699   1   1   1   0   1    726   823   825   728   770   824   771   727
     700   1   1   1   0   1    823   920   922   825   867   921   868   824
 
    ELEM MAT TYP REL ESY SEC        NODES
 
     701   1   1   1   0   1    920  1017  1019   922   964  1018   965   921
     702   1   1   1   0   1   1017  1114  1116  1019  1061  1115  1062  1018
     703   1   1   1   0   1   1114  1211  1213  1116  1158  1212  1159  1115
     704   1   1   1   0   1   1211  1308  1310  1213  1255  1309  1256  1212
     705   1   1   1   0   1   1308  1405  1407  1310  1352  1406  1353  1309
     706   1   1   1   0   1   1405  1502  1504  1407  1449  1503  1450  1406
     707   1   1   1   0   1   1502  1599  1601  1504  1546  1600  1547  1503
     708   1   1   1   0   1   1599  1696  1698  1601  1643  1697  1644  1600
     709   1   1   1   0   1   1696  1793  1795  1698  1740  1794  1741  1697
     710   1   1   1   0   1   1793  1890  1892  1795  1837  1891  1838  1794
     711   1   1   1   0   1   1890  1987  1989  1892  1934  1988  1935  1891
     712   1   1   1   0   1   1987  2084  2086  1989  2031  2085  2032  1988
     713   1   1   1   0   1   2084  2181  2183  2086  2128  2182  2129  2085
     714   1   1   1   0   1   2181  2278  2280  2183  2225  2279  2226  2182
     715   1   1   1   0   1   2278  2375  2377  2280  2322  2376  2323  2279
     716   1   1   1   0   1   2375  2472  2474  2377  2419  2473  2420  2376
     717   1   1   1   0   1   2472  2569  2571  2474  2516  2570  2517  2473
     718   1   1   1   0   1   2569  2666  2668  2571  2613  2667  2614  2570
     719   1   1   1   0   1   2666  2763  2765  2668  2710  2764  2711  2667
     720   1   1   1   0   1   2763  2860  2862  2765  2807  2861  2808  2764
 
    ELEM MAT TYP REL ESY SEC        NODES
 
     721   1   1   1   0   1   2860  2957  2959  2862  2904  2958  2905  2861
     722   1   1   1   0   1   2957  3054  3056  2959  3001  3055  3002  2958
     723   1   1   1   0   1   3054  3151  3153  3056  3098  3152  3099  3055
     724   1   1   1   0   1   3151  3248  3250  3153  3195  3249  3196  3152
     725   1   1   1   0   1   3248  3345  3347  3250  3292  3346  3293  3249
     726   1   1   1   0   1   3345   110   112  3347  3389   111  3390  3346
     727   1   1   1   0   1    221   340   342   219   286   341   287   220
     728   1   1   1   0   1    340   437   439   342   383   438   384   341
     729   1   1   1   0   1    437   534   536   439   480   535   481   438
     730   1   1   1   0   1    534   631   633   536   577   632   578   535
     731   1   1   1   0   1    631   728   730   633   674   729   675   632
     732   1   1   1   0   1    728   825   827   730   771   826   772   729
     733   1   1   1   0   1    825   922   924   827   868   923   869   826
     734   1   1   1   0   1    922  1019  1021   924   965  1020   966   923
     735   1   1   1   0   1   1019  1116  1118  1021  1062  1117  1063  1020
     736   1   1   1   0   1   1116  1213  1215  1118  1159  1214  1160  1117
     737   1   1   1   0   1   1213  1310  1312  1215  1256  1311  1257  1214
     738   1   1   1   0   1   1310  1407  1409  1312  1353  1408  1354  1311
     739   1   1   1   0   1   1407  1504  1506  1409  1450  1505  1451  1408
     740   1   1   1   0   1   1504  1601  1603  1506  1547  1602  1548  1505
 
    ELEM MAT TYP REL ESY SEC        NODES
 
     741   1   1   1   0   1   1601  1698  1700  1603  1644  1699  1645  1602
     742   1   1   1   0   1   1698  1795  1797  1700  1741  1796  1742  1699
     743   1   1   1   0   1   1795  1892  1894  1797  1838  1893  1839  1796
     744   1   1   1   0   1   1892  1989  1991  1894  1935  1990  1936  1893
     745   1   1   1   0   1   1989  2086  2088  1991  2032  2087  2033  1990
     746   1   1   1   0   1   2086  2183  2185  2088  2129  2184  2130  2087
     747   1   1   1   0   1   2183  2280  2282  2185  2226  2281  2227  2184
     748   1   1   1   0   1   2280  2377  2379  2282  2323  2378  2324  2281
     749   1   1   1   0   1   2377  2474  2476  2379  2420  2475  2421  2378
     750   1   1   1   0   1   2474  2571  2573  2476  2517  2572  2518  2475
     751   1   1   1   0   1   2571  2668  2670  2573  2614  2669  2615  2572
     752   1   1   1   0   1   2668  2765  2767  2670  2711  2766  2712  2669
     753   1   1   1   0   1   2765  2862  2864  2767  2808  2863  2809  2766
     754   1   1   1   0   1   2862  2959  2961  2864  2905  2960  2906  2863
     755   1   1   1   0   1   2959  3056  3058  2961  3002  3057  3003  2960
     756   1   1   1   0   1   3056  3153  3155  3058  3099  3154  3100  3057
     757   1   1   1   0   1   3153  3250  3252  3155  3196  3251  3197  3154
     758   1   1   1   0   1   3250  3347  3349  3252  3293  3348  3294  3251
     759   1   1   1   0   1   3347   112   114  3349  3390   113  3391  3348
     760   1   1   1   0   1    219   342   344   217   287   343   288   218
 
    ELEM MAT TYP REL ESY SEC        NODES
 
     761   1   1   1   0   1    342   439   441   344   384   440   385   343
     762   1   1   1   0   1    439   536   538   441   481   537   482   440
     763   1   1   1   0   1    536   633   635   538   578   634   579   537
     764   1   1   1   0   1    633   730   732   635   675   731   676   634
     765   1   1   1   0   1    730   827   829   732   772   828   773   731
     766   1   1   1   0   1    827   924   926   829   869   925   870   828
     767   1   1   1   0   1    924  1021  1023   926   966  1022   967   925
     768   1   1   1   0   1   1021  1118  1120  1023  1063  1119  1064  1022
     769   1   1   1   0   1   1118  1215  1217  1120  1160  1216  1161  1119
     770   1   1   1   0   1   1215  1312  1314  1217  1257  1313  1258  1216
     771   1   1   1   0   1   1312  1409  1411  1314  1354  1410  1355  1313
     772   1   1   1   0   1   1409  1506  1508  1411  1451  1507  1452  1410
     773   1   1   1   0   1   1506  1603  1605  1508  1548  1604  1549  1507
     774   1   1   1   0   1   1603  1700  1702  1605  1645  1701  1646  1604
     775   1   1   1   0   1   1700  1797  1799  1702  1742  1798  1743  1701
     776   1   1   1   0   1   1797  1894  1896  1799  1839  1895  1840  1798
     777   1   1   1   0   1   1894  1991  1993  1896  1936  1992  1937  1895
     778   1   1   1   0   1   1991  2088  2090  1993  2033  2089  2034  1992
     779   1   1   1   0   1   2088  2185  2187  2090  2130  2186  2131  2089
     780   1   1   1   0   1   2185  2282  2284  2187  2227  2283  2228  2186
 
    ELEM MAT TYP REL ESY SEC        NODES
 
     781   1   1   1   0   1   2282  2379  2381  2284  2324  2380  2325  2283
     782   1   1   1   0   1   2379  2476  2478  2381  2421  2477  2422  2380
     783   1   1   1   0   1   2476  2573  2575  2478  2518  2574  2519  2477
     784   1   1   1   0   1   2573  2670  2672  2575  2615  2671  2616  2574
     785   1   1   1   0   1   2670  2767  2769  2672  2712  2768  2713  2671
     786   1   1   1   0   1   2767  2864  2866  2769  2809  2865  2810  2768
     787   1   1   1   0   1   2864  2961  2963  2866  2906  2962  2907  2865
     788   1   1   1   0   1   2961  3058  3060  2963  3003  3059  3004  2962
     789   1   1   1   0   1   3058  3155  3157  3060  3100  3156  3101  3059
     790   1   1   1   0   1   3155  3252  3254  3157  3197  3253  3198  3156
     791   1   1   1   0   1   3252  3349  3351  3254  3294  3350  3295  3253
     792   1   1   1   0   1   3349   114   116  3351  3391   115  3392  3350
     793   1   1   1   0   1    217   344   346   215   288   345   289   216
     794   1   1   1   0   1    344   441   443   346   385   442   386   345
     795   1   1   1   0   1    441   538   540   443   482   539   483   442
     796   1   1   1   0   1    538   635   637   540   579   636   580   539
     797   1   1   1   0   1    635   732   734   637   676   733   677   636
     798   1   1   1   0   1    732   829   831   734   773   830   774   733
     799   1   1   1   0   1    829   926   928   831   870   927   871   830
     800   1   1   1   0   1    926  1023  1025   928   967  1024   968   927
 
    ELEM MAT TYP REL ESY SEC        NODES
 
     801   1   1   1   0   1   1023  1120  1122  1025  1064  1121  1065  1024
     802   1   1   1   0   1   1120  1217  1219  1122  1161  1218  1162  1121
     803   1   1   1   0   1   1217  1314  1316  1219  1258  1315  1259  1218
     804   1   1   1   0   1   1314  1411  1413  1316  1355  1412  1356  1315
     805   1   1   1   0   1   1411  1508  1510  1413  1452  1509  1453  1412
     806   1   1   1   0   1   1508  1605  1607  1510  1549  1606  1550  1509
     807   1   1   1   0   1   1605  1702  1704  1607  1646  1703  1647  1606
     808   1   1   1   0   1   1702  1799  1801  1704  1743  1800  1744  1703
     809   1   1   1   0   1   1799  1896  1898  1801  1840  1897  1841  1800
     810   1   1   1   0   1   1896  1993  1995  1898  1937  1994  1938  1897
     811   1   1   1   0   1   1993  2090  2092  1995  2034  2091  2035  1994
     812   1   1   1   0   1   2090  2187  2189  2092  2131  2188  2132  2091
     813   1   1   1   0   1   2187  2284  2286  2189  2228  2285  2229  2188
     814   1   1   1   0   1   2284  2381  2383  2286  2325  2382  2326  2285
     815   1   1   1   0   1   2381  2478  2480  2383  2422  2479  2423  2382
     816   1   1   1   0   1   2478  2575  2577  2480  2519  2576  2520  2479
     817   1   1   1   0   1   2575  2672  2674  2577  2616  2673  2617  2576
     818   1   1   1   0   1   2672  2769  2771  2674  2713  2770  2714  2673
     819   1   1   1   0   1   2769  2866  2868  2771  2810  2867  2811  2770
     820   1   1   1   0   1   2866  2963  2965  2868  2907  2964  2908  2867
 
    ELEM MAT TYP REL ESY SEC        NODES
 
     821   1   1   1   0   1   2963  3060  3062  2965  3004  3061  3005  2964
     822   1   1   1   0   1   3060  3157  3159  3062  3101  3158  3102  3061
     823   1   1   1   0   1   3157  3254  3256  3159  3198  3255  3199  3158
     824   1   1   1   0   1   3254  3351  3353  3256  3295  3352  3296  3255
     825   1   1   1   0   1   3351   116   118  3353  3392   117  3393  3352
     826   1   1   1   0   1    215   346   348   213   289   347   290   214
     827   1   1   1   0   1    346   443   445   348   386   444   387   347
     828   1   1   1   0   1    443   540   542   445   483   541   484   444
     829   1   1   1   0   1    540   637   639   542   580   638   581   541
     830   1   1   1   0   1    637   734   736   639   677   735   678   638
     831   1   1   1   0   1    734   831   833   736   774   832   775   735
     832   1   1   1   0   1    831   928   930   833   871   929   872   832
     833   1   1   1   0   1    928  1025  1027   930   968  1026   969   929
     834   1   1   1   0   1   1025  1122  1124  1027  1065  1123  1066  1026
     835   1   1   1   0   1   1122  1219  1221  1124  1162  1220  1163  1123
     836   1   1   1   0   1   1219  1316  1318  1221  1259  1317  1260  1220
     837   1   1   1   0   1   1316  1413  1415  1318  1356  1414  1357  1317
     838   1   1   1   0   1   1413  1510  1512  1415  1453  1511  1454  1414
     839   1   1   1   0   1   1510  1607  1609  1512  1550  1608  1551  1511
     840   1   1   1   0   1   1607  1704  1706  1609  1647  1705  1648  1608
 
    ELEM MAT TYP REL ESY SEC        NODES
 
     841   1   1   1   0   1   1704  1801  1803  1706  1744  1802  1745  1705
     842   1   1   1   0   1   1801  1898  1900  1803  1841  1899  1842  1802
     843   1   1   1   0   1   1898  1995  1997  1900  1938  1996  1939  1899
     844   1   1   1   0   1   1995  2092  2094  1997  2035  2093  2036  1996
     845   1   1   1   0   1   2092  2189  2191  2094  2132  2190  2133  2093
     846   1   1   1   0   1   2189  2286  2288  2191  2229  2287  2230  2190
     847   1   1   1   0   1   2286  2383  2385  2288  2326  2384  2327  2287
     848   1   1   1   0   1   2383  2480  2482  2385  2423  2481  2424  2384
     849   1   1   1   0   1   2480  2577  2579  2482  2520  2578  2521  2481
     850   1   1   1   0   1   2577  2674  2676  2579  2617  2675  2618  2578
     851   1   1   1   0   1   2674  2771  2773  2676  2714  2772  2715  2675
     852   1   1   1   0   1   2771  2868  2870  2773  2811  2869  2812  2772
     853   1   1   1   0   1   2868  2965  2967  2870  2908  2966  2909  2869
     854   1   1   1   0   1   2965  3062  3064  2967  3005  3063  3006  2966
     855   1   1   1   0   1   3062  3159  3161  3064  3102  3160  3103  3063
     856   1   1   1   0   1   3159  3256  3258  3161  3199  3257  3200  3160
     857   1   1   1   0   1   3256  3353  3355  3258  3296  3354  3297  3257
     858   1   1   1   0   1   3353   118   120  3355  3393   119  3394  3354
     859   1   1   1   0   1    213   348   350   211   290   349   291   212
     860   1   1   1   0   1    348   445   447   350   387   446   388   349
 
    ELEM MAT TYP REL ESY SEC        NODES
 
     861   1   1   1   0   1    445   542   544   447   484   543   485   446
     862   1   1   1   0   1    542   639   641   544   581   640   582   543
     863   1   1   1   0   1    639   736   738   641   678   737   679   640
     864   1   1   1   0   1    736   833   835   738   775   834   776   737
     865   1   1   1   0   1    833   930   932   835   872   931   873   834
     866   1   1   1   0   1    930  1027  1029   932   969  1028   970   931
     867   1   1   1   0   1   1027  1124  1126  1029  1066  1125  1067  1028
     868   1   1   1   0   1   1124  1221  1223  1126  1163  1222  1164  1125
     869   1   1   1   0   1   1221  1318  1320  1223  1260  1319  1261  1222
     870   1   1   1   0   1   1318  1415  1417  1320  1357  1416  1358  1319
     871   1   1   1   0   1   1415  1512  1514  1417  1454  1513  1455  1416
     872   1   1   1   0   1   1512  1609  1611  1514  1551  1610  1552  1513
     873   1   1   1   0   1   1609  1706  1708  1611  1648  1707  1649  1610
     874   1   1   1   0   1   1706  1803  1805  1708  1745  1804  1746  1707
     875   1   1   1   0   1   1803  1900  1902  1805  1842  1901  1843  1804
     876   1   1   1   0   1   1900  1997  1999  1902  1939  1998  1940  1901
     877   1   1   1   0   1   1997  2094  2096  1999  2036  2095  2037  1998
     878   1   1   1   0   1   2094  2191  2193  2096  2133  2192  2134  2095
     879   1   1   1   0   1   2191  2288  2290  2193  2230  2289  2231  2192
     880   1   1   1   0   1   2288  2385  2387  2290  2327  2386  2328  2289
 
    ELEM MAT TYP REL ESY SEC        NODES
 
     881   1   1   1   0   1   2385  2482  2484  2387  2424  2483  2425  2386
     882   1   1   1   0   1   2482  2579  2581  2484  2521  2580  2522  2483
     883   1   1   1   0   1   2579  2676  2678  2581  2618  2677  2619  2580
     884   1   1   1   0   1   2676  2773  2775  2678  2715  2774  2716  2677
     885   1   1   1   0   1   2773  2870  2872  2775  2812  2871  2813  2774
     886   1   1   1   0   1   2870  2967  2969  2872  2909  2968  2910  2871
     887   1   1   1   0   1   2967  3064  3066  2969  3006  3065  3007  2968
     888   1   1   1   0   1   3064  3161  3163  3066  3103  3162  3104  3065
     889   1   1   1   0   1   3161  3258  3260  3163  3200  3259  3201  3162
     890   1   1   1   0   1   3258  3355  3357  3260  3297  3356  3298  3259
     891   1   1   1   0   1   3355   120   122  3357  3394   121  3395  3356
     892   1   1   1   0   1    211   350   352   209   291   351   292   210
     893   1   1   1   0   1    350   447   449   352   388   448   389   351
     894   1   1   1   0   1    447   544   546   449   485   545   486   448
     895   1   1   1   0   1    544   641   643   546   582   642   583   545
     896   1   1   1   0   1    641   738   740   643   679   739   680   642
     897   1   1   1   0   1    738   835   837   740   776   836   777   739
     898   1   1   1   0   1    835   932   934   837   873   933   874   836
     899   1   1   1   0   1    932  1029  1031   934   970  1030   971   933
     900   1   1   1   0   1   1029  1126  1128  1031  1067  1127  1068  1030
 
    ELEM MAT TYP REL ESY SEC        NODES
 
     901   1   1   1   0   1   1126  1223  1225  1128  1164  1224  1165  1127
     902   1   1   1   0   1   1223  1320  1322  1225  1261  1321  1262  1224
     903   1   1   1   0   1   1320  1417  1419  1322  1358  1418  1359  1321
     904   1   1   1   0   1   1417  1514  1516  1419  1455  1515  1456  1418
     905   1   1   1   0   1   1514  1611  1613  1516  1552  1612  1553  1515
     906   1   1   1   0   1   1611  1708  1710  1613  1649  1709  1650  1612
     907   1   1   1   0   1   1708  1805  1807  1710  1746  1806  1747  1709
     908   1   1   1   0   1   1805  1902  1904  1807  1843  1903  1844  1806
     909   1   1   1   0   1   1902  1999  2001  1904  1940  2000  1941  1903
     910   1   1   1   0   1   1999  2096  2098  2001  2037  2097  2038  2000
     911   1   1   1   0   1   2096  2193  2195  2098  2134  2194  2135  2097
     912   1   1   1   0   1   2193  2290  2292  2195  2231  2291  2232  2194
     913   1   1   1   0   1   2290  2387  2389  2292  2328  2388  2329  2291
     914   1   1   1   0   1   2387  2484  2486  2389  2425  2485  2426  2388
     915   1   1   1   0   1   2484  2581  2583  2486  2522  2582  2523  2485
     916   1   1   1   0   1   2581  2678  2680  2583  2619  2679  2620  2582
     917   1   1   1   0   1   2678  2775  2777  2680  2716  2776  2717  2679
     918   1   1   1   0   1   2775  2872  2874  2777  2813  2873  2814  2776
     919   1   1   1   0   1   2872  2969  2971  2874  2910  2970  2911  2873
     920   1   1   1   0   1   2969  3066  3068  2971  3007  3067  3008  2970
 
    ELEM MAT TYP REL ESY SEC        NODES
 
     921   1   1   1   0   1   3066  3163  3165  3068  3104  3164  3105  3067
     922   1   1   1   0   1   3163  3260  3262  3165  3201  3261  3202  3164
     923   1   1   1   0   1   3260  3357  3359  3262  3298  3358  3299  3261
     924   1   1   1   0   1   3357   122   124  3359  3395   123  3396  3358
     925   1   1   1   0   1    209   352   354   207   292   353   293   208
     926   1   1   1   0   1    352   449   451   354   389   450   390   353
     927   1   1   1   0   1    449   546   548   451   486   547   487   450
     928   1   1   1   0   1    546   643   645   548   583   644   584   547
     929   1   1   1   0   1    643   740   742   645   680   741   681   644
     930   1   1   1   0   1    740   837   839   742   777   838   778   741
     931   1   1   1   0   1    837   934   936   839   874   935   875   838
     932   1   1   1   0   1    934  1031  1033   936   971  1032   972   935
     933   1   1   1   0   1   1031  1128  1130  1033  1068  1129  1069  1032
     934   1   1   1   0   1   1128  1225  1227  1130  1165  1226  1166  1129
     935   1   1   1   0   1   1225  1322  1324  1227  1262  1323  1263  1226
     936   1   1   1   0   1   1322  1419  1421  1324  1359  1420  1360  1323
     937   1   1   1   0   1   1419  1516  1518  1421  1456  1517  1457  1420
     938   1   1   1   0   1   1516  1613  1615  1518  1553  1614  1554  1517
     939   1   1   1   0   1   1613  1710  1712  1615  1650  1711  1651  1614
     940   1   1   1   0   1   1710  1807  1809  1712  1747  1808  1748  1711
 
    ELEM MAT TYP REL ESY SEC        NODES
 
     941   1   1   1   0   1   1807  1904  1906  1809  1844  1905  1845  1808
     942   1   1   1   0   1   1904  2001  2003  1906  1941  2002  1942  1905
     943   1   1   1   0   1   2001  2098  2100  2003  2038  2099  2039  2002
     944   1   1   1   0   1   2098  2195  2197  2100  2135  2196  2136  2099
     945   1   1   1   0   1   2195  2292  2294  2197  2232  2293  2233  2196
     946   1   1   1   0   1   2292  2389  2391  2294  2329  2390  2330  2293
     947   1   1   1   0   1   2389  2486  2488  2391  2426  2487  2427  2390
     948   1   1   1   0   1   2486  2583  2585  2488  2523  2584  2524  2487
     949   1   1   1   0   1   2583  2680  2682  2585  2620  2681  2621  2584
     950   1   1   1   0   1   2680  2777  2779  2682  2717  2778  2718  2681
     951   1   1   1   0   1   2777  2874  2876  2779  2814  2875  2815  2778
     952   1   1   1   0   1   2874  2971  2973  2876  2911  2972  2912  2875
     953   1   1   1   0   1   2971  3068  3070  2973  3008  3069  3009  2972
     954   1   1   1   0   1   3068  3165  3167  3070  3105  3166  3106  3069
     955   1   1   1   0   1   3165  3262  3264  3167  3202  3263  3203  3166
     956   1   1   1   0   1   3262  3359  3361  3264  3299  3360  3300  3263
     957   1   1   1   0   1   3359   124   126  3361  3396   125  3397  3360
     958   1   1   1   0   1    207   354   356   205   293   355   294   206
     959   1   1   1   0   1    354   451   453   356   390   452   391   355
     960   1   1   1   0   1    451   548   550   453   487   549   488   452
 
    ELEM MAT TYP REL ESY SEC        NODES
 
     961   1   1   1   0   1    548   645   647   550   584   646   585   549
     962   1   1   1   0   1    645   742   744   647   681   743   682   646
     963   1   1   1   0   1    742   839   841   744   778   840   779   743
     964   1   1   1   0   1    839   936   938   841   875   937   876   840
     965   1   1   1   0   1    936  1033  1035   938   972  1034   973   937
     966   1   1   1   0   1   1033  1130  1132  1035  1069  1131  1070  1034
     967   1   1   1   0   1   1130  1227  1229  1132  1166  1228  1167  1131
     968   1   1   1   0   1   1227  1324  1326  1229  1263  1325  1264  1228
     969   1   1   1   0   1   1324  1421  1423  1326  1360  1422  1361  1325
     970   1   1   1   0   1   1421  1518  1520  1423  1457  1519  1458  1422
     971   1   1   1   0   1   1518  1615  1617  1520  1554  1616  1555  1519
     972   1   1   1   0   1   1615  1712  1714  1617  1651  1713  1652  1616
     973   1   1   1   0   1   1712  1809  1811  1714  1748  1810  1749  1713
     974   1   1   1   0   1   1809  1906  1908  1811  1845  1907  1846  1810
     975   1   1   1   0   1   1906  2003  2005  1908  1942  2004  1943  1907
     976   1   1   1   0   1   2003  2100  2102  2005  2039  2101  2040  2004
     977   1   1   1   0   1   2100  2197  2199  2102  2136  2198  2137  2101
     978   1   1   1   0   1   2197  2294  2296  2199  2233  2295  2234  2198
     979   1   1   1   0   1   2294  2391  2393  2296  2330  2392  2331  2295
     980   1   1   1   0   1   2391  2488  2490  2393  2427  2489  2428  2392
 
    ELEM MAT TYP REL ESY SEC        NODES
 
     981   1   1   1   0   1   2488  2585  2587  2490  2524  2586  2525  2489
     982   1   1   1   0   1   2585  2682  2684  2587  2621  2683  2622  2586
     983   1   1   1   0   1   2682  2779  2781  2684  2718  2780  2719  2683
     984   1   1   1   0   1   2779  2876  2878  2781  2815  2877  2816  2780
     985   1   1   1   0   1   2876  2973  2975  2878  2912  2974  2913  2877
     986   1   1   1   0   1   2973  3070  3072  2975  3009  3071  3010  2974
     987   1   1   1   0   1   3070  3167  3169  3072  3106  3168  3107  3071
     988   1   1   1   0   1   3167  3264  3266  3169  3203  3265  3204  3168
     989   1   1   1   0   1   3264  3361  3363  3266  3300  3362  3301  3265
     990   1   1   1   0   1   3361   126   128  3363  3397   127  3398  3362
     991   1   1   1   0   1    205   356   358   203   294   357   295   204
     992   1   1   1   0   1    356   453   455   358   391   454   392   357
     993   1   1   1   0   1    453   550   552   455   488   551   489   454
     994   1   1   1   0   1    550   647   649   552   585   648   586   551
     995   1   1   1   0   1    647   744   746   649   682   745   683   648
     996   1   1   1   0   1    744   841   843   746   779   842   780   745
     997   1   1   1   0   1    841   938   940   843   876   939   877   842
     998   1   1   1   0   1    938  1035  1037   940   973  1036   974   939
     999   1   1   1   0   1   1035  1132  1134  1037  1070  1133  1071  1036
    1000   1   1   1   0   1   1132  1229  1231  1134  1167  1230  1168  1133
 
    ELEM MAT TYP REL ESY SEC        NODES
 
    1001   1   1   1   0   1   1229  1326  1328  1231  1264  1327  1265  1230
    1002   1   1   1   0   1   1326  1423  1425  1328  1361  1424  1362  1327
    1003   1   1   1   0   1   1423  1520  1522  1425  1458  1521  1459  1424
    1004   1   1   1   0   1   1520  1617  1619  1522  1555  1618  1556  1521
    1005   1   1   1   0   1   1617  1714  1716  1619  1652  1715  1653  1618
    1006   1   1   1   0   1   1714  1811  1813  1716  1749  1812  1750  1715
    1007   1   1   1   0   1   1811  1908  1910  1813  1846  1909  1847  1812
    1008   1   1   1   0   1   1908  2005  2007  1910  1943  2006  1944  1909
    1009   1   1   1   0   1   2005  2102  2104  2007  2040  2103  2041  2006
    1010   1   1   1   0   1   2102  2199  2201  2104  2137  2200  2138  2103
    1011   1   1   1   0   1   2199  2296  2298  2201  2234  2297  2235  2200
    1012   1   1   1   0   1   2296  2393  2395  2298  2331  2394  2332  2297
    1013   1   1   1   0   1   2393  2490  2492  2395  2428  2491  2429  2394
    1014   1   1   1   0   1   2490  2587  2589  2492  2525  2588  2526  2491
    1015   1   1   1   0   1   2587  2684  2686  2589  2622  2685  2623  2588
    1016   1   1   1   0   1   2684  2781  2783  2686  2719  2782  2720  2685
    1017   1   1   1   0   1   2781  2878  2880  2783  2816  2879  2817  2782
    1018   1   1   1   0   1   2878  2975  2977  2880  2913  2976  2914  2879
    1019   1   1   1   0   1   2975  3072  3074  2977  3010  3073  3011  2976
    1020   1   1   1   0   1   3072  3169  3171  3074  3107  3170  3108  3073
 
    ELEM MAT TYP REL ESY SEC        NODES
 
    1021   1   1   1   0   1   3169  3266  3268  3171  3204  3267  3205  3170
    1022   1   1   1   0   1   3266  3363  3365  3268  3301  3364  3302  3267
    1023   1   1   1   0   1   3363   128   130  3365  3398   129  3399  3364
    1024   1   1   1   0   1    203   358   360   201   295   359   296   202
    1025   1   1   1   0   1    358   455   457   360   392   456   393   359
    1026   1   1   1   0   1    455   552   554   457   489   553   490   456
    1027   1   1   1   0   1    552   649   651   554   586   650   587   553
    1028   1   1   1   0   1    649   746   748   651   683   747   684   650
    1029   1   1   1   0   1    746   843   845   748   780   844   781   747
    1030   1   1   1   0   1    843   940   942   845   877   941   878   844
    1031   1   1   1   0   1    940  1037  1039   942   974  1038   975   941
    1032   1   1   1   0   1   1037  1134  1136  1039  1071  1135  1072  1038
    1033   1   1   1   0   1   1134  1231  1233  1136  1168  1232  1169  1135
    1034   1   1   1   0   1   1231  1328  1330  1233  1265  1329  1266  1232
    1035   1   1   1   0   1   1328  1425  1427  1330  1362  1426  1363  1329
    1036   1   1   1   0   1   1425  1522  1524  1427  1459  1523  1460  1426
    1037   1   1   1   0   1   1522  1619  1621  1524  1556  1620  1557  1523
    1038   1   1   1   0   1   1619  1716  1718  1621  1653  1717  1654  1620
    1039   1   1   1   0   1   1716  1813  1815  1718  1750  1814  1751  1717
    1040   1   1   1   0   1   1813  1910  1912  1815  1847  1911  1848  1814
 
    ELEM MAT TYP REL ESY SEC        NODES
 
    1041   1   1   1   0   1   1910  2007  2009  1912  1944  2008  1945  1911
    1042   1   1   1   0   1   2007  2104  2106  2009  2041  2105  2042  2008
    1043   1   1   1   0   1   2104  2201  2203  2106  2138  2202  2139  2105
    1044   1   1   1   0   1   2201  2298  2300  2203  2235  2299  2236  2202
    1045   1   1   1   0   1   2298  2395  2397  2300  2332  2396  2333  2299
    1046   1   1   1   0   1   2395  2492  2494  2397  2429  2493  2430  2396
    1047   1   1   1   0   1   2492  2589  2591  2494  2526  2590  2527  2493
    1048   1   1   1   0   1   2589  2686  2688  2591  2623  2687  2624  2590
    1049   1   1   1   0   1   2686  2783  2785  2688  2720  2784  2721  2687
    1050   1   1   1   0   1   2783  2880  2882  2785  2817  2881  2818  2784
    1051   1   1   1   0   1   2880  2977  2979  2882  2914  2978  2915  2881
    1052   1   1   1   0   1   2977  3074  3076  2979  3011  3075  3012  2978
    1053   1   1   1   0   1   3074  3171  3173  3076  3108  3172  3109  3075
    1054   1   1   1   0   1   3171  3268  3270  3173  3205  3269  3206  3172
    1055   1   1   1   0   1   3268  3365  3367  3270  3302  3366  3303  3269
    1056   1   1   1   0   1   3365   130   132  3367  3399   131  3400  3366
    1057   1   1   1   0   1    201   360   198   134   296   361   199   200
    1058   1   1   1   0   1    360   457   196   198   393   458   197   361
    1059   1   1   1   0   1    457   554   194   196   490   555   195   458
    1060   1   1   1   0   1    554   651   192   194   587   652   193   555
 
    ELEM MAT TYP REL ESY SEC        NODES
 
    1061   1   1   1   0   1    651   748   190   192   684   749   191   652
    1062   1   1   1   0   1    748   845   188   190   781   846   189   749
    1063   1   1   1   0   1    845   942   186   188   878   943   187   846
    1064   1   1   1   0   1    942  1039   184   186   975  1040   185   943
    1065   1   1   1   0   1   1039  1136   182   184  1072  1137   183  1040
    1066   1   1   1   0   1   1136  1233   180   182  1169  1234   181  1137
    1067   1   1   1   0   1   1233  1330   178   180  1266  1331   179  1234
    1068   1   1   1   0   1   1330  1427   176   178  1363  1428   177  1331
    1069   1   1   1   0   1   1427  1524   174   176  1460  1525   175  1428
    1070   1   1   1   0   1   1524  1621   172   174  1557  1622   173  1525
    1071   1   1   1   0   1   1621  1718   170   172  1654  1719   171  1622
    1072   1   1   1   0   1   1718  1815   168   170  1751  1816   169  1719
    1073   1   1   1   0   1   1815  1912   166   168  1848  1913   167  1816
    1074   1   1   1   0   1   1912  2009   164   166  1945  2010   165  1913
    1075   1   1   1   0   1   2009  2106   162   164  2042  2107   163  2010
    1076   1   1   1   0   1   2106  2203   160   162  2139  2204   161  2107
    1077   1   1   1   0   1   2203  2300   158   160  2236  2301   159  2204
    1078   1   1   1   0   1   2300  2397   156   158  2333  2398   157  2301
    1079   1   1   1   0   1   2397  2494   154   156  2430  2495   155  2398
    1080   1   1   1   0   1   2494  2591   152   154  2527  2592   153  2495
 
    ELEM MAT TYP REL ESY SEC        NODES
 
    1081   1   1   1   0   1   2591  2688   150   152  2624  2689   151  2592
    1082   1   1   1   0   1   2688  2785   148   150  2721  2786   149  2689
    1083   1   1   1   0   1   2785  2882   146   148  2818  2883   147  2786
    1084   1   1   1   0   1   2882  2979   144   146  2915  2980   145  2883
    1085   1   1   1   0   1   2979  3076   142   144  3012  3077   143  2980
    1086   1   1   1   0   1   3076  3173   140   142  3109  3174   141  3077
    1087   1   1   1   0   1   3173  3270   138   140  3206  3271   139  3174
    1088   1   1   1   0   1   3270  3367   136   138  3303  3368   137  3271
    1089   1   1   1   0   1   3367   132    68   136  3400   133   135  3368

