
 LIST ALL SELECTED NODES.   DSYS=      0
 SORT TABLE ON  NODE  NODE  NODE

   NODE        X           Y           Z         THXY    THYZ    THZX
       1    0.0000      0.0000      0.0000        0.00    0.00    0.00
       2    50.000      0.0000      0.0000        0.00    0.00    0.00
       3    1.5152      0.0000      0.0000        0.00    0.00    0.00
       4    3.0303      0.0000      0.0000        0.00    0.00    0.00
       5    4.5455      0.0000      0.0000        0.00    0.00    0.00
       6    6.0606      0.0000      0.0000        0.00    0.00    0.00
       7    7.5758      0.0000      0.0000        0.00    0.00    0.00
       8    9.0909      0.0000      0.0000        0.00    0.00    0.00
       9    10.606      0.0000      0.0000        0.00    0.00    0.00
      10    12.121      0.0000      0.0000        0.00    0.00    0.00
      11    13.636      0.0000      0.0000        0.00    0.00    0.00
      12    15.152      0.0000      0.0000        0.00    0.00    0.00
      13    16.667      0.0000      0.0000        0.00    0.00    0.00
      14    18.182      0.0000      0.0000        0.00    0.00    0.00
      15    19.697      0.0000      0.0000        0.00    0.00    0.00
      16    21.212      0.0000      0.0000        0.00    0.00    0.00
      17    22.727      0.0000      0.0000        0.00    0.00    0.00
      18    24.242      0.0000      0.0000        0.00    0.00    0.00
      19    25.758      0.0000      0.0000        0.00    0.00    0.00
      20    27.273      0.0000      0.0000        0.00    0.00    0.00

   NODE        X           Y           Z         THXY    THYZ    THZX
      21    28.788      0.0000      0.0000        0.00    0.00    0.00
      22    30.303      0.0000      0.0000        0.00    0.00    0.00
      23    31.818      0.0000      0.0000        0.00    0.00    0.00
      24    33.333      0.0000      0.0000        0.00    0.00    0.00
      25    34.848      0.0000      0.0000        0.00    0.00    0.00
      26    36.364      0.0000      0.0000        0.00    0.00    0.00
      27    37.879      0.0000      0.0000        0.00    0.00    0.00
      28    39.394      0.0000      0.0000        0.00    0.00    0.00
      29    40.909      0.0000      0.0000        0.00    0.00    0.00
      30    42.424      0.0000      0.0000        0.00    0.00    0.00
      31    43.939      0.0000      0.0000        0.00    0.00    0.00
      32    45.455      0.0000      0.0000        0.00    0.00    0.00
      33    46.970      0.0000      0.0000        0.00    0.00    0.00
      34    48.485      0.0000      0.0000        0.00    0.00    0.00
      35    50.000      50.000      0.0000        0.00    0.00    0.00
      36    50.000      1.5152      0.0000        0.00    0.00    0.00
      37    50.000      3.0303      0.0000        0.00    0.00    0.00
      38    50.000      4.5455      0.0000        0.00    0.00    0.00
      39    50.000      6.0606      0.0000        0.00    0.00    0.00
      40    50.000      7.5758      0.0000        0.00    0.00    0.00

   NODE        X           Y           Z         THXY    THYZ    THZX
      41    50.000      9.0909      0.0000        0.00    0.00    0.00
      42    50.000      10.606      0.0000        0.00    0.00    0.00
      43    50.000      12.121      0.0000        0.00    0.00    0.00
      44    50.000      13.636      0.0000        0.00    0.00    0.00
      45    50.000      15.152      0.0000        0.00    0.00    0.00
      46    50.000      16.667      0.0000        0.00    0.00    0.00
      47    50.000      18.182      0.0000        0.00    0.00    0.00
      48    50.000      19.697      0.0000        0.00    0.00    0.00
      49    50.000      21.212      0.0000        0.00    0.00    0.00
      50    50.000      22.727      0.0000        0.00    0.00    0.00
      51    50.000      24.242      0.0000        0.00    0.00    0.00
      52    50.000      25.758      0.0000        0.00    0.00    0.00
      53    50.000      27.273      0.0000        0.00    0.00    0.00
      54    50.000      28.788      0.0000        0.00    0.00    0.00
      55    50.000      30.303      0.0000        0.00    0.00    0.00
      56    50.000      31.818      0.0000        0.00    0.00    0.00
      57    50.000      33.333      0.0000        0.00    0.00    0.00
      58    50.000      34.848      0.0000        0.00    0.00    0.00
      59    50.000      36.364      0.0000        0.00    0.00    0.00
      60    50.000      37.879      0.0000        0.00    0.00    0.00

   NODE        X           Y           Z         THXY    THYZ    THZX
      61    50.000      39.394      0.0000        0.00    0.00    0.00
      62    50.000      40.909      0.0000        0.00    0.00    0.00
      63    50.000      42.424      0.0000        0.00    0.00    0.00
      64    50.000      43.939      0.0000        0.00    0.00    0.00
      65    50.000      45.455      0.0000        0.00    0.00    0.00
      66    50.000      46.970      0.0000        0.00    0.00    0.00
      67    50.000      48.485      0.0000        0.00    0.00    0.00
      68    0.0000      50.000      0.0000        0.00    0.00    0.00
      69    48.485      50.000      0.0000        0.00    0.00    0.00
      70    46.970      50.000      0.0000        0.00    0.00    0.00
      71    45.455      50.000      0.0000        0.00    0.00    0.00
      72    43.939      50.000      0.0000        0.00    0.00    0.00
      73    42.424      50.000      0.0000        0.00    0.00    0.00
      74    40.909      50.000      0.0000        0.00    0.00    0.00
      75    39.394      50.000      0.0000        0.00    0.00    0.00
      76    37.879      50.000      0.0000        0.00    0.00    0.00
      77    36.364      50.000      0.0000        0.00    0.00    0.00
      78    34.848      50.000      0.0000        0.00    0.00    0.00
      79    33.333      50.000      0.0000        0.00    0.00    0.00
      80    31.818      50.000      0.0000        0.00    0.00    0.00

   NODE        X           Y           Z         THXY    THYZ    THZX
      81    30.303      50.000      0.0000        0.00    0.00    0.00
      82    28.788      50.000      0.0000        0.00    0.00    0.00
      83    27.273      50.000      0.0000        0.00    0.00    0.00
      84    25.758      50.000      0.0000        0.00    0.00    0.00
      85    24.242      50.000      0.0000        0.00    0.00    0.00
      86    22.727      50.000      0.0000        0.00    0.00    0.00
      87    21.212      50.000      0.0000        0.00    0.00    0.00
      88    19.697      50.000      0.0000        0.00    0.00    0.00
      89    18.182      50.000      0.0000        0.00    0.00    0.00
      90    16.667      50.000      0.0000        0.00    0.00    0.00
      91    15.152      50.000      0.0000        0.00    0.00    0.00
      92    13.636      50.000      0.0000        0.00    0.00    0.00
      93    12.121      50.000      0.0000        0.00    0.00    0.00
      94    10.606      50.000      0.0000        0.00    0.00    0.00
      95    9.0909      50.000      0.0000        0.00    0.00    0.00
      96    7.5758      50.000      0.0000        0.00    0.00    0.00
      97    6.0606      50.000      0.0000        0.00    0.00    0.00
      98    4.5455      50.000      0.0000        0.00    0.00    0.00
      99    3.0303      50.000      0.0000        0.00    0.00    0.00
     100    1.5152      50.000      0.0000        0.00    0.00    0.00

   NODE        X           Y           Z         THXY    THYZ    THZX
     101    0.0000      48.485      0.0000        0.00    0.00    0.00
     102    0.0000      46.970      0.0000        0.00    0.00    0.00
     103    0.0000      45.455      0.0000        0.00    0.00    0.00
     104    0.0000      43.939      0.0000        0.00    0.00    0.00
     105    0.0000      42.424      0.0000        0.00    0.00    0.00
     106    0.0000      40.909      0.0000        0.00    0.00    0.00
     107    0.0000      39.394      0.0000        0.00    0.00    0.00
     108    0.0000      37.879      0.0000        0.00    0.00    0.00
     109    0.0000      36.364      0.0000        0.00    0.00    0.00
     110    0.0000      34.848      0.0000        0.00    0.00    0.00
     111    0.0000      33.333      0.0000        0.00    0.00    0.00
     112    0.0000      31.818      0.0000        0.00    0.00    0.00
     113    0.0000      30.303      0.0000        0.00    0.00    0.00
     114    0.0000      28.788      0.0000        0.00    0.00    0.00
     115    0.0000      27.273      0.0000        0.00    0.00    0.00
     116    0.0000      25.758      0.0000        0.00    0.00    0.00
     117    0.0000      24.242      0.0000        0.00    0.00    0.00
     118    0.0000      22.727      0.0000        0.00    0.00    0.00
     119    0.0000      21.212      0.0000        0.00    0.00    0.00
     120    0.0000      19.697      0.0000        0.00    0.00    0.00

   NODE        X           Y           Z         THXY    THYZ    THZX
     121    0.0000      18.182      0.0000        0.00    0.00    0.00
     122    0.0000      16.667      0.0000        0.00    0.00    0.00
     123    0.0000      15.152      0.0000        0.00    0.00    0.00
     124    0.0000      13.636      0.0000        0.00    0.00    0.00
     125    0.0000      12.121      0.0000        0.00    0.00    0.00
     126    0.0000      10.606      0.0000        0.00    0.00    0.00
     127    0.0000      9.0909      0.0000        0.00    0.00    0.00
     128    0.0000      7.5758      0.0000        0.00    0.00    0.00
     129    0.0000      6.0606      0.0000        0.00    0.00    0.00
     130    0.0000      4.5455      0.0000        0.00    0.00    0.00
     131    0.0000      3.0303      0.0000        0.00    0.00    0.00
     132    0.0000      1.5152      0.0000        0.00    0.00    0.00
     133    1.5152      1.5152      0.0000        0.00    0.00    0.00
     134    1.5152      3.0303      0.0000        0.00    0.00    0.00
     135    1.5152      4.5455      0.0000        0.00    0.00    0.00
     136    1.5152      6.0606      0.0000        0.00    0.00    0.00
     137    1.5152      7.5758      0.0000        0.00    0.00    0.00
     138    1.5152      9.0909      0.0000        0.00    0.00    0.00
     139    1.5152      10.606      0.0000        0.00    0.00    0.00
     140    1.5152      12.121      0.0000        0.00    0.00    0.00

   NODE        X           Y           Z         THXY    THYZ    THZX
     141    1.5152      13.636      0.0000        0.00    0.00    0.00
     142    1.5152      15.152      0.0000        0.00    0.00    0.00
     143    1.5152      16.667      0.0000        0.00    0.00    0.00
     144    1.5152      18.182      0.0000        0.00    0.00    0.00
     145    1.5152      19.697      0.0000        0.00    0.00    0.00
     146    1.5152      21.212      0.0000        0.00    0.00    0.00
     147    1.5152      22.727      0.0000        0.00    0.00    0.00
     148    1.5152      24.242      0.0000        0.00    0.00    0.00
     149    1.5152      25.758      0.0000        0.00    0.00    0.00
     150    1.5152      27.273      0.0000        0.00    0.00    0.00
     151    1.5152      28.788      0.0000        0.00    0.00    0.00
     152    1.5152      30.303      0.0000        0.00    0.00    0.00
     153    1.5152      31.818      0.0000        0.00    0.00    0.00
     154    1.5152      33.333      0.0000        0.00    0.00    0.00
     155    1.5152      34.848      0.0000        0.00    0.00    0.00
     156    1.5152      36.364      0.0000        0.00    0.00    0.00
     157    1.5152      37.879      0.0000        0.00    0.00    0.00
     158    1.5152      39.394      0.0000        0.00    0.00    0.00
     159    1.5152      40.909      0.0000        0.00    0.00    0.00
     160    1.5152      42.424      0.0000        0.00    0.00    0.00

   NODE        X           Y           Z         THXY    THYZ    THZX
     161    1.5152      43.939      0.0000        0.00    0.00    0.00
     162    1.5152      45.455      0.0000        0.00    0.00    0.00
     163    1.5152      46.970      0.0000        0.00    0.00    0.00
     164    1.5152      48.485      0.0000        0.00    0.00    0.00
     165    3.0303      1.5152      0.0000        0.00    0.00    0.00
     166    3.0303      3.0303      0.0000        0.00    0.00    0.00
     167    3.0303      4.5455      0.0000        0.00    0.00    0.00
     168    3.0303      6.0606      0.0000        0.00    0.00    0.00
     169    3.0303      7.5758      0.0000        0.00    0.00    0.00
     170    3.0303      9.0909      0.0000        0.00    0.00    0.00
     171    3.0303      10.606      0.0000        0.00    0.00    0.00
     172    3.0303      12.121      0.0000        0.00    0.00    0.00
     173    3.0303      13.636      0.0000        0.00    0.00    0.00
     174    3.0303      15.152      0.0000        0.00    0.00    0.00
     175    3.0303      16.667      0.0000        0.00    0.00    0.00
     176    3.0303      18.182      0.0000        0.00    0.00    0.00
     177    3.0303      19.697      0.0000        0.00    0.00    0.00
     178    3.0303      21.212      0.0000        0.00    0.00    0.00
     179    3.0303      22.727      0.0000        0.00    0.00    0.00
     180    3.0303      24.242      0.0000        0.00    0.00    0.00

   NODE        X           Y           Z         THXY    THYZ    THZX
     181    3.0303      25.758      0.0000        0.00    0.00    0.00
     182    3.0303      27.273      0.0000        0.00    0.00    0.00
     183    3.0303      28.788      0.0000        0.00    0.00    0.00
     184    3.0303      30.303      0.0000        0.00    0.00    0.00
     185    3.0303      31.818      0.0000        0.00    0.00    0.00
     186    3.0303      33.333      0.0000        0.00    0.00    0.00
     187    3.0303      34.848      0.0000        0.00    0.00    0.00
     188    3.0303      36.364      0.0000        0.00    0.00    0.00
     189    3.0303      37.879      0.0000        0.00    0.00    0.00
     190    3.0303      39.394      0.0000        0.00    0.00    0.00
     191    3.0303      40.909      0.0000        0.00    0.00    0.00
     192    3.0303      42.424      0.0000        0.00    0.00    0.00
     193    3.0303      43.939      0.0000        0.00    0.00    0.00
     194    3.0303      45.455      0.0000        0.00    0.00    0.00
     195    3.0303      46.970      0.0000        0.00    0.00    0.00
     196    3.0303      48.485      0.0000        0.00    0.00    0.00
     197    4.5455      1.5152      0.0000        0.00    0.00    0.00
     198    4.5455      3.0303      0.0000        0.00    0.00    0.00
     199    4.5455      4.5455      0.0000        0.00    0.00    0.00
     200    4.5455      6.0606      0.0000        0.00    0.00    0.00

   NODE        X           Y           Z         THXY    THYZ    THZX
     201    4.5455      7.5758      0.0000        0.00    0.00    0.00
     202    4.5455      9.0909      0.0000        0.00    0.00    0.00
     203    4.5455      10.606      0.0000        0.00    0.00    0.00
     204    4.5455      12.121      0.0000        0.00    0.00    0.00
     205    4.5455      13.636      0.0000        0.00    0.00    0.00
     206    4.5455      15.152      0.0000        0.00    0.00    0.00
     207    4.5455      16.667      0.0000        0.00    0.00    0.00
     208    4.5455      18.182      0.0000        0.00    0.00    0.00
     209    4.5455      19.697      0.0000        0.00    0.00    0.00
     210    4.5455      21.212      0.0000        0.00    0.00    0.00
     211    4.5455      22.727      0.0000        0.00    0.00    0.00
     212    4.5455      24.242      0.0000        0.00    0.00    0.00
     213    4.5455      25.758      0.0000        0.00    0.00    0.00
     214    4.5455      27.273      0.0000        0.00    0.00    0.00
     215    4.5455      28.788      0.0000        0.00    0.00    0.00
     216    4.5455      30.303      0.0000        0.00    0.00    0.00
     217    4.5455      31.818      0.0000        0.00    0.00    0.00
     218    4.5455      33.333      0.0000        0.00    0.00    0.00
     219    4.5455      34.848      0.0000        0.00    0.00    0.00
     220    4.5455      36.364      0.0000        0.00    0.00    0.00

   NODE        X           Y           Z         THXY    THYZ    THZX
     221    4.5455      37.879      0.0000        0.00    0.00    0.00
     222    4.5455      39.394      0.0000        0.00    0.00    0.00
     223    4.5455      40.909      0.0000        0.00    0.00    0.00
     224    4.5455      42.424      0.0000        0.00    0.00    0.00
     225    4.5455      43.939      0.0000        0.00    0.00    0.00
     226    4.5455      45.455      0.0000        0.00    0.00    0.00
     227    4.5455      46.970      0.0000        0.00    0.00    0.00
     228    4.5455      48.485      0.0000        0.00    0.00    0.00
     229    6.0606      1.5152      0.0000        0.00    0.00    0.00
     230    6.0606      3.0303      0.0000        0.00    0.00    0.00
     231    6.0606      4.5455      0.0000        0.00    0.00    0.00
     232    6.0606      6.0606      0.0000        0.00    0.00    0.00
     233    6.0606      7.5758      0.0000        0.00    0.00    0.00
     234    6.0606      9.0909      0.0000        0.00    0.00    0.00
     235    6.0606      10.606      0.0000        0.00    0.00    0.00
     236    6.0606      12.121      0.0000        0.00    0.00    0.00
     237    6.0606      13.636      0.0000        0.00    0.00    0.00
     238    6.0606      15.152      0.0000        0.00    0.00    0.00
     239    6.0606      16.667      0.0000        0.00    0.00    0.00
     240    6.0606      18.182      0.0000        0.00    0.00    0.00

   NODE        X           Y           Z         THXY    THYZ    THZX
     241    6.0606      19.697      0.0000        0.00    0.00    0.00
     242    6.0606      21.212      0.0000        0.00    0.00    0.00
     243    6.0606      22.727      0.0000        0.00    0.00    0.00
     244    6.0606      24.242      0.0000        0.00    0.00    0.00
     245    6.0606      25.758      0.0000        0.00    0.00    0.00
     246    6.0606      27.273      0.0000        0.00    0.00    0.00
     247    6.0606      28.788      0.0000        0.00    0.00    0.00
     248    6.0606      30.303      0.0000        0.00    0.00    0.00
     249    6.0606      31.818      0.0000        0.00    0.00    0.00
     250    6.0606      33.333      0.0000        0.00    0.00    0.00
     251    6.0606      34.848      0.0000        0.00    0.00    0.00
     252    6.0606      36.364      0.0000        0.00    0.00    0.00
     253    6.0606      37.879      0.0000        0.00    0.00    0.00
     254    6.0606      39.394      0.0000        0.00    0.00    0.00
     255    6.0606      40.909      0.0000        0.00    0.00    0.00
     256    6.0606      42.424      0.0000        0.00    0.00    0.00
     257    6.0606      43.939      0.0000        0.00    0.00    0.00
     258    6.0606      45.455      0.0000        0.00    0.00    0.00
     259    6.0606      46.970      0.0000        0.00    0.00    0.00
     260    6.0606      48.485      0.0000        0.00    0.00    0.00

   NODE        X           Y           Z         THXY    THYZ    THZX
     261    7.5758      1.5152      0.0000        0.00    0.00    0.00
     262    7.5758      3.0303      0.0000        0.00    0.00    0.00
     263    7.5758      4.5455      0.0000        0.00    0.00    0.00
     264    7.5758      6.0606      0.0000        0.00    0.00    0.00
     265    7.5758      7.5758      0.0000        0.00    0.00    0.00
     266    7.5758      9.0909      0.0000        0.00    0.00    0.00
     267    7.5758      10.606      0.0000        0.00    0.00    0.00
     268    7.5758      12.121      0.0000        0.00    0.00    0.00
     269    7.5758      13.636      0.0000        0.00    0.00    0.00
     270    7.5758      15.152      0.0000        0.00    0.00    0.00
     271    7.5758      16.667      0.0000        0.00    0.00    0.00
     272    7.5758      18.182      0.0000        0.00    0.00    0.00
     273    7.5758      19.697      0.0000        0.00    0.00    0.00
     274    7.5758      21.212      0.0000        0.00    0.00    0.00
     275    7.5758      22.727      0.0000        0.00    0.00    0.00
     276    7.5758      24.242      0.0000        0.00    0.00    0.00
     277    7.5758      25.758      0.0000        0.00    0.00    0.00
     278    7.5758      27.273      0.0000        0.00    0.00    0.00
     279    7.5758      28.788      0.0000        0.00    0.00    0.00
     280    7.5758      30.303      0.0000        0.00    0.00    0.00

   NODE        X           Y           Z         THXY    THYZ    THZX
     281    7.5758      31.818      0.0000        0.00    0.00    0.00
     282    7.5758      33.333      0.0000        0.00    0.00    0.00
     283    7.5758      34.848      0.0000        0.00    0.00    0.00
     284    7.5758      36.364      0.0000        0.00    0.00    0.00
     285    7.5758      37.879      0.0000        0.00    0.00    0.00
     286    7.5758      39.394      0.0000        0.00    0.00    0.00
     287    7.5758      40.909      0.0000        0.00    0.00    0.00
     288    7.5758      42.424      0.0000        0.00    0.00    0.00
     289    7.5758      43.939      0.0000        0.00    0.00    0.00
     290    7.5758      45.455      0.0000        0.00    0.00    0.00
     291    7.5758      46.970      0.0000        0.00    0.00    0.00
     292    7.5758      48.485      0.0000        0.00    0.00    0.00
     293    9.0909      1.5152      0.0000        0.00    0.00    0.00
     294    9.0909      3.0303      0.0000        0.00    0.00    0.00
     295    9.0909      4.5455      0.0000        0.00    0.00    0.00
     296    9.0909      6.0606      0.0000        0.00    0.00    0.00
     297    9.0909      7.5758      0.0000        0.00    0.00    0.00
     298    9.0909      9.0909      0.0000        0.00    0.00    0.00
     299    9.0909      10.606      0.0000        0.00    0.00    0.00
     300    9.0909      12.121      0.0000        0.00    0.00    0.00

   NODE        X           Y           Z         THXY    THYZ    THZX
     301    9.0909      13.636      0.0000        0.00    0.00    0.00
     302    9.0909      15.152      0.0000        0.00    0.00    0.00
     303    9.0909      16.667      0.0000        0.00    0.00    0.00
     304    9.0909      18.182      0.0000        0.00    0.00    0.00
     305    9.0909      19.697      0.0000        0.00    0.00    0.00
     306    9.0909      21.212      0.0000        0.00    0.00    0.00
     307    9.0909      22.727      0.0000        0.00    0.00    0.00
     308    9.0909      24.242      0.0000        0.00    0.00    0.00
     309    9.0909      25.758      0.0000        0.00    0.00    0.00
     310    9.0909      27.273      0.0000        0.00    0.00    0.00
     311    9.0909      28.788      0.0000        0.00    0.00    0.00
     312    9.0909      30.303      0.0000        0.00    0.00    0.00
     313    9.0909      31.818      0.0000        0.00    0.00    0.00
     314    9.0909      33.333      0.0000        0.00    0.00    0.00
     315    9.0909      34.848      0.0000        0.00    0.00    0.00
     316    9.0909      36.364      0.0000        0.00    0.00    0.00
     317    9.0909      37.879      0.0000        0.00    0.00    0.00
     318    9.0909      39.394      0.0000        0.00    0.00    0.00
     319    9.0909      40.909      0.0000        0.00    0.00    0.00
     320    9.0909      42.424      0.0000        0.00    0.00    0.00

   NODE        X           Y           Z         THXY    THYZ    THZX
     321    9.0909      43.939      0.0000        0.00    0.00    0.00
     322    9.0909      45.455      0.0000        0.00    0.00    0.00
     323    9.0909      46.970      0.0000        0.00    0.00    0.00
     324    9.0909      48.485      0.0000        0.00    0.00    0.00
     325    10.606      1.5152      0.0000        0.00    0.00    0.00
     326    10.606      3.0303      0.0000        0.00    0.00    0.00
     327    10.606      4.5455      0.0000        0.00    0.00    0.00
     328    10.606      6.0606      0.0000        0.00    0.00    0.00
     329    10.606      7.5758      0.0000        0.00    0.00    0.00
     330    10.606      9.0909      0.0000        0.00    0.00    0.00
     331    10.606      10.606      0.0000        0.00    0.00    0.00
     332    10.606      12.121      0.0000        0.00    0.00    0.00
     333    10.606      13.636      0.0000        0.00    0.00    0.00
     334    10.606      15.152      0.0000        0.00    0.00    0.00
     335    10.606      16.667      0.0000        0.00    0.00    0.00
     336    10.606      18.182      0.0000        0.00    0.00    0.00
     337    10.606      19.697      0.0000        0.00    0.00    0.00
     338    10.606      21.212      0.0000        0.00    0.00    0.00
     339    10.606      22.727      0.0000        0.00    0.00    0.00
     340    10.606      24.242      0.0000        0.00    0.00    0.00

   NODE        X           Y           Z         THXY    THYZ    THZX
     341    10.606      25.758      0.0000        0.00    0.00    0.00
     342    10.606      27.273      0.0000        0.00    0.00    0.00
     343    10.606      28.788      0.0000        0.00    0.00    0.00
     344    10.606      30.303      0.0000        0.00    0.00    0.00
     345    10.606      31.818      0.0000        0.00    0.00    0.00
     346    10.606      33.333      0.0000        0.00    0.00    0.00
     347    10.606      34.848      0.0000        0.00    0.00    0.00
     348    10.606      36.364      0.0000        0.00    0.00    0.00
     349    10.606      37.879      0.0000        0.00    0.00    0.00
     350    10.606      39.394      0.0000        0.00    0.00    0.00
     351    10.606      40.909      0.0000        0.00    0.00    0.00
     352    10.606      42.424      0.0000        0.00    0.00    0.00
     353    10.606      43.939      0.0000        0.00    0.00    0.00
     354    10.606      45.455      0.0000        0.00    0.00    0.00
     355    10.606      46.970      0.0000        0.00    0.00    0.00
     356    10.606      48.485      0.0000        0.00    0.00    0.00
     357    12.121      1.5152      0.0000        0.00    0.00    0.00
     358    12.121      3.0303      0.0000        0.00    0.00    0.00
     359    12.121      4.5455      0.0000        0.00    0.00    0.00
     360    12.121      6.0606      0.0000        0.00    0.00    0.00

   NODE        X           Y           Z         THXY    THYZ    THZX
     361    12.121      7.5758      0.0000        0.00    0.00    0.00
     362    12.121      9.0909      0.0000        0.00    0.00    0.00
     363    12.121      10.606      0.0000        0.00    0.00    0.00
     364    12.121      12.121      0.0000        0.00    0.00    0.00
     365    12.121      13.636      0.0000        0.00    0.00    0.00
     366    12.121      15.152      0.0000        0.00    0.00    0.00
     367    12.121      16.667      0.0000        0.00    0.00    0.00
     368    12.121      18.182      0.0000        0.00    0.00    0.00
     369    12.121      19.697      0.0000        0.00    0.00    0.00
     370    12.121      21.212      0.0000        0.00    0.00    0.00
     371    12.121      22.727      0.0000        0.00    0.00    0.00
     372    12.121      24.242      0.0000        0.00    0.00    0.00
     373    12.121      25.758      0.0000        0.00    0.00    0.00
     374    12.121      27.273      0.0000        0.00    0.00    0.00
     375    12.121      28.788      0.0000        0.00    0.00    0.00
     376    12.121      30.303      0.0000        0.00    0.00    0.00
     377    12.121      31.818      0.0000        0.00    0.00    0.00
     378    12.121      33.333      0.0000        0.00    0.00    0.00
     379    12.121      34.848      0.0000        0.00    0.00    0.00
     380    12.121      36.364      0.0000        0.00    0.00    0.00

   NODE        X           Y           Z         THXY    THYZ    THZX
     381    12.121      37.879      0.0000        0.00    0.00    0.00
     382    12.121      39.394      0.0000        0.00    0.00    0.00
     383    12.121      40.909      0.0000        0.00    0.00    0.00
     384    12.121      42.424      0.0000        0.00    0.00    0.00
     385    12.121      43.939      0.0000        0.00    0.00    0.00
     386    12.121      45.455      0.0000        0.00    0.00    0.00
     387    12.121      46.970      0.0000        0.00    0.00    0.00
     388    12.121      48.485      0.0000        0.00    0.00    0.00
     389    13.636      1.5152      0.0000        0.00    0.00    0.00
     390    13.636      3.0303      0.0000        0.00    0.00    0.00
     391    13.636      4.5455      0.0000        0.00    0.00    0.00
     392    13.636      6.0606      0.0000        0.00    0.00    0.00
     393    13.636      7.5758      0.0000        0.00    0.00    0.00
     394    13.636      9.0909      0.0000        0.00    0.00    0.00
     395    13.636      10.606      0.0000        0.00    0.00    0.00
     396    13.636      12.121      0.0000        0.00    0.00    0.00
     397    13.636      13.636      0.0000        0.00    0.00    0.00
     398    13.636      15.152      0.0000        0.00    0.00    0.00
     399    13.636      16.667      0.0000        0.00    0.00    0.00
     400    13.636      18.182      0.0000        0.00    0.00    0.00

   NODE        X           Y           Z         THXY    THYZ    THZX
     401    13.636      19.697      0.0000        0.00    0.00    0.00
     402    13.636      21.212      0.0000        0.00    0.00    0.00
     403    13.636      22.727      0.0000        0.00    0.00    0.00
     404    13.636      24.242      0.0000        0.00    0.00    0.00
     405    13.636      25.758      0.0000        0.00    0.00    0.00
     406    13.636      27.273      0.0000        0.00    0.00    0.00
     407    13.636      28.788      0.0000        0.00    0.00    0.00
     408    13.636      30.303      0.0000        0.00    0.00    0.00
     409    13.636      31.818      0.0000        0.00    0.00    0.00
     410    13.636      33.333      0.0000        0.00    0.00    0.00
     411    13.636      34.848      0.0000        0.00    0.00    0.00
     412    13.636      36.364      0.0000        0.00    0.00    0.00
     413    13.636      37.879      0.0000        0.00    0.00    0.00
     414    13.636      39.394      0.0000        0.00    0.00    0.00
     415    13.636      40.909      0.0000        0.00    0.00    0.00
     416    13.636      42.424      0.0000        0.00    0.00    0.00
     417    13.636      43.939      0.0000        0.00    0.00    0.00
     418    13.636      45.455      0.0000        0.00    0.00    0.00
     419    13.636      46.970      0.0000        0.00    0.00    0.00
     420    13.636      48.485      0.0000        0.00    0.00    0.00

   NODE        X           Y           Z         THXY    THYZ    THZX
     421    15.152      1.5152      0.0000        0.00    0.00    0.00
     422    15.152      3.0303      0.0000        0.00    0.00    0.00
     423    15.152      4.5455      0.0000        0.00    0.00    0.00
     424    15.152      6.0606      0.0000        0.00    0.00    0.00
     425    15.152      7.5758      0.0000        0.00    0.00    0.00
     426    15.152      9.0909      0.0000        0.00    0.00    0.00
     427    15.152      10.606      0.0000        0.00    0.00    0.00
     428    15.152      12.121      0.0000        0.00    0.00    0.00
     429    15.152      13.636      0.0000        0.00    0.00    0.00
     430    15.152      15.152      0.0000        0.00    0.00    0.00
     431    15.152      16.667      0.0000        0.00    0.00    0.00
     432    15.152      18.182      0.0000        0.00    0.00    0.00
     433    15.152      19.697      0.0000        0.00    0.00    0.00
     434    15.152      21.212      0.0000        0.00    0.00    0.00
     435    15.152      22.727      0.0000        0.00    0.00    0.00
     436    15.152      24.242      0.0000        0.00    0.00    0.00
     437    15.152      25.758      0.0000        0.00    0.00    0.00
     438    15.152      27.273      0.0000        0.00    0.00    0.00
     439    15.152      28.788      0.0000        0.00    0.00    0.00
     440    15.152      30.303      0.0000        0.00    0.00    0.00

   NODE        X           Y           Z         THXY    THYZ    THZX
     441    15.152      31.818      0.0000        0.00    0.00    0.00
     442    15.152      33.333      0.0000        0.00    0.00    0.00
     443    15.152      34.848      0.0000        0.00    0.00    0.00
     444    15.152      36.364      0.0000        0.00    0.00    0.00
     445    15.152      37.879      0.0000        0.00    0.00    0.00
     446    15.152      39.394      0.0000        0.00    0.00    0.00
     447    15.152      40.909      0.0000        0.00    0.00    0.00
     448    15.152      42.424      0.0000        0.00    0.00    0.00
     449    15.152      43.939      0.0000        0.00    0.00    0.00
     450    15.152      45.455      0.0000        0.00    0.00    0.00
     451    15.152      46.970      0.0000        0.00    0.00    0.00
     452    15.152      48.485      0.0000        0.00    0.00    0.00
     453    16.667      1.5152      0.0000        0.00    0.00    0.00
     454    16.667      3.0303      0.0000        0.00    0.00    0.00
     455    16.667      4.5455      0.0000        0.00    0.00    0.00
     456    16.667      6.0606      0.0000        0.00    0.00    0.00
     457    16.667      7.5758      0.0000        0.00    0.00    0.00
     458    16.667      9.0909      0.0000        0.00    0.00    0.00
     459    16.667      10.606      0.0000        0.00    0.00    0.00
     460    16.667      12.121      0.0000        0.00    0.00    0.00

   NODE        X           Y           Z         THXY    THYZ    THZX
     461    16.667      13.636      0.0000        0.00    0.00    0.00
     462    16.667      15.152      0.0000        0.00    0.00    0.00
     463    16.667      16.667      0.0000        0.00    0.00    0.00
     464    16.667      18.182      0.0000        0.00    0.00    0.00
     465    16.667      19.697      0.0000        0.00    0.00    0.00
     466    16.667      21.212      0.0000        0.00    0.00    0.00
     467    16.667      22.727      0.0000        0.00    0.00    0.00
     468    16.667      24.242      0.0000        0.00    0.00    0.00
     469    16.667      25.758      0.0000        0.00    0.00    0.00
     470    16.667      27.273      0.0000        0.00    0.00    0.00
     471    16.667      28.788      0.0000        0.00    0.00    0.00
     472    16.667      30.303      0.0000        0.00    0.00    0.00
     473    16.667      31.818      0.0000        0.00    0.00    0.00
     474    16.667      33.333      0.0000        0.00    0.00    0.00
     475    16.667      34.848      0.0000        0.00    0.00    0.00
     476    16.667      36.364      0.0000        0.00    0.00    0.00
     477    16.667      37.879      0.0000        0.00    0.00    0.00
     478    16.667      39.394      0.0000        0.00    0.00    0.00
     479    16.667      40.909      0.0000        0.00    0.00    0.00
     480    16.667      42.424      0.0000        0.00    0.00    0.00

   NODE        X           Y           Z         THXY    THYZ    THZX
     481    16.667      43.939      0.0000        0.00    0.00    0.00
     482    16.667      45.455      0.0000        0.00    0.00    0.00
     483    16.667      46.970      0.0000        0.00    0.00    0.00
     484    16.667      48.485      0.0000        0.00    0.00    0.00
     485    18.182      1.5152      0.0000        0.00    0.00    0.00
     486    18.182      3.0303      0.0000        0.00    0.00    0.00
     487    18.182      4.5455      0.0000        0.00    0.00    0.00
     488    18.182      6.0606      0.0000        0.00    0.00    0.00
     489    18.182      7.5758      0.0000        0.00    0.00    0.00
     490    18.182      9.0909      0.0000        0.00    0.00    0.00
     491    18.182      10.606      0.0000        0.00    0.00    0.00
     492    18.182      12.121      0.0000        0.00    0.00    0.00
     493    18.182      13.636      0.0000        0.00    0.00    0.00
     494    18.182      15.152      0.0000        0.00    0.00    0.00
     495    18.182      16.667      0.0000        0.00    0.00    0.00
     496    18.182      18.182      0.0000        0.00    0.00    0.00
     497    18.182      19.697      0.0000        0.00    0.00    0.00
     498    18.182      21.212      0.0000        0.00    0.00    0.00
     499    18.182      22.727      0.0000        0.00    0.00    0.00
     500    18.182      24.242      0.0000        0.00    0.00    0.00

   NODE        X           Y           Z         THXY    THYZ    THZX
     501    18.182      25.758      0.0000        0.00    0.00    0.00
     502    18.182      27.273      0.0000        0.00    0.00    0.00
     503    18.182      28.788      0.0000        0.00    0.00    0.00
     504    18.182      30.303      0.0000        0.00    0.00    0.00
     505    18.182      31.818      0.0000        0.00    0.00    0.00
     506    18.182      33.333      0.0000        0.00    0.00    0.00
     507    18.182      34.848      0.0000        0.00    0.00    0.00
     508    18.182      36.364      0.0000        0.00    0.00    0.00
     509    18.182      37.879      0.0000        0.00    0.00    0.00
     510    18.182      39.394      0.0000        0.00    0.00    0.00
     511    18.182      40.909      0.0000        0.00    0.00    0.00
     512    18.182      42.424      0.0000        0.00    0.00    0.00
     513    18.182      43.939      0.0000        0.00    0.00    0.00
     514    18.182      45.455      0.0000        0.00    0.00    0.00
     515    18.182      46.970      0.0000        0.00    0.00    0.00
     516    18.182      48.485      0.0000        0.00    0.00    0.00
     517    19.697      1.5152      0.0000        0.00    0.00    0.00
     518    19.697      3.0303      0.0000        0.00    0.00    0.00
     519    19.697      4.5455      0.0000        0.00    0.00    0.00
     520    19.697      6.0606      0.0000        0.00    0.00    0.00

   NODE        X           Y           Z         THXY    THYZ    THZX
     521    19.697      7.5758      0.0000        0.00    0.00    0.00
     522    19.697      9.0909      0.0000        0.00    0.00    0.00
     523    19.697      10.606      0.0000        0.00    0.00    0.00
     524    19.697      12.121      0.0000        0.00    0.00    0.00
     525    19.697      13.636      0.0000        0.00    0.00    0.00
     526    19.697      15.152      0.0000        0.00    0.00    0.00
     527    19.697      16.667      0.0000        0.00    0.00    0.00
     528    19.697      18.182      0.0000        0.00    0.00    0.00
     529    19.697      19.697      0.0000        0.00    0.00    0.00
     530    19.697      21.212      0.0000        0.00    0.00    0.00
     531    19.697      22.727      0.0000        0.00    0.00    0.00
     532    19.697      24.242      0.0000        0.00    0.00    0.00
     533    19.697      25.758      0.0000        0.00    0.00    0.00
     534    19.697      27.273      0.0000        0.00    0.00    0.00
     535    19.697      28.788      0.0000        0.00    0.00    0.00
     536    19.697      30.303      0.0000        0.00    0.00    0.00
     537    19.697      31.818      0.0000        0.00    0.00    0.00
     538    19.697      33.333      0.0000        0.00    0.00    0.00
     539    19.697      34.848      0.0000        0.00    0.00    0.00
     540    19.697      36.364      0.0000        0.00    0.00    0.00

   NODE        X           Y           Z         THXY    THYZ    THZX
     541    19.697      37.879      0.0000        0.00    0.00    0.00
     542    19.697      39.394      0.0000        0.00    0.00    0.00
     543    19.697      40.909      0.0000        0.00    0.00    0.00
     544    19.697      42.424      0.0000        0.00    0.00    0.00
     545    19.697      43.939      0.0000        0.00    0.00    0.00
     546    19.697      45.455      0.0000        0.00    0.00    0.00
     547    19.697      46.970      0.0000        0.00    0.00    0.00
     548    19.697      48.485      0.0000        0.00    0.00    0.00
     549    21.212      1.5152      0.0000        0.00    0.00    0.00
     550    21.212      3.0303      0.0000        0.00    0.00    0.00
     551    21.212      4.5455      0.0000        0.00    0.00    0.00
     552    21.212      6.0606      0.0000        0.00    0.00    0.00
     553    21.212      7.5758      0.0000        0.00    0.00    0.00
     554    21.212      9.0909      0.0000        0.00    0.00    0.00
     555    21.212      10.606      0.0000        0.00    0.00    0.00
     556    21.212      12.121      0.0000        0.00    0.00    0.00
     557    21.212      13.636      0.0000        0.00    0.00    0.00
     558    21.212      15.152      0.0000        0.00    0.00    0.00
     559    21.212      16.667      0.0000        0.00    0.00    0.00
     560    21.212      18.182      0.0000        0.00    0.00    0.00

   NODE        X           Y           Z         THXY    THYZ    THZX
     561    21.212      19.697      0.0000        0.00    0.00    0.00
     562    21.212      21.212      0.0000        0.00    0.00    0.00
     563    21.212      22.727      0.0000        0.00    0.00    0.00
     564    21.212      24.242      0.0000        0.00    0.00    0.00
     565    21.212      25.758      0.0000        0.00    0.00    0.00
     566    21.212      27.273      0.0000        0.00    0.00    0.00
     567    21.212      28.788      0.0000        0.00    0.00    0.00
     568    21.212      30.303      0.0000        0.00    0.00    0.00
     569    21.212      31.818      0.0000        0.00    0.00    0.00
     570    21.212      33.333      0.0000        0.00    0.00    0.00
     571    21.212      34.848      0.0000        0.00    0.00    0.00
     572    21.212      36.364      0.0000        0.00    0.00    0.00
     573    21.212      37.879      0.0000        0.00    0.00    0.00
     574    21.212      39.394      0.0000        0.00    0.00    0.00
     575    21.212      40.909      0.0000        0.00    0.00    0.00
     576    21.212      42.424      0.0000        0.00    0.00    0.00
     577    21.212      43.939      0.0000        0.00    0.00    0.00
     578    21.212      45.455      0.0000        0.00    0.00    0.00
     579    21.212      46.970      0.0000        0.00    0.00    0.00
     580    21.212      48.485      0.0000        0.00    0.00    0.00

   NODE        X           Y           Z         THXY    THYZ    THZX
     581    22.727      1.5152      0.0000        0.00    0.00    0.00
     582    22.727      3.0303      0.0000        0.00    0.00    0.00
     583    22.727      4.5455      0.0000        0.00    0.00    0.00
     584    22.727      6.0606      0.0000        0.00    0.00    0.00
     585    22.727      7.5758      0.0000        0.00    0.00    0.00
     586    22.727      9.0909      0.0000        0.00    0.00    0.00
     587    22.727      10.606      0.0000        0.00    0.00    0.00
     588    22.727      12.121      0.0000        0.00    0.00    0.00
     589    22.727      13.636      0.0000        0.00    0.00    0.00
     590    22.727      15.152      0.0000        0.00    0.00    0.00
     591    22.727      16.667      0.0000        0.00    0.00    0.00
     592    22.727      18.182      0.0000        0.00    0.00    0.00
     593    22.727      19.697      0.0000        0.00    0.00    0.00
     594    22.727      21.212      0.0000        0.00    0.00    0.00
     595    22.727      22.727      0.0000        0.00    0.00    0.00
     596    22.727      24.242      0.0000        0.00    0.00    0.00
     597    22.727      25.758      0.0000        0.00    0.00    0.00
     598    22.727      27.273      0.0000        0.00    0.00    0.00
     599    22.727      28.788      0.0000        0.00    0.00    0.00
     600    22.727      30.303      0.0000        0.00    0.00    0.00

   NODE        X           Y           Z         THXY    THYZ    THZX
     601    22.727      31.818      0.0000        0.00    0.00    0.00
     602    22.727      33.333      0.0000        0.00    0.00    0.00
     603    22.727      34.848      0.0000        0.00    0.00    0.00
     604    22.727      36.364      0.0000        0.00    0.00    0.00
     605    22.727      37.879      0.0000        0.00    0.00    0.00
     606    22.727      39.394      0.0000        0.00    0.00    0.00
     607    22.727      40.909      0.0000        0.00    0.00    0.00
     608    22.727      42.424      0.0000        0.00    0.00    0.00
     609    22.727      43.939      0.0000        0.00    0.00    0.00
     610    22.727      45.455      0.0000        0.00    0.00    0.00
     611    22.727      46.970      0.0000        0.00    0.00    0.00
     612    22.727      48.485      0.0000        0.00    0.00    0.00
     613    24.242      1.5152      0.0000        0.00    0.00    0.00
     614    24.242      3.0303      0.0000        0.00    0.00    0.00
     615    24.242      4.5455      0.0000        0.00    0.00    0.00
     616    24.242      6.0606      0.0000        0.00    0.00    0.00
     617    24.242      7.5758      0.0000        0.00    0.00    0.00
     618    24.242      9.0909      0.0000        0.00    0.00    0.00
     619    24.242      10.606      0.0000        0.00    0.00    0.00
     620    24.242      12.121      0.0000        0.00    0.00    0.00

   NODE        X           Y           Z         THXY    THYZ    THZX
     621    24.242      13.636      0.0000        0.00    0.00    0.00
     622    24.242      15.152      0.0000        0.00    0.00    0.00
     623    24.242      16.667      0.0000        0.00    0.00    0.00
     624    24.242      18.182      0.0000        0.00    0.00    0.00
     625    24.242      19.697      0.0000        0.00    0.00    0.00
     626    24.242      21.212      0.0000        0.00    0.00    0.00
     627    24.242      22.727      0.0000        0.00    0.00    0.00
     628    24.242      24.242      0.0000        0.00    0.00    0.00
     629    24.242      25.758      0.0000        0.00    0.00    0.00
     630    24.242      27.273      0.0000        0.00    0.00    0.00
     631    24.242      28.788      0.0000        0.00    0.00    0.00
     632    24.242      30.303      0.0000        0.00    0.00    0.00
     633    24.242      31.818      0.0000        0.00    0.00    0.00
     634    24.242      33.333      0.0000        0.00    0.00    0.00
     635    24.242      34.848      0.0000        0.00    0.00    0.00
     636    24.242      36.364      0.0000        0.00    0.00    0.00
     637    24.242      37.879      0.0000        0.00    0.00    0.00
     638    24.242      39.394      0.0000        0.00    0.00    0.00
     639    24.242      40.909      0.0000        0.00    0.00    0.00
     640    24.242      42.424      0.0000        0.00    0.00    0.00

   NODE        X           Y           Z         THXY    THYZ    THZX
     641    24.242      43.939      0.0000        0.00    0.00    0.00
     642    24.242      45.455      0.0000        0.00    0.00    0.00
     643    24.242      46.970      0.0000        0.00    0.00    0.00
     644    24.242      48.485      0.0000        0.00    0.00    0.00
     645    25.758      1.5152      0.0000        0.00    0.00    0.00
     646    25.758      3.0303      0.0000        0.00    0.00    0.00
     647    25.758      4.5455      0.0000        0.00    0.00    0.00
     648    25.758      6.0606      0.0000        0.00    0.00    0.00
     649    25.758      7.5758      0.0000        0.00    0.00    0.00
     650    25.758      9.0909      0.0000        0.00    0.00    0.00
     651    25.758      10.606      0.0000        0.00    0.00    0.00
     652    25.758      12.121      0.0000        0.00    0.00    0.00
     653    25.758      13.636      0.0000        0.00    0.00    0.00
     654    25.758      15.152      0.0000        0.00    0.00    0.00
     655    25.758      16.667      0.0000        0.00    0.00    0.00
     656    25.758      18.182      0.0000        0.00    0.00    0.00
     657    25.758      19.697      0.0000        0.00    0.00    0.00
     658    25.758      21.212      0.0000        0.00    0.00    0.00
     659    25.758      22.727      0.0000        0.00    0.00    0.00
     660    25.758      24.242      0.0000        0.00    0.00    0.00

   NODE        X           Y           Z         THXY    THYZ    THZX
     661    25.758      25.758      0.0000        0.00    0.00    0.00
     662    25.758      27.273      0.0000        0.00    0.00    0.00
     663    25.758      28.788      0.0000        0.00    0.00    0.00
     664    25.758      30.303      0.0000        0.00    0.00    0.00
     665    25.758      31.818      0.0000        0.00    0.00    0.00
     666    25.758      33.333      0.0000        0.00    0.00    0.00
     667    25.758      34.848      0.0000        0.00    0.00    0.00
     668    25.758      36.364      0.0000        0.00    0.00    0.00
     669    25.758      37.879      0.0000        0.00    0.00    0.00
     670    25.758      39.394      0.0000        0.00    0.00    0.00
     671    25.758      40.909      0.0000        0.00    0.00    0.00
     672    25.758      42.424      0.0000        0.00    0.00    0.00
     673    25.758      43.939      0.0000        0.00    0.00    0.00
     674    25.758      45.455      0.0000        0.00    0.00    0.00
     675    25.758      46.970      0.0000        0.00    0.00    0.00
     676    25.758      48.485      0.0000        0.00    0.00    0.00
     677    27.273      1.5152      0.0000        0.00    0.00    0.00
     678    27.273      3.0303      0.0000        0.00    0.00    0.00
     679    27.273      4.5455      0.0000        0.00    0.00    0.00
     680    27.273      6.0606      0.0000        0.00    0.00    0.00

   NODE        X           Y           Z         THXY    THYZ    THZX
     681    27.273      7.5758      0.0000        0.00    0.00    0.00
     682    27.273      9.0909      0.0000        0.00    0.00    0.00
     683    27.273      10.606      0.0000        0.00    0.00    0.00
     684    27.273      12.121      0.0000        0.00    0.00    0.00
     685    27.273      13.636      0.0000        0.00    0.00    0.00
     686    27.273      15.152      0.0000        0.00    0.00    0.00
     687    27.273      16.667      0.0000        0.00    0.00    0.00
     688    27.273      18.182      0.0000        0.00    0.00    0.00
     689    27.273      19.697      0.0000        0.00    0.00    0.00
     690    27.273      21.212      0.0000        0.00    0.00    0.00
     691    27.273      22.727      0.0000        0.00    0.00    0.00
     692    27.273      24.242      0.0000        0.00    0.00    0.00
     693    27.273      25.758      0.0000        0.00    0.00    0.00
     694    27.273      27.273      0.0000        0.00    0.00    0.00
     695    27.273      28.788      0.0000        0.00    0.00    0.00
     696    27.273      30.303      0.0000        0.00    0.00    0.00
     697    27.273      31.818      0.0000        0.00    0.00    0.00
     698    27.273      33.333      0.0000        0.00    0.00    0.00
     699    27.273      34.848      0.0000        0.00    0.00    0.00
     700    27.273      36.364      0.0000        0.00    0.00    0.00

   NODE        X           Y           Z         THXY    THYZ    THZX
     701    27.273      37.879      0.0000        0.00    0.00    0.00
     702    27.273      39.394      0.0000        0.00    0.00    0.00
     703    27.273      40.909      0.0000        0.00    0.00    0.00
     704    27.273      42.424      0.0000        0.00    0.00    0.00
     705    27.273      43.939      0.0000        0.00    0.00    0.00
     706    27.273      45.455      0.0000        0.00    0.00    0.00
     707    27.273      46.970      0.0000        0.00    0.00    0.00
     708    27.273      48.485      0.0000        0.00    0.00    0.00
     709    28.788      1.5152      0.0000        0.00    0.00    0.00
     710    28.788      3.0303      0.0000        0.00    0.00    0.00
     711    28.788      4.5455      0.0000        0.00    0.00    0.00
     712    28.788      6.0606      0.0000        0.00    0.00    0.00
     713    28.788      7.5758      0.0000        0.00    0.00    0.00
     714    28.788      9.0909      0.0000        0.00    0.00    0.00
     715    28.788      10.606      0.0000        0.00    0.00    0.00
     716    28.788      12.121      0.0000        0.00    0.00    0.00
     717    28.788      13.636      0.0000        0.00    0.00    0.00
     718    28.788      15.152      0.0000        0.00    0.00    0.00
     719    28.788      16.667      0.0000        0.00    0.00    0.00
     720    28.788      18.182      0.0000        0.00    0.00    0.00

   NODE        X           Y           Z         THXY    THYZ    THZX
     721    28.788      19.697      0.0000        0.00    0.00    0.00
     722    28.788      21.212      0.0000        0.00    0.00    0.00
     723    28.788      22.727      0.0000        0.00    0.00    0.00
     724    28.788      24.242      0.0000        0.00    0.00    0.00
     725    28.788      25.758      0.0000        0.00    0.00    0.00
     726    28.788      27.273      0.0000        0.00    0.00    0.00
     727    28.788      28.788      0.0000        0.00    0.00    0.00
     728    28.788      30.303      0.0000        0.00    0.00    0.00
     729    28.788      31.818      0.0000        0.00    0.00    0.00
     730    28.788      33.333      0.0000        0.00    0.00    0.00
     731    28.788      34.848      0.0000        0.00    0.00    0.00
     732    28.788      36.364      0.0000        0.00    0.00    0.00
     733    28.788      37.879      0.0000        0.00    0.00    0.00
     734    28.788      39.394      0.0000        0.00    0.00    0.00
     735    28.788      40.909      0.0000        0.00    0.00    0.00
     736    28.788      42.424      0.0000        0.00    0.00    0.00
     737    28.788      43.939      0.0000        0.00    0.00    0.00
     738    28.788      45.455      0.0000        0.00    0.00    0.00
     739    28.788      46.970      0.0000        0.00    0.00    0.00
     740    28.788      48.485      0.0000        0.00    0.00    0.00

   NODE        X           Y           Z         THXY    THYZ    THZX
     741    30.303      1.5152      0.0000        0.00    0.00    0.00
     742    30.303      3.0303      0.0000        0.00    0.00    0.00
     743    30.303      4.5455      0.0000        0.00    0.00    0.00
     744    30.303      6.0606      0.0000        0.00    0.00    0.00
     745    30.303      7.5758      0.0000        0.00    0.00    0.00
     746    30.303      9.0909      0.0000        0.00    0.00    0.00
     747    30.303      10.606      0.0000        0.00    0.00    0.00
     748    30.303      12.121      0.0000        0.00    0.00    0.00
     749    30.303      13.636      0.0000        0.00    0.00    0.00
     750    30.303      15.152      0.0000        0.00    0.00    0.00
     751    30.303      16.667      0.0000        0.00    0.00    0.00
     752    30.303      18.182      0.0000        0.00    0.00    0.00
     753    30.303      19.697      0.0000        0.00    0.00    0.00
     754    30.303      21.212      0.0000        0.00    0.00    0.00
     755    30.303      22.727      0.0000        0.00    0.00    0.00
     756    30.303      24.242      0.0000        0.00    0.00    0.00
     757    30.303      25.758      0.0000        0.00    0.00    0.00
     758    30.303      27.273      0.0000        0.00    0.00    0.00
     759    30.303      28.788      0.0000        0.00    0.00    0.00
     760    30.303      30.303      0.0000        0.00    0.00    0.00

   NODE        X           Y           Z         THXY    THYZ    THZX
     761    30.303      31.818      0.0000        0.00    0.00    0.00
     762    30.303      33.333      0.0000        0.00    0.00    0.00
     763    30.303      34.848      0.0000        0.00    0.00    0.00
     764    30.303      36.364      0.0000        0.00    0.00    0.00
     765    30.303      37.879      0.0000        0.00    0.00    0.00
     766    30.303      39.394      0.0000        0.00    0.00    0.00
     767    30.303      40.909      0.0000        0.00    0.00    0.00
     768    30.303      42.424      0.0000        0.00    0.00    0.00
     769    30.303      43.939      0.0000        0.00    0.00    0.00
     770    30.303      45.455      0.0000        0.00    0.00    0.00
     771    30.303      46.970      0.0000        0.00    0.00    0.00
     772    30.303      48.485      0.0000        0.00    0.00    0.00
     773    31.818      1.5152      0.0000        0.00    0.00    0.00
     774    31.818      3.0303      0.0000        0.00    0.00    0.00
     775    31.818      4.5455      0.0000        0.00    0.00    0.00
     776    31.818      6.0606      0.0000        0.00    0.00    0.00
     777    31.818      7.5758      0.0000        0.00    0.00    0.00
     778    31.818      9.0909      0.0000        0.00    0.00    0.00
     779    31.818      10.606      0.0000        0.00    0.00    0.00
     780    31.818      12.121      0.0000        0.00    0.00    0.00

   NODE        X           Y           Z         THXY    THYZ    THZX
     781    31.818      13.636      0.0000        0.00    0.00    0.00
     782    31.818      15.152      0.0000        0.00    0.00    0.00
     783    31.818      16.667      0.0000        0.00    0.00    0.00
     784    31.818      18.182      0.0000        0.00    0.00    0.00
     785    31.818      19.697      0.0000        0.00    0.00    0.00
     786    31.818      21.212      0.0000        0.00    0.00    0.00
     787    31.818      22.727      0.0000        0.00    0.00    0.00
     788    31.818      24.242      0.0000        0.00    0.00    0.00
     789    31.818      25.758      0.0000        0.00    0.00    0.00
     790    31.818      27.273      0.0000        0.00    0.00    0.00
     791    31.818      28.788      0.0000        0.00    0.00    0.00
     792    31.818      30.303      0.0000        0.00    0.00    0.00
     793    31.818      31.818      0.0000        0.00    0.00    0.00
     794    31.818      33.333      0.0000        0.00    0.00    0.00
     795    31.818      34.848      0.0000        0.00    0.00    0.00
     796    31.818      36.364      0.0000        0.00    0.00    0.00
     797    31.818      37.879      0.0000        0.00    0.00    0.00
     798    31.818      39.394      0.0000        0.00    0.00    0.00
     799    31.818      40.909      0.0000        0.00    0.00    0.00
     800    31.818      42.424      0.0000        0.00    0.00    0.00

   NODE        X           Y           Z         THXY    THYZ    THZX
     801    31.818      43.939      0.0000        0.00    0.00    0.00
     802    31.818      45.455      0.0000        0.00    0.00    0.00
     803    31.818      46.970      0.0000        0.00    0.00    0.00
     804    31.818      48.485      0.0000        0.00    0.00    0.00
     805    33.333      1.5152      0.0000        0.00    0.00    0.00
     806    33.333      3.0303      0.0000        0.00    0.00    0.00
     807    33.333      4.5455      0.0000        0.00    0.00    0.00
     808    33.333      6.0606      0.0000        0.00    0.00    0.00
     809    33.333      7.5758      0.0000        0.00    0.00    0.00
     810    33.333      9.0909      0.0000        0.00    0.00    0.00
     811    33.333      10.606      0.0000        0.00    0.00    0.00
     812    33.333      12.121      0.0000        0.00    0.00    0.00
     813    33.333      13.636      0.0000        0.00    0.00    0.00
     814    33.333      15.152      0.0000        0.00    0.00    0.00
     815    33.333      16.667      0.0000        0.00    0.00    0.00
     816    33.333      18.182      0.0000        0.00    0.00    0.00
     817    33.333      19.697      0.0000        0.00    0.00    0.00
     818    33.333      21.212      0.0000        0.00    0.00    0.00
     819    33.333      22.727      0.0000        0.00    0.00    0.00
     820    33.333      24.242      0.0000        0.00    0.00    0.00

   NODE        X           Y           Z         THXY    THYZ    THZX
     821    33.333      25.758      0.0000        0.00    0.00    0.00
     822    33.333      27.273      0.0000        0.00    0.00    0.00
     823    33.333      28.788      0.0000        0.00    0.00    0.00
     824    33.333      30.303      0.0000        0.00    0.00    0.00
     825    33.333      31.818      0.0000        0.00    0.00    0.00
     826    33.333      33.333      0.0000        0.00    0.00    0.00
     827    33.333      34.848      0.0000        0.00    0.00    0.00
     828    33.333      36.364      0.0000        0.00    0.00    0.00
     829    33.333      37.879      0.0000        0.00    0.00    0.00
     830    33.333      39.394      0.0000        0.00    0.00    0.00
     831    33.333      40.909      0.0000        0.00    0.00    0.00
     832    33.333      42.424      0.0000        0.00    0.00    0.00
     833    33.333      43.939      0.0000        0.00    0.00    0.00
     834    33.333      45.455      0.0000        0.00    0.00    0.00
     835    33.333      46.970      0.0000        0.00    0.00    0.00
     836    33.333      48.485      0.0000        0.00    0.00    0.00
     837    34.848      1.5152      0.0000        0.00    0.00    0.00
     838    34.848      3.0303      0.0000        0.00    0.00    0.00
     839    34.848      4.5455      0.0000        0.00    0.00    0.00
     840    34.848      6.0606      0.0000        0.00    0.00    0.00

   NODE        X           Y           Z         THXY    THYZ    THZX
     841    34.848      7.5758      0.0000        0.00    0.00    0.00
     842    34.848      9.0909      0.0000        0.00    0.00    0.00
     843    34.848      10.606      0.0000        0.00    0.00    0.00
     844    34.848      12.121      0.0000        0.00    0.00    0.00
     845    34.848      13.636      0.0000        0.00    0.00    0.00
     846    34.848      15.152      0.0000        0.00    0.00    0.00
     847    34.848      16.667      0.0000        0.00    0.00    0.00
     848    34.848      18.182      0.0000        0.00    0.00    0.00
     849    34.848      19.697      0.0000        0.00    0.00    0.00
     850    34.848      21.212      0.0000        0.00    0.00    0.00
     851    34.848      22.727      0.0000        0.00    0.00    0.00
     852    34.848      24.242      0.0000        0.00    0.00    0.00
     853    34.848      25.758      0.0000        0.00    0.00    0.00
     854    34.848      27.273      0.0000        0.00    0.00    0.00
     855    34.848      28.788      0.0000        0.00    0.00    0.00
     856    34.848      30.303      0.0000        0.00    0.00    0.00
     857    34.848      31.818      0.0000        0.00    0.00    0.00
     858    34.848      33.333      0.0000        0.00    0.00    0.00
     859    34.848      34.848      0.0000        0.00    0.00    0.00
     860    34.848      36.364      0.0000        0.00    0.00    0.00

   NODE        X           Y           Z         THXY    THYZ    THZX
     861    34.848      37.879      0.0000        0.00    0.00    0.00
     862    34.848      39.394      0.0000        0.00    0.00    0.00
     863    34.848      40.909      0.0000        0.00    0.00    0.00
     864    34.848      42.424      0.0000        0.00    0.00    0.00
     865    34.848      43.939      0.0000        0.00    0.00    0.00
     866    34.848      45.455      0.0000        0.00    0.00    0.00
     867    34.848      46.970      0.0000        0.00    0.00    0.00
     868    34.848      48.485      0.0000        0.00    0.00    0.00
     869    36.364      1.5152      0.0000        0.00    0.00    0.00
     870    36.364      3.0303      0.0000        0.00    0.00    0.00
     871    36.364      4.5455      0.0000        0.00    0.00    0.00
     872    36.364      6.0606      0.0000        0.00    0.00    0.00
     873    36.364      7.5758      0.0000        0.00    0.00    0.00
     874    36.364      9.0909      0.0000        0.00    0.00    0.00
     875    36.364      10.606      0.0000        0.00    0.00    0.00
     876    36.364      12.121      0.0000        0.00    0.00    0.00
     877    36.364      13.636      0.0000        0.00    0.00    0.00
     878    36.364      15.152      0.0000        0.00    0.00    0.00
     879    36.364      16.667      0.0000        0.00    0.00    0.00
     880    36.364      18.182      0.0000        0.00    0.00    0.00

   NODE        X           Y           Z         THXY    THYZ    THZX
     881    36.364      19.697      0.0000        0.00    0.00    0.00
     882    36.364      21.212      0.0000        0.00    0.00    0.00
     883    36.364      22.727      0.0000        0.00    0.00    0.00
     884    36.364      24.242      0.0000        0.00    0.00    0.00
     885    36.364      25.758      0.0000        0.00    0.00    0.00
     886    36.364      27.273      0.0000        0.00    0.00    0.00
     887    36.364      28.788      0.0000        0.00    0.00    0.00
     888    36.364      30.303      0.0000        0.00    0.00    0.00
     889    36.364      31.818      0.0000        0.00    0.00    0.00
     890    36.364      33.333      0.0000        0.00    0.00    0.00
     891    36.364      34.848      0.0000        0.00    0.00    0.00
     892    36.364      36.364      0.0000        0.00    0.00    0.00
     893    36.364      37.879      0.0000        0.00    0.00    0.00
     894    36.364      39.394      0.0000        0.00    0.00    0.00
     895    36.364      40.909      0.0000        0.00    0.00    0.00
     896    36.364      42.424      0.0000        0.00    0.00    0.00
     897    36.364      43.939      0.0000        0.00    0.00    0.00
     898    36.364      45.455      0.0000        0.00    0.00    0.00
     899    36.364      46.970      0.0000        0.00    0.00    0.00
     900    36.364      48.485      0.0000        0.00    0.00    0.00

   NODE        X           Y           Z         THXY    THYZ    THZX
     901    37.879      1.5152      0.0000        0.00    0.00    0.00
     902    37.879      3.0303      0.0000        0.00    0.00    0.00
     903    37.879      4.5455      0.0000        0.00    0.00    0.00
     904    37.879      6.0606      0.0000        0.00    0.00    0.00
     905    37.879      7.5758      0.0000        0.00    0.00    0.00
     906    37.879      9.0909      0.0000        0.00    0.00    0.00
     907    37.879      10.606      0.0000        0.00    0.00    0.00
     908    37.879      12.121      0.0000        0.00    0.00    0.00
     909    37.879      13.636      0.0000        0.00    0.00    0.00
     910    37.879      15.152      0.0000        0.00    0.00    0.00
     911    37.879      16.667      0.0000        0.00    0.00    0.00
     912    37.879      18.182      0.0000        0.00    0.00    0.00
     913    37.879      19.697      0.0000        0.00    0.00    0.00
     914    37.879      21.212      0.0000        0.00    0.00    0.00
     915    37.879      22.727      0.0000        0.00    0.00    0.00
     916    37.879      24.242      0.0000        0.00    0.00    0.00
     917    37.879      25.758      0.0000        0.00    0.00    0.00
     918    37.879      27.273      0.0000        0.00    0.00    0.00
     919    37.879      28.788      0.0000        0.00    0.00    0.00
     920    37.879      30.303      0.0000        0.00    0.00    0.00

   NODE        X           Y           Z         THXY    THYZ    THZX
     921    37.879      31.818      0.0000        0.00    0.00    0.00
     922    37.879      33.333      0.0000        0.00    0.00    0.00
     923    37.879      34.848      0.0000        0.00    0.00    0.00
     924    37.879      36.364      0.0000        0.00    0.00    0.00
     925    37.879      37.879      0.0000        0.00    0.00    0.00
     926    37.879      39.394      0.0000        0.00    0.00    0.00
     927    37.879      40.909      0.0000        0.00    0.00    0.00
     928    37.879      42.424      0.0000        0.00    0.00    0.00
     929    37.879      43.939      0.0000        0.00    0.00    0.00
     930    37.879      45.455      0.0000        0.00    0.00    0.00
     931    37.879      46.970      0.0000        0.00    0.00    0.00
     932    37.879      48.485      0.0000        0.00    0.00    0.00
     933    39.394      1.5152      0.0000        0.00    0.00    0.00
     934    39.394      3.0303      0.0000        0.00    0.00    0.00
     935    39.394      4.5455      0.0000        0.00    0.00    0.00
     936    39.394      6.0606      0.0000        0.00    0.00    0.00
     937    39.394      7.5758      0.0000        0.00    0.00    0.00
     938    39.394      9.0909      0.0000        0.00    0.00    0.00
     939    39.394      10.606      0.0000        0.00    0.00    0.00
     940    39.394      12.121      0.0000        0.00    0.00    0.00

   NODE        X           Y           Z         THXY    THYZ    THZX
     941    39.394      13.636      0.0000        0.00    0.00    0.00
     942    39.394      15.152      0.0000        0.00    0.00    0.00
     943    39.394      16.667      0.0000        0.00    0.00    0.00
     944    39.394      18.182      0.0000        0.00    0.00    0.00
     945    39.394      19.697      0.0000        0.00    0.00    0.00
     946    39.394      21.212      0.0000        0.00    0.00    0.00
     947    39.394      22.727      0.0000        0.00    0.00    0.00
     948    39.394      24.242      0.0000        0.00    0.00    0.00
     949    39.394      25.758      0.0000        0.00    0.00    0.00
     950    39.394      27.273      0.0000        0.00    0.00    0.00
     951    39.394      28.788      0.0000        0.00    0.00    0.00
     952    39.394      30.303      0.0000        0.00    0.00    0.00
     953    39.394      31.818      0.0000        0.00    0.00    0.00
     954    39.394      33.333      0.0000        0.00    0.00    0.00
     955    39.394      34.848      0.0000        0.00    0.00    0.00
     956    39.394      36.364      0.0000        0.00    0.00    0.00
     957    39.394      37.879      0.0000        0.00    0.00    0.00
     958    39.394      39.394      0.0000        0.00    0.00    0.00
     959    39.394      40.909      0.0000        0.00    0.00    0.00
     960    39.394      42.424      0.0000        0.00    0.00    0.00

   NODE        X           Y           Z         THXY    THYZ    THZX
     961    39.394      43.939      0.0000        0.00    0.00    0.00
     962    39.394      45.455      0.0000        0.00    0.00    0.00
     963    39.394      46.970      0.0000        0.00    0.00    0.00
     964    39.394      48.485      0.0000        0.00    0.00    0.00
     965    40.909      1.5152      0.0000        0.00    0.00    0.00
     966    40.909      3.0303      0.0000        0.00    0.00    0.00
     967    40.909      4.5455      0.0000        0.00    0.00    0.00
     968    40.909      6.0606      0.0000        0.00    0.00    0.00
     969    40.909      7.5758      0.0000        0.00    0.00    0.00
     970    40.909      9.0909      0.0000        0.00    0.00    0.00
     971    40.909      10.606      0.0000        0.00    0.00    0.00
     972    40.909      12.121      0.0000        0.00    0.00    0.00
     973    40.909      13.636      0.0000        0.00    0.00    0.00
     974    40.909      15.152      0.0000        0.00    0.00    0.00
     975    40.909      16.667      0.0000        0.00    0.00    0.00
     976    40.909      18.182      0.0000        0.00    0.00    0.00
     977    40.909      19.697      0.0000        0.00    0.00    0.00
     978    40.909      21.212      0.0000        0.00    0.00    0.00
     979    40.909      22.727      0.0000        0.00    0.00    0.00
     980    40.909      24.242      0.0000        0.00    0.00    0.00

   NODE        X           Y           Z         THXY    THYZ    THZX
     981    40.909      25.758      0.0000        0.00    0.00    0.00
     982    40.909      27.273      0.0000        0.00    0.00    0.00
     983    40.909      28.788      0.0000        0.00    0.00    0.00
     984    40.909      30.303      0.0000        0.00    0.00    0.00
     985    40.909      31.818      0.0000        0.00    0.00    0.00
     986    40.909      33.333      0.0000        0.00    0.00    0.00
     987    40.909      34.848      0.0000        0.00    0.00    0.00
     988    40.909      36.364      0.0000        0.00    0.00    0.00
     989    40.909      37.879      0.0000        0.00    0.00    0.00
     990    40.909      39.394      0.0000        0.00    0.00    0.00
     991    40.909      40.909      0.0000        0.00    0.00    0.00
     992    40.909      42.424      0.0000        0.00    0.00    0.00
     993    40.909      43.939      0.0000        0.00    0.00    0.00
     994    40.909      45.455      0.0000        0.00    0.00    0.00
     995    40.909      46.970      0.0000        0.00    0.00    0.00
     996    40.909      48.485      0.0000        0.00    0.00    0.00
     997    42.424      1.5152      0.0000        0.00    0.00    0.00
     998    42.424      3.0303      0.0000        0.00    0.00    0.00
     999    42.424      4.5455      0.0000        0.00    0.00    0.00
    1000    42.424      6.0606      0.0000        0.00    0.00    0.00

   NODE        X           Y           Z         THXY    THYZ    THZX
    1001    42.424      7.5758      0.0000        0.00    0.00    0.00
    1002    42.424      9.0909      0.0000        0.00    0.00    0.00
    1003    42.424      10.606      0.0000        0.00    0.00    0.00
    1004    42.424      12.121      0.0000        0.00    0.00    0.00
    1005    42.424      13.636      0.0000        0.00    0.00    0.00
    1006    42.424      15.152      0.0000        0.00    0.00    0.00
    1007    42.424      16.667      0.0000        0.00    0.00    0.00
    1008    42.424      18.182      0.0000        0.00    0.00    0.00
    1009    42.424      19.697      0.0000        0.00    0.00    0.00
    1010    42.424      21.212      0.0000        0.00    0.00    0.00
    1011    42.424      22.727      0.0000        0.00    0.00    0.00
    1012    42.424      24.242      0.0000        0.00    0.00    0.00
    1013    42.424      25.758      0.0000        0.00    0.00    0.00
    1014    42.424      27.273      0.0000        0.00    0.00    0.00
    1015    42.424      28.788      0.0000        0.00    0.00    0.00
    1016    42.424      30.303      0.0000        0.00    0.00    0.00
    1017    42.424      31.818      0.0000        0.00    0.00    0.00
    1018    42.424      33.333      0.0000        0.00    0.00    0.00
    1019    42.424      34.848      0.0000        0.00    0.00    0.00
    1020    42.424      36.364      0.0000        0.00    0.00    0.00

   NODE        X           Y           Z         THXY    THYZ    THZX
    1021    42.424      37.879      0.0000        0.00    0.00    0.00
    1022    42.424      39.394      0.0000        0.00    0.00    0.00
    1023    42.424      40.909      0.0000        0.00    0.00    0.00
    1024    42.424      42.424      0.0000        0.00    0.00    0.00
    1025    42.424      43.939      0.0000        0.00    0.00    0.00
    1026    42.424      45.455      0.0000        0.00    0.00    0.00
    1027    42.424      46.970      0.0000        0.00    0.00    0.00
    1028    42.424      48.485      0.0000        0.00    0.00    0.00
    1029    43.939      1.5152      0.0000        0.00    0.00    0.00
    1030    43.939      3.0303      0.0000        0.00    0.00    0.00
    1031    43.939      4.5455      0.0000        0.00    0.00    0.00
    1032    43.939      6.0606      0.0000        0.00    0.00    0.00
    1033    43.939      7.5758      0.0000        0.00    0.00    0.00
    1034    43.939      9.0909      0.0000        0.00    0.00    0.00
    1035    43.939      10.606      0.0000        0.00    0.00    0.00
    1036    43.939      12.121      0.0000        0.00    0.00    0.00
    1037    43.939      13.636      0.0000        0.00    0.00    0.00
    1038    43.939      15.152      0.0000        0.00    0.00    0.00
    1039    43.939      16.667      0.0000        0.00    0.00    0.00
    1040    43.939      18.182      0.0000        0.00    0.00    0.00

   NODE        X           Y           Z         THXY    THYZ    THZX
    1041    43.939      19.697      0.0000        0.00    0.00    0.00
    1042    43.939      21.212      0.0000        0.00    0.00    0.00
    1043    43.939      22.727      0.0000        0.00    0.00    0.00
    1044    43.939      24.242      0.0000        0.00    0.00    0.00
    1045    43.939      25.758      0.0000        0.00    0.00    0.00
    1046    43.939      27.273      0.0000        0.00    0.00    0.00
    1047    43.939      28.788      0.0000        0.00    0.00    0.00
    1048    43.939      30.303      0.0000        0.00    0.00    0.00
    1049    43.939      31.818      0.0000        0.00    0.00    0.00
    1050    43.939      33.333      0.0000        0.00    0.00    0.00
    1051    43.939      34.848      0.0000        0.00    0.00    0.00
    1052    43.939      36.364      0.0000        0.00    0.00    0.00
    1053    43.939      37.879      0.0000        0.00    0.00    0.00
    1054    43.939      39.394      0.0000        0.00    0.00    0.00
    1055    43.939      40.909      0.0000        0.00    0.00    0.00
    1056    43.939      42.424      0.0000        0.00    0.00    0.00
    1057    43.939      43.939      0.0000        0.00    0.00    0.00
    1058    43.939      45.455      0.0000        0.00    0.00    0.00
    1059    43.939      46.970      0.0000        0.00    0.00    0.00
    1060    43.939      48.485      0.0000        0.00    0.00    0.00

   NODE        X           Y           Z         THXY    THYZ    THZX
    1061    45.455      1.5152      0.0000        0.00    0.00    0.00
    1062    45.455      3.0303      0.0000        0.00    0.00    0.00
    1063    45.455      4.5455      0.0000        0.00    0.00    0.00
    1064    45.455      6.0606      0.0000        0.00    0.00    0.00
    1065    45.455      7.5758      0.0000        0.00    0.00    0.00
    1066    45.455      9.0909      0.0000        0.00    0.00    0.00
    1067    45.455      10.606      0.0000        0.00    0.00    0.00
    1068    45.455      12.121      0.0000        0.00    0.00    0.00
    1069    45.455      13.636      0.0000        0.00    0.00    0.00
    1070    45.455      15.152      0.0000        0.00    0.00    0.00
    1071    45.455      16.667      0.0000        0.00    0.00    0.00
    1072    45.455      18.182      0.0000        0.00    0.00    0.00
    1073    45.455      19.697      0.0000        0.00    0.00    0.00
    1074    45.455      21.212      0.0000        0.00    0.00    0.00
    1075    45.455      22.727      0.0000        0.00    0.00    0.00
    1076    45.455      24.242      0.0000        0.00    0.00    0.00
    1077    45.455      25.758      0.0000        0.00    0.00    0.00
    1078    45.455      27.273      0.0000        0.00    0.00    0.00
    1079    45.455      28.788      0.0000        0.00    0.00    0.00
    1080    45.455      30.303      0.0000        0.00    0.00    0.00

   NODE        X           Y           Z         THXY    THYZ    THZX
    1081    45.455      31.818      0.0000        0.00    0.00    0.00
    1082    45.455      33.333      0.0000        0.00    0.00    0.00
    1083    45.455      34.848      0.0000        0.00    0.00    0.00
    1084    45.455      36.364      0.0000        0.00    0.00    0.00
    1085    45.455      37.879      0.0000        0.00    0.00    0.00
    1086    45.455      39.394      0.0000        0.00    0.00    0.00
    1087    45.455      40.909      0.0000        0.00    0.00    0.00
    1088    45.455      42.424      0.0000        0.00    0.00    0.00
    1089    45.455      43.939      0.0000        0.00    0.00    0.00
    1090    45.455      45.455      0.0000        0.00    0.00    0.00
    1091    45.455      46.970      0.0000        0.00    0.00    0.00
    1092    45.455      48.485      0.0000        0.00    0.00    0.00
    1093    46.970      1.5152      0.0000        0.00    0.00    0.00
    1094    46.970      3.0303      0.0000        0.00    0.00    0.00
    1095    46.970      4.5455      0.0000        0.00    0.00    0.00
    1096    46.970      6.0606      0.0000        0.00    0.00    0.00
    1097    46.970      7.5758      0.0000        0.00    0.00    0.00
    1098    46.970      9.0909      0.0000        0.00    0.00    0.00
    1099    46.970      10.606      0.0000        0.00    0.00    0.00
    1100    46.970      12.121      0.0000        0.00    0.00    0.00

   NODE        X           Y           Z         THXY    THYZ    THZX
    1101    46.970      13.636      0.0000        0.00    0.00    0.00
    1102    46.970      15.152      0.0000        0.00    0.00    0.00
    1103    46.970      16.667      0.0000        0.00    0.00    0.00
    1104    46.970      18.182      0.0000        0.00    0.00    0.00
    1105    46.970      19.697      0.0000        0.00    0.00    0.00
    1106    46.970      21.212      0.0000        0.00    0.00    0.00
    1107    46.970      22.727      0.0000        0.00    0.00    0.00
    1108    46.970      24.242      0.0000        0.00    0.00    0.00
    1109    46.970      25.758      0.0000        0.00    0.00    0.00
    1110    46.970      27.273      0.0000        0.00    0.00    0.00
    1111    46.970      28.788      0.0000        0.00    0.00    0.00
    1112    46.970      30.303      0.0000        0.00    0.00    0.00
    1113    46.970      31.818      0.0000        0.00    0.00    0.00
    1114    46.970      33.333      0.0000        0.00    0.00    0.00
    1115    46.970      34.848      0.0000        0.00    0.00    0.00
    1116    46.970      36.364      0.0000        0.00    0.00    0.00
    1117    46.970      37.879      0.0000        0.00    0.00    0.00
    1118    46.970      39.394      0.0000        0.00    0.00    0.00
    1119    46.970      40.909      0.0000        0.00    0.00    0.00
    1120    46.970      42.424      0.0000        0.00    0.00    0.00

   NODE        X           Y           Z         THXY    THYZ    THZX
    1121    46.970      43.939      0.0000        0.00    0.00    0.00
    1122    46.970      45.455      0.0000        0.00    0.00    0.00
    1123    46.970      46.970      0.0000        0.00    0.00    0.00
    1124    46.970      48.485      0.0000        0.00    0.00    0.00
    1125    48.485      1.5152      0.0000        0.00    0.00    0.00
    1126    48.485      3.0303      0.0000        0.00    0.00    0.00
    1127    48.485      4.5455      0.0000        0.00    0.00    0.00
    1128    48.485      6.0606      0.0000        0.00    0.00    0.00
    1129    48.485      7.5758      0.0000        0.00    0.00    0.00
    1130    48.485      9.0909      0.0000        0.00    0.00    0.00
    1131    48.485      10.606      0.0000        0.00    0.00    0.00
    1132    48.485      12.121      0.0000        0.00    0.00    0.00
    1133    48.485      13.636      0.0000        0.00    0.00    0.00
    1134    48.485      15.152      0.0000        0.00    0.00    0.00
    1135    48.485      16.667      0.0000        0.00    0.00    0.00
    1136    48.485      18.182      0.0000        0.00    0.00    0.00
    1137    48.485      19.697      0.0000        0.00    0.00    0.00
    1138    48.485      21.212      0.0000        0.00    0.00    0.00
    1139    48.485      22.727      0.0000        0.00    0.00    0.00
    1140    48.485      24.242      0.0000        0.00    0.00    0.00

   NODE        X           Y           Z         THXY    THYZ    THZX
    1141    48.485      25.758      0.0000        0.00    0.00    0.00
    1142    48.485      27.273      0.0000        0.00    0.00    0.00
    1143    48.485      28.788      0.0000        0.00    0.00    0.00
    1144    48.485      30.303      0.0000        0.00    0.00    0.00
    1145    48.485      31.818      0.0000        0.00    0.00    0.00
    1146    48.485      33.333      0.0000        0.00    0.00    0.00
    1147    48.485      34.848      0.0000        0.00    0.00    0.00
    1148    48.485      36.364      0.0000        0.00    0.00    0.00
    1149    48.485      37.879      0.0000        0.00    0.00    0.00
    1150    48.485      39.394      0.0000        0.00    0.00    0.00
    1151    48.485      40.909      0.0000        0.00    0.00    0.00
    1152    48.485      42.424      0.0000        0.00    0.00    0.00
    1153    48.485      43.939      0.0000        0.00    0.00    0.00
    1154    48.485      45.455      0.0000        0.00    0.00    0.00
    1155    48.485      46.970      0.0000        0.00    0.00    0.00
    1156    48.485      48.485      0.0000        0.00    0.00    0.00

