
 PRINT F    SUMMED NODAL LOADS
 
  ***** POST1 SUMMED TOTAL NODAL LOADS LISTING *****                           
 
  LOAD STEP=     1  SUBSTEP=     1                                             
   TIME=    1.0000      LOAD CASE=   0                                         
 
  THE FOLLOWING X,Y,Z SOLUTIONS ARE IN THE GLOBAL COORDINATE SYSTEM            
 
    NODE      FX          FY    
       1  -3626.0     -8552.2    
       2   3626.0     -8552.2    
       3  -2454.6     -18470.    
       4  -2439.7     -7975.0    
       5  -3263.6     -15334.    
       6  -1368.5     -7111.4    
       7  -2663.3     -14062.    
       8  -1236.9     -6865.8    
       9  -2333.0     -13535.    
      10  -1077.2     -6671.1    
      11  -2034.7     -13235.    
      12  -948.34     -6561.1    
      13  -1784.9     -13049.    
      14  -832.77     -6487.7    
      15  -1564.1     -12926.    
      16  -729.23     -6437.9    
      17  -1365.0     -12841.    
      18  -634.52     -6402.6    
      19  -1182.0     -12780.    
      20  -546.74     -6377.1    
      21  -1011.6     -12735.    
      22  -464.42     -6358.2    
      23  -851.16     -12702.    
      24  -386.44     -6344.2    
      25  -698.52     -12678.    
      26  -311.89     -6333.7    
      27  -551.99     -12660.    
      28  -239.98     -6326.1    
      29  -410.11     -12647.    
      30  -170.05     -6320.7    
      31  -271.59     -12638.    
      32  -101.49     -6317.3    
      33  -135.25     -12633.    
      34  -33.741     -6315.7    
      35              -12631.    
      36   33.741     -6315.7    
      37   135.25     -12633.    
 
  ***** POST1 SUMMED TOTAL NODAL LOADS LISTING *****                           
 
  LOAD STEP=     1  SUBSTEP=     1                                             
   TIME=    1.0000      LOAD CASE=   0                                         
 
  THE FOLLOWING X,Y,Z SOLUTIONS ARE IN THE GLOBAL COORDINATE SYSTEM            
 
    NODE      FX          FY    
      38   101.49     -6317.3    
      39   271.59     -12638.    
      40   170.05     -6320.7    
      41   410.11     -12647.    
      42   239.98     -6326.1    
      43   551.99     -12660.    
      44   311.89     -6333.7    
      45   698.52     -12678.    
      46   386.44     -6344.2    
      47   851.16     -12702.    
      48   464.42     -6358.2    
      49   1011.6     -12735.    
      50   546.74     -6377.1    
      51   1182.0     -12780.    
      52   634.52     -6402.6    
      53   1365.0     -12841.    
      54   729.23     -6437.9    
      55   1564.1     -12926.    
      56   832.77     -6487.7    
      57   1784.9     -13049.    
      58   948.34     -6561.1    
      59   2034.7     -13235.    
      60   1077.2     -6671.1    
      61   2333.0     -13535.    
      62   1236.9     -6865.8    
      63   2663.3     -14062.    
      64   1368.5     -7111.4    
      65   3263.6     -15334.    
      66   2439.7     -7975.0    
      67   2454.6     -18470.    
      68               10000.    
     134               10000.    
     135               10000.    
     136               10000.    
     137               10000.    
     138               10000.    
     139               10000.    
 
  ***** POST1 SUMMED TOTAL NODAL LOADS LISTING *****                           
 
  LOAD STEP=     1  SUBSTEP=     1                                             
   TIME=    1.0000      LOAD CASE=   0                                         
 
  THE FOLLOWING X,Y,Z SOLUTIONS ARE IN THE GLOBAL COORDINATE SYSTEM            
 
    NODE      FX          FY    
     140               10000.    
     141               10000.    
     142               10000.    
     143               10000.    
     144               10000.    
     145               10000.    
     146               10000.    
     147               10000.    
     148               10000.    
     149               10000.    
     150               10000.    
     151               10000.    
     152               10000.    
     153               10000.    
     154               10000.    
     155               10000.    
     156               10000.    
     157               10000.    
     158               10000.    
     159               10000.    
     160               10000.    
     161               10000.    
     162               10000.    
     163               10000.    
     164               10000.    
     165               10000.    
     166               10000.    
     167               10000.    
     168               10000.    
     169               10000.    
     170               10000.    
     171               10000.    
     172               10000.    
     173               10000.    
     174               10000.    
     175               10000.    
     176               10000.    
 
  ***** POST1 SUMMED TOTAL NODAL LOADS LISTING *****                           
 
  LOAD STEP=     1  SUBSTEP=     1                                             
   TIME=    1.0000      LOAD CASE=   0                                         
 
  THE FOLLOWING X,Y,Z SOLUTIONS ARE IN THE GLOBAL COORDINATE SYSTEM            
 
    NODE      FX          FY    
     177               10000.    
     178               10000.    
     179               10000.    
     180               10000.    
     181               10000.    
     182               10000.    
     183               10000.    
     184               10000.    
     185               10000.    
     186               10000.    
     187               10000.    
     188               10000.    
     189               10000.    
     190               10000.    
     191               10000.    
     192               10000.    
     193               10000.    
     194               10000.    
     195               10000.    
     196               10000.    
     197               10000.    
     198               10000.    
     199               10000.    

 TOTAL VALUES
 VALUE  -0.15198E-06 0.88570E-06

