
 PRINT EPTO NODAL SOLUTION PER NODE
 
  ***** POST1 NODAL TOTAL STRAIN LISTING *****                                 
  PowerGraphics Is Currently Enabled                                           
 
  LOAD STEP=     1  SUBSTEP=     1                                             
   TIME=    1.0000      LOAD CASE=   0                                         
  NODAL RESULTS ARE FOR MATERIAL   1                                           
 
  THE FOLLOWING X,Y,Z VALUES ARE IN GLOBAL COORDINATES                         
 
    NODE    EPTOX       EPTOY       EPTOZ       EPTOXY      EPTOYZ      EPTOXZ  
       1  0.20000E-02-0.34694E-19  0.0000    -0.58616E-18  0.0000      0.0000    
       2  0.20000E-02-0.79077E-19  0.0000    -0.61265E-18  0.0000      0.0000    
       3  0.20000E-02-0.50307E-18  0.0000    -0.74207E-18  0.0000      0.0000    
       4  0.20000E-02 0.10408E-18  0.0000    -0.11383E-18  0.0000      0.0000    
       5  0.20000E-02-0.34694E-19  0.0000    -0.23585E-19  0.0000      0.0000    
       6  0.20000E-02-0.41633E-18  0.0000    -0.20677E-18  0.0000      0.0000    
       7  0.20000E-02 0.24286E-18  0.0000     0.31412E-18  0.0000      0.0000    
       8  0.20000E-02 0.96883E-20  0.0000     0.68388E-18  0.0000      0.0000    
       9  0.20000E-02-0.32960E-18  0.0000     0.60971E-18  0.0000      0.0000    

 MINIMUM VALUES
 NODE          1           3           1           3           1           1
 VALUE   0.20000E-02-0.50307E-18  0.0000    -0.74207E-18  0.0000      0.0000    

 MAXIMUM VALUES
 NODE          1           7           1           8           1           1
 VALUE   0.20000E-02 0.24286E-18  0.0000     0.68388E-18  0.0000      0.0000    

