
 PRINT F    SUMMED NODAL LOADS
 
  ***** POST1 SUMMED TOTAL NODAL LOADS LISTING *****                           
 
  LOAD STEP=     1  SUBSTEP=     1                                             
   TIME=    1.0000      LOAD CASE=   0                                         
 
  THE FOLLOWING X,Y,Z SOLUTIONS ARE IN THE GLOBAL COORDINATE SYSTEM            
 
    NODE      FX          FY          FZ    
       1   8789.5     -11244.      24904.    
       2  -7689.3     -7292.9     -18404.    
       3   9583.8     -6984.3      19013.    
       4   9309.5     -6700.6      16068.    
       5   7155.8     -5920.9      13517.    
       6   6030.5     -5138.8      10723.    
       7   4598.0     -5107.1      8838.0    
       8   3656.3     -4723.7      6672.2    
       9   2897.3     -4313.8      5060.3    
      10   2122.3     -4151.6      3717.9    
      11   1293.5     -4047.0      2336.0    
      12   606.12     -3887.3      1085.3    
      13   135.16     -4180.9      79.484    
      14  -680.96     -3425.4     -1379.7    
      15  -1056.9     -3409.8     -2403.5    
      16  -1886.3     -3813.6     -3647.9    
      17  -2380.7     -3349.5     -4805.6    
      18  -3127.9     -3117.3     -6094.0    
      19  -3846.0     -3018.8     -7766.6    
      20  -4634.0     -3011.9     -8795.1    
      21  -5300.0     -2823.7     -10637.    
      22  -6513.0     -2629.7     -12356.    
      23  -7615.4     -2492.3     -14387.    
      24  -8736.9     -2307.1     -17281.    
      25  -9949.7     -2310.8     -19714.    
      26  -11820.     -3174.6     -21686.    
      27  -8725.7     -11403.      24935.    
      28  -207.09     -23661.      42002.    
      29  -2530.9     -23403.      43172.    
      30  -18.799     -23963.      47399.    
      31  -945.78     -23975.      46251.    
      32  -356.65     -24104.      46073.    
      33  -446.88     -24077.      45698.    
      34  -1278.8     -24267.      46200.    
      35  -516.93     -23822.      45467.    
      36  -1529.2     -28911.      50496.    
      37   690.28     -24208.      48744.    
 
  ***** POST1 SUMMED TOTAL NODAL LOADS LISTING *****                           
 
  LOAD STEP=     1  SUBSTEP=     1                                             
   TIME=    1.0000      LOAD CASE=   0                                         
 
  THE FOLLOWING X,Y,Z SOLUTIONS ARE IN THE GLOBAL COORDINATE SYSTEM            
 
    NODE      FX          FY          FZ    
      38   732.27     -23829.      47397.    
      39   361.66     -23893.      47229.    
      40   802.47     -23657.      46920.    
      41   421.62     -23702.      44890.    
      42  -1138.0     -28480.      49826.    
      43  -374.61     -24448.      47324.    
      44   131.81     -24135.      49074.    
      45   485.94     -23953.      46170.    
      46   697.42     -23845.      48775.    
      47   803.13     -24174.      45760.    
      48   1553.3     -23429.      44756.    
      49  -23.938     -28210.      49259.    
      50   2646.2     -22127.      44289.    
      51   353.14     -23329.      40901.    
      52   7858.3     -7571.0     -18917.    
      53   10859.     -2369.0     -20948.    
      54   10387.     -2645.8     -19239.    
      55   8791.8     -2266.9     -17512.    
      56   7604.2     -2497.3     -14360.    
      57   6432.3     -2711.4     -12804.    
      58   5676.3     -2600.3     -10330.    
      59   5469.7     -3483.0     -9702.6    
      60   3842.5     -2955.8     -7541.1    
      61   3089.3     -3129.2     -6213.5    
      62   2440.7     -3202.1     -4860.1    
      63   1758.5     -3409.5     -3642.3    
      64   1180.1     -3460.7     -2508.5    
      65   527.61     -3717.2     -1213.6    
      66  -240.98     -4179.8      191.84    
      67  -293.22     -4201.1      791.83    
      68  -1337.8     -3915.1      2333.4    
      69  -2044.9     -4081.6      3742.8    
      70  -3357.4     -4895.4      5826.3    
      71  -3423.8     -4687.7      6596.2    
      72  -4616.6     -4655.8      8763.3    
      73  -5905.2     -5142.5      10440.    
      74  -6996.6     -5733.1      13556.    
 
  ***** POST1 SUMMED TOTAL NODAL LOADS LISTING *****                           
 
  LOAD STEP=     1  SUBSTEP=     1                                             
   TIME=    1.0000      LOAD CASE=   0                                         
 
  THE FOLLOWING X,Y,Z SOLUTIONS ARE IN THE GLOBAL COORDINATE SYSTEM            
 
    NODE      FX          FY          FZ    
      75  -8943.9     -6478.8      15609.    
      76  -9447.0     -6695.4      18338.    
      77  -2127.9     -14351.     -26336.    
      78  -3248.7     -14096.     -28951.    
      79  -1727.9     -15375.     -31561.    
      80  -2139.8     -15353.     -31550.    
      81  -1457.7     -15315.     -31463.    
      82  -1485.6     -15648.     -32171.    
      83  -745.01     -15692.     -32205.    
      84  -448.08     -15502.     -32156.    
      85   329.47     -15473.     -31661.    
      86  -1058.2     -18659.     -34296.    
      87   287.59     -15950.     -32858.    
      88  -85.523     -15750.     -32457.    
      89  -354.57     -15824.     -32853.    
      90   914.07     -18668.     -33999.    
      91  -458.67     -15673.     -31526.    
      92   288.11     -15659.     -32938.    
      93   543.48     -15568.     -32016.    
      94   968.19     -15740.     -32000.    
      95   989.04     -15752.     -31865.    
      96   1322.1     -15601.     -31718.    
      97   2138.6     -15234.     -30664.    
      98   1320.7     -18125.     -32989.    
      99   3604.9     -14294.     -29460.    
     100   2176.8     -14297.     -26160.    
     101   3299.1     -5677.3     -28272.    
     102   5671.7     -2803.7     -27343.    
     103   3450.2     -8251.7     -32282.    
     104   2713.1     -7002.4     -31174.    
     105   2156.4     -7151.1     -31299.    
     106   866.94     -6361.2     -30462.    
     107   2111.7     -5978.7     -30392.    
     108   454.71     -6438.8     -30712.    
     109   2259.1     -7313.1     -31254.    
     110   122.92     -6800.1     -33534.    
     111   128.19     -2534.9     -29359.    
 
  ***** POST1 SUMMED TOTAL NODAL LOADS LISTING *****                           
 
  LOAD STEP=     1  SUBSTEP=     1                                             
   TIME=    1.0000      LOAD CASE=   0                                         
 
  THE FOLLOWING X,Y,Z SOLUTIONS ARE IN THE GLOBAL COORDINATE SYSTEM            
 
    NODE      FX          FY          FZ    
     112   49.906     -6634.0     -31091.    
     113   238.02     -7393.2     -31372.    
     114  -464.28     -4197.7     -28297.    
     115  -797.19     -8280.8     -33188.    
     116  -1203.7     -6954.4     -31590.    
     117  -2342.2     -5777.4     -30304.    
     118  -1568.8     -4376.0     -29356.    
     119  -1196.7     -6094.9     -30552.    
     120  -2382.5     -6515.0     -31006.    
     121  -4345.8     -7251.0     -30954.    
     122  -5137.1     -6811.8     -31694.    
     123  -3223.6     -5646.4     -28357.    
     124  -3390.7     -11006.      23654.    
     125  -3842.2     -14215.      18933.    
     126  -3977.6     -11778.      15822.    
     127  -2587.9     -11720.      12201.    
     128  -2170.0     -11260.      9037.5    
     129  -1700.8     -10786.      7775.9    
     130  -539.84     -9256.5      4132.2    
     131  -1023.3     -9500.5      3598.2    
     132  -918.20     -9044.2      2395.7    
     133  -267.56     -9295.1      1077.8    
     134   370.28     -8317.5     -1094.0    
     135   420.65     -8453.7     -1784.4    
     136   852.91     -8634.0     -3215.1    
     137   1001.4     -8080.8     -4443.6    
     138   1271.1     -7603.5     -5909.5    
     139   1532.4     -7705.9     -7356.4    
     140   1188.2     -6984.2     -7730.6    
     141   2357.5     -7379.3     -11019.    
     142   2477.7     -7658.1     -12909.    
     143   2878.7     -6801.3     -15427.    
     144   4224.5     -7963.4     -19084.    
     145   3979.6     -5975.7     -22480.    
     146   4296.7     -6045.6     -25722.    
     147   1568.8     -11995.      32972.    
     148   4847.2     -6260.6      30009.    
 
  ***** POST1 SUMMED TOTAL NODAL LOADS LISTING *****                           
 
  LOAD STEP=     1  SUBSTEP=     1                                             
   TIME=    1.0000      LOAD CASE=   0                                         
 
  THE FOLLOWING X,Y,Z SOLUTIONS ARE IN THE GLOBAL COORDINATE SYSTEM            
 
    NODE      FX          FY          FZ    
     149   2835.0     -15506.      39189.    
     150   1213.2     -13341.      37241.    
     151  -1822.4     -12289.      35716.    
     152   2431.8     -9115.6      32412.    
     153   246.86     -9965.6      34063.    
     154   3455.6     -12034.      35364.    
     155  -414.42     -7577.8      30930.    
     156   804.47     -15344.      39827.    
     157  -1420.9     -13000.      36847.    
     158   121.93     -12112.      36202.    
     159  -1163.6     -12271.      35682.    
     160  -1358.1     -12962.      35838.    
     161  -634.92     -5351.8      29065.    
     162   1426.3     -12276.      37143.    
     163  -1231.7     -13387.      37020.    
     164  -2143.9     -11335.      36062.    
     165  -222.20     -11112.      37188.    
     166  -1637.7     -13647.      37705.    
     167  -4484.9     -13266.      36811.    
     168  -2552.2     -10933.      38424.    
     169  -3196.3     -10762.      33032.    
     170  -2526.4     -5647.3     -23837.    
     171  -4736.7     -6663.6     -22391.    
     172  -4234.0     -7877.2     -18992.    
     173  -3485.2     -6477.5     -15421.    
     174  -2340.1     -7418.5     -12757.    
     175  -2428.0     -7414.3     -10946.    
     176  -2233.8     -6774.9     -8768.3    
     177  -1541.6     -8136.9     -7261.1    
     178  -1357.2     -7619.9     -5883.1    
     179  -1127.4     -7212.2     -4738.2    
     180  -878.15     -8544.1     -3243.6    
     181  -620.33     -8752.1     -1910.6    
     182  -324.90     -8992.8     -829.06    
     183   863.32     -8982.5      1205.6    
     184   608.30     -9536.2      2258.3    
     185   634.08     -9573.1      3563.3    
 
  ***** POST1 SUMMED TOTAL NODAL LOADS LISTING *****                           
 
  LOAD STEP=     1  SUBSTEP=     1                                             
   TIME=    1.0000      LOAD CASE=   0                                         
 
  THE FOLLOWING X,Y,Z SOLUTIONS ARE IN THE GLOBAL COORDINATE SYSTEM            
 
    NODE      FX          FY          FZ    
     186   1597.2     -9611.2      5048.1    
     187   1504.8     -10740.      7286.2    
     188   2099.2     -10023.      9372.2    
     189   2929.1     -11795.      11555.    
     190   3299.5     -13789.      16395.    
     191   4102.4     -12701.      20171.    
     192   3438.4     -13032.      25343.    
     193   5877.7     -9076.3     -30528.    
     194   4498.9     -6278.8     -23852.    
     195   3078.1     -5742.7     -23711.    
     196   2437.4     -7212.2     -24716.    
     197   1069.9     -6339.4     -24420.    
     198   1621.9     -8003.9     -25752.    
     199   1215.7     -5706.4     -23397.    
     200   1006.5     -7794.7     -24614.    
     201   196.66     -5169.4     -22272.    
     202   431.42     -8552.9     -23818.    
     203   82.019     -7315.0     -24300.    
     204   834.77     -7660.3     -24771.    
     205  -952.09     -4893.5     -23615.    
     206  -781.63     -6461.3     -24712.    
     207  -1054.5     -5482.2     -22930.    
     208  -1159.2     -6253.3     -23314.    
     209  -1497.8     -9568.2     -25954.    
     210  -1540.6     -8948.5     -25997.    
     211  -2564.9     -6644.6     -24518.    
     212  -3487.3     -6408.0     -23962.    
     213  -2767.4     -5528.0     -22559.    
     214  -7044.9     -8995.0     -30605.    
     215  -5156.1     -18525.      30475.    
     216  -2969.3     -13137.      18118.    
     217  -2819.2     -10829.      12770.    
     218  -2377.3     -10829.      9993.6    
     219  -2142.6     -10317.      7828.8    
     220  -1615.3     -10731.      6735.7    
     221  -1243.8     -9498.9      4127.4    
     222  -585.16     -9490.5      2904.1    
 
  ***** POST1 SUMMED TOTAL NODAL LOADS LISTING *****                           
 
  LOAD STEP=     1  SUBSTEP=     1                                             
   TIME=    1.0000      LOAD CASE=   0                                         
 
  THE FOLLOWING X,Y,Z SOLUTIONS ARE IN THE GLOBAL COORDINATE SYSTEM            
 
    NODE      FX          FY          FZ    
     223  -398.07     -9198.5      1513.2    
     224  -92.553     -9049.2      452.87    
     225   292.54     -8731.6     -960.58    
     226   31.125     -8728.6     -1844.8    
     227   1213.8     -7680.7     -3662.3    
     228   1071.7     -8374.5     -4448.7    
     229   1622.9     -7883.3     -5945.7    
     230   1807.9     -7119.1     -7280.0    
     231   2089.2     -7507.7     -9461.8    
     232   2983.9     -7523.7     -11516.    
     233   3395.6     -7422.5     -13614.    
     234   4798.2     -6807.3     -16403.    
     235   3789.4     -7416.7     -18923.    
     236   5125.6     -17456.      31516.    
     237   3540.8     -11344.      25981.    
     238   2923.1     -10036.      25033.    
     239   945.54     -12651.      26720.    
     240  -155.26     -16244.      28862.    
     241   701.64     -16786.      30381.    
     242   781.61     -15902.      27359.    
     243   92.158     -10899.      24827.    
     244   1302.2     -13425.      28081.    
     245  -916.54     -12195.      26527.    
     246  -31.217     -13260.      26234.    
     247  -65.286     -12804.      26170.    
     248   584.43     -11384.      25228.    
     249  -818.44     -13572.      27363.    
     250   585.31     -15274.      28848.    
     251   1199.8     -11577.      25585.    
     252  -1298.1     -12138.      26653.    
     253  -1399.1     -16085.      29132.    
     254   160.24     -13114.      27298.    
     255  -4006.9     -13180.      26017.    
     256  -2870.5     -13033.      25588.    
     257  -3711.2     -7366.4     -18590.    
     258  -3266.2     -6828.6     -15667.    
     259  -3361.8     -7261.2     -13970.    
 
  ***** POST1 SUMMED TOTAL NODAL LOADS LISTING *****                           
 
  LOAD STEP=     1  SUBSTEP=     1                                             
   TIME=    1.0000      LOAD CASE=   0                                         
 
  THE FOLLOWING X,Y,Z SOLUTIONS ARE IN THE GLOBAL COORDINATE SYSTEM            
 
    NODE      FX          FY          FZ    
     260  -2703.5     -7443.4     -11473.    
     261  -2084.0     -8078.2     -9363.9    
     262  -2199.9     -7246.0     -7459.7    
     263  -1080.5     -7903.1     -5684.1    
     264  -1144.4     -8259.6     -4700.9    
     265  -1088.4     -8261.4     -3474.9    
     266   110.75     -8475.5     -1599.9    
     267  -188.55     -8726.6     -905.44    
     268  -170.49     -8771.0     -3.7817    
     269   338.84     -8684.6      1271.2    
     270   996.26     -9709.5      3211.2    
     271   959.31     -9304.6      4173.4    
     272   1380.1     -10890.      6537.1    
     273   2180.1     -11148.      8569.9    
     274   2226.1     -12599.      11355.    
     275   3429.3     -11037.      13443.    
     276   2952.0     -13161.      17971.    
     277   2936.3     -5064.8     -14944.    
     278   2460.3     -7774.2     -19358.    
     279   2780.2     -6414.1     -20536.    
     280   1913.6     -6141.0     -19692.    
     281   1564.7     -8510.0     -20172.    
     282   1336.4     -8121.4     -19985.    
     283   757.03     -7092.5     -20004.    
     284   507.37     -7669.7     -19514.    
     285   320.24     -7424.1     -19616.    
     286   349.62     -7336.7     -19725.    
     287   14.338     -7854.0     -19895.    
     288  -475.52     -6012.2     -18982.    
     289  -261.21     -8178.8     -19867.    
     290  -722.82     -8323.3     -19680.    
     291  -766.93     -7731.6     -20343.    
     292  -1189.7     -6488.9     -19344.    
     293  -1920.9     -7773.4     -19708.    
     294  -2054.1     -7391.5     -19864.    
     295  -2737.5     -7496.2     -21050.    
     296  -2462.0     -7899.8     -19810.    
 
  ***** POST1 SUMMED TOTAL NODAL LOADS LISTING *****                           
 
  LOAD STEP=     1  SUBSTEP=     1                                             
   TIME=    1.0000      LOAD CASE=   0                                         
 
  THE FOLLOWING X,Y,Z SOLUTIONS ARE IN THE GLOBAL COORDINATE SYSTEM            
 
    NODE      FX          FY          FZ    
     297  -2639.2     -4627.8     -14250.    
     298  -2389.7     -8860.4      13526.    
     299  -2205.1     -12119.      15413.    
     300  -1870.3     -12233.      13235.    
     301  -1594.7     -11049.      9640.7    
     302  -1491.8     -10878.      7448.6    
     303  -843.96     -10240.      5541.7    
     304  -743.36     -9640.4      3839.2    
     305  -551.03     -9605.8      2566.1    
     306  -244.75     -9349.8      1169.3    
     307   73.547     -8973.0     -132.61    
     308   273.39     -8960.9     -1190.1    
     309   571.49     -8412.5     -2540.9    
     310   836.64     -8422.9     -3721.2    
     311   1033.8     -7918.7     -4978.3    
     312   1546.3     -8137.7     -6501.6    
     313   1520.6     -7782.0     -7870.2    
     314   2204.1     -8153.3     -10253.    
     315   2843.1     -8248.3     -12981.    
     316   1605.1     -7491.3     -15714.    
     317   3620.2     -7292.4     -17525.    
     318   2120.4     -8956.2      13986.    
     319   1700.3     -13479.      19752.    
     320   2238.4     -10886.      20206.    
     321   1274.7     -11012.      20330.    
     322   1249.7     -12122.      19235.    
     323   798.68     -10982.      19868.    
     324   925.79     -10988.      19938.    
     325   195.24     -13599.      21373.    
     326  -44.183     -9578.9      18784.    
     327   300.79     -12776.      20676.    
     328  -207.09     -12914.      20855.    
     329  -117.71     -12326.      20598.    
     330  -237.73     -12677.      20549.    
     331  -204.81     -13718.      20728.    
     332  -815.31     -12486.      19998.    
     333  -855.36     -10432.      19815.    
 
  ***** POST1 SUMMED TOTAL NODAL LOADS LISTING *****                           
 
  LOAD STEP=     1  SUBSTEP=     1                                             
   TIME=    1.0000      LOAD CASE=   0                                         
 
  THE FOLLOWING X,Y,Z SOLUTIONS ARE IN THE GLOBAL COORDINATE SYSTEM            
 
    NODE      FX          FY          FZ    
     334  -929.04     -13106.      20751.    
     335  -1083.9     -14338.      22780.    
     336  -1407.0     -9085.9      20347.    
     337  -2563.7     -13529.      20660.    
     338  -3412.8     -7088.1     -16739.    
     339  -2581.3     -8211.7     -16191.    
     340  -2649.7     -8206.2     -12652.    
     341  -2272.7     -8141.8     -10255.    
     342  -1437.2     -7689.1     -8044.6    
     343  -1293.7     -7748.2     -6411.3    
     344  -1235.2     -8280.9     -4954.4    
     345  -980.91     -8398.9     -3786.2    
     346  -699.10     -8395.3     -2593.6    
     347  -355.33     -8858.9     -1228.2    
     348  -74.048     -8951.9     -123.39    
     349   188.64     -9316.0      1318.3    
     350   467.87     -9658.4      2579.8    
     351   858.65     -9872.8      3845.5    
     352   878.99     -9952.3      5510.5    
     353   1520.4     -11244.      7892.0    
     354   2065.0     -12119.      10664.    
     355   1949.9     -12909.      14199.    
     356   2788.2     -12201.      15975.    
     357   3132.1     -10014.     -21735.    
     358   2056.2     -7892.5     -17239.    
     359   1916.5     -7975.3     -17286.    
     360   969.04     -7648.0     -16990.    
     361   1088.2     -7475.2     -17066.    
     362   840.79     -7093.0     -16815.    
     363   351.45     -7342.2     -17014.    
     364   203.45     -7362.3     -16604.    
     365   663.87     -7281.8     -16957.    
     366  -573.08     -7366.0     -16880.    
     367  -212.49     -7414.5     -16677.    
     368  -322.81     -7043.4     -16672.    
     369  -871.75     -7327.8     -16952.    
     370  -949.11     -7010.4     -16629.    
 
  ***** POST1 SUMMED TOTAL NODAL LOADS LISTING *****                           
 
  LOAD STEP=     1  SUBSTEP=     1                                             
   TIME=    1.0000      LOAD CASE=   0                                         
 
  THE FOLLOWING X,Y,Z SOLUTIONS ARE IN THE GLOBAL COORDINATE SYSTEM            
 
    NODE      FX          FY          FZ    
     371  -1136.8     -7787.1     -17379.    
     372  -1965.9     -7981.0     -17542.    
     373  -2141.5     -7729.2     -17247.    
     374  -3143.8     -9964.5     -22128.    
     375  -2681.2     -16120.      20416.    
     376  -1754.7     -11681.      11766.    
     377  -1587.3     -11370.      9132.3    
     378  -1044.8     -10611.      6706.4    
     379  -901.54     -9909.3      4604.3    
     380  -607.38     -9734.0      3288.5    
     381  -290.90     -9324.1      1784.7    
     382  -80.135     -9213.6      708.84    
     383   123.11     -9006.4     -579.55    
     384   464.70     -8604.1     -1932.1    
     385   632.39     -8488.1     -2971.5    
     386   892.73     -8362.6     -4209.6    
     387   1000.5     -8167.8     -5514.6    
     388   1380.4     -7987.0     -7033.9    
     389   1740.3     -8146.0     -9056.5    
     390   2005.8     -8410.4     -11597.    
     391   2567.7     -8684.8     -14822.    
     392   2132.9     -16219.      21060.    
     393   1483.4     -12587.      16839.    
     394   1342.5     -12603.      17359.    
     395   546.18     -12271.      17202.    
     396   439.90     -11617.      16558.    
     397   86.137     -11278.      16079.    
     398   324.99     -12081.      16876.    
     399   192.90     -12131.      17082.    
     400   85.248     -10965.      16387.    
     401  -221.50     -12012.      17045.    
     402   104.83     -12146.      16963.    
     403  -176.06     -10909.      16064.    
     404  -260.75     -11808.      16634.    
     405  -568.48     -11552.      17090.    
     406  -715.68     -12367.      17459.    
     407  -1151.3     -12780.      17967.    
 
  ***** POST1 SUMMED TOTAL NODAL LOADS LISTING *****                           
 
  LOAD STEP=     1  SUBSTEP=     1                                             
   TIME=    1.0000      LOAD CASE=   0                                         
 
  THE FOLLOWING X,Y,Z SOLUTIONS ARE IN THE GLOBAL COORDINATE SYSTEM            
 
    NODE      FX          FY          FZ    
     408  -1592.6     -14289.      18826.    
     409  -2780.6     -8364.9     -14651.    
     410  -2021.3     -8527.3     -11582.    
     411  -1653.8     -7910.1     -8960.5    
     412  -1483.1     -8153.2     -7067.6    
     413  -1354.7     -8266.0     -5702.7    
     414  -771.80     -8296.9     -4238.6    
     415  -605.23     -8482.3     -3047.9    
     416  -274.06     -8737.1     -1655.9    
     417  -177.28     -8980.8     -598.93    
     418   65.908     -9153.6      607.81    
     419   446.40     -9438.8      1934.6    
     420   562.86     -9769.8      3289.0    
     421   955.61     -10022.      4553.2    
     422   1205.3     -10908.      6917.2    
     423   1459.1     -11846.      9250.6    
     424   1708.4     -13214.      13438.    
     425   1989.2     -5937.9     -11978.    
     426   1755.9     -7428.0     -14349.    
     427   1224.3     -7673.9     -14565.    
     428   991.03     -7734.7     -14948.    
     429   807.04     -7497.6     -14458.    
     430   550.47     -7507.5     -14252.    
     431   385.67     -7442.1     -14150.    
     432   309.57     -7394.1     -14210.    
     433  -25.857     -7068.9     -13743.    
     434  -226.76     -7484.0     -14289.    
     435  -460.26     -7474.4     -14194.    
     436  -532.72     -7464.1     -14159.    
     437  -865.91     -7461.4     -14450.    
     438  -1003.3     -7810.9     -15046.    
     439  -1270.6     -7598.5     -14509.    
     440  -1851.5     -7456.3     -14646.    
     441  -1611.2     -6401.6     -11863.    
     442  -1530.9     -9282.4      10452.    
     443  -1432.3     -10862.      9945.8    
     444  -922.25     -10931.      8003.8    
 
  ***** POST1 SUMMED TOTAL NODAL LOADS LISTING *****                           
 
  LOAD STEP=     1  SUBSTEP=     1                                             
   TIME=    1.0000      LOAD CASE=   0                                         
 
  THE FOLLOWING X,Y,Z SOLUTIONS ARE IN THE GLOBAL COORDINATE SYSTEM            
 
    NODE      FX          FY          FZ    
     445  -856.35     -10673.      6271.7    
     446  -621.20     -10010.      4230.9    
     447  -372.04     -9618.4      2751.9    
     448  -128.99     -9344.5      1380.7    
     449   42.145     -9143.8      218.04    
     450   243.92     -8845.8     -1086.8    
     451   447.46     -8674.7     -2287.5    
     452   662.09     -8448.2     -3545.8    
     453   905.91     -8392.2     -4890.5    
     454   1112.1     -8248.6     -6476.7    
     455   1162.9     -8090.3     -7874.7    
     456   1762.3     -8052.4     -10029.    
     457   2179.1     -9807.1     -14963.    
     458   1527.2     -9574.3      11072.    
     459   1205.9     -11375.      13351.    
     460   632.34     -11285.      13572.    
     461   602.42     -11907.      14373.    
     462   433.39     -11388.      13952.    
     463   314.18     -11388.      13865.    
     464   82.642     -11253.      13641.    
     465   117.92     -11272.      13644.    
     466  -72.035     -11239.      13658.    
     467  -16.484     -11202.      13643.    
     468  -177.45     -11315.      13774.    
     469  -109.13     -11021.      13635.    
     470  -581.09     -11637.      14342.    
     471  -417.64     -11311.      13591.    
     472  -968.35     -12040.      14128.    
     473  -1136.6     -14613.      16368.    
     474  -2032.3     -9520.1     -15084.    
     475  -1689.9     -7996.4     -9968.2    
     476  -1358.5     -8076.8     -8012.8    
     477  -1174.3     -8254.7     -6485.2    
     478  -707.58     -8441.8     -4824.6    
     479  -679.68     -8563.0     -3539.5    
     480  -408.46     -8495.5     -2238.5    
     481  -253.98     -8854.6     -1134.8    
 
  ***** POST1 SUMMED TOTAL NODAL LOADS LISTING *****                           
 
  LOAD STEP=     1  SUBSTEP=     1                                             
   TIME=    1.0000      LOAD CASE=   0                                         
 
  THE FOLLOWING X,Y,Z SOLUTIONS ARE IN THE GLOBAL COORDINATE SYSTEM            
 
    NODE      FX          FY          FZ    
     482  -13.662     -9016.0      126.54    
     483   140.60     -9357.6      1386.8    
     484   359.56     -9469.0      2487.5    
     485   647.19     -10269.      4482.8    
     486   748.93     -10280.      5796.7    
     487   1063.2     -11160.      8339.4    
     488   1557.0     -13948.      13418.    
     489   1692.8     -8032.4     -13285.    
     490   1146.5     -8432.2     -13603.    
     491   809.15     -7865.4     -12515.    
     492   669.30     -7614.8     -12365.    
     493   508.87     -7486.1     -12206.    
     494   210.93     -7502.2     -12132.    
     495   66.021     -7525.1     -12048.    
     496  -91.919     -7480.9     -12051.    
     497  -264.01     -7383.0     -12102.    
     498  -472.25     -7559.9     -12158.    
     499  -647.68     -7585.0     -12305.    
     500  -783.73     -7880.1     -12518.    
     501  -1083.8     -8496.5     -13620.    
     502  -1729.5     -8130.6     -13333.    
     503  -1305.0     -11579.      10191.    
     504  -810.19     -11627.      7994.1    
     505  -611.78     -10384.      5411.1    
     506  -454.12     -9921.4      3630.2    
     507  -266.14     -9433.9      2119.2    
     508  -48.223     -9212.3      835.45    
     509   236.77     -9016.8     -408.29    
     510   279.21     -8769.1     -1597.9    
     511   477.78     -8594.1     -2830.7    
     512   658.35     -8485.7     -4170.2    
     513   879.94     -8585.3     -5764.9    
     514   1066.1     -8288.1     -7422.2    
     515   1161.4     -8064.2     -8946.8    
     516   1041.8     -6348.0     -8271.7    
     517   1216.4     -11775.      11954.    
     518   583.76     -12329.      12583.    
 
  ***** POST1 SUMMED TOTAL NODAL LOADS LISTING *****                           
 
  LOAD STEP=     1  SUBSTEP=     1                                             
   TIME=    1.0000      LOAD CASE=   0                                         
 
  THE FOLLOWING X,Y,Z SOLUTIONS ARE IN THE GLOBAL COORDINATE SYSTEM            
 
    NODE      FX          FY          FZ    
     519   484.04     -11283.      11560.    
     520   353.93     -11003.      11411.    
     521   283.81     -10800.      11308.    
     522   105.73     -10752.      11258.    
     523   47.584     -11001.      11307.    
     524  -17.950     -10797.      11170.    
     525  -117.02     -10729.      11154.    
     526  -196.22     -10932.      11354.    
     527  -421.42     -11330.      11670.    
     528  -397.46     -11349.      11652.    
     529  -558.21     -11035.      11008.    
     530  -560.84     -9092.2      9133.7    
     531  -1080.5     -6339.8     -8293.4    
     532  -1098.8     -8069.2     -8902.7    
     533  -1068.2     -8241.1     -7372.3    
     534  -878.33     -8584.1     -5688.6    
     535  -679.64     -8558.1     -4223.8    
     536  -486.45     -8617.4     -2927.1    
     537  -305.34     -8765.5     -1637.6    
     538  -116.55     -8955.4     -423.82    
     539   40.269     -9253.7      870.62    
     540   242.30     -9566.3      2190.2    
     541   398.08     -10187.      3877.6    
     542   631.39     -10436.      5443.4    
     543   760.08     -10518.      7140.0    
     544   556.69     -8753.0      7072.4    
     545   1402.6     -10014.     -12734.    
     546   892.11     -7838.2     -10485.    
     547   642.42     -7807.3     -10427.    
     548   453.39     -7854.1     -10431.    
     549   398.85     -7871.2     -10429.    
     550   165.48     -7789.3     -10294.    
     551  -4.3809     -7808.1     -10304.    
     552  -172.98     -7809.4     -10232.    
     553  -249.03     -7869.4     -10312.    
     554  -513.90     -7815.8     -10490.    
     555  -634.80     -7798.6     -10434.    
 
  ***** POST1 SUMMED TOTAL NODAL LOADS LISTING *****                           
 
  LOAD STEP=     1  SUBSTEP=     1                                             
   TIME=    1.0000      LOAD CASE=   0                                         
 
  THE FOLLOWING X,Y,Z SOLUTIONS ARE IN THE GLOBAL COORDINATE SYSTEM            
 
    NODE      FX          FY          FZ    
     556  -835.64     -8053.3     -10494.    
     557  -1383.1     -10032.     -12758.    
     558  -820.20     -13321.      11016.    
     559  -547.08     -10378.      6435.2    
     560  -419.08     -10060.      4632.7    
     561  -296.53     -9786.0      3022.4    
     562  -229.52     -9481.8      1768.7    
     563  -91.378     -9137.4      493.68    
     564   148.17     -8975.9     -845.15    
     565   457.96     -8708.4     -2324.6    
     566   607.84     -8633.9     -3618.8    
     567   644.53     -8529.1     -4913.1    
     568   825.96     -9041.8     -6892.6    
     569   1053.0     -8593.0     -8689.7    
     570   807.37     -13397.      10957.    
     571   483.03     -10802.      9332.0    
     572   375.92     -10648.      9328.6    
     573   174.95     -10624.      9308.7    
     574   202.36     -10795.      9502.6    
     575   126.15     -10739.      9628.2    
     576  -26.676     -10462.      9309.2    
     577  -116.78     -10718.      9497.1    
     578  -215.39     -10788.      9395.2    
     579  -223.50     -10720.      9355.0    
     580  -394.46     -11545.      9817.0    
     581  -504.28     -11447.      9781.1    
     582  -1040.9     -8622.0     -8634.6    
     583  -834.55     -9029.4     -6915.5    
     584  -654.82     -8502.4     -4957.9    
     585  -419.60     -8677.5     -3444.2    
     586  -284.34     -8791.4     -2132.2    
     587  -114.38     -8905.6     -846.27    
     588   8.8605     -9217.6      456.05    
     589   182.98     -9511.7      1720.3    
     590   259.42     -9779.8      3066.8    
     591   354.46     -10937.      5105.7    
     592   606.03     -10970.      6834.8    
 
  ***** POST1 SUMMED TOTAL NODAL LOADS LISTING *****                           
 
  LOAD STEP=     1  SUBSTEP=     1                                             
   TIME=    1.0000      LOAD CASE=   0                                         
 
  THE FOLLOWING X,Y,Z SOLUTIONS ARE IN THE GLOBAL COORDINATE SYSTEM            
 
    NODE      FX          FY          FZ    
     593   482.70     -6274.5     -6821.5    
     594   665.21     -7799.8     -8629.3    
     595   498.85     -8303.9     -9005.8    
     596   463.47     -8146.2     -9181.7    
     597   124.19     -7572.9     -8765.6    
     598   75.996     -7489.9     -8722.5    
     599  -89.374     -7271.7     -8782.9    
     600  -172.87     -7610.6     -8820.8    
     601  -484.90     -8080.2     -8941.4    
     602  -476.31     -8307.4     -8986.0    
     603  -612.04     -7728.3     -8859.7    
     604  -731.42     -6259.3     -6946.1    
     605  -250.97     -8193.3      5628.0    
     606  -422.03     -9953.9      5484.1    
     607  -147.61     -10128.      4066.9    
     608  -122.75     -10037.      2743.8    
     609   68.649     -9174.5      778.85    
     610   169.92     -8931.5     -344.04    
     611   186.03     -8398.1     -1747.2    
     612   195.39     -8752.9     -2706.6    
     613   443.78     -8587.0     -4211.7    
     614   675.29     -8483.3     -5711.8    
     615   835.08     -10008.     -8963.4    
     616   331.18     -8325.7      5962.1    
     617   327.03     -10191.      7221.5    
     618   162.53     -10661.      7640.8    
     619   248.19     -10728.      7865.2    
     620   98.835     -9955.3      7362.5    
     621  -54.368     -10017.      7461.3    
     622   2.2998     -9783.1      7130.7    
     623  -60.300     -10259.      7586.9    
     624  -182.59     -10614.      7835.2    
     625  -304.59     -10533.      7541.5    
     626  -436.62     -12790.      8638.4    
     627  -849.55     -10073.     -8983.8    
     628  -676.55     -8471.8     -5714.0    
     629  -456.97     -8462.6     -4315.0    
 
  ***** POST1 SUMMED TOTAL NODAL LOADS LISTING *****                           
 
  LOAD STEP=     1  SUBSTEP=     1                                             
   TIME=    1.0000      LOAD CASE=   0                                         
 
  THE FOLLOWING X,Y,Z SOLUTIONS ARE IN THE GLOBAL COORDINATE SYSTEM            
 
    NODE      FX          FY          FZ    
     630  -380.56     -8726.0     -2813.8    
     631  -257.18     -8459.4     -1805.1    
     632  -172.98     -8992.4     -349.72    
     633  -24.152     -9282.2      861.36    
     634   138.90     -9841.4      2644.7    
     635   253.07     -10018.      4033.8    
     636   429.81     -12368.      6947.3    
     637   705.91     -8647.6     -7810.9    
     638   323.82     -8568.6     -8033.9    
     639   249.25     -8202.5     -7512.3    
     640   139.55     -8013.3     -7258.4    
     641   11.508     -7760.1     -7291.1    
     642  -114.14     -8060.1     -7318.4    
     643  -258.46     -8211.7     -7506.0    
     644  -363.84     -8619.7     -8036.9    
     645  -659.24     -8553.4     -7797.0    
     646  -337.99     -10716.      5334.3    
     647  -219.94     -10633.      3589.0    
     648  -112.88     -9568.3      1801.2    
     649  -40.282     -9154.7      379.09    
     650   169.98     -8726.9     -895.53    
     651   239.19     -8911.9     -2198.6    
     652   377.93     -8730.5     -3486.2    
     653   335.08     -8322.6     -4863.0    
     654   481.34     -6505.8     -4879.6    
     655   321.18     -10810.      6288.7    
     656   165.80     -10939.      6507.1    
     657   98.731     -10292.      6129.4    
     658   45.743     -10049.      5947.2    
     659  -4.1571     -10280.      6048.3    
     660  -42.921     -10420.      6145.2    
     661  -120.17     -10375.      6135.7    
     662  -141.77     -9973.1      5700.0    
     663  -293.36     -8009.3      4852.3    
     664  -468.50     -6525.5     -4896.4    
     665  -352.55     -8313.7     -4845.0    
     666  -341.75     -8725.0     -3499.5    
 
  ***** POST1 SUMMED TOTAL NODAL LOADS LISTING *****                           
 
  LOAD STEP=     1  SUBSTEP=     1                                             
   TIME=    1.0000      LOAD CASE=   0                                         
 
  THE FOLLOWING X,Y,Z SOLUTIONS ARE IN THE GLOBAL COORDINATE SYSTEM            
 
    NODE      FX          FY          FZ    
     667  -260.26     -8952.9     -2172.5    
     668  -187.11     -8805.8     -884.44    
     669   24.890     -9333.4      450.74    
     670   91.536     -9545.3      1803.9    
     671   206.21     -9674.6      3155.5    
     672   335.74     -7697.7      3411.4    
     673   474.09     -10296.     -7375.5    
     674   269.83     -8258.6     -6054.9    
     675   158.88     -8206.3     -6004.8    
     676   51.441     -8178.0     -5985.4    
     677  -58.943     -8072.1     -6102.2    
     678  -155.70     -8310.8     -6075.9    
     679  -253.75     -8234.1     -6086.4    
     680  -482.96     -10283.     -7351.9    
     681  -355.30     -12419.      5375.0    
     682  -81.955     -9572.0      2533.4    
     683  -47.100     -9233.8      1145.6    
     684   56.704     -8932.9     -141.15    
     685   238.30     -8631.4     -1659.7    
     686   228.46     -9375.7     -3061.2    
     687   324.45     -9120.5     -4398.8    
     688   334.19     -12216.      5384.2    
     689   124.31     -9862.3      4629.8    
     690   65.444     -9903.2      4647.5    
     691   24.918     -10074.      4708.4    
     692  -27.746     -10576.      4917.6    
     693  -67.201     -11213.      5092.2    
     694  -133.57     -10806.      4878.8    
     695  -331.16     -9022.3     -4324.6    
     696  -253.23     -9547.3     -3106.6    
     697  -229.56     -8567.3     -1591.6    
     698  -52.325     -8929.6     -136.31    
     699   40.966     -9965.9      1276.2    
     700   76.661     -10080.      2643.3    
     701   248.94     -6769.4     -3907.3    
     702   164.12     -8296.0     -4636.0    
     703   87.535     -8410.9     -4741.8    
 
  ***** POST1 SUMMED TOTAL NODAL LOADS LISTING *****                           
 
  LOAD STEP=     1  SUBSTEP=     1                                             
   TIME=    1.0000      LOAD CASE=   0                                         
 
  THE FOLLOWING X,Y,Z SOLUTIONS ARE IN THE GLOBAL COORDINATE SYSTEM            
 
    NODE      FX          FY          FZ    
     704   24.356     -8522.0     -4987.6    
     705  -103.12     -8621.9     -4888.7    
     706  -171.75     -8466.0     -4715.2    
     707  -237.23     -6647.5     -3833.1    
     708  -195.17     -7745.6      2564.0    
     709  -73.493     -9240.3      1887.4    
     710  0.38297     -8671.9      504.43    
     711   147.04     -8395.0     -779.80    
     712   140.15     -8756.2     -2064.9    
     713   311.88     -10695.     -4457.7    
     714   160.91     -7547.3      2589.3    
     715   53.163     -9489.4      3183.5    
     716   61.553     -9912.3      3375.7    
     717  -21.139     -10325.      3454.4    
     718  -48.500     -10791.      3491.7    
     719  -198.21     -12589.      3784.6    
     720  -329.69     -11557.     -4781.2    
     721  -243.13     -8572.5     -2162.4    
     722  -24.428     -7648.9     -622.33    
     723   15.141     -8631.0      457.30    
     724   143.44     -11596.      2428.6    
     725   191.31     -8936.6     -3957.8    
     726   39.314     -9607.1     -4001.4    
     727  -35.377     -9368.9     -3794.2    
     728  -93.955     -9414.9     -3969.8    
     729  -59.378     -8418.0      1138.7    
     730   56.694     -7599.5     -121.53    
     731   93.644     -8356.3     -1449.9    
     732  -44.402     -7122.3     -2028.6    
     733   189.88     -10027.      2210.1    
     734  -1.5401     -10695.      2155.2    
     735  -33.392     -9750.9      1864.5    
     736  -5.1922     -8775.4      1582.8    
     737  -147.98     -8722.8     -2364.9    
     738   26.769     -5598.1     -668.05    
     739  -93.037     -7498.9     -227.09    
     740   12.420     -7482.9      882.27    
 
  ***** POST1 SUMMED TOTAL NODAL LOADS LISTING *****                           
 
  LOAD STEP=     1  SUBSTEP=     1                                             
   TIME=    1.0000      LOAD CASE=   0                                         
 
  THE FOLLOWING X,Y,Z SOLUTIONS ARE IN THE GLOBAL COORDINATE SYSTEM            
 
    NODE      FX          FY          FZ    
     741   300.92     -11683.     -3112.8    
     742  -13.871     -10184.     -2668.3    
     743  -180.78     -9145.2     -2586.4    
     744  -45.208     -5430.3      301.04    
     745  -41.571     -8724.5     -463.96    
     746   199.34     -12057.      600.48    
     747  -4.2385     -10670.      672.74    
     748   35.399     -8746.4     -898.76    
     749   64.406     -9804.2     -1042.2    
     750  -133.71     -9885.0     -1289.1    
     751  -131.81     -8263.0      517.60    
     752   6720.0     -6571.8      19135.    
     753  -5548.6     -2137.0     -19493.    
     754  -6894.0     -7010.3      19211.    
     755   4650.7     -2478.6     -18478.    
     782               10000.    
     807               10000.    
     808               10000.    
     809               10000.    
     810               10000.    
     811               10000.    
     812               10000.    
     813               10000.    
     814               10000.    
     815               10000.    
     816               10000.    
     817               10000.    
     818               10000.    
     819               10000.    
     820               10000.    
     821               10000.    
     822               10000.    
     823               10000.    
     824               10000.    
     825               10000.    
     826               10000.    
     827               10000.    
 
  ***** POST1 SUMMED TOTAL NODAL LOADS LISTING *****                           
 
  LOAD STEP=     1  SUBSTEP=     1                                             
   TIME=    1.0000      LOAD CASE=   0                                         
 
  THE FOLLOWING X,Y,Z SOLUTIONS ARE IN THE GLOBAL COORDINATE SYSTEM            
 
    NODE      FX          FY          FZ    
     828               10000.    
     829               10000.    
     830               10000.    
     831               10000.    
    2213               10000.    
    2214               10000.    
    2215               10000.    
    2216               10000.    
    2217               10000.    
    2218               10000.    
    2219               10000.    
    2220               10000.    
    2221               10000.    
    2222               10000.    
    2223               10000.    
    2224               10000.    
    2225               10000.    
    2226               10000.    
    2227               10000.    
    2228               10000.    
    2229               10000.    
    2230               10000.    
    2231               10000.    
    2232               10000.    
    2233               10000.    
    2234               10000.    
    2235               10000.    
    2236               10000.    
    2237               10000.    
    2238               10000.    
    2239               10000.    
    2240               10000.    
    2241               10000.    
    2242               10000.    
    2243               10000.    
    2244               10000.    
    2245               10000.    
 
  ***** POST1 SUMMED TOTAL NODAL LOADS LISTING *****                           
 
  LOAD STEP=     1  SUBSTEP=     1                                             
   TIME=    1.0000      LOAD CASE=   0                                         
 
  THE FOLLOWING X,Y,Z SOLUTIONS ARE IN THE GLOBAL COORDINATE SYSTEM            
 
    NODE      FX          FY          FZ    
    2246               10000.    
    2247               10000.    
    2248               10000.    
    2249               10000.    
    2250               10000.    
    2251               10000.    
    2252               10000.    
    2253               10000.    
    2254               10000.    
    2255               10000.    
    2256               10000.    
    2257               10000.    
    2258               10000.    
    2259               10000.    
    2260               10000.    
    2261               10000.    
    2262               10000.    
    2263               10000.    
    2264               10000.    
    2265               10000.    
    2266               10000.    
    2267               10000.    
    2268               10000.    
    2269               10000.    
    2270               10000.    
    2271               10000.    
    2272               10000.    
    2273               10000.    
    2274               10000.    
    2275               10000.    
    2276               10000.    
    2277               10000.    
    2278               10000.    
    2279               10000.    
    2280               10000.    
    2281               10000.    
    2282               10000.    
 
  ***** POST1 SUMMED TOTAL NODAL LOADS LISTING *****                           
 
  LOAD STEP=     1  SUBSTEP=     1                                             
   TIME=    1.0000      LOAD CASE=   0                                         
 
  THE FOLLOWING X,Y,Z SOLUTIONS ARE IN THE GLOBAL COORDINATE SYSTEM            
 
    NODE      FX          FY          FZ    
    2283               10000.    
    2284               10000.    
    2285               10000.    
    2286               10000.    
    2287               10000.    
    2288               10000.    
    2289               10000.    
    2290               10000.    
    2291               10000.    
    2292               10000.    
    2293               10000.    
    2294               10000.    
    2295               10000.    
    2296               10000.    
    2297               10000.    
    2298               10000.    
    2299               10000.    
    2300               10000.    
    2301               10000.    
    2302               10000.    
    2303               10000.    
    2304               10000.    
    2305               10000.    
    2306               10000.    
    2307               10000.    
    2308               10000.    
    2309               10000.    
    2310               10000.    
    2311               10000.    
    2312               10000.    
    2313               10000.    
    2314               10000.    
    2315               10000.    
    2316               10000.    
    2317               10000.    
    2318               10000.    
    2319               10000.    
 
  ***** POST1 SUMMED TOTAL NODAL LOADS LISTING *****                           
 
  LOAD STEP=     1  SUBSTEP=     1                                             
   TIME=    1.0000      LOAD CASE=   0                                         
 
  THE FOLLOWING X,Y,Z SOLUTIONS ARE IN THE GLOBAL COORDINATE SYSTEM            
 
    NODE      FX          FY          FZ    
    2320               10000.    
    2321               10000.    
    2322               10000.    
    2323               10000.    
    2324               10000.    
    2325               10000.    
    2326               10000.    
    2327               10000.    
    2328               10000.    
    2329               10000.    
    2330               10000.    
    2331               10000.    
    2332               10000.    
    2333               10000.    
    2334               10000.    
    2335               10000.    
    2336               10000.    
    2337               10000.    
    2338               10000.    
    2339               10000.    
    2340               10000.    
    2341               10000.    
    2342               10000.    
    2343               10000.    
    2344               10000.    
    2345               10000.    
    2346               10000.    
    2347               10000.    
    2348               10000.    
    2349               10000.    
    2350               10000.    
    2351               10000.    
    2352               10000.    
    2353               10000.    
    2354               10000.    
    2355               10000.    
    2356               10000.    
 
  ***** POST1 SUMMED TOTAL NODAL LOADS LISTING *****                           
 
  LOAD STEP=     1  SUBSTEP=     1                                             
   TIME=    1.0000      LOAD CASE=   0                                         
 
  THE FOLLOWING X,Y,Z SOLUTIONS ARE IN THE GLOBAL COORDINATE SYSTEM            
 
    NODE      FX          FY          FZ    
    2357               10000.    
    2358               10000.    
    2359               10000.    
    2360               10000.    
    2361               10000.    
    2362               10000.    
    2363               10000.    
    2364               10000.    
    2365               10000.    
    2366               10000.    
    2367               10000.    
    2368               10000.    
    2369               10000.    
    2370               10000.    
    2371               10000.    
    2372               10000.    
    2373               10000.    
    2374               10000.    
    2375               10000.    
    2376               10000.    
    2377               10000.    
    2378               10000.    
    2379               10000.    
    2380               10000.    
    2381               10000.    
    2382               10000.    
    2383               10000.    
    2384               10000.    
    2385               10000.    
    2386               10000.    
    2387               10000.    
    2388               10000.    
    2389               10000.    
    2390               10000.    
    2391               10000.    
    2392               10000.    
    2393               10000.    
 
  ***** POST1 SUMMED TOTAL NODAL LOADS LISTING *****                           
 
  LOAD STEP=     1  SUBSTEP=     1                                             
   TIME=    1.0000      LOAD CASE=   0                                         
 
  THE FOLLOWING X,Y,Z SOLUTIONS ARE IN THE GLOBAL COORDINATE SYSTEM            
 
    NODE      FX          FY          FZ    
    2394               10000.    
    2395               10000.    
    2396               10000.    
    2397               10000.    
    2398               10000.    
    2399               10000.    
    2400               10000.    
    2401               10000.    
    2402               10000.    
    2403               10000.    
    2404               10000.    
    2405               10000.    
    2406               10000.    
    2407               10000.    
    2408               10000.    
    2409               10000.    
    2410               10000.    
    2411               10000.    
    2412               10000.    
    2413               10000.    
    2414               10000.    
    2415               10000.    
    2416               10000.    
    2417               10000.    
    2418               10000.    
    2419               10000.    
    2420               10000.    
    2421               10000.    
    2422               10000.    
    2423               10000.    
    2424               10000.    
    2425               10000.    
    2426               10000.    
    2427               10000.    
    2428               10000.    
    2429               10000.    
    2430               10000.    
 
  ***** POST1 SUMMED TOTAL NODAL LOADS LISTING *****                           
 
  LOAD STEP=     1  SUBSTEP=     1                                             
   TIME=    1.0000      LOAD CASE=   0                                         
 
  THE FOLLOWING X,Y,Z SOLUTIONS ARE IN THE GLOBAL COORDINATE SYSTEM            
 
    NODE      FX          FY          FZ    
    2431               10000.    
    2432               10000.    
    2433               10000.    
    2434               10000.    
    2435               10000.    
    2436               10000.    
    2437               10000.    
    2438               10000.    
    2439               10000.    
    2440               10000.    
    2441               10000.    
    2442               10000.    
    2443               10000.    
    2444               10000.    
    2445               10000.    
    2446               10000.    
    2447               10000.    
    2448               10000.    
    2449               10000.    
    2450               10000.    
    2451               10000.    
    2452               10000.    
    2453               10000.    
    2454               10000.    
    2455               10000.    
    2456               10000.    
    2457               10000.    
    2458               10000.    
    2459               10000.    
    2460               10000.    
    2461               10000.    
    2462               10000.    
    2463               10000.    
    2464               10000.    
    2465               10000.    
    2466               10000.    
    2467               10000.    
 
  ***** POST1 SUMMED TOTAL NODAL LOADS LISTING *****                           
 
  LOAD STEP=     1  SUBSTEP=     1                                             
   TIME=    1.0000      LOAD CASE=   0                                         
 
  THE FOLLOWING X,Y,Z SOLUTIONS ARE IN THE GLOBAL COORDINATE SYSTEM            
 
    NODE      FX          FY          FZ    
    2468               10000.    
    2469               10000.    
    2470               10000.    
    2471               10000.    
    2472               10000.    
    2473               10000.    
    2474               10000.    
    2475               10000.    
    2476               10000.    
    2477               10000.    
    2478               10000.    
    2479               10000.    
    2480               10000.    
    2481               10000.    
    2482               10000.    
    2483               10000.    
    2484               10000.    
    2485               10000.    
    2486               10000.    
    2487               10000.    
    2488               10000.    
    2489               10000.    
    2490               10000.    
    2491               10000.    
    2492               10000.    
    2493               10000.    
    2494               10000.    
    2495               10000.    
    2496               10000.    
    2497               10000.    
    2498               10000.    
    2499               10000.    
    2500               10000.    
    2501               10000.    
    2502               10000.    
    2503               10000.    
    2504               10000.    
 
  ***** POST1 SUMMED TOTAL NODAL LOADS LISTING *****                           
 
  LOAD STEP=     1  SUBSTEP=     1                                             
   TIME=    1.0000      LOAD CASE=   0                                         
 
  THE FOLLOWING X,Y,Z SOLUTIONS ARE IN THE GLOBAL COORDINATE SYSTEM            
 
    NODE      FX          FY          FZ    
    2505               10000.    
    2506               10000.    
    2507               10000.    
    2508               10000.    
    2509               10000.    
    2510               10000.    
    2511               10000.    
    2512               10000.    
    2513               10000.    
    2514               10000.    
    2515               10000.    
    2516               10000.    
    2517               10000.    
    2518               10000.    
    2519               10000.    
    2520               10000.    
    2521               10000.    
    2522               10000.    
    2523               10000.    
    2524               10000.    
    2525               10000.    
    2526               10000.    
    2527               10000.    
    2528               10000.    
    2529               10000.    
    2530               10000.    
    2531               10000.    
    2532               10000.    
    2533               10000.    
    2534               10000.    
    2535               10000.    
    2536               10000.    
    2537               10000.    
    2538               10000.    
    2539               10000.    
    2540               10000.    
    2541               10000.    
 
  ***** POST1 SUMMED TOTAL NODAL LOADS LISTING *****                           
 
  LOAD STEP=     1  SUBSTEP=     1                                             
   TIME=    1.0000      LOAD CASE=   0                                         
 
  THE FOLLOWING X,Y,Z SOLUTIONS ARE IN THE GLOBAL COORDINATE SYSTEM            
 
    NODE      FX          FY          FZ    
    2542               10000.    
    2543               10000.    
    2544               10000.    
    2545               10000.    
    2546               10000.    
    2547               10000.    
    2548               10000.    
    2549               10000.    
    2550               10000.    
    2551               10000.    
    2552               10000.    
    2553               10000.    
    2554               10000.    
    2555               10000.    
    2556               10000.    
    2557               10000.    
    2558               10000.    
    2559               10000.    
    2560               10000.    
    2561               10000.    
    2562               10000.    
    2563               10000.    
    2564               10000.    
    2565               10000.    
    2566               10000.    
    2567               10000.    
    2568               10000.    
    2569               10000.    
    2570               10000.    
    2571               10000.    
    2572               10000.    
    2573               10000.    
    2574               10000.    
    2575               10000.    
    2576               10000.    
    2577               10000.    
    2578               10000.    
 
  ***** POST1 SUMMED TOTAL NODAL LOADS LISTING *****                           
 
  LOAD STEP=     1  SUBSTEP=     1                                             
   TIME=    1.0000      LOAD CASE=   0                                         
 
  THE FOLLOWING X,Y,Z SOLUTIONS ARE IN THE GLOBAL COORDINATE SYSTEM            
 
    NODE      FX          FY          FZ    
    2579               10000.    
    2580               10000.    
    2581               10000.    
    2582               10000.    
    2583               10000.    
    2584               10000.    
    2585               10000.    
    2586               10000.    
    2587               10000.    
    2588               10000.    
    2589               10000.    
    2590               10000.    
    2591               10000.    
    2592               10000.    
    2593               10000.    
    2594               10000.    
    2595               10000.    
    2596               10000.    
    2597               10000.    
    2598               10000.    
    2599               10000.    
    2600               10000.    
    2601               10000.    
    2602               10000.    
    2603               10000.    
    2604               10000.    
    2605               10000.    
    2606               10000.    
    2607               10000.    
    2608               10000.    
    2609               10000.    
    2610               10000.    
    2611               10000.    
    2612               10000.    
    2613               10000.    
    2614               10000.    
    2615               10000.    
 
  ***** POST1 SUMMED TOTAL NODAL LOADS LISTING *****                           
 
  LOAD STEP=     1  SUBSTEP=     1                                             
   TIME=    1.0000      LOAD CASE=   0                                         
 
  THE FOLLOWING X,Y,Z SOLUTIONS ARE IN THE GLOBAL COORDINATE SYSTEM            
 
    NODE      FX          FY          FZ    
    2616               10000.    
    2617               10000.    
    2618               10000.    
    2619               10000.    
    2620               10000.    
    2621               10000.    
    2622               10000.    
    2623               10000.    
    2624               10000.    
    2625               10000.    
    2626               10000.    
    2627               10000.    
    2628               10000.    
    2629               10000.    
    2630               10000.    
    2631               10000.    
    2632               10000.    
    2633               10000.    
    2634               10000.    
    2635               10000.    
    2636               10000.    
    2637               10000.    
    2638               10000.    
    2639               10000.    
    2640               10000.    
    2641               10000.    
    2642               10000.    
    2643               10000.    
    2644               10000.    
    2645               10000.    
    2646               10000.    
    2647               10000.    
    2648               10000.    
    2649               10000.    
    2650               10000.    
    2651               10000.    
    2652               10000.    
 
  ***** POST1 SUMMED TOTAL NODAL LOADS LISTING *****                           
 
  LOAD STEP=     1  SUBSTEP=     1                                             
   TIME=    1.0000      LOAD CASE=   0                                         
 
  THE FOLLOWING X,Y,Z SOLUTIONS ARE IN THE GLOBAL COORDINATE SYSTEM            
 
    NODE      FX          FY          FZ    
    2653               10000.    
    2654               10000.    
    2655               10000.    
    2656               10000.    
    2657               10000.    
    2658               10000.    
    2659               10000.    
    2660               10000.    
    2661               10000.    
    2662               10000.    
    2663               10000.    
    2664               10000.    
    2665               10000.    
    2666               10000.    
    2667               10000.    
    2668               10000.    
    2669               10000.    
    2670               10000.    
    2671               10000.    
    2672               10000.    
    2673               10000.    
    2674               10000.    
    2675               10000.    
    2676               10000.    
    2677               10000.    
    2678               10000.    
    2679               10000.    
    2680               10000.    
    2681               10000.    
    2682               10000.    
    2683               10000.    
    2684               10000.    
    2685               10000.    
    2686               10000.    
    2687               10000.    
    2688               10000.    
    2689               10000.    
 
  ***** POST1 SUMMED TOTAL NODAL LOADS LISTING *****                           
 
  LOAD STEP=     1  SUBSTEP=     1                                             
   TIME=    1.0000      LOAD CASE=   0                                         
 
  THE FOLLOWING X,Y,Z SOLUTIONS ARE IN THE GLOBAL COORDINATE SYSTEM            
 
    NODE      FX          FY          FZ    
    2690               10000.    
    2691               10000.    
    2692               10000.    
    2693               10000.    
    2694               10000.    
    2695               10000.    
    2696               10000.    
    2697               10000.    
    2698               10000.    
    2699               10000.    
    2700               10000.    
    2701               10000.    
    2702               10000.    
    2703               10000.    
    2704               10000.    
    2705               10000.    
    2706               10000.    
    2707               10000.    
    2708               10000.    
    2709               10000.    
    2710               10000.    
    2711               10000.    
    2712               10000.    
    2713               10000.    
    2714               10000.    
    2715               10000.    
    2716               10000.    
    2717               10000.    
    2718               10000.    
    2719               10000.    
    2720               10000.    
    2721               10000.    
    2722               10000.    
    2723               10000.    
    2724               10000.    
    2725               10000.    
    2726               10000.    
 
  ***** POST1 SUMMED TOTAL NODAL LOADS LISTING *****                           
 
  LOAD STEP=     1  SUBSTEP=     1                                             
   TIME=    1.0000      LOAD CASE=   0                                         
 
  THE FOLLOWING X,Y,Z SOLUTIONS ARE IN THE GLOBAL COORDINATE SYSTEM            
 
    NODE      FX          FY          FZ    
    2727               10000.    
    2728               10000.    
    2729               10000.    
    2730               10000.    
    2731               10000.    
    2732               10000.    
    2733               10000.    
    2734               10000.    
    2735               10000.    
    2736               10000.    
    2737               10000.    
    2738               10000.    
    2739               10000.    
    2740               10000.    
    2741               10000.    
    2742               10000.    
    2743               10000.    
    2744               10000.    
    2745               10000.    
    2746               10000.    
    2747               10000.    
    2748               10000.    
    2749               10000.    
    2750               10000.    
    2751               10000.    
    2752               10000.    
    2753               10000.    
    2754               10000.    
    2755               10000.    
    2756               10000.    
    2757               10000.    
    2758               10000.    
    2759               10000.    
    2760               10000.    
    2761               10000.    
    2762               10000.    
    2763               10000.    
 
  ***** POST1 SUMMED TOTAL NODAL LOADS LISTING *****                           
 
  LOAD STEP=     1  SUBSTEP=     1                                             
   TIME=    1.0000      LOAD CASE=   0                                         
 
  THE FOLLOWING X,Y,Z SOLUTIONS ARE IN THE GLOBAL COORDINATE SYSTEM            
 
    NODE      FX          FY          FZ    
    2764               10000.    
    2765               10000.    
    2766               10000.    
    2767               10000.    
    2768               10000.    
    2769               10000.    
    2770               10000.    
    2771               10000.    
    2772               10000.    
    2773               10000.    
    2774               10000.    
    2775               10000.    
    2776               10000.    
    2777               10000.    
    2778               10000.    
    2779               10000.    
    2780               10000.    
    2781               10000.    
    2782               10000.    
    2783               10000.    
    2784               10000.    
    2785               10000.    
    2786               10000.    
    2787               10000.    
    2788               10000.    
    2789               10000.    
    2790               10000.    
    2791               10000.    
    2792               10000.    
    2793               10000.    
    2794               10000.    
    2795               10000.    
    2796               10000.    
    2797               10000.    
    2798               10000.    
    2799               10000.    
    2800               10000.    
 
  ***** POST1 SUMMED TOTAL NODAL LOADS LISTING *****                           
 
  LOAD STEP=     1  SUBSTEP=     1                                             
   TIME=    1.0000      LOAD CASE=   0                                         
 
  THE FOLLOWING X,Y,Z SOLUTIONS ARE IN THE GLOBAL COORDINATE SYSTEM            
 
    NODE      FX          FY          FZ    
    2801               10000.    
    2802               10000.    
    2803               10000.    
    2804               10000.    
    2805               10000.    
    2806               10000.    
    2807               10000.    
    2808               10000.    
    2809               10000.    
    2810               10000.    
    2811               10000.    
    2812               10000.    
    2813               10000.    
    2814               10000.    
    2815               10000.    
    2816               10000.    
    2817               10000.    
    2818               10000.    
    2819               10000.    
    2820               10000.    
    2821               10000.    
    2822               10000.    
    2823               10000.    
    2824               10000.    
    2825               10000.    
    2826               10000.    
    2827               10000.    
    2828               10000.    
    2829               10000.    
    2830               10000.    
    2831               10000.    
    2832               10000.    
    2833               10000.    
    2834               10000.    
    2835               10000.    
    2836               10000.    
    2837               10000.    
 
  ***** POST1 SUMMED TOTAL NODAL LOADS LISTING *****                           
 
  LOAD STEP=     1  SUBSTEP=     1                                             
   TIME=    1.0000      LOAD CASE=   0                                         
 
  THE FOLLOWING X,Y,Z SOLUTIONS ARE IN THE GLOBAL COORDINATE SYSTEM            
 
    NODE      FX          FY          FZ    
    2838               10000.    
    2839               10000.    
    2840               10000.    
    2841               10000.    
    2842               10000.    
    2843               10000.    
    2844               10000.    
    2845               10000.    
    2846               10000.    
    2847               10000.    
    2848               10000.    
    2849               10000.    
    2850               10000.    
    2851               10000.    
    2852               10000.    
    2853               10000.    
    2854               10000.    
    2855               10000.    
    2856               10000.    
    2857               10000.    
    2858               10000.    
    2859               10000.    
    2860               10000.    
    2861               10000.    
    2862               10000.    
    2863               10000.    
    2864               10000.    
    2865               10000.    
    2866               10000.    
    2867               10000.    
    2868               10000.    
    2869               10000.    
    2870               10000.    
    2871               10000.    
    2872               10000.    
    2873               10000.    
    2874               10000.    
 
  ***** POST1 SUMMED TOTAL NODAL LOADS LISTING *****                           
 
  LOAD STEP=     1  SUBSTEP=     1                                             
   TIME=    1.0000      LOAD CASE=   0                                         
 
  THE FOLLOWING X,Y,Z SOLUTIONS ARE IN THE GLOBAL COORDINATE SYSTEM            
 
    NODE      FX          FY          FZ    
    2875               10000.    
    2876               10000.    
    2877               10000.    
    2878               10000.    
    2879               10000.    
    2880               10000.    
    2881               10000.    
    2882               10000.    
    2883               10000.    
    2884               10000.    
    2885               10000.    
    2886               10000.    
    2887               10000.    
    2888               10000.    
    2889               10000.    
    2890               10000.    
    2891               10000.    
    2892               10000.    
    2893               10000.    
    2894               10000.    
    2895               10000.    
    2896               10000.    
    2897               10000.    
    2898               10000.    
    2899               10000.    
    2900               10000.    
    2901               10000.    
    2902               10000.    
    2903               10000.    
    2904               10000.    
    2905               10000.    
    2906               10000.    
    2907               10000.    
    2908               10000.    
    2909               10000.    
    2910               10000.    
    2911               10000.    
 
  ***** POST1 SUMMED TOTAL NODAL LOADS LISTING *****                           
 
  LOAD STEP=     1  SUBSTEP=     1                                             
   TIME=    1.0000      LOAD CASE=   0                                         
 
  THE FOLLOWING X,Y,Z SOLUTIONS ARE IN THE GLOBAL COORDINATE SYSTEM            
 
    NODE      FX          FY          FZ    
    2912               10000.    
    2913               10000.    
    2914               10000.    

 TOTAL VALUES
 VALUE   0.79735E-08-0.31474E-07-0.27965E-07

